[2025/05/09 16:59:39]: §9          __             _       
[2025/05/09 16:59:39]: §9  _ __   / /  ___   __ _(_)_ __  
[2025/05/09 16:59:39]: §9 | '_ \ / /  / _ \ / _` | | '_ \ 
[2025/05/09 16:59:39]: §9 | | | / /__| (_) | (_| | | | | |
[2025/05/09 16:59:39]: §9 |_| |_\____/\___/ \__, |_|_| |_|
[2025/05/09 16:59:39]: §9                  |___/            
[2025/05/09 16:59:39]: §9 By: www.nickuc.com - V 10.3.27
[2025/05/09 16:59:39]: §9 
[2025/05/09 16:59:41]: §3[nLogin] [DEBUG] All settings were loaded in 1284 ms.
[2025/05/09 16:59:41]: §3[nLogin] [DEBUG] Loading the messages_en.yml message file...
[2025/05/09 16:59:41]: §3[nLogin] [DEBUG] All plugin messages were loaded in 286 ms (languageByClient=false).
[2025/05/09 16:59:41]: §3[nLogin] [DEBUG] All proxy settings were loaded in 40 ms.
[2025/05/09 16:59:41]: §3[nLogin] [DEBUG] Loading database...
[2025/05/09 16:59:42]: §3[nLogin] [DEBUG] Starting logger filter...
[2025/05/09 16:59:47]: 
[2025/05/09 16:59:47]:  §bThank you so much for choosing nLogin! §4<3
[2025/05/09 16:59:47]: 
[2025/05/09 16:59:47]:  §4For your safety, please read the message below:
[2025/05/09 16:59:47]:   §cNever download nLogin from unknown sources.
[2025/05/09 16:59:47]:   §cA modified version may contain malicious software.
[2025/05/09 16:59:47]: 
[2025/05/09 16:59:47]:  §3Trusted sources:
[2025/05/09 16:59:47]:   §bwww.nickuc.com
[2025/05/09 16:59:47]:   §bwww.github.com/nickuc
[2025/05/09 16:59:47]:   §bOpeNLogin installer (from Spigot or GitHub)
[2025/05/09 16:59:47]: 
[2025/05/09 16:59:47]:  §3Official support channels:
[2025/05/09 16:59:47]:   §bDiscord group: §fwww.nickuc.com/discord
[2025/05/09 16:59:47]:   §bDocumentation: §fdocs.nickuc.com/nlogin/
[2025/05/09 16:59:47]:   §bEmail: §fsupport@nickuc.com
[2025/05/09 16:59:47]:   §bYouTube: §fyoutube.com/nickuc
[2025/05/09 16:59:47]: 
[2025/05/09 16:59:47]:  §eTo remove this warning, log in with "nlogin.admin" permission on the server
[2025/05/09 16:59:47]:  §eand click the "Setup plugin" button to configure your plugin.
[2025/05/09 16:59:47]: 
[2025/05/09 17:00:17]: §3[nLogin] [DEBUG] [SQLite] [UPDATE]: "UPDATE `nlogin` SET `last_name` = 'Yan', `unique_id` = e0394f1f8a6e370885fda4e86ef8b390,  `mojang_id` = null,  `bedrock_id` = null,  `password` = '$2a$10$ah8U4.9ZUPk4KE/MnPpwWe2pKf4amT88xdl6QySCVchrz/AqaBM7u', `last_ip` = '0:0:0:0:0:0:0:1%0', `creation_date` = 2025-05-06 13:51:13.17, `last_seen` = 2025-05-09 17:00:16.568, `email` = null, `discord` = null, `settings` = '{"settings":[{"value":"survival","key":"last-server"},{"value":"en","key":"language"}],"version":0}' WHERE `ai` = 17" (applied to [last_ip, last_seen, settings] columns)
[2025/05/09 17:00:17]: [nLogin] The user Yan has successfully logged in.
[2025/05/09 17:00:34]: §3[nLogin] [DEBUG] [SQLite] [UPDATE]: "UPDATE `nlogin` SET `last_name` = 'Yan', `unique_id` = e0394f1f8a6e370885fda4e86ef8b390,  `mojang_id` = null,  `bedrock_id` = null,  `password` = '$2a$10$ah8U4.9ZUPk4KE/MnPpwWe2pKf4amT88xdl6QySCVchrz/AqaBM7u', `last_ip` = '0:0:0:0:0:0:0:1%0', `creation_date` = 2025-05-06 13:51:13.17, `last_seen` = 2025-05-09 17:00:34.429, `email` = null, `discord` = null, `settings` = '{"settings":[{"value":"survival","key":"last-server"},{"value":"en","key":"language"}],"version":0}' WHERE `ai` = 17" (applied to [last_seen, settings] columns)
[2025/05/09 17:00:47]: §3[nLogin] [DEBUG] [SQLite] [UPDATE]: "UPDATE `nlogin` SET `last_name` = 'Yan', `unique_id` = e0394f1f8a6e370885fda4e86ef8b390,  `mojang_id` = null,  `bedrock_id` = null,  `password` = '$2a$10$ah8U4.9ZUPk4KE/MnPpwWe2pKf4amT88xdl6QySCVchrz/AqaBM7u', `last_ip` = '0:0:0:0:0:0:0:1%0', `creation_date` = 2025-05-06 13:51:13.17, `last_seen` = 2025-05-09 17:00:47.827, `email` = null, `discord` = null, `settings` = '{"settings":[{"value":"survival","key":"last-server"},{"value":"en","key":"language"}],"version":0}' WHERE `ai` = 17" (applied to [last_ip, last_seen, settings] columns)
[2025/05/09 17:00:47]: [nLogin] The user Yan has successfully logged in.
[2025/05/09 17:01:05]: §3[nLogin] [DEBUG] [SQLite] [UPDATE]: "UPDATE `nlogin` SET `last_name` = 'Yan', `unique_id` = e0394f1f8a6e370885fda4e86ef8b390,  `mojang_id` = null,  `bedrock_id` = null,  `password` = '$2a$10$ah8U4.9ZUPk4KE/MnPpwWe2pKf4amT88xdl6QySCVchrz/AqaBM7u', `last_ip` = '0:0:0:0:0:0:0:1%0', `creation_date` = 2025-05-06 13:51:13.17, `last_seen` = 2025-05-09 17:01:05.128, `email` = null, `discord` = null, `settings` = '{"settings":[{"value":"survival","key":"last-server"},{"value":"en","key":"language"}],"version":0}' WHERE `ai` = 17" (applied to [last_seen, settings] columns)
[2025/05/09 17:04:42]: §3[nLogin] [DEBUG] [SQLite] [UPDATE]: "UPDATE `nlogin` SET `last_name` = 'Yan', `unique_id` = e0394f1f8a6e370885fda4e86ef8b390,  `mojang_id` = null,  `bedrock_id` = null,  `password` = '$2a$10$ah8U4.9ZUPk4KE/MnPpwWe2pKf4amT88xdl6QySCVchrz/AqaBM7u', `last_ip` = '0:0:0:0:0:0:0:1%0', `creation_date` = 2025-05-06 13:51:13.17, `last_seen` = 2025-05-09 17:04:42.279, `email` = null, `discord` = null, `settings` = '{"settings":[{"value":"survival","key":"last-server"},{"value":"en","key":"language"}],"version":0}' WHERE `ai` = 17" (applied to [last_ip, last_seen, settings] columns)
[2025/05/09 17:04:42]: [nLogin] The user Yan has successfully logged in.
[2025/05/09 17:04:57]: §3[nLogin] [DEBUG] [SQLite] [UPDATE]: "UPDATE `nlogin` SET `last_name` = 'Yan', `unique_id` = e0394f1f8a6e370885fda4e86ef8b390,  `mojang_id` = null,  `bedrock_id` = null,  `password` = '$2a$10$ah8U4.9ZUPk4KE/MnPpwWe2pKf4amT88xdl6QySCVchrz/AqaBM7u', `last_ip` = '0:0:0:0:0:0:0:1%0', `creation_date` = 2025-05-06 13:51:13.17, `last_seen` = 2025-05-09 17:04:57.375, `email` = null, `discord` = null, `settings` = '{"settings":[{"value":"survival","key":"last-server"},{"value":"en","key":"language"}],"version":0}' WHERE `ai` = 17" (applied to [last_seen, settings] columns)
