[2025/05/16 23:17:37]: §9          __             _       
[2025/05/16 23:17:37]: §9  _ __   / /  ___   __ _(_)_ __  
[2025/05/16 23:17:37]: §9 | '_ \ / /  / _ \ / _` | | '_ \ 
[2025/05/16 23:17:37]: §9 | | | / /__| (_) | (_| | | | | |
[2025/05/16 23:17:37]: §9 |_| |_\____/\___/ \__, |_|_| |_|
[2025/05/16 23:17:37]: §9                  |___/            
[2025/05/16 23:17:37]: §9 By: www.nickuc.com - V 10.3.27
[2025/05/16 23:17:37]: §9 
[2025/05/16 23:17:38]: §3[nLogin] [DEBUG] All settings were loaded in 823 ms.
[2025/05/16 23:17:39]: §3[nLogin] [DEBUG] Loading the messages_en.yml message file...
[2025/05/16 23:17:39]: §3[nLogin] [DEBUG] All plugin messages were loaded in 286 ms (languageByClient=false).
[2025/05/16 23:17:39]: §3[nLogin] [DEBUG] All proxy settings were loaded in 48 ms.
[2025/05/16 23:17:39]: §3[nLogin] [DEBUG] Loading database...
[2025/05/16 23:17:39]: §3[nLogin] [DEBUG] Starting logger filter...
[2025/05/16 23:17:45]: 
[2025/05/16 23:17:45]:  §bThank you so much for choosing nLogin! §4<3
[2025/05/16 23:17:45]: 
[2025/05/16 23:17:45]:  §4For your safety, please read the message below:
[2025/05/16 23:17:45]:   §cNever download nLogin from unknown sources.
[2025/05/16 23:17:45]:   §cA modified version may contain malicious software.
[2025/05/16 23:17:45]: 
[2025/05/16 23:17:45]:  §3Trusted sources:
[2025/05/16 23:17:45]:   §bwww.nickuc.com
[2025/05/16 23:17:45]:   §bwww.github.com/nickuc
[2025/05/16 23:17:45]:   §bOpeNLogin installer (from Spigot or GitHub)
[2025/05/16 23:17:45]: 
[2025/05/16 23:17:45]:  §3Official support channels:
[2025/05/16 23:17:45]:   §bDiscord group: §fwww.nickuc.com/discord
[2025/05/16 23:17:45]:   §bDocumentation: §fdocs.nickuc.com/nlogin/
[2025/05/16 23:17:45]:   §bEmail: §fsupport@nickuc.com
[2025/05/16 23:17:45]:   §bYouTube: §fyoutube.com/nickuc
[2025/05/16 23:17:45]: 
[2025/05/16 23:17:45]:  §eTo remove this warning, log in with "nlogin.admin" permission on the server
[2025/05/16 23:17:45]:  §eand click the "Setup plugin" button to configure your plugin.
[2025/05/16 23:17:45]: 
[2025/05/16 23:17:46]: §3[nLogin] [DEBUG] [SQLite] [UPDATE]: "UPDATE `nlogin` SET `last_name` = 'DARREN', `unique_id` = 783c3da60f593db784d1abca81b138b9,  `mojang_id` = null,  `bedrock_id` = null,  `password` = '$2a$10$yug7xwCdpnLbo4f.hV0ZaeNn5nrIuGndab2oehTtJ/2UCBB7UsCtu', `last_ip` = '0:0:0:0:0:0:0:1%0', `creation_date` = 2025-04-24 21:18:26.942, `last_seen` = 2025-05-16 23:17:46.531, `email` = null, `discord` = null, `settings` = '{"settings":[{"value":"survival","key":"last-server"},{"value":"en","key":"language"}],"version":0}' WHERE `ai` = 1" (applied to [last_ip, last_seen, settings] columns)
[2025/05/16 23:17:46]: [nLogin] The user DARREN has successfully logged in.
[2025/05/16 23:40:51]: §3[nLogin] [DEBUG] [SQLite] [UPDATE]: "UPDATE `nlogin` SET `last_name` = 'DARREN', `unique_id` = 783c3da60f593db784d1abca81b138b9,  `mojang_id` = null,  `bedrock_id` = null,  `password` = '$2a$10$yug7xwCdpnLbo4f.hV0ZaeNn5nrIuGndab2oehTtJ/2UCBB7UsCtu', `last_ip` = '0:0:0:0:0:0:0:1%0', `creation_date` = 2025-04-24 21:18:26.942, `last_seen` = 2025-05-16 23:40:51.606, `email` = null, `discord` = null, `settings` = '{"settings":[{"value":"survival","key":"last-server"},{"value":"en","key":"language"}],"version":0}' WHERE `ai` = 1" (applied to [last_seen, settings] columns)
