[2025/05/08 18:03:20]: §9          __             _       
[2025/05/08 18:03:20]: §9  _ __   / /  ___   __ _(_)_ __  
[2025/05/08 18:03:20]: §9 | '_ \ / /  / _ \ / _` | | '_ \ 
[2025/05/08 18:03:20]: §9 | | | / /__| (_) | (_| | | | | |
[2025/05/08 18:03:20]: §9 |_| |_\____/\___/ \__, |_|_| |_|
[2025/05/08 18:03:20]: §9                  |___/            
[2025/05/08 18:03:20]: §9 By: www.nickuc.com - V 10.3.27
[2025/05/08 18:03:20]: §9 
[2025/05/08 18:03:20]: §3[nLogin] [DEBUG] All settings were loaded in 588 ms.
[2025/05/08 18:03:21]: §3[nLogin] [DEBUG] Loading the messages_en.yml message file...
[2025/05/08 18:03:21]: §3[nLogin] [DEBUG] All plugin messages were loaded in 255 ms (languageByClient=false).
[2025/05/08 18:03:21]: §3[nLogin] [DEBUG] All proxy settings were loaded in 30 ms.
[2025/05/08 18:03:21]: §3[nLogin] [DEBUG] Loading database...
[2025/05/08 18:03:21]: §3[nLogin] [DEBUG] Starting logger filter...
[2025/05/08 18:03:27]: 
[2025/05/08 18:03:27]:  §bThank you so much for choosing nLogin! §4<3
[2025/05/08 18:03:27]: 
[2025/05/08 18:03:27]:  §4For your safety, please read the message below:
[2025/05/08 18:03:27]:   §cNever download nLogin from unknown sources.
[2025/05/08 18:03:27]:   §cA modified version may contain malicious software.
[2025/05/08 18:03:27]: 
[2025/05/08 18:03:27]:  §3Trusted sources:
[2025/05/08 18:03:27]:   §bwww.nickuc.com
[2025/05/08 18:03:27]:   §bwww.github.com/nickuc
[2025/05/08 18:03:27]:   §bOpeNLogin installer (from Spigot or GitHub)
[2025/05/08 18:03:27]: 
[2025/05/08 18:03:27]:  §3Official support channels:
[2025/05/08 18:03:27]:   §bDiscord group: §fwww.nickuc.com/discord
[2025/05/08 18:03:27]:   §bDocumentation: §fdocs.nickuc.com/nlogin/
[2025/05/08 18:03:27]:   §bEmail: §fsupport@nickuc.com
[2025/05/08 18:03:27]:   §bYouTube: §fyoutube.com/nickuc
[2025/05/08 18:03:27]: 
[2025/05/08 18:03:27]:  §eTo remove this warning, log in with "nlogin.admin" permission on the server
[2025/05/08 18:03:27]:  §eand click the "Setup plugin" button to configure your plugin.
[2025/05/08 18:03:27]: 
[2025/05/08 18:03:52]: §3[nLogin] [DEBUG] [SQLite] [UPDATE]: "UPDATE `nlogin` SET `last_name` = 'Yan', `unique_id` = e0394f1f8a6e370885fda4e86ef8b390,  `mojang_id` = null,  `bedrock_id` = null,  `password` = '$2a$10$ah8U4.9ZUPk4KE/MnPpwWe2pKf4amT88xdl6QySCVchrz/AqaBM7u', `last_ip` = '0:0:0:0:0:0:0:1%0', `creation_date` = 2025-05-06 13:51:13.17, `last_seen` = 2025-05-08 18:03:52.153, `email` = null, `discord` = null, `settings` = '{"settings":[{"value":"lobby","key":"last-server"},{"value":"en","key":"language"}],"version":0}' WHERE `ai` = 17" (applied to [last_ip, last_seen, settings] columns)
[2025/05/08 18:03:52]: [nLogin] The user Yan has successfully logged in.
[2025/05/08 18:04:06]: §3[nLogin] [DEBUG] [SQLite] [UPDATE]: "UPDATE `nlogin` SET `last_name` = 'Yan', `unique_id` = e0394f1f8a6e370885fda4e86ef8b390,  `mojang_id` = null,  `bedrock_id` = null,  `password` = '$2a$10$ah8U4.9ZUPk4KE/MnPpwWe2pKf4amT88xdl6QySCVchrz/AqaBM7u', `last_ip` = '0:0:0:0:0:0:0:1%0', `creation_date` = 2025-05-06 13:51:13.17, `last_seen` = 2025-05-08 18:04:06.326, `email` = null, `discord` = null, `settings` = '{"settings":[{"value":"survival","key":"last-server"},{"value":"en","key":"language"}],"version":0}' WHERE `ai` = 17" (applied to [last_seen, settings] columns)
[2025/05/08 18:04:16]: §3[nLogin] [DEBUG] [SQLite] [UPDATE]: "UPDATE `nlogin` SET `last_name` = 'Yan', `unique_id` = e0394f1f8a6e370885fda4e86ef8b390,  `mojang_id` = null,  `bedrock_id` = null,  `password` = '$2a$10$ah8U4.9ZUPk4KE/MnPpwWe2pKf4amT88xdl6QySCVchrz/AqaBM7u', `last_ip` = '0:0:0:0:0:0:0:1%0', `creation_date` = 2025-05-06 13:51:13.17, `last_seen` = 2025-05-08 18:04:16.313, `email` = null, `discord` = null, `settings` = '{"settings":[{"value":"survival","key":"last-server"},{"value":"en","key":"language"}],"version":0}' WHERE `ai` = 17" (applied to [last_ip, last_seen, settings] columns)
[2025/05/08 18:04:16]: [nLogin] The user Yan has successfully logged in.
[2025/05/08 18:07:07]: §3[nLogin] [DEBUG] [SQLite] [UPDATE]: "UPDATE `nlogin` SET `last_name` = 'Yan', `unique_id` = e0394f1f8a6e370885fda4e86ef8b390,  `mojang_id` = null,  `bedrock_id` = null,  `password` = '$2a$10$ah8U4.9ZUPk4KE/MnPpwWe2pKf4amT88xdl6QySCVchrz/AqaBM7u', `last_ip` = '0:0:0:0:0:0:0:1%0', `creation_date` = 2025-05-06 13:51:13.17, `last_seen` = 2025-05-08 18:07:07.084, `email` = null, `discord` = null, `settings` = '{"settings":[{"value":"survival","key":"last-server"},{"value":"en","key":"language"}],"version":0}' WHERE `ai` = 17" (applied to [last_seen, settings] columns)
