[2025/05/04 14:35:07]: §9          __             _       
[2025/05/04 14:35:07]: §9  _ __   / /  ___   __ _(_)_ __  
[2025/05/04 14:35:07]: §9 | '_ \ / /  / _ \ / _` | | '_ \ 
[2025/05/04 14:35:07]: §9 | | | / /__| (_) | (_| | | | | |
[2025/05/04 14:35:07]: §9 |_| |_\____/\___/ \__, |_|_| |_|
[2025/05/04 14:35:07]: §9                  |___/            
[2025/05/04 14:35:07]: §9 By: www.nickuc.com - V 10.3.27
[2025/05/04 14:35:07]: §9 
[2025/05/04 14:35:08]: §3[nLogin] [DEBUG] All settings were loaded in 507 ms.
[2025/05/04 14:35:08]: §3[nLogin] [DEBUG] Loading the messages_en.yml message file...
[2025/05/04 14:35:08]: §3[nLogin] [DEBUG] All plugin messages were loaded in 172 ms (languageByClient=false).
[2025/05/04 14:35:08]: §3[nLogin] [DEBUG] All proxy settings were loaded in 35 ms.
[2025/05/04 14:35:08]: §3[nLogin] [DEBUG] Loading database...
[2025/05/04 14:35:09]: §3[nLogin] [DEBUG] Starting logger filter...
[2025/05/04 14:35:14]: 
[2025/05/04 14:35:14]:  §bThank you so much for choosing nLogin! §4<3
[2025/05/04 14:35:14]: 
[2025/05/04 14:35:14]:  §4For your safety, please read the message below:
[2025/05/04 14:35:14]:   §cNever download nLogin from unknown sources.
[2025/05/04 14:35:14]:   §cA modified version may contain malicious software.
[2025/05/04 14:35:14]: 
[2025/05/04 14:35:14]:  §3Trusted sources:
[2025/05/04 14:35:14]:   §bwww.nickuc.com
[2025/05/04 14:35:14]:   §bwww.github.com/nickuc
[2025/05/04 14:35:14]:   §bOpeNLogin installer (from Spigot or GitHub)
[2025/05/04 14:35:14]: 
[2025/05/04 14:35:14]:  §3Official support channels:
[2025/05/04 14:35:14]:   §bDiscord group: §fwww.nickuc.com/discord
[2025/05/04 14:35:14]:   §bDocumentation: §fdocs.nickuc.com/nlogin/
[2025/05/04 14:35:14]:   §bEmail: §fsupport@nickuc.com
[2025/05/04 14:35:14]:   §bYouTube: §fyoutube.com/nickuc
[2025/05/04 14:35:14]: 
[2025/05/04 14:35:14]:  §eTo remove this warning, log in with "nlogin.admin" permission on the server
[2025/05/04 14:35:14]:  §eand click the "Setup plugin" button to configure your plugin.
[2025/05/04 14:35:14]: 
[2025/05/04 14:35:45]: §3[nLogin] [DEBUG] [SQLite] [UPDATE]: "UPDATE `nlogin` SET `last_name` = 'DARREN', `unique_id` = 783c3da60f593db784d1abca81b138b9,  `mojang_id` = null,  `bedrock_id` = null,  `password` = '$2a$10$yug7xwCdpnLbo4f.hV0ZaeNn5nrIuGndab2oehTtJ/2UCBB7UsCtu', `last_ip` = '0:0:0:0:0:0:0:1%0', `creation_date` = 2025-04-24 21:18:26.942, `last_seen` = 2025-05-04 14:35:45.004, `email` = null, `discord` = null, `settings` = '{"settings":[{"value":"survival","key":"last-server"},{"value":"en","key":"language"}],"version":0}' WHERE `ai` = 1" (applied to [last_ip, last_seen, settings] columns)
[2025/05/04 14:35:45]: [nLogin] The user DARREN has successfully logged in.
[2025/05/04 14:39:02]: §3[nLogin] [DEBUG] [SQLite] [UPDATE]: "UPDATE `nlogin` SET `last_name` = 'Jason', `unique_id` = e13c5e70767d356589fa98148f3dbd5f,  `mojang_id` = null,  `bedrock_id` = null,  `password` = '$2a$10$3UIn1hqv2bD95vnxTL18/uwlvi/eSSilqMy2QCRJFxAW9/rp8J9cS', `last_ip` = '0:0:0:0:0:0:0:1%0', `creation_date` = 2025-04-24 22:34:45.689, `last_seen` = 2025-05-04 14:39:02.742, `email` = null, `discord` = null, `settings` = '{"settings":[{"value":"survival","key":"last-server"},{"value":"en","key":"language"}],"version":0}' WHERE `ai` = 4" (applied to [last_ip, last_seen, settings] columns)
[2025/05/04 14:39:02]: [nLogin] The user Jason has successfully logged in.
[2025/05/04 14:41:14]: §3[nLogin] [DEBUG] [SQLite] [UPDATE]: "UPDATE `nlogin` SET `last_name` = 'DARREN', `unique_id` = 783c3da60f593db784d1abca81b138b9,  `mojang_id` = null,  `bedrock_id` = null,  `password` = '$2a$10$yug7xwCdpnLbo4f.hV0ZaeNn5nrIuGndab2oehTtJ/2UCBB7UsCtu', `last_ip` = '0:0:0:0:0:0:0:1%0', `creation_date` = 2025-04-24 21:18:26.942, `last_seen` = 2025-05-04 14:41:14.818, `email` = null, `discord` = null, `settings` = '{"settings":[{"value":"survival","key":"last-server"},{"value":"en","key":"language"}],"version":0}' WHERE `ai` = 1" (applied to [last_seen, settings] columns)
[2025/05/04 14:41:45]: §3[nLogin] [DEBUG] [SQLite] [UPDATE]: "UPDATE `nlogin` SET `last_name` = 'DARREN', `unique_id` = 783c3da60f593db784d1abca81b138b9,  `mojang_id` = null,  `bedrock_id` = null,  `password` = '$2a$10$yug7xwCdpnLbo4f.hV0ZaeNn5nrIuGndab2oehTtJ/2UCBB7UsCtu', `last_ip` = '0:0:0:0:0:0:0:1%0', `creation_date` = 2025-04-24 21:18:26.942, `last_seen` = 2025-05-04 14:41:45.168, `email` = null, `discord` = null, `settings` = '{"settings":[{"value":"survival","key":"last-server"},{"value":"en","key":"language"}],"version":0}' WHERE `ai` = 1" (applied to [last_ip, last_seen, settings] columns)
[2025/05/04 14:41:45]: [nLogin] The user DARREN has successfully logged in.
[2025/05/04 15:27:45]: §3[nLogin] [DEBUG] [SQLite] [UPDATE]: "UPDATE `nlogin` SET `last_name` = 'DARREN', `unique_id` = 783c3da60f593db784d1abca81b138b9,  `mojang_id` = null,  `bedrock_id` = null,  `password` = '$2a$10$yug7xwCdpnLbo4f.hV0ZaeNn5nrIuGndab2oehTtJ/2UCBB7UsCtu', `last_ip` = '0:0:0:0:0:0:0:1%0', `creation_date` = 2025-04-24 21:18:26.942, `last_seen` = 2025-05-04 15:27:45.664, `email` = null, `discord` = null, `settings` = '{"settings":[{"value":"survival","key":"last-server"},{"value":"en","key":"language"}],"version":0}' WHERE `ai` = 1" (applied to [last_seen, settings] columns)
[2025/05/04 15:27:47]: §3[nLogin] [DEBUG] [SQLite] [UPDATE]: "UPDATE `nlogin` SET `last_name` = 'Jason', `unique_id` = e13c5e70767d356589fa98148f3dbd5f,  `mojang_id` = null,  `bedrock_id` = null,  `password` = '$2a$10$3UIn1hqv2bD95vnxTL18/uwlvi/eSSilqMy2QCRJFxAW9/rp8J9cS', `last_ip` = '0:0:0:0:0:0:0:1%0', `creation_date` = 2025-04-24 22:34:45.689, `last_seen` = 2025-05-04 15:27:47.504, `email` = null, `discord` = null, `settings` = '{"settings":[{"value":"survival","key":"last-server"},{"value":"en","key":"language"}],"version":0}' WHERE `ai` = 4" (applied to [last_seen, settings] columns)
