[2025/05/10 15:36:57]: §9          __             _       
[2025/05/10 15:36:57]: §9  _ __   / /  ___   __ _(_)_ __  
[2025/05/10 15:36:57]: §9 | '_ \ / /  / _ \ / _` | | '_ \ 
[2025/05/10 15:36:58]: §9 | | | / /__| (_) | (_| | | | | |
[2025/05/10 15:36:58]: §9 |_| |_\____/\___/ \__, |_|_| |_|
[2025/05/10 15:36:58]: §9                  |___/            
[2025/05/10 15:36:58]: §9 By: www.nickuc.com - V 10.3.27
[2025/05/10 15:36:58]: §9 
[2025/05/10 15:36:58]: §3[nLogin] [DEBUG] All settings were loaded in 651 ms.
[2025/05/10 15:36:59]: §3[nLogin] [DEBUG] Loading the messages_en.yml message file...
[2025/05/10 15:36:59]: §3[nLogin] [DEBUG] All plugin messages were loaded in 270 ms (languageByClient=false).
[2025/05/10 15:36:59]: §3[nLogin] [DEBUG] All proxy settings were loaded in 43 ms.
[2025/05/10 15:36:59]: §3[nLogin] [DEBUG] Loading database...
[2025/05/10 15:36:59]: §3[nLogin] [DEBUG] Starting logger filter...
[2025/05/10 15:37:05]: 
[2025/05/10 15:37:05]:  §bThank you so much for choosing nLogin! §4<3
[2025/05/10 15:37:05]: 
[2025/05/10 15:37:05]:  §4For your safety, please read the message below:
[2025/05/10 15:37:05]:   §cNever download nLogin from unknown sources.
[2025/05/10 15:37:05]:   §cA modified version may contain malicious software.
[2025/05/10 15:37:05]: 
[2025/05/10 15:37:05]:  §3Trusted sources:
[2025/05/10 15:37:05]:   §bwww.nickuc.com
[2025/05/10 15:37:05]:   §bwww.github.com/nickuc
[2025/05/10 15:37:05]:   §bOpeNLogin installer (from Spigot or GitHub)
[2025/05/10 15:37:05]: 
[2025/05/10 15:37:05]:  §3Official support channels:
[2025/05/10 15:37:05]:   §bDiscord group: §fwww.nickuc.com/discord
[2025/05/10 15:37:05]:   §bDocumentation: §fdocs.nickuc.com/nlogin/
[2025/05/10 15:37:05]:   §bEmail: §fsupport@nickuc.com
[2025/05/10 15:37:05]:   §bYouTube: §fyoutube.com/nickuc
[2025/05/10 15:37:05]: 
[2025/05/10 15:37:05]:  §eTo remove this warning, log in with "nlogin.admin" permission on the server
[2025/05/10 15:37:05]:  §eand click the "Setup plugin" button to configure your plugin.
[2025/05/10 15:37:05]: 
[2025/05/10 15:37:07]: §3[nLogin] [DEBUG] [SQLite] [UPDATE]: "UPDATE `nlogin` SET `last_name` = 'Jason', `unique_id` = e13c5e70767d356589fa98148f3dbd5f,  `mojang_id` = null,  `bedrock_id` = null,  `password` = '$2a$10$3UIn1hqv2bD95vnxTL18/uwlvi/eSSilqMy2QCRJFxAW9/rp8J9cS', `last_ip` = '0:0:0:0:0:0:0:1%0', `creation_date` = 2025-04-24 22:34:45.689, `last_seen` = 2025-05-10 15:37:07.526, `email` = null, `discord` = null, `settings` = '{"settings":[{"value":"survival","key":"last-server"},{"value":"en","key":"language"}],"version":0}' WHERE `ai` = 4" (applied to [last_ip, last_seen, settings] columns)
[2025/05/10 15:37:07]: [nLogin] The user Jason has successfully logged in.
[2025/05/10 15:37:11]: §3[nLogin] [DEBUG] The DARREN (0:0:0:0:0:0:0:1%0) player entered an incorrect password
[2025/05/10 15:37:20]: §3[nLogin] [DEBUG] [SQLite] [UPDATE]: "UPDATE `nlogin` SET `last_name` = 'DARREN', `unique_id` = 783c3da60f593db784d1abca81b138b9,  `mojang_id` = null,  `bedrock_id` = null,  `password` = '$2a$10$yug7xwCdpnLbo4f.hV0ZaeNn5nrIuGndab2oehTtJ/2UCBB7UsCtu', `last_ip` = '0:0:0:0:0:0:0:1%0', `creation_date` = 2025-04-24 21:18:26.942, `last_seen` = 2025-05-10 15:37:20.125, `email` = null, `discord` = null, `settings` = '{"settings":[{"value":"survival","key":"last-server"},{"value":"en","key":"language"}],"version":0}' WHERE `ai` = 1" (applied to [last_ip, last_seen, settings] columns)
[2025/05/10 15:37:20]: [nLogin] The user DARREN has successfully logged in.
[2025/05/10 15:42:13]: §3[nLogin] [DEBUG] [SQLite] [UPDATE]: "UPDATE `nlogin` SET `last_name` = 'Ryan_L', `unique_id` = 8b4c7026a2a4393d9e16ed14af3207cc,  `mojang_id` = null,  `bedrock_id` = null,  `password` = '$2a$10$DkRcxfpRkDgpUMrfkd4Je.HJS70tc0/D/fOu/Jr/yUPd3.n9U6/CS', `last_ip` = '0:0:0:0:0:0:0:1%0', `creation_date` = 2025-04-24 22:33:18.043, `last_seen` = 2025-05-10 15:42:13.247, `email` = null, `discord` = null, `settings` = '{"settings":[{"value":"survival","key":"last-server"},{"value":"en","key":"language"}],"version":0}' WHERE `ai` = 3" (applied to [last_ip, last_seen, settings] columns)
[2025/05/10 15:42:13]: [nLogin] The user Ryan_L has successfully logged in.
[2025/05/10 16:24:59]: §3[nLogin] [DEBUG] [SQLite] [UPDATE]: "UPDATE `nlogin` SET `last_name` = 'Ryan_L', `unique_id` = 8b4c7026a2a4393d9e16ed14af3207cc,  `mojang_id` = null,  `bedrock_id` = null,  `password` = '$2a$10$DkRcxfpRkDgpUMrfkd4Je.HJS70tc0/D/fOu/Jr/yUPd3.n9U6/CS', `last_ip` = '0:0:0:0:0:0:0:1%0', `creation_date` = 2025-04-24 22:33:18.043, `last_seen` = 2025-05-10 16:24:59.415, `email` = null, `discord` = null, `settings` = '{"settings":[{"value":"survival","key":"last-server"},{"value":"en","key":"language"}],"version":0}' WHERE `ai` = 3" (applied to [last_seen, settings] columns)
[2025/05/10 16:26:45]: §3[nLogin] [DEBUG] [SQLite] [UPDATE]: "UPDATE `nlogin` SET `last_name` = 'DARREN', `unique_id` = 783c3da60f593db784d1abca81b138b9,  `mojang_id` = null,  `bedrock_id` = null,  `password` = '$2a$10$yug7xwCdpnLbo4f.hV0ZaeNn5nrIuGndab2oehTtJ/2UCBB7UsCtu', `last_ip` = '0:0:0:0:0:0:0:1%0', `creation_date` = 2025-04-24 21:18:26.942, `last_seen` = 2025-05-10 16:26:45.144, `email` = null, `discord` = null, `settings` = '{"settings":[{"value":"survival","key":"last-server"},{"value":"en","key":"language"}],"version":0}' WHERE `ai` = 1" (applied to [last_seen, settings] columns)
[2025/05/10 16:27:31]: §3[nLogin] [DEBUG] [SQLite] [UPDATE]: "UPDATE `nlogin` SET `last_name` = 'Jason', `unique_id` = e13c5e70767d356589fa98148f3dbd5f,  `mojang_id` = null,  `bedrock_id` = null,  `password` = '$2a$10$3UIn1hqv2bD95vnxTL18/uwlvi/eSSilqMy2QCRJFxAW9/rp8J9cS', `last_ip` = '0:0:0:0:0:0:0:1%0', `creation_date` = 2025-04-24 22:34:45.689, `last_seen` = 2025-05-10 16:27:31.743, `email` = null, `discord` = null, `settings` = '{"settings":[{"value":"survival","key":"last-server"},{"value":"en","key":"language"}],"version":0}' WHERE `ai` = 4" (applied to [last_seen, settings] columns)
[2025/05/10 16:27:38]: §3[nLogin] [DEBUG] [SQLite] [UPDATE]: "UPDATE `nlogin` SET `last_name` = 'DARREN', `unique_id` = 783c3da60f593db784d1abca81b138b9,  `mojang_id` = null,  `bedrock_id` = null,  `password` = '$2a$10$yug7xwCdpnLbo4f.hV0ZaeNn5nrIuGndab2oehTtJ/2UCBB7UsCtu', `last_ip` = '0:0:0:0:0:0:0:1%0', `creation_date` = 2025-04-24 21:18:26.942, `last_seen` = 2025-05-10 16:27:38.029, `email` = null, `discord` = null, `settings` = '{"settings":[{"value":"survival","key":"last-server"},{"value":"en","key":"language"}],"version":0}' WHERE `ai` = 1" (applied to [last_ip, last_seen, settings] columns)
[2025/05/10 16:27:38]: [nLogin] The user DARREN has successfully logged in.
[2025/05/10 16:27:47]: §3[nLogin] [DEBUG] [SQLite] [UPDATE]: "UPDATE `nlogin` SET `last_name` = 'Jason', `unique_id` = e13c5e70767d356589fa98148f3dbd5f,  `mojang_id` = null,  `bedrock_id` = null,  `password` = '$2a$10$3UIn1hqv2bD95vnxTL18/uwlvi/eSSilqMy2QCRJFxAW9/rp8J9cS', `last_ip` = '0:0:0:0:0:0:0:1%0', `creation_date` = 2025-04-24 22:34:45.689, `last_seen` = 2025-05-10 16:27:47.062, `email` = null, `discord` = null, `settings` = '{"settings":[{"value":"survival","key":"last-server"},{"value":"en","key":"language"}],"version":0}' WHERE `ai` = 4" (applied to [last_ip, last_seen, settings] columns)
[2025/05/10 16:27:47]: [nLogin] The user Jason has successfully logged in.
[2025/05/10 16:28:05]: §3[nLogin] [DEBUG] [SQLite] [UPDATE]: "UPDATE `nlogin` SET `last_name` = 'Ryan_L', `unique_id` = 8b4c7026a2a4393d9e16ed14af3207cc,  `mojang_id` = null,  `bedrock_id` = null,  `password` = '$2a$10$DkRcxfpRkDgpUMrfkd4Je.HJS70tc0/D/fOu/Jr/yUPd3.n9U6/CS', `last_ip` = '0:0:0:0:0:0:0:1%0', `creation_date` = 2025-04-24 22:33:18.043, `last_seen` = 2025-05-10 16:28:05.542, `email` = null, `discord` = null, `settings` = '{"settings":[{"value":"survival","key":"last-server"},{"value":"en","key":"language"}],"version":0}' WHERE `ai` = 3" (applied to [last_ip, last_seen, settings] columns)
[2025/05/10 16:28:05]: [nLogin] The user Ryan_L has successfully logged in.
[2025/05/10 16:28:19]: §3[nLogin] [DEBUG] [SQLite] [UPDATE]: "UPDATE `nlogin` SET `last_name` = 'Ryan_L', `unique_id` = 8b4c7026a2a4393d9e16ed14af3207cc,  `mojang_id` = null,  `bedrock_id` = null,  `password` = '$2a$10$DkRcxfpRkDgpUMrfkd4Je.HJS70tc0/D/fOu/Jr/yUPd3.n9U6/CS', `last_ip` = '0:0:0:0:0:0:0:1%0', `creation_date` = 2025-04-24 22:33:18.043, `last_seen` = 2025-05-10 16:28:19.44, `email` = null, `discord` = null, `settings` = '{"settings":[{"value":"survival","key":"last-server"},{"value":"en","key":"language"}],"version":0}' WHERE `ai` = 3" (applied to [last_seen, settings] columns)
[2025/05/10 16:28:28]: §3[nLogin] [DEBUG] [SQLite] [UPDATE]: "UPDATE `nlogin` SET `last_name` = 'Ryan_L', `unique_id` = 8b4c7026a2a4393d9e16ed14af3207cc,  `mojang_id` = null,  `bedrock_id` = null,  `password` = '$2a$10$DkRcxfpRkDgpUMrfkd4Je.HJS70tc0/D/fOu/Jr/yUPd3.n9U6/CS', `last_ip` = '0:0:0:0:0:0:0:1%0', `creation_date` = 2025-04-24 22:33:18.043, `last_seen` = 2025-05-10 16:28:28.536, `email` = null, `discord` = null, `settings` = '{"settings":[{"value":"survival","key":"last-server"},{"value":"en","key":"language"}],"version":0}' WHERE `ai` = 3" (applied to [last_ip, last_seen, settings] columns)
[2025/05/10 16:28:28]: [nLogin] The user Ryan_L has successfully logged in.
[2025/05/10 16:31:07]: §3[nLogin] [DEBUG] [SQLite] [UPDATE]: "UPDATE `nlogin` SET `last_name` = 'Marko', `unique_id` = 568a023c8d6b39bd9304e90c0aa1b876,  `mojang_id` = null,  `bedrock_id` = null,  `password` = '$2a$10$UIokuW1/aXPZNd0EQJe3cOiB8kc9HMSWWE7uGNlb9E5Ms2ZfrFtai', `last_ip` = '0:0:0:0:0:0:0:1%0', `creation_date` = 2025-04-29 19:50:21.31, `last_seen` = 2025-05-10 16:31:07.464, `email` = null, `discord` = null, `settings` = '{"settings":[{"value":"survival","key":"last-server"},{"value":"en","key":"language"}],"version":0}' WHERE `ai` = 12" (applied to [last_ip, last_seen, settings] columns)
[2025/05/10 16:31:07]: [nLogin] The user Marko has successfully logged in.
[2025/05/10 16:32:50]: §3[nLogin] [DEBUG] [SQLite] [UPDATE]: "UPDATE `nlogin` SET `last_name` = 'DARREN', `unique_id` = 783c3da60f593db784d1abca81b138b9,  `mojang_id` = null,  `bedrock_id` = null,  `password` = '$2a$10$yug7xwCdpnLbo4f.hV0ZaeNn5nrIuGndab2oehTtJ/2UCBB7UsCtu', `last_ip` = '0:0:0:0:0:0:0:1%0', `creation_date` = 2025-04-24 21:18:26.942, `last_seen` = 2025-05-10 16:32:50.855, `email` = null, `discord` = null, `settings` = '{"settings":[{"value":"survival","key":"last-server"},{"value":"en","key":"language"}],"version":0}' WHERE `ai` = 1" (applied to [last_seen, settings] columns)
[2025/05/10 16:32:58]: §3[nLogin] [DEBUG] [SQLite] [UPDATE]: "UPDATE `nlogin` SET `last_name` = 'DARREN', `unique_id` = 783c3da60f593db784d1abca81b138b9,  `mojang_id` = null,  `bedrock_id` = null,  `password` = '$2a$10$yug7xwCdpnLbo4f.hV0ZaeNn5nrIuGndab2oehTtJ/2UCBB7UsCtu', `last_ip` = '0:0:0:0:0:0:0:1%0', `creation_date` = 2025-04-24 21:18:26.942, `last_seen` = 2025-05-10 16:32:58.092, `email` = null, `discord` = null, `settings` = '{"settings":[{"value":"survival","key":"last-server"},{"value":"en","key":"language"}],"version":0}' WHERE `ai` = 1" (applied to [last_ip, last_seen, settings] columns)
[2025/05/10 16:32:58]: [nLogin] The user DARREN has successfully logged in.
[2025/05/10 16:35:20]: §3[nLogin] [DEBUG] [SQLite] [UPDATE]: "UPDATE `nlogin` SET `last_name` = 'DARREN', `unique_id` = 783c3da60f593db784d1abca81b138b9,  `mojang_id` = null,  `bedrock_id` = null,  `password` = '$2a$10$yug7xwCdpnLbo4f.hV0ZaeNn5nrIuGndab2oehTtJ/2UCBB7UsCtu', `last_ip` = '0:0:0:0:0:0:0:1%0', `creation_date` = 2025-04-24 21:18:26.942, `last_seen` = 2025-05-10 16:35:20.206, `email` = null, `discord` = null, `settings` = '{"settings":[{"value":"survival","key":"last-server"},{"value":"en","key":"language"}],"version":0}' WHERE `ai` = 1" (applied to [last_seen, settings] columns)
[2025/05/10 16:35:33]: §3[nLogin] [DEBUG] [SQLite] [UPDATE]: "UPDATE `nlogin` SET `last_name` = 'DARREN', `unique_id` = 783c3da60f593db784d1abca81b138b9,  `mojang_id` = null,  `bedrock_id` = null,  `password` = '$2a$10$yug7xwCdpnLbo4f.hV0ZaeNn5nrIuGndab2oehTtJ/2UCBB7UsCtu', `last_ip` = '0:0:0:0:0:0:0:1%0', `creation_date` = 2025-04-24 21:18:26.942, `last_seen` = 2025-05-10 16:35:33.816, `email` = null, `discord` = null, `settings` = '{"settings":[{"value":"survival","key":"last-server"},{"value":"en","key":"language"}],"version":0}' WHERE `ai` = 1" (applied to [last_ip, last_seen, settings] columns)
[2025/05/10 16:35:33]: [nLogin] The user DARREN has successfully logged in.
[2025/05/10 16:44:51]: §3[nLogin] [DEBUG] [SQLite] [UPDATE]: "UPDATE `nlogin` SET `last_name` = 'Jason', `unique_id` = e13c5e70767d356589fa98148f3dbd5f,  `mojang_id` = null,  `bedrock_id` = null,  `password` = '$2a$10$3UIn1hqv2bD95vnxTL18/uwlvi/eSSilqMy2QCRJFxAW9/rp8J9cS', `last_ip` = '0:0:0:0:0:0:0:1%0', `creation_date` = 2025-04-24 22:34:45.689, `last_seen` = 2025-05-10 16:44:51.036, `email` = null, `discord` = null, `settings` = '{"settings":[{"value":"survival","key":"last-server"},{"value":"en","key":"language"}],"version":0}' WHERE `ai` = 4" (applied to [last_seen, settings] columns)
[2025/05/10 16:44:54]: §3[nLogin] [DEBUG] [SQLite] [UPDATE]: "UPDATE `nlogin` SET `last_name` = 'Ryan_L', `unique_id` = 8b4c7026a2a4393d9e16ed14af3207cc,  `mojang_id` = null,  `bedrock_id` = null,  `password` = '$2a$10$DkRcxfpRkDgpUMrfkd4Je.HJS70tc0/D/fOu/Jr/yUPd3.n9U6/CS', `last_ip` = '0:0:0:0:0:0:0:1%0', `creation_date` = 2025-04-24 22:33:18.043, `last_seen` = 2025-05-10 16:44:54.124, `email` = null, `discord` = null, `settings` = '{"settings":[{"value":"survival","key":"last-server"},{"value":"en","key":"language"}],"version":0}' WHERE `ai` = 3" (applied to [last_seen, settings] columns)
[2025/05/10 16:45:00]: §3[nLogin] [DEBUG] [SQLite] [UPDATE]: "UPDATE `nlogin` SET `last_name` = 'Grady', `unique_id` = 5d947e07d63a38588173289bb199ada6,  `mojang_id` = null,  `bedrock_id` = null,  `password` = '$2a$10$fgpfPAXZEU13S/BFfc9BzuKMq8RP5f5c/pcFgN8Hu38RNiObfl0Ve', `last_ip` = '0:0:0:0:0:0:0:1%0', `creation_date` = 2025-04-28 18:23:34.99, `last_seen` = 2025-05-10 16:45:00.154, `email` = null, `discord` = null, `settings` = '{"settings":[{"value":"survival","key":"last-server"},{"value":"en","key":"language"}],"version":0}' WHERE `ai` = 10" (applied to [last_ip, last_seen, settings] columns)
[2025/05/10 16:45:00]: [nLogin] The user Grady has successfully logged in.
[2025/05/10 16:45:06]: §3[nLogin] [DEBUG] [SQLite] [UPDATE]: "UPDATE `nlogin` SET `last_name` = 'Marko', `unique_id` = 568a023c8d6b39bd9304e90c0aa1b876,  `mojang_id` = null,  `bedrock_id` = null,  `password` = '$2a$10$UIokuW1/aXPZNd0EQJe3cOiB8kc9HMSWWE7uGNlb9E5Ms2ZfrFtai', `last_ip` = '0:0:0:0:0:0:0:1%0', `creation_date` = 2025-04-29 19:50:21.31, `last_seen` = 2025-05-10 16:45:06.343, `email` = null, `discord` = null, `settings` = '{"settings":[{"value":"survival","key":"last-server"},{"value":"en","key":"language"}],"version":0}' WHERE `ai` = 12" (applied to [last_seen, settings] columns)
[2025/05/10 16:45:10]: §3[nLogin] [DEBUG] [SQLite] [UPDATE]: "UPDATE `nlogin` SET `last_name` = 'DARREN', `unique_id` = 783c3da60f593db784d1abca81b138b9,  `mojang_id` = null,  `bedrock_id` = null,  `password` = '$2a$10$yug7xwCdpnLbo4f.hV0ZaeNn5nrIuGndab2oehTtJ/2UCBB7UsCtu', `last_ip` = '0:0:0:0:0:0:0:1%0', `creation_date` = 2025-04-24 21:18:26.942, `last_seen` = 2025-05-10 16:45:10.975, `email` = null, `discord` = null, `settings` = '{"settings":[{"value":"survival","key":"last-server"},{"value":"en","key":"language"}],"version":0}' WHERE `ai` = 1" (applied to [last_seen, settings] columns)
