[2025/04/30 14:30:44]: §9          __             _       
[2025/04/30 14:30:44]: §9  _ __   / /  ___   __ _(_)_ __  
[2025/04/30 14:30:44]: §9 | '_ \ / /  / _ \ / _` | | '_ \ 
[2025/04/30 14:30:44]: §9 | | | / /__| (_) | (_| | | | | |
[2025/04/30 14:30:45]: §9 |_| |_\____/\___/ \__, |_|_| |_|
[2025/04/30 14:30:45]: §9                  |___/            
[2025/04/30 14:30:45]: §9 By: www.nickuc.com - V 10.3.27
[2025/04/30 14:30:45]: §9 
[2025/04/30 14:30:47]: §3[nLogin] [DEBUG] All settings were loaded in 1813 ms.
[2025/04/30 14:30:47]: §3[nLogin] [DEBUG] Loading the messages_en.yml message file...
[2025/04/30 14:30:47]: §3[nLogin] [DEBUG] All plugin messages were loaded in 389 ms (languageByClient=false).
[2025/04/30 14:30:47]: §3[nLogin] [DEBUG] All proxy settings were loaded in 10 ms.
[2025/04/30 14:30:47]: §3[nLogin] [DEBUG] Loading database...
[2025/04/30 14:30:49]: §3[nLogin] [DEBUG] Starting logger filter...
[2025/04/30 14:30:54]: 
[2025/04/30 14:30:54]:  §bThank you so much for choosing nLogin! §4<3
[2025/04/30 14:30:54]: 
[2025/04/30 14:30:54]:  §4For your safety, please read the message below:
[2025/04/30 14:30:54]:   §cNever download nLogin from unknown sources.
[2025/04/30 14:30:54]:   §cA modified version may contain malicious software.
[2025/04/30 14:30:54]: 
[2025/04/30 14:30:54]:  §3Trusted sources:
[2025/04/30 14:30:54]:   §bwww.nickuc.com
[2025/04/30 14:30:54]:   §bwww.github.com/nickuc
[2025/04/30 14:30:54]:   §bOpeNLogin installer (from Spigot or GitHub)
[2025/04/30 14:30:54]: 
[2025/04/30 14:30:54]:  §3Official support channels:
[2025/04/30 14:30:54]:   §bDiscord group: §fwww.nickuc.com/discord
[2025/04/30 14:30:54]:   §bDocumentation: §fdocs.nickuc.com/nlogin/
[2025/04/30 14:30:54]:   §bEmail: §fsupport@nickuc.com
[2025/04/30 14:30:54]:   §bYouTube: §fyoutube.com/nickuc
[2025/04/30 14:30:54]: 
[2025/04/30 14:30:54]:  §eTo remove this warning, log in with "nlogin.admin" permission on the server
[2025/04/30 14:30:54]:  §eand click the "Setup plugin" button to configure your plugin.
[2025/04/30 14:30:54]: 
[2025/04/30 14:36:48]: §3[nLogin] [DEBUG] [SQLite] [UPDATE]: "UPDATE `nlogin` SET `last_name` = 'Danny', `unique_id` = ddcda591f59a39faae6e6744024d2256,  `mojang_id` = null,  `bedrock_id` = null,  `password` = '$2a$10$9dFiWiwb7z0vCRFvpniWM.hg3hAhygKXYA6u4sR6kndoPe23VzP.q', `last_ip` = '0:0:0:0:0:0:0:1%0', `creation_date` = 2025-04-28 18:23:52.036, `last_seen` = 2025-04-30 14:36:48.082, `email` = null, `discord` = null, `settings` = '{"settings":[{"value":"survival","key":"last-server"},{"value":"en","key":"language"}],"version":0}' WHERE `ai` = 11" (applied to [last_ip, last_seen, settings] columns)
[2025/04/30 14:36:48]: [nLogin] The user Danny has successfully logged in.
[2025/04/30 14:37:01]: §3[nLogin] [DEBUG] [SQLite] [UPDATE]: "UPDATE `nlogin` SET `last_name` = 'Danny', `unique_id` = ddcda591f59a39faae6e6744024d2256,  `mojang_id` = null,  `bedrock_id` = null,  `password` = '$2a$10$9dFiWiwb7z0vCRFvpniWM.hg3hAhygKXYA6u4sR6kndoPe23VzP.q', `last_ip` = '0:0:0:0:0:0:0:1%0', `creation_date` = 2025-04-28 18:23:52.036, `last_seen` = 2025-04-30 14:37:01.81, `email` = null, `discord` = null, `settings` = '{"settings":[{"value":"survival","key":"last-server"},{"value":"en","key":"language"}],"version":0}' WHERE `ai` = 11" (applied to [last_seen, settings] columns)
[2025/04/30 14:37:13]: §3[nLogin] [DEBUG] [SQLite] [UPDATE]: "UPDATE `nlogin` SET `last_name` = 'Danny', `unique_id` = ddcda591f59a39faae6e6744024d2256,  `mojang_id` = null,  `bedrock_id` = null,  `password` = '$2a$10$9dFiWiwb7z0vCRFvpniWM.hg3hAhygKXYA6u4sR6kndoPe23VzP.q', `last_ip` = '0:0:0:0:0:0:0:1%0', `creation_date` = 2025-04-28 18:23:52.036, `last_seen` = 2025-04-30 14:37:13.858, `email` = null, `discord` = null, `settings` = '{"settings":[{"value":"survival","key":"last-server"},{"value":"en","key":"language"}],"version":0}' WHERE `ai` = 11" (applied to [last_ip, last_seen, settings] columns)
[2025/04/30 14:37:13]: [nLogin] The user Danny has successfully logged in.
[2025/04/30 14:37:20]: §3[nLogin] [DEBUG] [SQLite] [UPDATE]: "UPDATE `nlogin` SET `last_name` = 'Idan', `unique_id` = a74b69aceb713e8ba36e2a8f50d32ad2,  `mojang_id` = null,  `bedrock_id` = null,  `password` = '$2a$10$G/5jlLCNBS0tYFC5jIEXq.uxwOPlTmDot1Ls1x9vhEaIJQRyE1Xza', `last_ip` = '0:0:0:0:0:0:0:1%0', `creation_date` = 2025-04-25 21:33:50.693, `last_seen` = 2025-04-30 14:37:20.24, `email` = null, `discord` = null, `settings` = '{"settings":[{"value":"survival","key":"last-server"},{"value":"en","key":"language"}],"version":0}' WHERE `ai` = 9" (applied to [last_ip, last_seen, settings] columns)
[2025/04/30 14:37:20]: [nLogin] The user Idan has successfully logged in.
[2025/04/30 14:37:56]: §3[nLogin] [DEBUG] [SQLite] [UPDATE]: "UPDATE `nlogin` SET `last_name` = 'Idan', `unique_id` = a74b69aceb713e8ba36e2a8f50d32ad2,  `mojang_id` = null,  `bedrock_id` = null,  `password` = '$2a$10$G/5jlLCNBS0tYFC5jIEXq.uxwOPlTmDot1Ls1x9vhEaIJQRyE1Xza', `last_ip` = '0:0:0:0:0:0:0:1%0', `creation_date` = 2025-04-25 21:33:50.693, `last_seen` = 2025-04-30 14:37:56.713, `email` = null, `discord` = null, `settings` = '{"settings":[{"value":"survival","key":"last-server"},{"value":"en","key":"language"}],"version":0}' WHERE `ai` = 9" (applied to [last_seen, settings] columns)
[2025/04/30 14:39:30]: §3[nLogin] [DEBUG] [SQLite] [UPDATE]: "UPDATE `nlogin` SET `last_name` = 'Idan', `unique_id` = a74b69aceb713e8ba36e2a8f50d32ad2,  `mojang_id` = null,  `bedrock_id` = null,  `password` = '$2a$10$G/5jlLCNBS0tYFC5jIEXq.uxwOPlTmDot1Ls1x9vhEaIJQRyE1Xza', `last_ip` = '0:0:0:0:0:0:0:1%0', `creation_date` = 2025-04-25 21:33:50.693, `last_seen` = 2025-04-30 14:39:30.4, `email` = null, `discord` = null, `settings` = '{"settings":[{"value":"survival","key":"last-server"},{"value":"en","key":"language"}],"version":0}' WHERE `ai` = 9" (applied to [last_ip, last_seen, settings] columns)
[2025/04/30 14:39:30]: [nLogin] The user Idan has successfully logged in.
[2025/04/30 14:39:55]: §3[nLogin] [DEBUG] [SQLite] [UPDATE]: "UPDATE `nlogin` SET `last_name` = 'Idan', `unique_id` = a74b69aceb713e8ba36e2a8f50d32ad2,  `mojang_id` = null,  `bedrock_id` = null,  `password` = '$2a$10$G/5jlLCNBS0tYFC5jIEXq.uxwOPlTmDot1Ls1x9vhEaIJQRyE1Xza', `last_ip` = '0:0:0:0:0:0:0:1%0', `creation_date` = 2025-04-25 21:33:50.693, `last_seen` = 2025-04-30 14:39:55.126, `email` = null, `discord` = null, `settings` = '{"settings":[{"value":"survival","key":"last-server"},{"value":"en","key":"language"}],"version":0}' WHERE `ai` = 9" (applied to [last_seen, settings] columns)
[2025/04/30 14:42:07]: §3[nLogin] [DEBUG] [SQLite] [UPDATE]: "UPDATE `nlogin` SET `last_name` = 'Danny', `unique_id` = ddcda591f59a39faae6e6744024d2256,  `mojang_id` = null,  `bedrock_id` = null,  `password` = '$2a$10$9dFiWiwb7z0vCRFvpniWM.hg3hAhygKXYA6u4sR6kndoPe23VzP.q', `last_ip` = '0:0:0:0:0:0:0:1%0', `creation_date` = 2025-04-28 18:23:52.036, `last_seen` = 2025-04-30 14:42:07.009, `email` = null, `discord` = null, `settings` = '{"settings":[{"value":"survival","key":"last-server"},{"value":"en","key":"language"}],"version":0}' WHERE `ai` = 11" (applied to [last_seen, settings] columns)
[2025/04/30 14:47:47]: §3[nLogin] [DEBUG] [SQLite] [UPDATE]: "UPDATE `nlogin` SET `last_name` = 'Idan', `unique_id` = a74b69aceb713e8ba36e2a8f50d32ad2,  `mojang_id` = null,  `bedrock_id` = null,  `password` = '$2a$10$G/5jlLCNBS0tYFC5jIEXq.uxwOPlTmDot1Ls1x9vhEaIJQRyE1Xza', `last_ip` = '0:0:0:0:0:0:0:1%0', `creation_date` = 2025-04-25 21:33:50.693, `last_seen` = 2025-04-30 14:47:47.679, `email` = null, `discord` = null, `settings` = '{"settings":[{"value":"survival","key":"last-server"},{"value":"en","key":"language"}],"version":0}' WHERE `ai` = 9" (applied to [last_ip, last_seen, settings] columns)
[2025/04/30 14:47:47]: [nLogin] The user Idan has successfully logged in.
[2025/04/30 14:49:21]: §3[nLogin] [DEBUG] [SQLite] [UPDATE]: "UPDATE `nlogin` SET `last_name` = 'David_M', `unique_id` = c7c3a2502ebb3ee49bc09f25e8be29c9,  `mojang_id` = null,  `bedrock_id` = null,  `password` = '$2a$10$wU60URh.PrZbrgnYLoze/uj26Qw589fOV88g1Mq6zHXpmhqHdvEvG', `last_ip` = '0:0:0:0:0:0:0:1%0', `creation_date` = 2025-04-25 19:02:30.13, `last_seen` = 2025-04-30 14:49:21.901, `email` = null, `discord` = null, `settings` = '{"settings":[{"value":"survival","key":"last-server"},{"value":"en","key":"language"}],"version":0}' WHERE `ai` = 7" (applied to [last_ip, last_seen, settings] columns)
[2025/04/30 14:49:21]: [nLogin] The user David_M has successfully logged in.
[2025/04/30 14:49:36]: §3[nLogin] [DEBUG] [SQLite] [UPDATE]: "UPDATE `nlogin` SET `last_name` = 'David_M', `unique_id` = c7c3a2502ebb3ee49bc09f25e8be29c9,  `mojang_id` = null,  `bedrock_id` = null,  `password` = '$2a$10$wU60URh.PrZbrgnYLoze/uj26Qw589fOV88g1Mq6zHXpmhqHdvEvG', `last_ip` = '0:0:0:0:0:0:0:1%0', `creation_date` = 2025-04-25 19:02:30.13, `last_seen` = 2025-04-30 14:49:36.806, `email` = null, `discord` = null, `settings` = '{"settings":[{"value":"survival","key":"last-server"},{"value":"en","key":"language"}],"version":0}' WHERE `ai` = 7" (applied to [last_seen, settings] columns)
[2025/04/30 14:49:46]: §3[nLogin] [DEBUG] [SQLite] [UPDATE]: "UPDATE `nlogin` SET `last_name` = 'David_M', `unique_id` = c7c3a2502ebb3ee49bc09f25e8be29c9,  `mojang_id` = null,  `bedrock_id` = null,  `password` = '$2a$10$wU60URh.PrZbrgnYLoze/uj26Qw589fOV88g1Mq6zHXpmhqHdvEvG', `last_ip` = '0:0:0:0:0:0:0:1%0', `creation_date` = 2025-04-25 19:02:30.13, `last_seen` = 2025-04-30 14:49:46.061, `email` = null, `discord` = null, `settings` = '{"settings":[{"value":"survival","key":"last-server"},{"value":"en","key":"language"}],"version":0}' WHERE `ai` = 7" (applied to [last_ip, last_seen, settings] columns)
[2025/04/30 14:49:46]: [nLogin] The user David_M has successfully logged in.
[2025/04/30 14:50:25]: §3[nLogin] [DEBUG] [SQLite] [UPDATE]: "UPDATE `nlogin` SET `last_name` = 'Danny', `unique_id` = ddcda591f59a39faae6e6744024d2256,  `mojang_id` = null,  `bedrock_id` = null,  `password` = '$2a$10$9dFiWiwb7z0vCRFvpniWM.hg3hAhygKXYA6u4sR6kndoPe23VzP.q', `last_ip` = '0:0:0:0:0:0:0:1%0', `creation_date` = 2025-04-28 18:23:52.036, `last_seen` = 2025-04-30 14:50:25.083, `email` = null, `discord` = null, `settings` = '{"settings":[{"value":"survival","key":"last-server"},{"value":"en","key":"language"}],"version":0}' WHERE `ai` = 11" (applied to [last_ip, last_seen, settings] columns)
[2025/04/30 14:50:25]: [nLogin] The user Danny has successfully logged in.
[2025/04/30 14:53:40]: §3[nLogin] [DEBUG] [SQLite] [UPDATE]: "UPDATE `nlogin` SET `last_name` = 'Danny', `unique_id` = ddcda591f59a39faae6e6744024d2256,  `mojang_id` = null,  `bedrock_id` = null,  `password` = '$2a$10$9dFiWiwb7z0vCRFvpniWM.hg3hAhygKXYA6u4sR6kndoPe23VzP.q', `last_ip` = '0:0:0:0:0:0:0:1%0', `creation_date` = 2025-04-28 18:23:52.036, `last_seen` = 2025-04-30 14:53:40.87, `email` = null, `discord` = null, `settings` = '{"settings":[{"value":"survival","key":"last-server"},{"value":"en","key":"language"}],"version":0}' WHERE `ai` = 11" (applied to [last_seen, settings] columns)
[2025/04/30 14:57:56]: §3[nLogin] [DEBUG] [SQLite] [UPDATE]: "UPDATE `nlogin` SET `last_name` = 'Danny', `unique_id` = ddcda591f59a39faae6e6744024d2256,  `mojang_id` = null,  `bedrock_id` = null,  `password` = '$2a$10$9dFiWiwb7z0vCRFvpniWM.hg3hAhygKXYA6u4sR6kndoPe23VzP.q', `last_ip` = '0:0:0:0:0:0:0:1%0', `creation_date` = 2025-04-28 18:23:52.036, `last_seen` = 2025-04-30 14:57:56.108, `email` = null, `discord` = null, `settings` = '{"settings":[{"value":"survival","key":"last-server"},{"value":"en","key":"language"}],"version":0}' WHERE `ai` = 11" (applied to [last_ip, last_seen, settings] columns)
[2025/04/30 14:57:56]: [nLogin] The user Danny has successfully logged in.
[2025/04/30 14:58:19]: §3[nLogin] [DEBUG] [SQLite] [UPDATE]: "UPDATE `nlogin` SET `last_name` = 'Danny', `unique_id` = ddcda591f59a39faae6e6744024d2256,  `mojang_id` = null,  `bedrock_id` = null,  `password` = '$2a$10$9dFiWiwb7z0vCRFvpniWM.hg3hAhygKXYA6u4sR6kndoPe23VzP.q', `last_ip` = '0:0:0:0:0:0:0:1%0', `creation_date` = 2025-04-28 18:23:52.036, `last_seen` = 2025-04-30 14:58:19.59, `email` = null, `discord` = null, `settings` = '{"settings":[{"value":"lobby","key":"last-server"},{"value":"en","key":"language"}],"version":0}' WHERE `ai` = 11" (applied to [last_seen, settings] columns)
[2025/04/30 14:58:27]: §3[nLogin] [DEBUG] [SQLite] [UPDATE]: "UPDATE `nlogin` SET `last_name` = 'Danny', `unique_id` = ddcda591f59a39faae6e6744024d2256,  `mojang_id` = null,  `bedrock_id` = null,  `password` = '$2a$10$9dFiWiwb7z0vCRFvpniWM.hg3hAhygKXYA6u4sR6kndoPe23VzP.q', `last_ip` = '0:0:0:0:0:0:0:1%0', `creation_date` = 2025-04-28 18:23:52.036, `last_seen` = 2025-04-30 14:58:27.281, `email` = null, `discord` = null, `settings` = '{"settings":[{"value":"lobby","key":"last-server"},{"value":"en","key":"language"}],"version":0}' WHERE `ai` = 11" (applied to [last_ip, last_seen, settings] columns)
[2025/04/30 14:58:27]: [nLogin] The user Danny has successfully logged in.
[2025/04/30 14:59:51]: §3[nLogin] [DEBUG] [SQLite] [UPDATE]: "UPDATE `nlogin` SET `last_name` = 'Danny', `unique_id` = ddcda591f59a39faae6e6744024d2256,  `mojang_id` = null,  `bedrock_id` = null,  `password` = '$2a$10$9dFiWiwb7z0vCRFvpniWM.hg3hAhygKXYA6u4sR6kndoPe23VzP.q', `last_ip` = '0:0:0:0:0:0:0:1%0', `creation_date` = 2025-04-28 18:23:52.036, `last_seen` = 2025-04-30 14:59:51.305, `email` = null, `discord` = null, `settings` = '{"settings":[{"value":"survival","key":"last-server"},{"value":"en","key":"language"}],"version":0}' WHERE `ai` = 11" (applied to [last_seen, settings] columns)
[2025/04/30 15:00:06]: §3[nLogin] [DEBUG] [SQLite] [UPDATE]: "UPDATE `nlogin` SET `last_name` = 'Danny', `unique_id` = ddcda591f59a39faae6e6744024d2256,  `mojang_id` = null,  `bedrock_id` = null,  `password` = '$2a$10$9dFiWiwb7z0vCRFvpniWM.hg3hAhygKXYA6u4sR6kndoPe23VzP.q', `last_ip` = '0:0:0:0:0:0:0:1%0', `creation_date` = 2025-04-28 18:23:52.036, `last_seen` = 2025-04-30 15:00:06.862, `email` = null, `discord` = null, `settings` = '{"settings":[{"value":"survival","key":"last-server"},{"value":"en","key":"language"}],"version":0}' WHERE `ai` = 11" (applied to [last_ip, last_seen, settings] columns)
[2025/04/30 15:00:06]: [nLogin] The user Danny has successfully logged in.
[2025/04/30 15:00:21]: §3[nLogin] [DEBUG] [SQLite] [UPDATE]: "UPDATE `nlogin` SET `last_name` = 'Danny', `unique_id` = ddcda591f59a39faae6e6744024d2256,  `mojang_id` = null,  `bedrock_id` = null,  `password` = '$2a$10$9dFiWiwb7z0vCRFvpniWM.hg3hAhygKXYA6u4sR6kndoPe23VzP.q', `last_ip` = '0:0:0:0:0:0:0:1%0', `creation_date` = 2025-04-28 18:23:52.036, `last_seen` = 2025-04-30 15:00:21.057, `email` = null, `discord` = null, `settings` = '{"settings":[{"value":"survival","key":"last-server"},{"value":"en","key":"language"}],"version":0}' WHERE `ai` = 11" (applied to [last_seen, settings] columns)
[2025/04/30 15:00:37]: §3[nLogin] [DEBUG] [SQLite] [UPDATE]: "UPDATE `nlogin` SET `last_name` = 'Danny', `unique_id` = ddcda591f59a39faae6e6744024d2256,  `mojang_id` = null,  `bedrock_id` = null,  `password` = '$2a$10$9dFiWiwb7z0vCRFvpniWM.hg3hAhygKXYA6u4sR6kndoPe23VzP.q', `last_ip` = '0:0:0:0:0:0:0:1%0', `creation_date` = 2025-04-28 18:23:52.036, `last_seen` = 2025-04-30 15:00:37.407, `email` = null, `discord` = null, `settings` = '{"settings":[{"value":"survival","key":"last-server"},{"value":"en","key":"language"}],"version":0}' WHERE `ai` = 11" (applied to [last_ip, last_seen, settings] columns)
[2025/04/30 15:00:37]: [nLogin] The user Danny has successfully logged in.
[2025/04/30 15:00:51]: §3[nLogin] [DEBUG] [SQLite] [UPDATE]: "UPDATE `nlogin` SET `last_name` = 'Danny', `unique_id` = ddcda591f59a39faae6e6744024d2256,  `mojang_id` = null,  `bedrock_id` = null,  `password` = '$2a$10$9dFiWiwb7z0vCRFvpniWM.hg3hAhygKXYA6u4sR6kndoPe23VzP.q', `last_ip` = '0:0:0:0:0:0:0:1%0', `creation_date` = 2025-04-28 18:23:52.036, `last_seen` = 2025-04-30 15:00:51.056, `email` = null, `discord` = null, `settings` = '{"settings":[{"value":"survival","key":"last-server"},{"value":"en","key":"language"}],"version":0}' WHERE `ai` = 11" (applied to [last_seen, settings] columns)
[2025/04/30 15:00:59]: §3[nLogin] [DEBUG] [SQLite] [UPDATE]: "UPDATE `nlogin` SET `last_name` = 'Danny', `unique_id` = ddcda591f59a39faae6e6744024d2256,  `mojang_id` = null,  `bedrock_id` = null,  `password` = '$2a$10$9dFiWiwb7z0vCRFvpniWM.hg3hAhygKXYA6u4sR6kndoPe23VzP.q', `last_ip` = '0:0:0:0:0:0:0:1%0', `creation_date` = 2025-04-28 18:23:52.036, `last_seen` = 2025-04-30 15:00:59.167, `email` = null, `discord` = null, `settings` = '{"settings":[{"value":"survival","key":"last-server"},{"value":"en","key":"language"}],"version":0}' WHERE `ai` = 11" (applied to [last_ip, last_seen, settings] columns)
[2025/04/30 15:00:59]: [nLogin] The user Danny has successfully logged in.
[2025/04/30 15:04:39]: §3[nLogin] [DEBUG] [SQLite] [UPDATE]: "UPDATE `nlogin` SET `last_name` = 'David_M', `unique_id` = c7c3a2502ebb3ee49bc09f25e8be29c9,  `mojang_id` = null,  `bedrock_id` = null,  `password` = '$2a$10$wU60URh.PrZbrgnYLoze/uj26Qw589fOV88g1Mq6zHXpmhqHdvEvG', `last_ip` = '0:0:0:0:0:0:0:1%0', `creation_date` = 2025-04-25 19:02:30.13, `last_seen` = 2025-04-30 15:04:39.367, `email` = null, `discord` = null, `settings` = '{"settings":[{"value":"survival","key":"last-server"},{"value":"en","key":"language"}],"version":0}' WHERE `ai` = 7" (applied to [last_seen, settings] columns)
[2025/04/30 15:05:16]: §3[nLogin] [DEBUG] [SQLite] [UPDATE]: "UPDATE `nlogin` SET `last_name` = 'Idan', `unique_id` = a74b69aceb713e8ba36e2a8f50d32ad2,  `mojang_id` = null,  `bedrock_id` = null,  `password` = '$2a$10$G/5jlLCNBS0tYFC5jIEXq.uxwOPlTmDot1Ls1x9vhEaIJQRyE1Xza', `last_ip` = '0:0:0:0:0:0:0:1%0', `creation_date` = 2025-04-25 21:33:50.693, `last_seen` = 2025-04-30 15:05:16.004, `email` = null, `discord` = null, `settings` = '{"settings":[{"value":"survival","key":"last-server"},{"value":"en","key":"language"}],"version":0}' WHERE `ai` = 9" (applied to [last_seen, settings] columns)
[2025/04/30 15:05:18]: §3[nLogin] [DEBUG] [SQLite] [UPDATE]: "UPDATE `nlogin` SET `last_name` = 'Danny', `unique_id` = ddcda591f59a39faae6e6744024d2256,  `mojang_id` = null,  `bedrock_id` = null,  `password` = '$2a$10$9dFiWiwb7z0vCRFvpniWM.hg3hAhygKXYA6u4sR6kndoPe23VzP.q', `last_ip` = '0:0:0:0:0:0:0:1%0', `creation_date` = 2025-04-28 18:23:52.036, `last_seen` = 2025-04-30 15:05:18.748, `email` = null, `discord` = null, `settings` = '{"settings":[{"value":"survival","key":"last-server"},{"value":"en","key":"language"}],"version":0}' WHERE `ai` = 11" (applied to [last_seen, settings] columns)
[2025/04/30 15:08:34]: §3[nLogin] [DEBUG] [SQLite] [UPDATE]: "UPDATE `nlogin` SET `last_name` = 'Grady', `unique_id` = 5d947e07d63a38588173289bb199ada6,  `mojang_id` = null,  `bedrock_id` = null,  `password` = '$2a$10$fgpfPAXZEU13S/BFfc9BzuKMq8RP5f5c/pcFgN8Hu38RNiObfl0Ve', `last_ip` = '0:0:0:0:0:0:0:1%0', `creation_date` = 2025-04-28 18:23:34.99, `last_seen` = 2025-04-30 15:08:34.066, `email` = null, `discord` = null, `settings` = '{"settings":[{"value":"survival","key":"last-server"},{"value":"en","key":"language"}],"version":0}' WHERE `ai` = 10" (applied to [last_ip, last_seen, settings] columns)
[2025/04/30 15:08:34]: [nLogin] The user Grady has successfully logged in.
