[2025/05/12 17:51:47]: §9          __             _       
[2025/05/12 17:51:47]: §9  _ __   / /  ___   __ _(_)_ __  
[2025/05/12 17:51:47]: §9 | '_ \ / /  / _ \ / _` | | '_ \ 
[2025/05/12 17:51:47]: §9 | | | / /__| (_) | (_| | | | | |
[2025/05/12 17:51:47]: §9 |_| |_\____/\___/ \__, |_|_| |_|
[2025/05/12 17:51:47]: §9                  |___/            
[2025/05/12 17:51:47]: §9 By: www.nickuc.com - V 10.3.27
[2025/05/12 17:51:47]: §9 
[2025/05/12 17:51:48]: §3[nLogin] [DEBUG] All settings were loaded in 528 ms.
[2025/05/12 17:51:48]: §3[nLogin] [DEBUG] Loading the messages_en.yml message file...
[2025/05/12 17:51:48]: §3[nLogin] [DEBUG] All plugin messages were loaded in 202 ms (languageByClient=false).
[2025/05/12 17:51:48]: §3[nLogin] [DEBUG] All proxy settings were loaded in 34 ms.
[2025/05/12 17:51:48]: §3[nLogin] [DEBUG] Loading database...
[2025/05/12 17:51:49]: §3[nLogin] [DEBUG] Starting logger filter...
[2025/05/12 17:51:54]: 
[2025/05/12 17:51:54]:  §bThank you so much for choosing nLogin! §4<3
[2025/05/12 17:51:54]: 
[2025/05/12 17:51:54]:  §4For your safety, please read the message below:
[2025/05/12 17:51:54]:   §cNever download nLogin from unknown sources.
[2025/05/12 17:51:54]:   §cA modified version may contain malicious software.
[2025/05/12 17:51:54]: 
[2025/05/12 17:51:54]:  §3Trusted sources:
[2025/05/12 17:51:54]:   §bwww.nickuc.com
[2025/05/12 17:51:54]:   §bwww.github.com/nickuc
[2025/05/12 17:51:54]:   §bOpeNLogin installer (from Spigot or GitHub)
[2025/05/12 17:51:54]: 
[2025/05/12 17:51:54]:  §3Official support channels:
[2025/05/12 17:51:54]:   §bDiscord group: §fwww.nickuc.com/discord
[2025/05/12 17:51:54]:   §bDocumentation: §fdocs.nickuc.com/nlogin/
[2025/05/12 17:51:54]:   §bEmail: §fsupport@nickuc.com
[2025/05/12 17:51:54]:   §bYouTube: §fyoutube.com/nickuc
[2025/05/12 17:51:54]: 
[2025/05/12 17:51:54]:  §eTo remove this warning, log in with "nlogin.admin" permission on the server
[2025/05/12 17:51:54]:  §eand click the "Setup plugin" button to configure your plugin.
[2025/05/12 17:51:54]: 
[2025/05/12 17:52:36]: §3[nLogin] [DEBUG] [SQLite] [UPDATE]: "UPDATE `nlogin` SET `last_name` = 'DARREN', `unique_id` = 783c3da60f593db784d1abca81b138b9,  `mojang_id` = null,  `bedrock_id` = null,  `password` = '$2a$10$yug7xwCdpnLbo4f.hV0ZaeNn5nrIuGndab2oehTtJ/2UCBB7UsCtu', `last_ip` = '0:0:0:0:0:0:0:1%0', `creation_date` = 2025-04-24 21:18:26.942, `last_seen` = 2025-05-12 17:52:36.669, `email` = null, `discord` = null, `settings` = '{"settings":[{"value":"survival","key":"last-server"},{"value":"en","key":"language"}],"version":0}' WHERE `ai` = 1" (applied to [last_ip, last_seen, settings] columns)
[2025/05/12 17:52:36]: [nLogin] The user DARREN has successfully logged in.
[2025/05/12 17:56:40]: §3[nLogin] [DEBUG] [SQLite] [UPDATE]: "UPDATE `nlogin` SET `last_name` = 'DARREN', `unique_id` = 783c3da60f593db784d1abca81b138b9,  `mojang_id` = null,  `bedrock_id` = null,  `password` = '$2a$10$yug7xwCdpnLbo4f.hV0ZaeNn5nrIuGndab2oehTtJ/2UCBB7UsCtu', `last_ip` = '0:0:0:0:0:0:0:1%0', `creation_date` = 2025-04-24 21:18:26.942, `last_seen` = 2025-05-12 17:56:40.709, `email` = null, `discord` = null, `settings` = '{"settings":[{"value":"survival","key":"last-server"},{"value":"en","key":"language"}],"version":0}' WHERE `ai` = 1" (applied to [last_seen, settings] columns)
[2025/05/12 17:59:37]: §3[nLogin] [DEBUG] [SQLite] [UPDATE]: "UPDATE `nlogin` SET `last_name` = 'DARREN', `unique_id` = 783c3da60f593db784d1abca81b138b9,  `mojang_id` = null,  `bedrock_id` = null,  `password` = '$2a$10$yug7xwCdpnLbo4f.hV0ZaeNn5nrIuGndab2oehTtJ/2UCBB7UsCtu', `last_ip` = '0:0:0:0:0:0:0:1%0', `creation_date` = 2025-04-24 21:18:26.942, `last_seen` = 2025-05-12 17:59:37.347, `email` = null, `discord` = null, `settings` = '{"settings":[{"value":"survival","key":"last-server"},{"value":"en","key":"language"}],"version":0}' WHERE `ai` = 1" (applied to [last_ip, last_seen, settings] columns)
[2025/05/12 17:59:37]: [nLogin] The user DARREN has successfully logged in.
[2025/05/12 18:06:25]: §3[nLogin] [DEBUG] [SQLite] [UPDATE]: "UPDATE `nlogin` SET `last_name` = 'DARREN', `unique_id` = 783c3da60f593db784d1abca81b138b9,  `mojang_id` = null,  `bedrock_id` = null,  `password` = '$2a$10$yug7xwCdpnLbo4f.hV0ZaeNn5nrIuGndab2oehTtJ/2UCBB7UsCtu', `last_ip` = '0:0:0:0:0:0:0:1%0', `creation_date` = 2025-04-24 21:18:26.942, `last_seen` = 2025-05-12 18:06:25.858, `email` = null, `discord` = null, `settings` = '{"settings":[{"value":"survival","key":"last-server"},{"value":"en","key":"language"}],"version":0}' WHERE `ai` = 1" (applied to [last_seen, settings] columns)
[2025/05/12 18:06:52]: §3[nLogin] [DEBUG] [SQLite] [UNREGISTER]: Removing the Kyle's account...
[2025/05/12 18:06:52]: §3[nLogin] [DEBUG] [SQLite] [UPDATE]: "UPDATE `nlogin` SET `last_name` = 'Kyle', `unique_id` = ee0d2f7b042c3d52b426e43e4af56561,  `mojang_id` = null,  `bedrock_id` = null,  `password` = null, `last_ip` = null, `creation_date` = 1970-01-01 00:00:00.0, `last_seen` = 1970-01-01 00:00:00.0, `email` = null, `discord` = null, `settings` = null WHERE `ai` = 22" (applied to all columns)
[2025/05/12 18:06:52]: §3[nLogin] [DEBUG] The Kyle player had his account unregistered by CONSOLE.
[2025/05/12 18:07:17]: §3[nLogin] [DEBUG] [SQLite] [UPDATE]: "UPDATE `nlogin` SET `last_name` = 'Kyle', `unique_id` = ee0d2f7b042c3d52b426e43e4af56561,  `mojang_id` = null,  `bedrock_id` = null,  `password` = '$2a$10$NnqGmSrLL2KdB26zcvDRHuFucW4yEJ1/o3U3ycC0ytIqUWtRdqhjC', `last_ip` = '0:0:0:0:0:0:0:1%0', `creation_date` = 2025-05-12 18:07:17.344, `last_seen` = 2025-05-12 18:07:17.344, `email` = null, `discord` = null, `settings` = null WHERE `ai` = 22" (applied to all columns)
[2025/05/12 18:07:17]: [nLogin] The user Kyle has successfully registered.
[2025/05/12 18:07:30]: §3[nLogin] [DEBUG] [SQLite] [UPDATE]: "UPDATE `nlogin` SET `last_name` = 'Kyle', `unique_id` = ee0d2f7b042c3d52b426e43e4af56561,  `mojang_id` = null,  `bedrock_id` = null,  `password` = '$2a$10$NnqGmSrLL2KdB26zcvDRHuFucW4yEJ1/o3U3ycC0ytIqUWtRdqhjC', `last_ip` = '0:0:0:0:0:0:0:1%0', `creation_date` = 2025-05-12 18:07:17.344, `last_seen` = 2025-05-12 18:07:30.487, `email` = null, `discord` = null, `settings` = '{"settings":[{"value":"survival","key":"last-server"},{"value":"en","key":"language"}],"version":0}' WHERE `ai` = 22" (applied to [last_seen, settings] columns)
[2025/05/12 18:07:39]: §3[nLogin] [DEBUG] [SQLite] [UPDATE]: "UPDATE `nlogin` SET `last_name` = 'Kyle', `unique_id` = ee0d2f7b042c3d52b426e43e4af56561,  `mojang_id` = null,  `bedrock_id` = null,  `password` = '$2a$10$NnqGmSrLL2KdB26zcvDRHuFucW4yEJ1/o3U3ycC0ytIqUWtRdqhjC', `last_ip` = '0:0:0:0:0:0:0:1%0', `creation_date` = 2025-05-12 18:07:17.344, `last_seen` = 2025-05-12 18:07:39.783, `email` = null, `discord` = null, `settings` = '{"settings":[{"value":"survival","key":"last-server"},{"value":"en","key":"language"}],"version":0}' WHERE `ai` = 22" (applied to [last_ip, last_seen, settings] columns)
[2025/05/12 18:07:39]: [nLogin] The user Kyle has successfully logged in.
[2025/05/12 18:07:53]: §3[nLogin] [DEBUG] [SQLite] [UPDATE]: "UPDATE `nlogin` SET `last_name` = 'Kyle', `unique_id` = ee0d2f7b042c3d52b426e43e4af56561,  `mojang_id` = null,  `bedrock_id` = null,  `password` = '$2a$10$NnqGmSrLL2KdB26zcvDRHuFucW4yEJ1/o3U3ycC0ytIqUWtRdqhjC', `last_ip` = '0:0:0:0:0:0:0:1%0', `creation_date` = 2025-05-12 18:07:17.344, `last_seen` = 2025-05-12 18:07:53.737, `email` = null, `discord` = null, `settings` = '{"settings":[{"value":"survival","key":"last-server"},{"value":"en","key":"language"}],"version":0}' WHERE `ai` = 22" (applied to [last_seen, settings] columns)
[2025/05/12 18:08:03]: §3[nLogin] [DEBUG] [SQLite] [UPDATE]: "UPDATE `nlogin` SET `last_name` = 'Kyle', `unique_id` = ee0d2f7b042c3d52b426e43e4af56561,  `mojang_id` = null,  `bedrock_id` = null,  `password` = '$2a$10$NnqGmSrLL2KdB26zcvDRHuFucW4yEJ1/o3U3ycC0ytIqUWtRdqhjC', `last_ip` = '0:0:0:0:0:0:0:1%0', `creation_date` = 2025-05-12 18:07:17.344, `last_seen` = 2025-05-12 18:08:03.932, `email` = null, `discord` = null, `settings` = '{"settings":[{"value":"survival","key":"last-server"},{"value":"en","key":"language"}],"version":0}' WHERE `ai` = 22" (applied to [last_ip, last_seen, settings] columns)
[2025/05/12 18:08:03]: [nLogin] The user Kyle has successfully logged in.
[2025/05/12 18:08:22]: §3[nLogin] [DEBUG] [SQLite] [UPDATE]: "UPDATE `nlogin` SET `last_name` = 'Kyle', `unique_id` = ee0d2f7b042c3d52b426e43e4af56561,  `mojang_id` = null,  `bedrock_id` = null,  `password` = '$2a$10$NnqGmSrLL2KdB26zcvDRHuFucW4yEJ1/o3U3ycC0ytIqUWtRdqhjC', `last_ip` = '0:0:0:0:0:0:0:1%0', `creation_date` = 2025-05-12 18:07:17.344, `last_seen` = 2025-05-12 18:08:22.488, `email` = null, `discord` = null, `settings` = '{"settings":[{"value":"survival","key":"last-server"},{"value":"en","key":"language"}],"version":0}' WHERE `ai` = 22" (applied to [last_seen, settings] columns)
[2025/05/12 18:08:28]: §3[nLogin] [DEBUG] The Kyle (0:0:0:0:0:0:0:1%0) player entered an incorrect password
[2025/05/12 18:08:33]: §3[nLogin] [DEBUG] [SQLite] [UPDATE]: "UPDATE `nlogin` SET `last_name` = 'Kyle', `unique_id` = ee0d2f7b042c3d52b426e43e4af56561,  `mojang_id` = null,  `bedrock_id` = null,  `password` = '$2a$10$NnqGmSrLL2KdB26zcvDRHuFucW4yEJ1/o3U3ycC0ytIqUWtRdqhjC', `last_ip` = '0:0:0:0:0:0:0:1%0', `creation_date` = 2025-05-12 18:07:17.344, `last_seen` = 2025-05-12 18:08:33.087, `email` = null, `discord` = null, `settings` = '{"settings":[{"value":"survival","key":"last-server"},{"value":"en","key":"language"}],"version":0}' WHERE `ai` = 22" (applied to [last_ip, last_seen, settings] columns)
[2025/05/12 18:08:33]: [nLogin] The user Kyle has successfully logged in.
[2025/05/12 18:08:44]: §3[nLogin] [DEBUG] [SQLite] [UPDATE]: "UPDATE `nlogin` SET `last_name` = 'Kyle', `unique_id` = ee0d2f7b042c3d52b426e43e4af56561,  `mojang_id` = null,  `bedrock_id` = null,  `password` = '$2a$10$NnqGmSrLL2KdB26zcvDRHuFucW4yEJ1/o3U3ycC0ytIqUWtRdqhjC', `last_ip` = '0:0:0:0:0:0:0:1%0', `creation_date` = 2025-05-12 18:07:17.344, `last_seen` = 2025-05-12 18:08:44.987, `email` = null, `discord` = null, `settings` = '{"settings":[{"value":"survival","key":"last-server"},{"value":"en","key":"language"}],"version":0}' WHERE `ai` = 22" (applied to [last_seen, settings] columns)
[2025/05/12 18:08:49]: §3[nLogin] [DEBUG] [SQLite] [UPDATE]: "UPDATE `nlogin` SET `last_name` = 'Kyle', `unique_id` = ee0d2f7b042c3d52b426e43e4af56561,  `mojang_id` = null,  `bedrock_id` = null,  `password` = '$2a$10$NnqGmSrLL2KdB26zcvDRHuFucW4yEJ1/o3U3ycC0ytIqUWtRdqhjC', `last_ip` = '0:0:0:0:0:0:0:1%0', `creation_date` = 2025-05-12 18:07:17.344, `last_seen` = 2025-05-12 18:08:49.739, `email` = null, `discord` = null, `settings` = '{"settings":[{"value":"survival","key":"last-server"},{"value":"en","key":"language"}],"version":0}' WHERE `ai` = 22" (applied to [last_ip, last_seen, settings] columns)
[2025/05/12 18:08:49]: [nLogin] The user Kyle has successfully logged in.
[2025/05/12 18:09:02]: §3[nLogin] [DEBUG] [SQLite] [UPDATE]: "UPDATE `nlogin` SET `last_name` = 'Kyle', `unique_id` = ee0d2f7b042c3d52b426e43e4af56561,  `mojang_id` = null,  `bedrock_id` = null,  `password` = '$2a$10$NnqGmSrLL2KdB26zcvDRHuFucW4yEJ1/o3U3ycC0ytIqUWtRdqhjC', `last_ip` = '0:0:0:0:0:0:0:1%0', `creation_date` = 2025-05-12 18:07:17.344, `last_seen` = 2025-05-12 18:09:02.49, `email` = null, `discord` = null, `settings` = '{"settings":[{"value":"survival","key":"last-server"},{"value":"en","key":"language"}],"version":0}' WHERE `ai` = 22" (applied to [last_seen, settings] columns)
[2025/05/12 18:09:07]: §3[nLogin] [DEBUG] [SQLite] [UPDATE]: "UPDATE `nlogin` SET `last_name` = 'Kyle', `unique_id` = ee0d2f7b042c3d52b426e43e4af56561,  `mojang_id` = null,  `bedrock_id` = null,  `password` = '$2a$10$NnqGmSrLL2KdB26zcvDRHuFucW4yEJ1/o3U3ycC0ytIqUWtRdqhjC', `last_ip` = '0:0:0:0:0:0:0:1%0', `creation_date` = 2025-05-12 18:07:17.344, `last_seen` = 2025-05-12 18:09:07.992, `email` = null, `discord` = null, `settings` = '{"settings":[{"value":"survival","key":"last-server"},{"value":"en","key":"language"}],"version":0}' WHERE `ai` = 22" (applied to [last_ip, last_seen, settings] columns)
[2025/05/12 18:09:07]: [nLogin] The user Kyle has successfully logged in.
[2025/05/12 18:09:20]: §3[nLogin] [DEBUG] [SQLite] [UPDATE]: "UPDATE `nlogin` SET `last_name` = 'Kyle', `unique_id` = ee0d2f7b042c3d52b426e43e4af56561,  `mojang_id` = null,  `bedrock_id` = null,  `password` = '$2a$10$NnqGmSrLL2KdB26zcvDRHuFucW4yEJ1/o3U3ycC0ytIqUWtRdqhjC', `last_ip` = '0:0:0:0:0:0:0:1%0', `creation_date` = 2025-05-12 18:07:17.344, `last_seen` = 2025-05-12 18:09:20.487, `email` = null, `discord` = null, `settings` = '{"settings":[{"value":"survival","key":"last-server"},{"value":"en","key":"language"}],"version":0}' WHERE `ai` = 22" (applied to [last_seen, settings] columns)
[2025/05/12 18:09:33]: §3[nLogin] [DEBUG] [SQLite] [UPDATE]: "UPDATE `nlogin` SET `last_name` = 'Kyle', `unique_id` = ee0d2f7b042c3d52b426e43e4af56561,  `mojang_id` = null,  `bedrock_id` = null,  `password` = '$2a$10$NnqGmSrLL2KdB26zcvDRHuFucW4yEJ1/o3U3ycC0ytIqUWtRdqhjC', `last_ip` = '0:0:0:0:0:0:0:1%0', `creation_date` = 2025-05-12 18:07:17.344, `last_seen` = 2025-05-12 18:09:33.611, `email` = null, `discord` = null, `settings` = '{"settings":[{"value":"survival","key":"last-server"},{"value":"en","key":"language"}],"version":0}' WHERE `ai` = 22" (applied to [last_ip, last_seen, settings] columns)
[2025/05/12 18:09:33]: [nLogin] The user Kyle has successfully logged in.
[2025/05/12 18:10:03]: §3[nLogin] [DEBUG] [SQLite] [UPDATE]: "UPDATE `nlogin` SET `last_name` = 'Kyle', `unique_id` = ee0d2f7b042c3d52b426e43e4af56561,  `mojang_id` = null,  `bedrock_id` = null,  `password` = '$2a$10$NnqGmSrLL2KdB26zcvDRHuFucW4yEJ1/o3U3ycC0ytIqUWtRdqhjC', `last_ip` = '0:0:0:0:0:0:0:1%0', `creation_date` = 2025-05-12 18:07:17.344, `last_seen` = 2025-05-12 18:10:03.075, `email` = null, `discord` = null, `settings` = '{"settings":[{"value":"survival","key":"last-server"},{"value":"en","key":"language"}],"version":0}' WHERE `ai` = 22" (applied to [last_seen, settings] columns)
[2025/05/12 18:10:19]: §3[nLogin] [DEBUG] [SQLite] [UPDATE]: "UPDATE `nlogin` SET `last_name` = 'DARREN', `unique_id` = 783c3da60f593db784d1abca81b138b9,  `mojang_id` = null,  `bedrock_id` = null,  `password` = '$2a$10$yug7xwCdpnLbo4f.hV0ZaeNn5nrIuGndab2oehTtJ/2UCBB7UsCtu', `last_ip` = '0:0:0:0:0:0:0:1%0', `creation_date` = 2025-04-24 21:18:26.942, `last_seen` = 2025-05-12 18:10:19.636, `email` = null, `discord` = null, `settings` = '{"settings":[{"value":"survival","key":"last-server"},{"value":"en","key":"language"}],"version":0}' WHERE `ai` = 1" (applied to [last_ip, last_seen, settings] columns)
[2025/05/12 18:10:19]: [nLogin] The user DARREN has successfully logged in.
[2025/05/12 18:10:50]: §3[nLogin] [DEBUG] [SQLite] [UNREGISTER]: Removing the Kyle's account...
[2025/05/12 18:10:50]: §3[nLogin] [DEBUG] [SQLite] [UPDATE]: "UPDATE `nlogin` SET `last_name` = 'Kyle', `unique_id` = ee0d2f7b042c3d52b426e43e4af56561,  `mojang_id` = null,  `bedrock_id` = null,  `password` = null, `last_ip` = null, `creation_date` = 1970-01-01 00:00:00.0, `last_seen` = 1970-01-01 00:00:00.0, `email` = null, `discord` = null, `settings` = null WHERE `ai` = 22" (applied to all columns)
[2025/05/12 18:10:50]: §3[nLogin] [DEBUG] The Kyle player had his account unregistered by CONSOLE.
[2025/05/12 18:12:43]: §3[nLogin] [DEBUG] [SQLite] [UPDATE]: "UPDATE `nlogin` SET `last_name` = 'DARREN', `unique_id` = 783c3da60f593db784d1abca81b138b9,  `mojang_id` = null,  `bedrock_id` = null,  `password` = '$2a$10$yug7xwCdpnLbo4f.hV0ZaeNn5nrIuGndab2oehTtJ/2UCBB7UsCtu', `last_ip` = '0:0:0:0:0:0:0:1%0', `creation_date` = 2025-04-24 21:18:26.942, `last_seen` = 2025-05-12 18:12:43.791, `email` = null, `discord` = null, `settings` = '{"settings":[{"value":"survival","key":"last-server"},{"value":"en","key":"language"}],"version":0}' WHERE `ai` = 1" (applied to [last_seen, settings] columns)
[2025/05/12 18:15:43]: §3[nLogin] [DEBUG] [SQLite] [UPDATE]: "UPDATE `nlogin` SET `last_name` = 'Ryan_L', `unique_id` = 8b4c7026a2a4393d9e16ed14af3207cc,  `mojang_id` = null,  `bedrock_id` = null,  `password` = '$2a$10$DkRcxfpRkDgpUMrfkd4Je.HJS70tc0/D/fOu/Jr/yUPd3.n9U6/CS', `last_ip` = '0:0:0:0:0:0:0:1%0', `creation_date` = 2025-04-24 22:33:18.043, `last_seen` = 2025-05-12 18:15:43.427, `email` = null, `discord` = null, `settings` = '{"settings":[{"value":"survival","key":"last-server"},{"value":"en","key":"language"}],"version":0}' WHERE `ai` = 3" (applied to [last_ip, last_seen, settings] columns)
[2025/05/12 18:15:43]: [nLogin] The user Ryan_L has successfully logged in.
[2025/05/12 18:17:18]: §3[nLogin] [DEBUG] [SQLite] [UPDATE]: "UPDATE `nlogin` SET `last_name` = 'Stephane', `unique_id` = 3ab31a0c17d23289bc5bab093b2db922,  `mojang_id` = null,  `bedrock_id` = null,  `password` = '$2a$10$i8v7FkU1JbWCmroUhfg2qePfIutatYPfW8y7n/6oDcNF2VTudy3P2', `last_ip` = '0:0:0:0:0:0:0:1%0', `creation_date` = 2025-04-24 23:10:19.213, `last_seen` = 2025-05-12 18:17:18.357, `email` = null, `discord` = null, `settings` = '{"settings":[{"value":"survival","key":"last-server"},{"value":"en","key":"language"}],"version":0}' WHERE `ai` = 5" (applied to [last_ip, last_seen, settings] columns)
[2025/05/12 18:17:18]: [nLogin] The user Stephane has successfully logged in.
[2025/05/12 18:19:20]: §3[nLogin] [DEBUG] [SQLite] [UPDATE]: "UPDATE `nlogin` SET `last_name` = 'Jason', `unique_id` = e13c5e70767d356589fa98148f3dbd5f,  `mojang_id` = null,  `bedrock_id` = null,  `password` = '$2a$10$3UIn1hqv2bD95vnxTL18/uwlvi/eSSilqMy2QCRJFxAW9/rp8J9cS', `last_ip` = '0:0:0:0:0:0:0:1%0', `creation_date` = 2025-04-24 22:34:45.689, `last_seen` = 2025-05-12 18:19:20.404, `email` = null, `discord` = null, `settings` = '{"settings":[{"value":"survival","key":"last-server"},{"value":"en","key":"language"}],"version":0}' WHERE `ai` = 4" (applied to [last_ip, last_seen, settings] columns)
[2025/05/12 18:19:20]: [nLogin] The user Jason has successfully logged in.
[2025/05/12 18:19:47]: §3[nLogin] [DEBUG] The Marko (0:0:0:0:0:0:0:1%0) player entered an incorrect password
[2025/05/12 18:19:57]: §3[nLogin] [DEBUG] [SQLite] [UPDATE]: "UPDATE `nlogin` SET `last_name` = 'Marko', `unique_id` = 568a023c8d6b39bd9304e90c0aa1b876,  `mojang_id` = null,  `bedrock_id` = null,  `password` = '$2a$10$UIokuW1/aXPZNd0EQJe3cOiB8kc9HMSWWE7uGNlb9E5Ms2ZfrFtai', `last_ip` = '0:0:0:0:0:0:0:1%0', `creation_date` = 2025-04-29 19:50:21.31, `last_seen` = 2025-05-12 18:19:57.452, `email` = null, `discord` = null, `settings` = '{"settings":[{"value":"survival","key":"last-server"},{"value":"en","key":"language"}],"version":0}' WHERE `ai` = 12" (applied to [last_ip, last_seen, settings] columns)
[2025/05/12 18:19:57]: [nLogin] The user Marko has successfully logged in.
[2025/05/12 18:19:57]: §3[nLogin] [DEBUG] [SQLite] [UPDATE]: "UPDATE `nlogin` SET `last_name` = 'Danny', `unique_id` = ddcda591f59a39faae6e6744024d2256,  `mojang_id` = null,  `bedrock_id` = null,  `password` = '$2a$10$Fpg0zrlHz.tbsekPrlr4teVT1qaPBpZ/wc/AIFvTIzBSlKaqSNHnq', `last_ip` = '0:0:0:0:0:0:0:1%0', `creation_date` = 2025-05-07 18:19:13.336, `last_seen` = 2025-05-12 18:19:57.735, `email` = null, `discord` = null, `settings` = '{"settings":[{"value":"survival","key":"last-server"},{"value":"en","key":"language"}],"version":0}' WHERE `ai` = 19" (applied to [last_ip, last_seen, settings] columns)
[2025/05/12 18:19:57]: [nLogin] The user Danny has successfully logged in.
[2025/05/12 18:21:23]: §3[nLogin] [DEBUG] [SQLite] [UPDATE]: "UPDATE `nlogin` SET `last_name` = 'DARREN', `unique_id` = 783c3da60f593db784d1abca81b138b9,  `mojang_id` = null,  `bedrock_id` = null,  `password` = '$2a$10$yug7xwCdpnLbo4f.hV0ZaeNn5nrIuGndab2oehTtJ/2UCBB7UsCtu', `last_ip` = '0:0:0:0:0:0:0:1%0', `creation_date` = 2025-04-24 21:18:26.942, `last_seen` = 2025-05-12 18:21:23.69, `email` = null, `discord` = null, `settings` = '{"settings":[{"value":"survival","key":"last-server"},{"value":"en","key":"language"}],"version":0}' WHERE `ai` = 1" (applied to [last_ip, last_seen, settings] columns)
[2025/05/12 18:21:23]: [nLogin] The user DARREN has successfully logged in.
[2025/05/12 18:23:26]: §3[nLogin] [DEBUG] [SQLite] [UPDATE]: "UPDATE `nlogin` SET `last_name` = 'Idan', `unique_id` = a74b69aceb713e8ba36e2a8f50d32ad2,  `mojang_id` = null,  `bedrock_id` = null,  `password` = '$2a$10$G/5jlLCNBS0tYFC5jIEXq.uxwOPlTmDot1Ls1x9vhEaIJQRyE1Xza', `last_ip` = '0:0:0:0:0:0:0:1%0', `creation_date` = 2025-04-25 21:33:50.693, `last_seen` = 2025-05-12 18:23:26.965, `email` = null, `discord` = null, `settings` = '{"settings":[{"value":"survival","key":"last-server"},{"value":"en","key":"language"}],"version":0}' WHERE `ai` = 9" (applied to [last_ip, last_seen, settings] columns)
[2025/05/12 18:23:26]: [nLogin] The user Idan has successfully logged in.
[2025/05/12 18:26:13]: §3[nLogin] [DEBUG] [SQLite] [UPDATE]: "UPDATE `nlogin` SET `last_name` = 'Marko', `unique_id` = 568a023c8d6b39bd9304e90c0aa1b876,  `mojang_id` = null,  `bedrock_id` = null,  `password` = '$2a$10$UIokuW1/aXPZNd0EQJe3cOiB8kc9HMSWWE7uGNlb9E5Ms2ZfrFtai', `last_ip` = '0:0:0:0:0:0:0:1%0', `creation_date` = 2025-04-29 19:50:21.31, `last_seen` = 2025-05-12 18:26:13.842, `email` = null, `discord` = null, `settings` = '{"settings":[{"value":"survival","key":"last-server"},{"value":"en","key":"language"}],"version":0}' WHERE `ai` = 12" (applied to [last_seen, settings] columns)
[2025/05/12 18:26:45]: §3[nLogin] [DEBUG] [SQLite] [UPDATE]: "UPDATE `nlogin` SET `last_name` = 'Ryan_L', `unique_id` = 8b4c7026a2a4393d9e16ed14af3207cc,  `mojang_id` = null,  `bedrock_id` = null,  `password` = '$2a$10$DkRcxfpRkDgpUMrfkd4Je.HJS70tc0/D/fOu/Jr/yUPd3.n9U6/CS', `last_ip` = '0:0:0:0:0:0:0:1%0', `creation_date` = 2025-04-24 22:33:18.043, `last_seen` = 2025-05-12 18:26:45.558, `email` = null, `discord` = null, `settings` = '{"settings":[{"value":"survival","key":"last-server"},{"value":"en","key":"language"}],"version":0}' WHERE `ai` = 3" (applied to [last_seen, settings] columns)
[2025/05/12 18:26:57]: §3[nLogin] [DEBUG] [SQLite] [UPDATE]: "UPDATE `nlogin` SET `last_name` = 'Ryan_L', `unique_id` = 8b4c7026a2a4393d9e16ed14af3207cc,  `mojang_id` = null,  `bedrock_id` = null,  `password` = '$2a$10$DkRcxfpRkDgpUMrfkd4Je.HJS70tc0/D/fOu/Jr/yUPd3.n9U6/CS', `last_ip` = '0:0:0:0:0:0:0:1%0', `creation_date` = 2025-04-24 22:33:18.043, `last_seen` = 2025-05-12 18:26:57.932, `email` = null, `discord` = null, `settings` = '{"settings":[{"value":"survival","key":"last-server"},{"value":"en","key":"language"}],"version":0}' WHERE `ai` = 3" (applied to [last_ip, last_seen, settings] columns)
[2025/05/12 18:26:57]: [nLogin] The user Ryan_L has successfully logged in.
[2025/05/12 18:27:14]: §3[nLogin] [DEBUG] The Marko (0:0:0:0:0:0:0:1%0) player entered an incorrect password
[2025/05/12 18:27:23]: §3[nLogin] [DEBUG] [SQLite] [UPDATE]: "UPDATE `nlogin` SET `last_name` = 'Marko', `unique_id` = 568a023c8d6b39bd9304e90c0aa1b876,  `mojang_id` = null,  `bedrock_id` = null,  `password` = '$2a$10$UIokuW1/aXPZNd0EQJe3cOiB8kc9HMSWWE7uGNlb9E5Ms2ZfrFtai', `last_ip` = '0:0:0:0:0:0:0:1%0', `creation_date` = 2025-04-29 19:50:21.31, `last_seen` = 2025-05-12 18:27:23.7, `email` = null, `discord` = null, `settings` = '{"settings":[{"value":"survival","key":"last-server"},{"value":"en","key":"language"}],"version":0}' WHERE `ai` = 12" (applied to [last_ip, last_seen, settings] columns)
[2025/05/12 18:27:23]: [nLogin] The user Marko has successfully logged in.
[2025/05/12 18:28:16]: §3[nLogin] [DEBUG] [SQLite] [UPDATE]: "UPDATE `nlogin` SET `last_name` = 'DARREN', `unique_id` = 783c3da60f593db784d1abca81b138b9,  `mojang_id` = null,  `bedrock_id` = null,  `password` = '$2a$10$yug7xwCdpnLbo4f.hV0ZaeNn5nrIuGndab2oehTtJ/2UCBB7UsCtu', `last_ip` = '0:0:0:0:0:0:0:1%0', `creation_date` = 2025-04-24 21:18:26.942, `last_seen` = 2025-05-12 18:28:16.133, `email` = null, `discord` = null, `settings` = '{"settings":[{"value":"survival","key":"last-server"},{"value":"en","key":"language"}],"version":0}' WHERE `ai` = 1" (applied to [last_seen, settings] columns)
[2025/05/12 18:29:42]: §3[nLogin] [DEBUG] [SQLite] [UPDATE]: "UPDATE `nlogin` SET `last_name` = 'Ryan_L', `unique_id` = 8b4c7026a2a4393d9e16ed14af3207cc,  `mojang_id` = null,  `bedrock_id` = null,  `password` = '$2a$10$DkRcxfpRkDgpUMrfkd4Je.HJS70tc0/D/fOu/Jr/yUPd3.n9U6/CS', `last_ip` = '0:0:0:0:0:0:0:1%0', `creation_date` = 2025-04-24 22:33:18.043, `last_seen` = 2025-05-12 18:29:42.417, `email` = null, `discord` = null, `settings` = '{"settings":[{"value":"survival","key":"last-server"},{"value":"en","key":"language"}],"version":0}' WHERE `ai` = 3" (applied to [last_seen, settings] columns)
[2025/05/12 18:35:57]: §3[nLogin] [DEBUG] [SQLite] [UPDATE]: "UPDATE `nlogin` SET `last_name` = 'DARREN', `unique_id` = 783c3da60f593db784d1abca81b138b9,  `mojang_id` = null,  `bedrock_id` = null,  `password` = '$2a$10$yug7xwCdpnLbo4f.hV0ZaeNn5nrIuGndab2oehTtJ/2UCBB7UsCtu', `last_ip` = '0:0:0:0:0:0:0:1%0', `creation_date` = 2025-04-24 21:18:26.942, `last_seen` = 2025-05-12 18:35:57.387, `email` = null, `discord` = null, `settings` = '{"settings":[{"value":"survival","key":"last-server"},{"value":"en","key":"language"}],"version":0}' WHERE `ai` = 1" (applied to [last_ip, last_seen, settings] columns)
[2025/05/12 18:35:57]: [nLogin] The user DARREN has successfully logged in.
[2025/05/12 18:36:12]: §3[nLogin] [DEBUG] [SQLite] [UPDATE]: "UPDATE `nlogin` SET `last_name` = 'DARREN', `unique_id` = 783c3da60f593db784d1abca81b138b9,  `mojang_id` = null,  `bedrock_id` = null,  `password` = '$2a$10$yug7xwCdpnLbo4f.hV0ZaeNn5nrIuGndab2oehTtJ/2UCBB7UsCtu', `last_ip` = '0:0:0:0:0:0:0:1%0', `creation_date` = 2025-04-24 21:18:26.942, `last_seen` = 2025-05-12 18:36:12.987, `email` = null, `discord` = null, `settings` = '{"settings":[{"value":"survival","key":"last-server"},{"value":"en","key":"language"}],"version":0}' WHERE `ai` = 1" (applied to [last_seen, settings] columns)
[2025/05/12 18:36:44]: §3[nLogin] [DEBUG] The DARREN (0:0:0:0:0:0:0:1%0) player entered an incorrect password
[2025/05/12 18:37:04]: §3[nLogin] [DEBUG] [SQLite] [UPDATE]: "UPDATE `nlogin` SET `last_name` = 'DARREN', `unique_id` = 783c3da60f593db784d1abca81b138b9,  `mojang_id` = null,  `bedrock_id` = null,  `password` = '$2a$10$yug7xwCdpnLbo4f.hV0ZaeNn5nrIuGndab2oehTtJ/2UCBB7UsCtu', `last_ip` = '0:0:0:0:0:0:0:1%0', `creation_date` = 2025-04-24 21:18:26.942, `last_seen` = 2025-05-12 18:37:04.169, `email` = null, `discord` = null, `settings` = '{"settings":[{"value":"survival","key":"last-server"},{"value":"en","key":"language"}],"version":0}' WHERE `ai` = 1" (applied to [last_ip, last_seen, settings] columns)
[2025/05/12 18:37:04]: [nLogin] The user DARREN has successfully logged in.
[2025/05/12 18:37:19]: §3[nLogin] [DEBUG] [SQLite] [UPDATE]: "UPDATE `nlogin` SET `last_name` = 'DARREN', `unique_id` = 783c3da60f593db784d1abca81b138b9,  `mojang_id` = null,  `bedrock_id` = null,  `password` = '$2a$10$yug7xwCdpnLbo4f.hV0ZaeNn5nrIuGndab2oehTtJ/2UCBB7UsCtu', `last_ip` = '0:0:0:0:0:0:0:1%0', `creation_date` = 2025-04-24 21:18:26.942, `last_seen` = 2025-05-12 18:37:19.237, `email` = null, `discord` = null, `settings` = '{"settings":[{"value":"survival","key":"last-server"},{"value":"en","key":"language"}],"version":0}' WHERE `ai` = 1" (applied to [last_seen, settings] columns)
[2025/05/12 18:37:45]: §3[nLogin] [DEBUG] [SQLite] [UPDATE]: "UPDATE `nlogin` SET `last_name` = 'DARREN', `unique_id` = 783c3da60f593db784d1abca81b138b9,  `mojang_id` = null,  `bedrock_id` = null,  `password` = '$2a$10$yug7xwCdpnLbo4f.hV0ZaeNn5nrIuGndab2oehTtJ/2UCBB7UsCtu', `last_ip` = '0:0:0:0:0:0:0:1%0', `creation_date` = 2025-04-24 21:18:26.942, `last_seen` = 2025-05-12 18:37:45.067, `email` = null, `discord` = null, `settings` = '{"settings":[{"value":"survival","key":"last-server"},{"value":"en","key":"language"}],"version":0}' WHERE `ai` = 1" (applied to [last_ip, last_seen, settings] columns)
[2025/05/12 18:37:45]: [nLogin] The user DARREN has successfully logged in.
[2025/05/12 18:41:27]: §3[nLogin] [DEBUG] [SQLite] [UPDATE]: "UPDATE `nlogin` SET `last_name` = 'Danny', `unique_id` = ddcda591f59a39faae6e6744024d2256,  `mojang_id` = null,  `bedrock_id` = null,  `password` = '$2a$10$Fpg0zrlHz.tbsekPrlr4teVT1qaPBpZ/wc/AIFvTIzBSlKaqSNHnq', `last_ip` = '0:0:0:0:0:0:0:1%0', `creation_date` = 2025-05-07 18:19:13.336, `last_seen` = 2025-05-12 18:41:27.771, `email` = null, `discord` = null, `settings` = '{"settings":[{"value":"survival","key":"last-server"},{"value":"en","key":"language"}],"version":0}' WHERE `ai` = 19" (applied to [last_seen, settings] columns)
[2025/05/12 18:50:28]: §3[nLogin] [DEBUG] [SQLite] [UPDATE]: "UPDATE `nlogin` SET `last_name` = 'Marko', `unique_id` = 568a023c8d6b39bd9304e90c0aa1b876,  `mojang_id` = null,  `bedrock_id` = null,  `password` = '$2a$10$UIokuW1/aXPZNd0EQJe3cOiB8kc9HMSWWE7uGNlb9E5Ms2ZfrFtai', `last_ip` = '0:0:0:0:0:0:0:1%0', `creation_date` = 2025-04-29 19:50:21.31, `last_seen` = 2025-05-12 18:50:28.402, `email` = null, `discord` = null, `settings` = '{"settings":[{"value":"survival","key":"last-server"},{"value":"en","key":"language"}],"version":0}' WHERE `ai` = 12" (applied to [last_seen, settings] columns)
[2025/05/12 18:50:38]: §3[nLogin] [DEBUG] The Marko (0:0:0:0:0:0:0:1%0) player entered an incorrect password
[2025/05/12 18:50:47]: §3[nLogin] [DEBUG] [SQLite] [UPDATE]: "UPDATE `nlogin` SET `last_name` = 'Marko', `unique_id` = 568a023c8d6b39bd9304e90c0aa1b876,  `mojang_id` = null,  `bedrock_id` = null,  `password` = '$2a$10$UIokuW1/aXPZNd0EQJe3cOiB8kc9HMSWWE7uGNlb9E5Ms2ZfrFtai', `last_ip` = '0:0:0:0:0:0:0:1%0', `creation_date` = 2025-04-29 19:50:21.31, `last_seen` = 2025-05-12 18:50:47.12, `email` = null, `discord` = null, `settings` = '{"settings":[{"value":"survival","key":"last-server"},{"value":"en","key":"language"}],"version":0}' WHERE `ai` = 12" (applied to [last_ip, last_seen, settings] columns)
[2025/05/12 18:50:47]: [nLogin] The user Marko has successfully logged in.
[2025/05/12 18:51:01]: §3[nLogin] [DEBUG] [SQLite] [UPDATE]: "UPDATE `nlogin` SET `last_name` = 'Marko', `unique_id` = 568a023c8d6b39bd9304e90c0aa1b876,  `mojang_id` = null,  `bedrock_id` = null,  `password` = '$2a$10$UIokuW1/aXPZNd0EQJe3cOiB8kc9HMSWWE7uGNlb9E5Ms2ZfrFtai', `last_ip` = '0:0:0:0:0:0:0:1%0', `creation_date` = 2025-04-29 19:50:21.31, `last_seen` = 2025-05-12 18:51:01.739, `email` = null, `discord` = null, `settings` = '{"settings":[{"value":"survival","key":"last-server"},{"value":"en","key":"language"}],"version":0}' WHERE `ai` = 12" (applied to [last_seen, settings] columns)
[2025/05/12 18:51:22]: §3[nLogin] [DEBUG] [SQLite] [UPDATE]: "UPDATE `nlogin` SET `last_name` = 'Marko', `unique_id` = 568a023c8d6b39bd9304e90c0aa1b876,  `mojang_id` = null,  `bedrock_id` = null,  `password` = '$2a$10$UIokuW1/aXPZNd0EQJe3cOiB8kc9HMSWWE7uGNlb9E5Ms2ZfrFtai', `last_ip` = '0:0:0:0:0:0:0:1%0', `creation_date` = 2025-04-29 19:50:21.31, `last_seen` = 2025-05-12 18:51:21.991, `email` = null, `discord` = null, `settings` = '{"settings":[{"value":"survival","key":"last-server"},{"value":"en","key":"language"}],"version":0}' WHERE `ai` = 12" (applied to [last_ip, last_seen, settings] columns)
[2025/05/12 18:51:22]: [nLogin] The user Marko has successfully logged in.
[2025/05/12 18:52:56]: §3[nLogin] [DEBUG] [SQLite] [UPDATE]: "UPDATE `nlogin` SET `last_name` = 'Idan', `unique_id` = a74b69aceb713e8ba36e2a8f50d32ad2,  `mojang_id` = null,  `bedrock_id` = null,  `password` = '$2a$10$G/5jlLCNBS0tYFC5jIEXq.uxwOPlTmDot1Ls1x9vhEaIJQRyE1Xza', `last_ip` = '0:0:0:0:0:0:0:1%0', `creation_date` = 2025-04-25 21:33:50.693, `last_seen` = 2025-05-12 18:52:56.22, `email` = null, `discord` = null, `settings` = '{"settings":[{"value":"survival","key":"last-server"},{"value":"en","key":"language"}],"version":0}' WHERE `ai` = 9" (applied to [last_seen, settings] columns)
[2025/05/12 18:52:58]: §3[nLogin] [DEBUG] [SQLite] [UPDATE]: "UPDATE `nlogin` SET `last_name` = 'DARREN', `unique_id` = 783c3da60f593db784d1abca81b138b9,  `mojang_id` = null,  `bedrock_id` = null,  `password` = '$2a$10$yug7xwCdpnLbo4f.hV0ZaeNn5nrIuGndab2oehTtJ/2UCBB7UsCtu', `last_ip` = '0:0:0:0:0:0:0:1%0', `creation_date` = 2025-04-24 21:18:26.942, `last_seen` = 2025-05-12 18:52:58.537, `email` = null, `discord` = null, `settings` = '{"settings":[{"value":"survival","key":"last-server"},{"value":"en","key":"language"}],"version":0}' WHERE `ai` = 1" (applied to [last_seen, settings] columns)
[2025/05/12 18:53:31]: §3[nLogin] [DEBUG] The DARREN (0:0:0:0:0:0:0:1%0) player entered an incorrect password
[2025/05/12 18:53:36]: §3[nLogin] [DEBUG] The DARREN (0:0:0:0:0:0:0:1%0) player entered an incorrect password
[2025/05/12 18:53:41]: §3[nLogin] [DEBUG] The DARREN (0:0:0:0:0:0:0:1%0) player entered an incorrect password
[2025/05/12 18:54:00]: §3[nLogin] [DEBUG] The DARREN (0:0:0:0:0:0:0:1%0) player entered an incorrect password
[2025/05/12 18:54:04]: §3[nLogin] [DEBUG] [SQLite] [UPDATE]: "UPDATE `nlogin` SET `last_name` = 'Marko', `unique_id` = 568a023c8d6b39bd9304e90c0aa1b876,  `mojang_id` = null,  `bedrock_id` = null,  `password` = '$2a$10$UIokuW1/aXPZNd0EQJe3cOiB8kc9HMSWWE7uGNlb9E5Ms2ZfrFtai', `last_ip` = '0:0:0:0:0:0:0:1%0', `creation_date` = 2025-04-29 19:50:21.31, `last_seen` = 2025-05-12 18:54:04.916, `email` = null, `discord` = null, `settings` = '{"settings":[{"value":"survival","key":"last-server"},{"value":"en","key":"language"}],"version":0}' WHERE `ai` = 12" (applied to [last_seen, settings] columns)
[2025/05/12 18:54:06]: §3[nLogin] [DEBUG] [SQLite] [UPDATE]: "UPDATE `nlogin` SET `last_name` = 'DARREN', `unique_id` = 783c3da60f593db784d1abca81b138b9,  `mojang_id` = null,  `bedrock_id` = null,  `password` = '$2a$10$yug7xwCdpnLbo4f.hV0ZaeNn5nrIuGndab2oehTtJ/2UCBB7UsCtu', `last_ip` = '0:0:0:0:0:0:0:1%0', `creation_date` = 2025-04-24 21:18:26.942, `last_seen` = 2025-05-12 18:54:06.951, `email` = null, `discord` = null, `settings` = '{"settings":[{"value":"survival","key":"last-server"},{"value":"en","key":"language"}],"version":0}' WHERE `ai` = 1" (applied to [last_ip, last_seen, settings] columns)
[2025/05/12 18:54:06]: [nLogin] The user DARREN has successfully logged in.
[2025/05/12 18:54:43]: §3[nLogin] [DEBUG] [SQLite] [UPDATE]: "UPDATE `nlogin` SET `last_name` = 'Idan', `unique_id` = a74b69aceb713e8ba36e2a8f50d32ad2,  `mojang_id` = null,  `bedrock_id` = null,  `password` = '$2a$10$G/5jlLCNBS0tYFC5jIEXq.uxwOPlTmDot1Ls1x9vhEaIJQRyE1Xza', `last_ip` = '0:0:0:0:0:0:0:1%0', `creation_date` = 2025-04-25 21:33:50.693, `last_seen` = 2025-05-12 18:54:43.372, `email` = null, `discord` = null, `settings` = '{"settings":[{"value":"survival","key":"last-server"},{"value":"en","key":"language"}],"version":0}' WHERE `ai` = 9" (applied to [last_ip, last_seen, settings] columns)
[2025/05/12 18:54:43]: [nLogin] The user Idan has successfully logged in.
[2025/05/12 18:54:55]: §3[nLogin] [DEBUG] [SQLite] [UPDATE]: "UPDATE `nlogin` SET `last_name` = 'Idan', `unique_id` = a74b69aceb713e8ba36e2a8f50d32ad2,  `mojang_id` = null,  `bedrock_id` = null,  `password` = '$2a$10$G/5jlLCNBS0tYFC5jIEXq.uxwOPlTmDot1Ls1x9vhEaIJQRyE1Xza', `last_ip` = '0:0:0:0:0:0:0:1%0', `creation_date` = 2025-04-25 21:33:50.693, `last_seen` = 2025-05-12 18:54:55.237, `email` = null, `discord` = null, `settings` = '{"settings":[{"value":"survival","key":"last-server"},{"value":"en","key":"language"}],"version":0}' WHERE `ai` = 9" (applied to [last_seen, settings] columns)
[2025/05/12 18:55:06]: §3[nLogin] [DEBUG] [SQLite] [UPDATE]: "UPDATE `nlogin` SET `last_name` = 'Marko', `unique_id` = 568a023c8d6b39bd9304e90c0aa1b876,  `mojang_id` = null,  `bedrock_id` = null,  `password` = '$2a$10$UIokuW1/aXPZNd0EQJe3cOiB8kc9HMSWWE7uGNlb9E5Ms2ZfrFtai', `last_ip` = '0:0:0:0:0:0:0:1%0', `creation_date` = 2025-04-29 19:50:21.31, `last_seen` = 2025-05-12 18:55:06.022, `email` = null, `discord` = null, `settings` = '{"settings":[{"value":"survival","key":"last-server"},{"value":"en","key":"language"}],"version":0}' WHERE `ai` = 12" (applied to [last_ip, last_seen, settings] columns)
[2025/05/12 18:55:06]: [nLogin] The user Marko has successfully logged in.
[2025/05/12 18:55:18]: §3[nLogin] [DEBUG] [SQLite] [UPDATE]: "UPDATE `nlogin` SET `last_name` = 'DARREN', `unique_id` = 783c3da60f593db784d1abca81b138b9,  `mojang_id` = null,  `bedrock_id` = null,  `password` = '$2a$10$yug7xwCdpnLbo4f.hV0ZaeNn5nrIuGndab2oehTtJ/2UCBB7UsCtu', `last_ip` = '0:0:0:0:0:0:0:1%0', `creation_date` = 2025-04-24 21:18:26.942, `last_seen` = 2025-05-12 18:55:18.676, `email` = null, `discord` = null, `settings` = '{"settings":[{"value":"survival","key":"last-server"},{"value":"en","key":"language"}],"version":0}' WHERE `ai` = 1" (applied to [last_seen, settings] columns)
[2025/05/12 18:55:57]: §3[nLogin] [DEBUG] [SQLite] [UPDATE]: "UPDATE `nlogin` SET `last_name` = 'DARREN', `unique_id` = 783c3da60f593db784d1abca81b138b9,  `mojang_id` = null,  `bedrock_id` = null,  `password` = '$2a$10$yug7xwCdpnLbo4f.hV0ZaeNn5nrIuGndab2oehTtJ/2UCBB7UsCtu', `last_ip` = '0:0:0:0:0:0:0:1%0', `creation_date` = 2025-04-24 21:18:26.942, `last_seen` = 2025-05-12 18:55:57.631, `email` = null, `discord` = null, `settings` = '{"settings":[{"value":"survival","key":"last-server"},{"value":"en","key":"language"}],"version":0}' WHERE `ai` = 1" (applied to [last_ip, last_seen, settings] columns)
[2025/05/12 18:55:57]: [nLogin] The user DARREN has successfully logged in.
[2025/05/12 18:55:59]: §3[nLogin] [DEBUG] [SQLite] [UPDATE]: "UPDATE `nlogin` SET `last_name` = 'Idan', `unique_id` = a74b69aceb713e8ba36e2a8f50d32ad2,  `mojang_id` = null,  `bedrock_id` = null,  `password` = '$2a$10$G/5jlLCNBS0tYFC5jIEXq.uxwOPlTmDot1Ls1x9vhEaIJQRyE1Xza', `last_ip` = '0:0:0:0:0:0:0:1%0', `creation_date` = 2025-04-25 21:33:50.693, `last_seen` = 2025-05-12 18:55:59.981, `email` = null, `discord` = null, `settings` = '{"settings":[{"value":"survival","key":"last-server"},{"value":"en","key":"language"}],"version":0}' WHERE `ai` = 9" (applied to [last_ip, last_seen, settings] columns)
[2025/05/12 18:55:59]: [nLogin] The user Idan has successfully logged in.
[2025/05/12 19:01:24]: §3[nLogin] [DEBUG] [SQLite] [UPDATE]: "UPDATE `nlogin` SET `last_name` = 'Jason', `unique_id` = e13c5e70767d356589fa98148f3dbd5f,  `mojang_id` = null,  `bedrock_id` = null,  `password` = '$2a$10$3UIn1hqv2bD95vnxTL18/uwlvi/eSSilqMy2QCRJFxAW9/rp8J9cS', `last_ip` = '0:0:0:0:0:0:0:1%0', `creation_date` = 2025-04-24 22:34:45.689, `last_seen` = 2025-05-12 19:01:24.411, `email` = null, `discord` = null, `settings` = '{"settings":[{"value":"survival","key":"last-server"},{"value":"en","key":"language"}],"version":0}' WHERE `ai` = 4" (applied to [last_seen, settings] columns)
[2025/05/12 19:01:26]: §3[nLogin] [DEBUG] [SQLite] [UPDATE]: "UPDATE `nlogin` SET `last_name` = 'Marko', `unique_id` = 568a023c8d6b39bd9304e90c0aa1b876,  `mojang_id` = null,  `bedrock_id` = null,  `password` = '$2a$10$UIokuW1/aXPZNd0EQJe3cOiB8kc9HMSWWE7uGNlb9E5Ms2ZfrFtai', `last_ip` = '0:0:0:0:0:0:0:1%0', `creation_date` = 2025-04-29 19:50:21.31, `last_seen` = 2025-05-12 19:01:26.738, `email` = null, `discord` = null, `settings` = '{"settings":[{"value":"survival","key":"last-server"},{"value":"en","key":"language"}],"version":0}' WHERE `ai` = 12" (applied to [last_seen, settings] columns)
[2025/05/12 19:02:13]: §3[nLogin] [DEBUG] [SQLite] [UPDATE]: "UPDATE `nlogin` SET `last_name` = 'Danny', `unique_id` = ddcda591f59a39faae6e6744024d2256,  `mojang_id` = null,  `bedrock_id` = null,  `password` = '$2a$10$Fpg0zrlHz.tbsekPrlr4teVT1qaPBpZ/wc/AIFvTIzBSlKaqSNHnq', `last_ip` = '0:0:0:0:0:0:0:1%0', `creation_date` = 2025-05-07 18:19:13.336, `last_seen` = 2025-05-12 19:02:13.379, `email` = null, `discord` = null, `settings` = '{"settings":[{"value":"survival","key":"last-server"},{"value":"en","key":"language"}],"version":0}' WHERE `ai` = 19" (applied to [last_ip, last_seen, settings] columns)
[2025/05/12 19:02:13]: [nLogin] The user Danny has successfully logged in.
[2025/05/12 19:02:20]: §3[nLogin] [DEBUG] [SQLite] [UPDATE]: "UPDATE `nlogin` SET `last_name` = 'DARREN', `unique_id` = 783c3da60f593db784d1abca81b138b9,  `mojang_id` = null,  `bedrock_id` = null,  `password` = '$2a$10$yug7xwCdpnLbo4f.hV0ZaeNn5nrIuGndab2oehTtJ/2UCBB7UsCtu', `last_ip` = '0:0:0:0:0:0:0:1%0', `creation_date` = 2025-04-24 21:18:26.942, `last_seen` = 2025-05-12 19:02:20.548, `email` = null, `discord` = null, `settings` = '{"settings":[{"value":"survival","key":"last-server"},{"value":"en","key":"language"}],"version":0}' WHERE `ai` = 1" (applied to [last_seen, settings] columns)
[2025/05/12 19:02:26]: §3[nLogin] [DEBUG] [SQLite] [UPDATE]: "UPDATE `nlogin` SET `last_name` = 'Danny', `unique_id` = ddcda591f59a39faae6e6744024d2256,  `mojang_id` = null,  `bedrock_id` = null,  `password` = '$2a$10$Fpg0zrlHz.tbsekPrlr4teVT1qaPBpZ/wc/AIFvTIzBSlKaqSNHnq', `last_ip` = '0:0:0:0:0:0:0:1%0', `creation_date` = 2025-05-07 18:19:13.336, `last_seen` = 2025-05-12 19:02:26.376, `email` = null, `discord` = null, `settings` = '{"settings":[{"value":"survival","key":"last-server"},{"value":"en","key":"language"}],"version":0}' WHERE `ai` = 19" (applied to [last_seen, settings] columns)
[2025/05/12 19:03:05]: §3[nLogin] [DEBUG] [SQLite] [UPDATE]: "UPDATE `nlogin` SET `last_name` = 'Danny', `unique_id` = ddcda591f59a39faae6e6744024d2256,  `mojang_id` = null,  `bedrock_id` = null,  `password` = '$2a$10$Fpg0zrlHz.tbsekPrlr4teVT1qaPBpZ/wc/AIFvTIzBSlKaqSNHnq', `last_ip` = '0:0:0:0:0:0:0:1%0', `creation_date` = 2025-05-07 18:19:13.336, `last_seen` = 2025-05-12 19:03:05.633, `email` = null, `discord` = null, `settings` = '{"settings":[{"value":"survival","key":"last-server"},{"value":"en","key":"language"}],"version":0}' WHERE `ai` = 19" (applied to [last_ip, last_seen, settings] columns)
[2025/05/12 19:03:05]: [nLogin] The user Danny has successfully logged in.
[2025/05/12 19:04:13]: §3[nLogin] [DEBUG] [SQLite] [UPDATE]: "UPDATE `nlogin` SET `last_name` = 'Stephane', `unique_id` = 3ab31a0c17d23289bc5bab093b2db922,  `mojang_id` = null,  `bedrock_id` = null,  `password` = '$2a$10$i8v7FkU1JbWCmroUhfg2qePfIutatYPfW8y7n/6oDcNF2VTudy3P2', `last_ip` = '0:0:0:0:0:0:0:1%0', `creation_date` = 2025-04-24 23:10:19.213, `last_seen` = 2025-05-12 19:04:13.562, `email` = null, `discord` = null, `settings` = '{"settings":[{"value":"survival","key":"last-server"},{"value":"en","key":"language"}],"version":0}' WHERE `ai` = 5" (applied to [last_seen, settings] columns)
[2025/05/12 19:09:49]: §3[nLogin] [DEBUG] [SQLite] [UPDATE]: "UPDATE `nlogin` SET `last_name` = 'DARREN', `unique_id` = 783c3da60f593db784d1abca81b138b9,  `mojang_id` = null,  `bedrock_id` = null,  `password` = '$2a$10$yug7xwCdpnLbo4f.hV0ZaeNn5nrIuGndab2oehTtJ/2UCBB7UsCtu', `last_ip` = '0:0:0:0:0:0:0:1%0', `creation_date` = 2025-04-24 21:18:26.942, `last_seen` = 2025-05-12 19:09:49.076, `email` = null, `discord` = null, `settings` = '{"settings":[{"value":"survival","key":"last-server"},{"value":"en","key":"language"}],"version":0}' WHERE `ai` = 1" (applied to [last_ip, last_seen, settings] columns)
[2025/05/12 19:09:49]: [nLogin] The user DARREN has successfully logged in.
[2025/05/12 19:09:53]: §3[nLogin] [DEBUG] [SQLite] [UPDATE]: "UPDATE `nlogin` SET `last_name` = 'Marko', `unique_id` = 568a023c8d6b39bd9304e90c0aa1b876,  `mojang_id` = null,  `bedrock_id` = null,  `password` = '$2a$10$UIokuW1/aXPZNd0EQJe3cOiB8kc9HMSWWE7uGNlb9E5Ms2ZfrFtai', `last_ip` = '0:0:0:0:0:0:0:1%0', `creation_date` = 2025-04-29 19:50:21.31, `last_seen` = 2025-05-12 19:09:53.182, `email` = null, `discord` = null, `settings` = '{"settings":[{"value":"survival","key":"last-server"},{"value":"en","key":"language"}],"version":0}' WHERE `ai` = 12" (applied to [last_ip, last_seen, settings] columns)
[2025/05/12 19:09:53]: [nLogin] The user Marko has successfully logged in.
[2025/05/12 19:10:04]: §3[nLogin] [DEBUG] [SQLite] [UPDATE]: "UPDATE `nlogin` SET `last_name` = 'DARREN', `unique_id` = 783c3da60f593db784d1abca81b138b9,  `mojang_id` = null,  `bedrock_id` = null,  `password` = '$2a$10$yug7xwCdpnLbo4f.hV0ZaeNn5nrIuGndab2oehTtJ/2UCBB7UsCtu', `last_ip` = '0:0:0:0:0:0:0:1%0', `creation_date` = 2025-04-24 21:18:26.942, `last_seen` = 2025-05-12 19:10:04.237, `email` = null, `discord` = null, `settings` = '{"settings":[{"value":"survival","key":"last-server"},{"value":"en","key":"language"}],"version":0}' WHERE `ai` = 1" (applied to [last_seen, settings] columns)
[2025/05/12 19:10:09]: §3[nLogin] [DEBUG] [SQLite] [UPDATE]: "UPDATE `nlogin` SET `last_name` = 'DARREN', `unique_id` = 783c3da60f593db784d1abca81b138b9,  `mojang_id` = null,  `bedrock_id` = null,  `password` = '$2a$10$yug7xwCdpnLbo4f.hV0ZaeNn5nrIuGndab2oehTtJ/2UCBB7UsCtu', `last_ip` = '0:0:0:0:0:0:0:1%0', `creation_date` = 2025-04-24 21:18:26.942, `last_seen` = 2025-05-12 19:10:09.686, `email` = null, `discord` = null, `settings` = '{"settings":[{"value":"survival","key":"last-server"},{"value":"en","key":"language"}],"version":0}' WHERE `ai` = 1" (applied to [last_ip, last_seen, settings] columns)
[2025/05/12 19:10:09]: [nLogin] The user DARREN has successfully logged in.
[2025/05/12 19:10:23]: §3[nLogin] [DEBUG] [SQLite] [UPDATE]: "UPDATE `nlogin` SET `last_name` = 'Idan', `unique_id` = a74b69aceb713e8ba36e2a8f50d32ad2,  `mojang_id` = null,  `bedrock_id` = null,  `password` = '$2a$10$G/5jlLCNBS0tYFC5jIEXq.uxwOPlTmDot1Ls1x9vhEaIJQRyE1Xza', `last_ip` = '0:0:0:0:0:0:0:1%0', `creation_date` = 2025-04-25 21:33:50.693, `last_seen` = 2025-05-12 19:10:23.374, `email` = null, `discord` = null, `settings` = '{"settings":[{"value":"survival","key":"last-server"},{"value":"en","key":"language"}],"version":0}' WHERE `ai` = 9" (applied to [last_seen, settings] columns)
[2025/05/12 19:10:26]: §3[nLogin] [DEBUG] [SQLite] [UPDATE]: "UPDATE `nlogin` SET `last_name` = 'DARREN', `unique_id` = 783c3da60f593db784d1abca81b138b9,  `mojang_id` = null,  `bedrock_id` = null,  `password` = '$2a$10$yug7xwCdpnLbo4f.hV0ZaeNn5nrIuGndab2oehTtJ/2UCBB7UsCtu', `last_ip` = '0:0:0:0:0:0:0:1%0', `creation_date` = 2025-04-24 21:18:26.942, `last_seen` = 2025-05-12 19:10:26.986, `email` = null, `discord` = null, `settings` = '{"settings":[{"value":"survival","key":"last-server"},{"value":"en","key":"language"}],"version":0}' WHERE `ai` = 1" (applied to [last_seen, settings] columns)
[2025/05/12 19:10:32]: §3[nLogin] [DEBUG] [SQLite] [UPDATE]: "UPDATE `nlogin` SET `last_name` = 'Marko', `unique_id` = 568a023c8d6b39bd9304e90c0aa1b876,  `mojang_id` = null,  `bedrock_id` = null,  `password` = '$2a$10$UIokuW1/aXPZNd0EQJe3cOiB8kc9HMSWWE7uGNlb9E5Ms2ZfrFtai', `last_ip` = '0:0:0:0:0:0:0:1%0', `creation_date` = 2025-04-29 19:50:21.31, `last_seen` = 2025-05-12 19:10:32.237, `email` = null, `discord` = null, `settings` = '{"settings":[{"value":"survival","key":"last-server"},{"value":"en","key":"language"}],"version":0}' WHERE `ai` = 12" (applied to [last_seen, settings] columns)
[2025/05/12 19:10:34]: §3[nLogin] [DEBUG] [SQLite] [UPDATE]: "UPDATE `nlogin` SET `last_name` = 'Danny', `unique_id` = ddcda591f59a39faae6e6744024d2256,  `mojang_id` = null,  `bedrock_id` = null,  `password` = '$2a$10$Fpg0zrlHz.tbsekPrlr4teVT1qaPBpZ/wc/AIFvTIzBSlKaqSNHnq', `last_ip` = '0:0:0:0:0:0:0:1%0', `creation_date` = 2025-05-07 18:19:13.336, `last_seen` = 2025-05-12 19:10:34.31, `email` = null, `discord` = null, `settings` = '{"settings":[{"value":"survival","key":"last-server"},{"value":"en","key":"language"}],"version":0}' WHERE `ai` = 19" (applied to [last_seen, settings] columns)
[2025/05/12 19:11:13]: §3[nLogin] [DEBUG] [SQLite] [UPDATE]: "UPDATE `nlogin` SET `last_name` = 'DARREN', `unique_id` = 783c3da60f593db784d1abca81b138b9,  `mojang_id` = null,  `bedrock_id` = null,  `password` = '$2a$10$yug7xwCdpnLbo4f.hV0ZaeNn5nrIuGndab2oehTtJ/2UCBB7UsCtu', `last_ip` = '0:0:0:0:0:0:0:1%0', `creation_date` = 2025-04-24 21:18:26.942, `last_seen` = 2025-05-12 19:11:13.059, `email` = null, `discord` = null, `settings` = '{"settings":[{"value":"survival","key":"last-server"},{"value":"en","key":"language"}],"version":0}' WHERE `ai` = 1" (applied to [last_ip, last_seen, settings] columns)
[2025/05/12 19:11:13]: [nLogin] The user DARREN has successfully logged in.
[2025/05/12 19:11:37]: §3[nLogin] [DEBUG] [SQLite] [UPDATE]: "UPDATE `nlogin` SET `last_name` = 'DARREN', `unique_id` = 783c3da60f593db784d1abca81b138b9,  `mojang_id` = null,  `bedrock_id` = null,  `password` = '$2a$10$yug7xwCdpnLbo4f.hV0ZaeNn5nrIuGndab2oehTtJ/2UCBB7UsCtu', `last_ip` = '0:0:0:0:0:0:0:1%0', `creation_date` = 2025-04-24 21:18:26.942, `last_seen` = 2025-05-12 19:11:37.487, `email` = null, `discord` = null, `settings` = '{"settings":[{"value":"survival","key":"last-server"},{"value":"en","key":"language"}],"version":0}' WHERE `ai` = 1" (applied to [last_seen, settings] columns)
[2025/05/12 19:12:31]: §3[nLogin] [DEBUG] [SQLite] [UPDATE]: "UPDATE `nlogin` SET `last_name` = 'DARREN', `unique_id` = 783c3da60f593db784d1abca81b138b9,  `mojang_id` = null,  `bedrock_id` = null,  `password` = '$2a$10$yug7xwCdpnLbo4f.hV0ZaeNn5nrIuGndab2oehTtJ/2UCBB7UsCtu', `last_ip` = '0:0:0:0:0:0:0:1%0', `creation_date` = 2025-04-24 21:18:26.942, `last_seen` = 2025-05-12 19:12:31.618, `email` = null, `discord` = null, `settings` = '{"settings":[{"value":"survival","key":"last-server"},{"value":"en","key":"language"}],"version":0}' WHERE `ai` = 1" (applied to [last_ip, last_seen, settings] columns)
[2025/05/12 19:12:31]: [nLogin] The user DARREN has successfully logged in.
[2025/05/12 19:12:46]: §3[nLogin] [DEBUG] [SQLite] [UPDATE]: "UPDATE `nlogin` SET `last_name` = 'DARREN', `unique_id` = 783c3da60f593db784d1abca81b138b9,  `mojang_id` = null,  `bedrock_id` = null,  `password` = '$2a$10$yug7xwCdpnLbo4f.hV0ZaeNn5nrIuGndab2oehTtJ/2UCBB7UsCtu', `last_ip` = '0:0:0:0:0:0:0:1%0', `creation_date` = 2025-04-24 21:18:26.942, `last_seen` = 2025-05-12 19:12:46.488, `email` = null, `discord` = null, `settings` = '{"settings":[{"value":"survival","key":"last-server"},{"value":"en","key":"language"}],"version":0}' WHERE `ai` = 1" (applied to [last_seen, settings] columns)
[2025/05/12 19:12:56]: §3[nLogin] [DEBUG] [SQLite] [UPDATE]: "UPDATE `nlogin` SET `last_name` = 'DARREN', `unique_id` = 783c3da60f593db784d1abca81b138b9,  `mojang_id` = null,  `bedrock_id` = null,  `password` = '$2a$10$yug7xwCdpnLbo4f.hV0ZaeNn5nrIuGndab2oehTtJ/2UCBB7UsCtu', `last_ip` = '0:0:0:0:0:0:0:1%0', `creation_date` = 2025-04-24 21:18:26.942, `last_seen` = 2025-05-12 19:12:56.416, `email` = null, `discord` = null, `settings` = '{"settings":[{"value":"survival","key":"last-server"},{"value":"en","key":"language"}],"version":0}' WHERE `ai` = 1" (applied to [last_ip, last_seen, settings] columns)
[2025/05/12 19:12:56]: [nLogin] The user DARREN has successfully logged in.
[2025/05/12 19:14:19]: §3[nLogin] [DEBUG] [SQLite] [UPDATE]: "UPDATE `nlogin` SET `last_name` = 'Marko', `unique_id` = 568a023c8d6b39bd9304e90c0aa1b876,  `mojang_id` = null,  `bedrock_id` = null,  `password` = '$2a$10$UIokuW1/aXPZNd0EQJe3cOiB8kc9HMSWWE7uGNlb9E5Ms2ZfrFtai', `last_ip` = '0:0:0:0:0:0:0:1%0', `creation_date` = 2025-04-29 19:50:21.31, `last_seen` = 2025-05-12 19:14:19.622, `email` = null, `discord` = null, `settings` = '{"settings":[{"value":"survival","key":"last-server"},{"value":"en","key":"language"}],"version":0}' WHERE `ai` = 12" (applied to [last_ip, last_seen, settings] columns)
[2025/05/12 19:14:19]: [nLogin] The user Marko has successfully logged in.
[2025/05/12 19:23:33]: §3[nLogin] [DEBUG] [SQLite] [UPDATE]: "UPDATE `nlogin` SET `last_name` = 'Marko', `unique_id` = 568a023c8d6b39bd9304e90c0aa1b876,  `mojang_id` = null,  `bedrock_id` = null,  `password` = '$2a$10$UIokuW1/aXPZNd0EQJe3cOiB8kc9HMSWWE7uGNlb9E5Ms2ZfrFtai', `last_ip` = '0:0:0:0:0:0:0:1%0', `creation_date` = 2025-04-29 19:50:21.31, `last_seen` = 2025-05-12 19:23:33.733, `email` = null, `discord` = null, `settings` = '{"settings":[{"value":"survival","key":"last-server"},{"value":"en","key":"language"}],"version":0}' WHERE `ai` = 12" (applied to [last_seen, settings] columns)
[2025/05/12 19:23:45]: §3[nLogin] [DEBUG] [SQLite] [UPDATE]: "UPDATE `nlogin` SET `last_name` = 'DARREN', `unique_id` = 783c3da60f593db784d1abca81b138b9,  `mojang_id` = null,  `bedrock_id` = null,  `password` = '$2a$10$yug7xwCdpnLbo4f.hV0ZaeNn5nrIuGndab2oehTtJ/2UCBB7UsCtu', `last_ip` = '0:0:0:0:0:0:0:1%0', `creation_date` = 2025-04-24 21:18:26.942, `last_seen` = 2025-05-12 19:23:45.961, `email` = null, `discord` = null, `settings` = '{"settings":[{"value":"survival","key":"last-server"},{"value":"en","key":"language"}],"version":0}' WHERE `ai` = 1" (applied to [last_seen, settings] columns)
