[2025/05/18 19:32:20]: §9          __             _       
[2025/05/18 19:32:20]: §9  _ __   / /  ___   __ _(_)_ __  
[2025/05/18 19:32:20]: §9 | '_ \ / /  / _ \ / _` | | '_ \ 
[2025/05/18 19:32:20]: §9 | | | / /__| (_) | (_| | | | | |
[2025/05/18 19:32:20]: §9 |_| |_\____/\___/ \__, |_|_| |_|
[2025/05/18 19:32:20]: §9                  |___/            
[2025/05/18 19:32:20]: §9 By: www.nickuc.com - V 10.3.27
[2025/05/18 19:32:20]: §9 
[2025/05/18 19:32:21]: §3[nLogin] [DEBUG] All settings were loaded in 602 ms.
[2025/05/18 19:32:21]: §3[nLogin] [DEBUG] Loading the messages_en.yml message file...
[2025/05/18 19:32:21]: §3[nLogin] [DEBUG] All plugin messages were loaded in 199 ms (languageByClient=false).
[2025/05/18 19:32:21]: §3[nLogin] [DEBUG] All proxy settings were loaded in 54 ms.
[2025/05/18 19:32:21]: §3[nLogin] [DEBUG] Loading database...
[2025/05/18 19:32:22]: §3[nLogin] [DEBUG] Starting logger filter...
[2025/05/18 19:32:27]: 
[2025/05/18 19:32:27]:  §bThank you so much for choosing nLogin! §4<3
[2025/05/18 19:32:27]: 
[2025/05/18 19:32:27]:  §4For your safety, please read the message below:
[2025/05/18 19:32:27]:   §cNever download nLogin from unknown sources.
[2025/05/18 19:32:27]:   §cA modified version may contain malicious software.
[2025/05/18 19:32:27]: 
[2025/05/18 19:32:27]:  §3Trusted sources:
[2025/05/18 19:32:27]:   §bwww.nickuc.com
[2025/05/18 19:32:27]:   §bwww.github.com/nickuc
[2025/05/18 19:32:27]:   §bOpeNLogin installer (from Spigot or GitHub)
[2025/05/18 19:32:27]: 
[2025/05/18 19:32:27]:  §3Official support channels:
[2025/05/18 19:32:27]:   §bDiscord group: §fwww.nickuc.com/discord
[2025/05/18 19:32:27]:   §bDocumentation: §fdocs.nickuc.com/nlogin/
[2025/05/18 19:32:27]:   §bEmail: §fsupport@nickuc.com
[2025/05/18 19:32:27]:   §bYouTube: §fyoutube.com/nickuc
[2025/05/18 19:32:27]: 
[2025/05/18 19:32:27]:  §eTo remove this warning, log in with "nlogin.admin" permission on the server
[2025/05/18 19:32:27]:  §eand click the "Setup plugin" button to configure your plugin.
[2025/05/18 19:32:27]: 
[2025/05/18 19:32:38]: §3[nLogin] [DEBUG] [SQLite] [UPDATE]: "UPDATE `nlogin` SET `last_name` = 'DARREN', `unique_id` = 783c3da60f593db784d1abca81b138b9,  `mojang_id` = null,  `bedrock_id` = null,  `password` = '$2a$10$yug7xwCdpnLbo4f.hV0ZaeNn5nrIuGndab2oehTtJ/2UCBB7UsCtu', `last_ip` = '0:0:0:0:0:0:0:1%0', `creation_date` = 2025-04-24 21:18:26.942, `last_seen` = 2025-05-18 19:32:37.898, `email` = null, `discord` = null, `settings` = '{"settings":[{"value":"survival","key":"last-server"},{"value":"en","key":"language"}],"version":0}' WHERE `ai` = 1" (applied to [last_ip, last_seen, settings] columns)
[2025/05/18 19:32:38]: [nLogin] The user DARREN has successfully logged in.
[2025/05/18 19:47:42]: §3[nLogin] [DEBUG] [SQLite] [UPDATE]: "UPDATE `nlogin` SET `last_name` = 'Jason', `unique_id` = e13c5e70767d356589fa98148f3dbd5f,  `mojang_id` = null,  `bedrock_id` = null,  `password` = '$2a$10$3UIn1hqv2bD95vnxTL18/uwlvi/eSSilqMy2QCRJFxAW9/rp8J9cS', `last_ip` = '0:0:0:0:0:0:0:1%0', `creation_date` = 2025-04-24 22:34:45.689, `last_seen` = 2025-05-18 19:47:42.38, `email` = null, `discord` = null, `settings` = '{"settings":[{"value":"survival","key":"last-server"},{"value":"en","key":"language"}],"version":0}' WHERE `ai` = 4" (applied to [last_ip, last_seen, settings] columns)
[2025/05/18 19:47:42]: [nLogin] The user Jason has successfully logged in.
[2025/05/18 20:03:51]: §3[nLogin] [DEBUG] [SQLite] [UPDATE]: "UPDATE `nlogin` SET `last_name` = 'Grady', `unique_id` = 5d947e07d63a38588173289bb199ada6,  `mojang_id` = null,  `bedrock_id` = null,  `password` = '$2a$10$VTxgLHrUZXT5A0vxjH6xcOMhtfDdz3yzKA0dBjK5K0/243NTqHTAK', `last_ip` = '0:0:0:0:0:0:0:1%0', `creation_date` = 2025-05-18 15:47:12.459, `last_seen` = 2025-05-18 20:03:51.267, `email` = null, `discord` = null, `settings` = '{"settings":[{"value":"survival","key":"last-server"},{"value":"en","key":"language"}],"version":0}' WHERE `ai` = 10" (applied to [last_ip, last_seen, settings] columns)
[2025/05/18 20:03:51]: [nLogin] The user Grady has successfully logged in.
[2025/05/18 20:04:05]: §3[nLogin] [DEBUG] [SQLite] [UPDATE]: "UPDATE `nlogin` SET `last_name` = 'Grady', `unique_id` = 5d947e07d63a38588173289bb199ada6,  `mojang_id` = null,  `bedrock_id` = null,  `password` = '$2a$10$VTxgLHrUZXT5A0vxjH6xcOMhtfDdz3yzKA0dBjK5K0/243NTqHTAK', `last_ip` = '0:0:0:0:0:0:0:1%0', `creation_date` = 2025-05-18 15:47:12.459, `last_seen` = 2025-05-18 20:04:05.365, `email` = null, `discord` = null, `settings` = '{"settings":[{"value":"survival","key":"last-server"},{"value":"en","key":"language"}],"version":0}' WHERE `ai` = 10" (applied to [last_seen, settings] columns)
[2025/05/18 20:04:13]: §3[nLogin] [DEBUG] [SQLite] [UPDATE]: "UPDATE `nlogin` SET `last_name` = 'Grady', `unique_id` = 5d947e07d63a38588173289bb199ada6,  `mojang_id` = null,  `bedrock_id` = null,  `password` = '$2a$10$VTxgLHrUZXT5A0vxjH6xcOMhtfDdz3yzKA0dBjK5K0/243NTqHTAK', `last_ip` = '0:0:0:0:0:0:0:1%0', `creation_date` = 2025-05-18 15:47:12.459, `last_seen` = 2025-05-18 20:04:13.308, `email` = null, `discord` = null, `settings` = '{"settings":[{"value":"survival","key":"last-server"},{"value":"en","key":"language"}],"version":0}' WHERE `ai` = 10" (applied to [last_ip, last_seen, settings] columns)
[2025/05/18 20:04:13]: [nLogin] The user Grady has successfully logged in.
[2025/05/18 20:07:47]: §3[nLogin] [DEBUG] [SQLite] [UPDATE]: "UPDATE `nlogin` SET `last_name` = 'Jason', `unique_id` = e13c5e70767d356589fa98148f3dbd5f,  `mojang_id` = null,  `bedrock_id` = null,  `password` = '$2a$10$3UIn1hqv2bD95vnxTL18/uwlvi/eSSilqMy2QCRJFxAW9/rp8J9cS', `last_ip` = '0:0:0:0:0:0:0:1%0', `creation_date` = 2025-04-24 22:34:45.689, `last_seen` = 2025-05-18 20:07:47.485, `email` = null, `discord` = null, `settings` = '{"settings":[{"value":"survival","key":"last-server"},{"value":"en","key":"language"}],"version":0}' WHERE `ai` = 4" (applied to [last_seen, settings] columns)
[2025/05/18 20:09:13]: §3[nLogin] [DEBUG] [SQLite] [UPDATE]: "UPDATE `nlogin` SET `last_name` = 'David_M', `unique_id` = c7c3a2502ebb3ee49bc09f25e8be29c9,  `mojang_id` = null,  `bedrock_id` = null,  `password` = '$2a$10$wU60URh.PrZbrgnYLoze/uj26Qw589fOV88g1Mq6zHXpmhqHdvEvG', `last_ip` = '0:0:0:0:0:0:0:1%0', `creation_date` = 2025-04-25 19:02:30.13, `last_seen` = 2025-05-18 20:09:13.913, `email` = null, `discord` = null, `settings` = '{"settings":[{"value":"survival","key":"last-server"},{"value":"en","key":"language"}],"version":0}' WHERE `ai` = 7" (applied to [last_ip, last_seen, settings] columns)
[2025/05/18 20:09:13]: [nLogin] The user David_M has successfully logged in.
[2025/05/18 20:12:38]: §3[nLogin] [DEBUG] [SQLite] [UPDATE]: "UPDATE `nlogin` SET `last_name` = 'David_M', `unique_id` = c7c3a2502ebb3ee49bc09f25e8be29c9,  `mojang_id` = null,  `bedrock_id` = null,  `password` = '$2a$10$wU60URh.PrZbrgnYLoze/uj26Qw589fOV88g1Mq6zHXpmhqHdvEvG', `last_ip` = '0:0:0:0:0:0:0:1%0', `creation_date` = 2025-04-25 19:02:30.13, `last_seen` = 2025-05-18 20:12:38.448, `email` = null, `discord` = null, `settings` = '{"settings":[{"value":"survival","key":"last-server"},{"value":"en","key":"language"}],"version":0}' WHERE `ai` = 7" (applied to [last_seen, settings] columns)
[2025/05/18 20:12:42]: §3[nLogin] [DEBUG] [SQLite] [UPDATE]: "UPDATE `nlogin` SET `last_name` = 'DARREN', `unique_id` = 783c3da60f593db784d1abca81b138b9,  `mojang_id` = null,  `bedrock_id` = null,  `password` = '$2a$10$yug7xwCdpnLbo4f.hV0ZaeNn5nrIuGndab2oehTtJ/2UCBB7UsCtu', `last_ip` = '0:0:0:0:0:0:0:1%0', `creation_date` = 2025-04-24 21:18:26.942, `last_seen` = 2025-05-18 20:12:42.028, `email` = null, `discord` = null, `settings` = '{"settings":[{"value":"lobby","key":"last-server"},{"value":"en","key":"language"}],"version":0}' WHERE `ai` = 1" (applied to [last_seen, settings] columns)
[2025/05/18 20:13:01]: §3[nLogin] [DEBUG] [SQLite] [UPDATE]: "UPDATE `nlogin` SET `last_name` = 'DARREN', `unique_id` = 783c3da60f593db784d1abca81b138b9,  `mojang_id` = null,  `bedrock_id` = null,  `password` = '$2a$10$yug7xwCdpnLbo4f.hV0ZaeNn5nrIuGndab2oehTtJ/2UCBB7UsCtu', `last_ip` = '0:0:0:0:0:0:0:1%0', `creation_date` = 2025-04-24 21:18:26.942, `last_seen` = 2025-05-18 20:13:01.727, `email` = null, `discord` = null, `settings` = '{"settings":[{"value":"lobby","key":"last-server"},{"value":"en","key":"language"}],"version":0}' WHERE `ai` = 1" (applied to [last_ip, last_seen, settings] columns)
[2025/05/18 20:13:01]: [nLogin] The user DARREN has successfully logged in.
[2025/05/18 20:13:26]: §3[nLogin] [DEBUG] [SQLite] [UPDATE]: "UPDATE `nlogin` SET `last_name` = 'DARREN', `unique_id` = 783c3da60f593db784d1abca81b138b9,  `mojang_id` = null,  `bedrock_id` = null,  `password` = '$2a$10$yug7xwCdpnLbo4f.hV0ZaeNn5nrIuGndab2oehTtJ/2UCBB7UsCtu', `last_ip` = '0:0:0:0:0:0:0:1%0', `creation_date` = 2025-04-24 21:18:26.942, `last_seen` = 2025-05-18 20:13:26.42, `email` = null, `discord` = null, `settings` = '{"settings":[{"value":"lobby","key":"last-server"},{"value":"en","key":"language"}],"version":0}' WHERE `ai` = 1" (applied to [last_seen, settings] columns)
[2025/05/18 20:13:31]: §3[nLogin] [DEBUG] [SQLite] [UPDATE]: "UPDATE `nlogin` SET `last_name` = 'DARREN', `unique_id` = 783c3da60f593db784d1abca81b138b9,  `mojang_id` = null,  `bedrock_id` = null,  `password` = '$2a$10$yug7xwCdpnLbo4f.hV0ZaeNn5nrIuGndab2oehTtJ/2UCBB7UsCtu', `last_ip` = '0:0:0:0:0:0:0:1%0', `creation_date` = 2025-04-24 21:18:26.942, `last_seen` = 2025-05-18 20:13:31.755, `email` = null, `discord` = null, `settings` = '{"settings":[{"value":"lobby","key":"last-server"},{"value":"en","key":"language"}],"version":0}' WHERE `ai` = 1" (applied to [last_ip, last_seen, settings] columns)
[2025/05/18 20:13:31]: [nLogin] The user DARREN has successfully logged in.
[2025/05/18 20:17:44]: §3[nLogin] [DEBUG] [SQLite] [UPDATE]: "UPDATE `nlogin` SET `last_name` = 'Grady', `unique_id` = 5d947e07d63a38588173289bb199ada6,  `mojang_id` = null,  `bedrock_id` = null,  `password` = '$2a$10$VTxgLHrUZXT5A0vxjH6xcOMhtfDdz3yzKA0dBjK5K0/243NTqHTAK', `last_ip` = '0:0:0:0:0:0:0:1%0', `creation_date` = 2025-05-18 15:47:12.459, `last_seen` = 2025-05-18 20:17:44.448, `email` = null, `discord` = null, `settings` = '{"settings":[{"value":"survival","key":"last-server"},{"value":"en","key":"language"}],"version":0}' WHERE `ai` = 10" (applied to [last_seen, settings] columns)
[2025/05/18 20:43:17]: §3[nLogin] [DEBUG] [SQLite] [UPDATE]: "UPDATE `nlogin` SET `last_name` = 'Grady', `unique_id` = 5d947e07d63a38588173289bb199ada6,  `mojang_id` = null,  `bedrock_id` = null,  `password` = '$2a$10$VTxgLHrUZXT5A0vxjH6xcOMhtfDdz3yzKA0dBjK5K0/243NTqHTAK', `last_ip` = '0:0:0:0:0:0:0:1%0', `creation_date` = 2025-05-18 15:47:12.459, `last_seen` = 2025-05-18 20:43:17.104, `email` = null, `discord` = null, `settings` = '{"settings":[{"value":"survival","key":"last-server"},{"value":"en","key":"language"}],"version":0}' WHERE `ai` = 10" (applied to [last_ip, last_seen, settings] columns)
[2025/05/18 20:43:17]: [nLogin] The user Grady has successfully logged in.
[2025/05/18 20:43:30]: §3[nLogin] [DEBUG] [SQLite] [UPDATE]: "UPDATE `nlogin` SET `last_name` = 'Grady', `unique_id` = 5d947e07d63a38588173289bb199ada6,  `mojang_id` = null,  `bedrock_id` = null,  `password` = '$2a$10$VTxgLHrUZXT5A0vxjH6xcOMhtfDdz3yzKA0dBjK5K0/243NTqHTAK', `last_ip` = '0:0:0:0:0:0:0:1%0', `creation_date` = 2025-05-18 15:47:12.459, `last_seen` = 2025-05-18 20:43:30.61, `email` = null, `discord` = null, `settings` = '{"settings":[{"value":"survival","key":"last-server"},{"value":"en","key":"language"}],"version":0}' WHERE `ai` = 10" (applied to [last_seen, settings] columns)
[2025/05/18 20:43:46]: §3[nLogin] [DEBUG] [SQLite] [UPDATE]: "UPDATE `nlogin` SET `last_name` = 'Grady', `unique_id` = 5d947e07d63a38588173289bb199ada6,  `mojang_id` = null,  `bedrock_id` = null,  `password` = '$2a$10$VTxgLHrUZXT5A0vxjH6xcOMhtfDdz3yzKA0dBjK5K0/243NTqHTAK', `last_ip` = '0:0:0:0:0:0:0:1%0', `creation_date` = 2025-05-18 15:47:12.459, `last_seen` = 2025-05-18 20:43:46.215, `email` = null, `discord` = null, `settings` = '{"settings":[{"value":"survival","key":"last-server"},{"value":"en","key":"language"}],"version":0}' WHERE `ai` = 10" (applied to [last_ip, last_seen, settings] columns)
[2025/05/18 20:43:46]: [nLogin] The user Grady has successfully logged in.
[2025/05/18 20:43:59]: §3[nLogin] [DEBUG] [SQLite] [UPDATE]: "UPDATE `nlogin` SET `last_name` = 'Grady', `unique_id` = 5d947e07d63a38588173289bb199ada6,  `mojang_id` = null,  `bedrock_id` = null,  `password` = '$2a$10$VTxgLHrUZXT5A0vxjH6xcOMhtfDdz3yzKA0dBjK5K0/243NTqHTAK', `last_ip` = '0:0:0:0:0:0:0:1%0', `creation_date` = 2025-05-18 15:47:12.459, `last_seen` = 2025-05-18 20:43:59.36, `email` = null, `discord` = null, `settings` = '{"settings":[{"value":"survival","key":"last-server"},{"value":"en","key":"language"}],"version":0}' WHERE `ai` = 10" (applied to [last_seen, settings] columns)
[2025/05/18 20:44:13]: §3[nLogin] [DEBUG] [SQLite] [UPDATE]: "UPDATE `nlogin` SET `last_name` = 'Grady', `unique_id` = 5d947e07d63a38588173289bb199ada6,  `mojang_id` = null,  `bedrock_id` = null,  `password` = '$2a$10$VTxgLHrUZXT5A0vxjH6xcOMhtfDdz3yzKA0dBjK5K0/243NTqHTAK', `last_ip` = '0:0:0:0:0:0:0:1%0', `creation_date` = 2025-05-18 15:47:12.459, `last_seen` = 2025-05-18 20:44:13.484, `email` = null, `discord` = null, `settings` = '{"settings":[{"value":"survival","key":"last-server"},{"value":"en","key":"language"}],"version":0}' WHERE `ai` = 10" (applied to [last_ip, last_seen, settings] columns)
[2025/05/18 20:44:13]: [nLogin] The user Grady has successfully logged in.
[2025/05/18 20:54:12]: §3[nLogin] [DEBUG] The Joey (0:0:0:0:0:0:0:1%0) player entered an incorrect password
[2025/05/18 20:54:21]: §3[nLogin] [DEBUG] [SQLite] [UPDATE]: "UPDATE `nlogin` SET `last_name` = 'Joey', `unique_id` = ff9407f83dc5320281d0e138ce14d121,  `mojang_id` = null,  `bedrock_id` = null,  `password` = '$2a$10$kaJGOMAOaMdobx.PxDX8MugJSLmyfqKnWDEAZdJ4v6x3Z3aSzB2xy', `last_ip` = '0:0:0:0:0:0:0:1%0', `creation_date` = 2025-05-15 18:26:45.092, `last_seen` = 2025-05-18 20:54:21.971, `email` = null, `discord` = null, `settings` = '{"settings":[{"value":"survival","key":"last-server"},{"value":"en","key":"language"}],"version":0}' WHERE `ai` = 23" (applied to [last_ip, last_seen, settings] columns)
[2025/05/18 20:54:21]: [nLogin] The user Joey has successfully logged in.
[2025/05/18 20:56:39]: §3[nLogin] [DEBUG] [SQLite] [UPDATE]: "UPDATE `nlogin` SET `last_name` = 'Grady', `unique_id` = 5d947e07d63a38588173289bb199ada6,  `mojang_id` = null,  `bedrock_id` = null,  `password` = '$2a$10$VTxgLHrUZXT5A0vxjH6xcOMhtfDdz3yzKA0dBjK5K0/243NTqHTAK', `last_ip` = '0:0:0:0:0:0:0:1%0', `creation_date` = 2025-05-18 15:47:12.459, `last_seen` = 2025-05-18 20:56:39.01, `email` = null, `discord` = null, `settings` = '{"settings":[{"value":"survival","key":"last-server"},{"value":"en","key":"language"}],"version":0}' WHERE `ai` = 10" (applied to [last_seen, settings] columns)
[2025/05/18 21:03:11]: §3[nLogin] [DEBUG] [SQLite] [UPDATE]: "UPDATE `nlogin` SET `last_name` = 'Joey', `unique_id` = ff9407f83dc5320281d0e138ce14d121,  `mojang_id` = null,  `bedrock_id` = null,  `password` = '$2a$10$kaJGOMAOaMdobx.PxDX8MugJSLmyfqKnWDEAZdJ4v6x3Z3aSzB2xy', `last_ip` = '0:0:0:0:0:0:0:1%0', `creation_date` = 2025-05-15 18:26:45.092, `last_seen` = 2025-05-18 21:03:11.823, `email` = null, `discord` = null, `settings` = '{"settings":[{"value":"survival","key":"last-server"},{"value":"en","key":"language"}],"version":0}' WHERE `ai` = 23" (applied to [last_seen, settings] columns)
[2025/05/18 21:16:00]: §3[nLogin] [DEBUG] [SQLite] [UPDATE]: "UPDATE `nlogin` SET `last_name` = 'DARREN', `unique_id` = 783c3da60f593db784d1abca81b138b9,  `mojang_id` = null,  `bedrock_id` = null,  `password` = '$2a$10$yug7xwCdpnLbo4f.hV0ZaeNn5nrIuGndab2oehTtJ/2UCBB7UsCtu', `last_ip` = '0:0:0:0:0:0:0:1%0', `creation_date` = 2025-04-24 21:18:26.942, `last_seen` = 2025-05-18 21:16:00.954, `email` = null, `discord` = null, `settings` = '{"settings":[{"value":"survival","key":"last-server"},{"value":"en","key":"language"}],"version":0}' WHERE `ai` = 1" (applied to [last_seen, settings] columns)
