[2025/04/29 19:45:23]: §9          __             _       
[2025/04/29 19:45:23]: §9  _ __   / /  ___   __ _(_)_ __  
[2025/04/29 19:45:23]: §9 | '_ \ / /  / _ \ / _` | | '_ \ 
[2025/04/29 19:45:23]: §9 | | | / /__| (_) | (_| | | | | |
[2025/04/29 19:45:23]: §9 |_| |_\____/\___/ \__, |_|_| |_|
[2025/04/29 19:45:23]: §9                  |___/            
[2025/04/29 19:45:23]: §9 By: www.nickuc.com - V 10.3.27
[2025/04/29 19:45:23]: §9 
[2025/04/29 19:45:24]: §3[nLogin] [DEBUG] All settings were loaded in 869 ms.
[2025/04/29 19:45:24]: §3[nLogin] [DEBUG] Loading the messages_en.yml message file...
[2025/04/29 19:45:24]: §3[nLogin] [DEBUG] All plugin messages were loaded in 205 ms (languageByClient=false).
[2025/04/29 19:45:24]: §3[nLogin] [DEBUG] All proxy settings were loaded in 52 ms.
[2025/04/29 19:45:24]: §3[nLogin] [DEBUG] Loading database...
[2025/04/29 19:45:25]: §3[nLogin] [DEBUG] Starting logger filter...
[2025/04/29 19:45:30]: 
[2025/04/29 19:45:30]:  §bThank you so much for choosing nLogin! §4<3
[2025/04/29 19:45:30]: 
[2025/04/29 19:45:30]:  §4For your safety, please read the message below:
[2025/04/29 19:45:30]:   §cNever download nLogin from unknown sources.
[2025/04/29 19:45:30]:   §cA modified version may contain malicious software.
[2025/04/29 19:45:30]: 
[2025/04/29 19:45:30]:  §3Trusted sources:
[2025/04/29 19:45:30]:   §bwww.nickuc.com
[2025/04/29 19:45:30]:   §bwww.github.com/nickuc
[2025/04/29 19:45:30]:   §bOpeNLogin installer (from Spigot or GitHub)
[2025/04/29 19:45:30]: 
[2025/04/29 19:45:30]:  §3Official support channels:
[2025/04/29 19:45:30]:   §bDiscord group: §fwww.nickuc.com/discord
[2025/04/29 19:45:30]:   §bDocumentation: §fdocs.nickuc.com/nlogin/
[2025/04/29 19:45:30]:   §bEmail: §fsupport@nickuc.com
[2025/04/29 19:45:31]:   §bYouTube: §fyoutube.com/nickuc
[2025/04/29 19:45:31]: 
[2025/04/29 19:45:31]:  §eTo remove this warning, log in with "nlogin.admin" permission on the server
[2025/04/29 19:45:31]:  §eand click the "Setup plugin" button to configure your plugin.
[2025/04/29 19:45:31]: 
[2025/04/29 19:47:57]: §3[nLogin] [DEBUG] [SQLite] [UPDATE]: "UPDATE `nlogin` SET `last_name` = 'DARREN', `unique_id` = 783c3da60f593db784d1abca81b138b9,  `mojang_id` = null,  `bedrock_id` = null,  `password` = '$2a$10$yug7xwCdpnLbo4f.hV0ZaeNn5nrIuGndab2oehTtJ/2UCBB7UsCtu', `last_ip` = '0:0:0:0:0:0:0:1%0', `creation_date` = 2025-04-24 21:18:26.942, `last_seen` = 2025-04-29 19:47:57.42, `email` = null, `discord` = null, `settings` = '{"settings":[{"value":"survival","key":"last-server"},{"value":"en","key":"language"}],"version":0}' WHERE `ai` = 1" (applied to [last_ip, last_seen, settings] columns)
[2025/04/29 19:47:57]: [nLogin] The user DARREN has successfully logged in.
[2025/04/29 19:50:21]: §3[nLogin] [DEBUG] [SQLite] [UPDATE]: "INSERT INTO `nlogin` (`last_name`, `unique_id`, `mojang_id`, `bedrock_id`, `password`, `last_ip`, `creation_date`, `last_seen`, `email`, `discord`, `settings`) VALUES ('Marko', 568a023c8d6b39bd9304e90c0aa1b876, null, null, '$2a$10$UIokuW1/aXPZNd0EQJe3cOiB8kc9HMSWWE7uGNlb9E5Ms2ZfrFtai', '0:0:0:0:0:0:0:1%0', '2025-04-29 19:50:21.31', '2025-04-29 19:50:21.31', null, null, null)" (applied to all columns)
[2025/04/29 19:50:21]: [nLogin] The user Marko has successfully registered.
[2025/04/29 19:50:48]: §3[nLogin] [DEBUG] [SQLite] [UPDATE]: "UPDATE `nlogin` SET `last_name` = 'Marko', `unique_id` = 568a023c8d6b39bd9304e90c0aa1b876,  `mojang_id` = null,  `bedrock_id` = null,  `password` = '$2a$10$UIokuW1/aXPZNd0EQJe3cOiB8kc9HMSWWE7uGNlb9E5Ms2ZfrFtai', `last_ip` = '0:0:0:0:0:0:0:1%0', `creation_date` = 2025-04-29 19:50:21.31, `last_seen` = 2025-04-29 19:50:48.351, `email` = null, `discord` = null, `settings` = '{"settings":[{"value":"lobby","key":"last-server"},{"value":"en","key":"language"}],"version":0}' WHERE `ai` = 12" (applied to [last_seen, settings] columns)
[2025/04/29 19:51:13]: §3[nLogin] [DEBUG] The Marko (0:0:0:0:0:0:0:1%0) player entered an incorrect password
[2025/04/29 19:51:24]: §3[nLogin] [DEBUG] [SQLite] [UPDATE]: "UPDATE `nlogin` SET `last_name` = 'Marko', `unique_id` = 568a023c8d6b39bd9304e90c0aa1b876,  `mojang_id` = null,  `bedrock_id` = null,  `password` = '$2a$10$UIokuW1/aXPZNd0EQJe3cOiB8kc9HMSWWE7uGNlb9E5Ms2ZfrFtai', `last_ip` = '0:0:0:0:0:0:0:1%0', `creation_date` = 2025-04-29 19:50:21.31, `last_seen` = 2025-04-29 19:51:24.857, `email` = null, `discord` = null, `settings` = '{"settings":[{"value":"lobby","key":"last-server"},{"value":"en","key":"language"}],"version":0}' WHERE `ai` = 12" (applied to [last_ip, last_seen, settings] columns)
[2025/04/29 19:51:24]: [nLogin] The user Marko has successfully logged in.
[2025/04/29 19:51:37]: §3[nLogin] [DEBUG] [SQLite] [UPDATE]: "UPDATE `nlogin` SET `last_name` = 'Marko', `unique_id` = 568a023c8d6b39bd9304e90c0aa1b876,  `mojang_id` = null,  `bedrock_id` = null,  `password` = '$2a$10$UIokuW1/aXPZNd0EQJe3cOiB8kc9HMSWWE7uGNlb9E5Ms2ZfrFtai', `last_ip` = '0:0:0:0:0:0:0:1%0', `creation_date` = 2025-04-29 19:50:21.31, `last_seen` = 2025-04-29 19:51:37.784, `email` = null, `discord` = null, `settings` = '{"settings":[{"value":"survival","key":"last-server"},{"value":"en","key":"language"}],"version":0}' WHERE `ai` = 12" (applied to [last_seen, settings] columns)
[2025/04/29 19:52:13]: §3[nLogin] [DEBUG] [SQLite] [UPDATE]: "UPDATE `nlogin` SET `last_name` = 'Marko', `unique_id` = 568a023c8d6b39bd9304e90c0aa1b876,  `mojang_id` = null,  `bedrock_id` = null,  `password` = '$2a$10$UIokuW1/aXPZNd0EQJe3cOiB8kc9HMSWWE7uGNlb9E5Ms2ZfrFtai', `last_ip` = '0:0:0:0:0:0:0:1%0', `creation_date` = 2025-04-29 19:50:21.31, `last_seen` = 2025-04-29 19:52:13.388, `email` = null, `discord` = null, `settings` = '{"settings":[{"value":"survival","key":"last-server"},{"value":"en","key":"language"}],"version":0}' WHERE `ai` = 12" (applied to [last_ip, last_seen, settings] columns)
[2025/04/29 19:52:13]: [nLogin] The user Marko has successfully logged in.
[2025/04/29 19:52:27]: §3[nLogin] [DEBUG] [SQLite] [UPDATE]: "UPDATE `nlogin` SET `last_name` = 'Marko', `unique_id` = 568a023c8d6b39bd9304e90c0aa1b876,  `mojang_id` = null,  `bedrock_id` = null,  `password` = '$2a$10$UIokuW1/aXPZNd0EQJe3cOiB8kc9HMSWWE7uGNlb9E5Ms2ZfrFtai', `last_ip` = '0:0:0:0:0:0:0:1%0', `creation_date` = 2025-04-29 19:50:21.31, `last_seen` = 2025-04-29 19:52:27.034, `email` = null, `discord` = null, `settings` = '{"settings":[{"value":"survival","key":"last-server"},{"value":"en","key":"language"}],"version":0}' WHERE `ai` = 12" (applied to [last_seen, settings] columns)
[2025/04/29 19:53:10]: §3[nLogin] [DEBUG] [SQLite] [UPDATE]: "UPDATE `nlogin` SET `last_name` = 'Marko', `unique_id` = 568a023c8d6b39bd9304e90c0aa1b876,  `mojang_id` = null,  `bedrock_id` = null,  `password` = '$2a$10$UIokuW1/aXPZNd0EQJe3cOiB8kc9HMSWWE7uGNlb9E5Ms2ZfrFtai', `last_ip` = '0:0:0:0:0:0:0:1%0', `creation_date` = 2025-04-29 19:50:21.31, `last_seen` = 2025-04-29 19:53:10.457, `email` = null, `discord` = null, `settings` = '{"settings":[{"value":"survival","key":"last-server"},{"value":"en","key":"language"}],"version":0}' WHERE `ai` = 12" (applied to [last_ip, last_seen, settings] columns)
[2025/04/29 19:53:10]: [nLogin] The user Marko has successfully logged in.
[2025/04/29 20:03:23]: §3[nLogin] [DEBUG] [SQLite] [UPDATE]: "UPDATE `nlogin` SET `last_name` = 'Marko', `unique_id` = 568a023c8d6b39bd9304e90c0aa1b876,  `mojang_id` = null,  `bedrock_id` = null,  `password` = '$2a$10$UIokuW1/aXPZNd0EQJe3cOiB8kc9HMSWWE7uGNlb9E5Ms2ZfrFtai', `last_ip` = '0:0:0:0:0:0:0:1%0', `creation_date` = 2025-04-29 19:50:21.31, `last_seen` = 2025-04-29 20:03:23.034, `email` = null, `discord` = null, `settings` = '{"settings":[{"value":"survival","key":"last-server"},{"value":"en","key":"language"}],"version":0}' WHERE `ai` = 12" (applied to [last_seen, settings] columns)
[2025/04/29 20:05:43]: §3[nLogin] [DEBUG] [SQLite] [UPDATE]: "UPDATE `nlogin` SET `last_name` = 'Marko', `unique_id` = 568a023c8d6b39bd9304e90c0aa1b876,  `mojang_id` = null,  `bedrock_id` = null,  `password` = '$2a$10$UIokuW1/aXPZNd0EQJe3cOiB8kc9HMSWWE7uGNlb9E5Ms2ZfrFtai', `last_ip` = '0:0:0:0:0:0:0:1%0', `creation_date` = 2025-04-29 19:50:21.31, `last_seen` = 2025-04-29 20:05:43.86, `email` = null, `discord` = null, `settings` = '{"settings":[{"value":"survival","key":"last-server"},{"value":"en","key":"language"}],"version":0}' WHERE `ai` = 12" (applied to [last_ip, last_seen, settings] columns)
[2025/04/29 20:05:43]: [nLogin] The user Marko has successfully logged in.
[2025/04/29 20:16:52]: §3[nLogin] [DEBUG] [SQLite] [UPDATE]: "UPDATE `nlogin` SET `last_name` = 'Marko', `unique_id` = 568a023c8d6b39bd9304e90c0aa1b876,  `mojang_id` = null,  `bedrock_id` = null,  `password` = '$2a$10$UIokuW1/aXPZNd0EQJe3cOiB8kc9HMSWWE7uGNlb9E5Ms2ZfrFtai', `last_ip` = '0:0:0:0:0:0:0:1%0', `creation_date` = 2025-04-29 19:50:21.31, `last_seen` = 2025-04-29 20:16:51.997, `email` = null, `discord` = null, `settings` = '{"settings":[{"value":"survival","key":"last-server"},{"value":"en","key":"language"}],"version":0}' WHERE `ai` = 12" (applied to [last_seen, settings] columns)
[2025/04/29 20:17:53]: §3[nLogin] [DEBUG] [SQLite] [UPDATE]: "UPDATE `nlogin` SET `last_name` = 'DARREN', `unique_id` = 783c3da60f593db784d1abca81b138b9,  `mojang_id` = null,  `bedrock_id` = null,  `password` = '$2a$10$yug7xwCdpnLbo4f.hV0ZaeNn5nrIuGndab2oehTtJ/2UCBB7UsCtu', `last_ip` = '0:0:0:0:0:0:0:1%0', `creation_date` = 2025-04-24 21:18:26.942, `last_seen` = 2025-04-29 20:17:53.504, `email` = null, `discord` = null, `settings` = '{"settings":[{"value":"survival","key":"last-server"},{"value":"en","key":"language"}],"version":0}' WHERE `ai` = 1" (applied to [last_seen, settings] columns)
