[2025/05/03 03:18:24]: §9          __             _       
[2025/05/03 03:18:24]: §9  _ __   / /  ___   __ _(_)_ __  
[2025/05/03 03:18:24]: §9 | '_ \ / /  / _ \ / _` | | '_ \ 
[2025/05/03 03:18:24]: §9 | | | / /__| (_) | (_| | | | | |
[2025/05/03 03:18:24]: §9 |_| |_\____/\___/ \__, |_|_| |_|
[2025/05/03 03:18:24]: §9                  |___/            
[2025/05/03 03:18:24]: §9 By: www.nickuc.com - V 10.3.27
[2025/05/03 03:18:24]: §9 
[2025/05/03 03:18:25]: §3[nLogin] [DEBUG] All settings were loaded in 893 ms.
[2025/05/03 03:18:25]: §3[nLogin] [DEBUG] Loading the messages_en.yml message file...
[2025/05/03 03:18:25]: §3[nLogin] [DEBUG] All plugin messages were loaded in 392 ms (languageByClient=false).
[2025/05/03 03:18:25]: §3[nLogin] [DEBUG] All proxy settings were loaded in 50 ms.
[2025/05/03 03:18:25]: §3[nLogin] [DEBUG] Loading database...
[2025/05/03 03:18:27]: §3[nLogin] [DEBUG] Starting logger filter...
[2025/05/03 03:18:32]: 
[2025/05/03 03:18:32]:  §bThank you so much for choosing nLogin! §4<3
[2025/05/03 03:18:32]: 
[2025/05/03 03:18:32]:  §4For your safety, please read the message below:
[2025/05/03 03:18:32]:   §cNever download nLogin from unknown sources.
[2025/05/03 03:18:32]:   §cA modified version may contain malicious software.
[2025/05/03 03:18:32]: 
[2025/05/03 03:18:32]:  §3Trusted sources:
[2025/05/03 03:18:32]:   §bwww.nickuc.com
[2025/05/03 03:18:32]:   §bwww.github.com/nickuc
[2025/05/03 03:18:32]:   §bOpeNLogin installer (from Spigot or GitHub)
[2025/05/03 03:18:32]: 
[2025/05/03 03:18:32]:  §3Official support channels:
[2025/05/03 03:18:32]:   §bDiscord group: §fwww.nickuc.com/discord
[2025/05/03 03:18:32]:   §bDocumentation: §fdocs.nickuc.com/nlogin/
[2025/05/03 03:18:32]:   §bEmail: §fsupport@nickuc.com
[2025/05/03 03:18:32]:   §bYouTube: §fyoutube.com/nickuc
[2025/05/03 03:18:32]: 
[2025/05/03 03:18:32]:  §eTo remove this warning, log in with "nlogin.admin" permission on the server
[2025/05/03 03:18:32]:  §eand click the "Setup plugin" button to configure your plugin.
[2025/05/03 03:18:32]: 
[2025/05/03 03:18:40]: §3[nLogin] [DEBUG] [SQLite] [UPDATE]: "UPDATE `nlogin` SET `last_name` = 'Jason', `unique_id` = e13c5e70767d356589fa98148f3dbd5f,  `mojang_id` = null,  `bedrock_id` = null,  `password` = '$2a$10$3UIn1hqv2bD95vnxTL18/uwlvi/eSSilqMy2QCRJFxAW9/rp8J9cS', `last_ip` = '0:0:0:0:0:0:0:1%0', `creation_date` = 2025-04-24 22:34:45.689, `last_seen` = 2025-05-03 03:18:40.797, `email` = null, `discord` = null, `settings` = '{"settings":[{"value":"survival","key":"last-server"},{"value":"en","key":"language"}],"version":0}' WHERE `ai` = 4" (applied to [last_ip, last_seen, settings] columns)
[2025/05/03 03:18:40]: [nLogin] The user Jason has successfully logged in.
[2025/05/03 03:18:43]: §3[nLogin] [DEBUG] [SQLite] [UPDATE]: "UPDATE `nlogin` SET `last_name` = 'DARREN', `unique_id` = 783c3da60f593db784d1abca81b138b9,  `mojang_id` = null,  `bedrock_id` = null,  `password` = '$2a$10$yug7xwCdpnLbo4f.hV0ZaeNn5nrIuGndab2oehTtJ/2UCBB7UsCtu', `last_ip` = '0:0:0:0:0:0:0:1%0', `creation_date` = 2025-04-24 21:18:26.942, `last_seen` = 2025-05-03 03:18:43.471, `email` = null, `discord` = null, `settings` = '{"settings":[{"value":"survival","key":"last-server"},{"value":"en","key":"language"}],"version":0}' WHERE `ai` = 1" (applied to [last_ip, last_seen, settings] columns)
[2025/05/03 03:18:43]: [nLogin] The user DARREN has successfully logged in.
[2025/05/03 03:26:42]: §3[nLogin] [DEBUG] [SQLite] [UPDATE]: "UPDATE `nlogin` SET `last_name` = 'DARREN', `unique_id` = 783c3da60f593db784d1abca81b138b9,  `mojang_id` = null,  `bedrock_id` = null,  `password` = '$2a$10$yug7xwCdpnLbo4f.hV0ZaeNn5nrIuGndab2oehTtJ/2UCBB7UsCtu', `last_ip` = '0:0:0:0:0:0:0:1%0', `creation_date` = 2025-04-24 21:18:26.942, `last_seen` = 2025-05-03 03:26:42.041, `email` = null, `discord` = null, `settings` = '{"settings":[{"value":"survival","key":"last-server"},{"value":"en","key":"language"}],"version":0}' WHERE `ai` = 1" (applied to [last_seen, settings] columns)
[2025/05/03 03:27:03]: §3[nLogin] [DEBUG] [SQLite] [UPDATE]: "UPDATE `nlogin` SET `last_name` = 'LMMS_ADMIN', `unique_id` = eec0ad9e5122369d89d82f13abe29ec1,  `mojang_id` = null,  `bedrock_id` = null,  `password` = '$2a$10$yW8Onx8u23wk8ccQK1HH9u2.nH8TdattSl.bonchWD9V/yQplKPFK', `last_ip` = '0:0:0:0:0:0:0:1%0', `creation_date` = 2025-04-30 20:26:33.962, `last_seen` = 2025-05-03 03:27:03.521, `email` = null, `discord` = null, `settings` = '{"settings":[{"value":"survival","key":"last-server"},{"value":"en","key":"language"}],"version":0}' WHERE `ai` = 13" (applied to [last_ip, last_seen, settings] columns)
[2025/05/03 03:27:03]: [nLogin] The user LMMS_ADMIN has successfully logged in.
[2025/05/03 04:04:34]: §3[nLogin] [DEBUG] [SQLite] [UPDATE]: "UPDATE `nlogin` SET `last_name` = 'Jason', `unique_id` = e13c5e70767d356589fa98148f3dbd5f,  `mojang_id` = null,  `bedrock_id` = null,  `password` = '$2a$10$3UIn1hqv2bD95vnxTL18/uwlvi/eSSilqMy2QCRJFxAW9/rp8J9cS', `last_ip` = '0:0:0:0:0:0:0:1%0', `creation_date` = 2025-04-24 22:34:45.689, `last_seen` = 2025-05-03 04:04:34.855, `email` = null, `discord` = null, `settings` = '{"settings":[{"value":"survival","key":"last-server"},{"value":"en","key":"language"}],"version":0}' WHERE `ai` = 4" (applied to [last_seen, settings] columns)
[2025/05/03 04:19:35]: §3[nLogin] [DEBUG] [SQLite] [UPDATE]: "UPDATE `nlogin` SET `last_name` = 'LMMS_ADMIN', `unique_id` = eec0ad9e5122369d89d82f13abe29ec1,  `mojang_id` = null,  `bedrock_id` = null,  `password` = '$2a$10$yW8Onx8u23wk8ccQK1HH9u2.nH8TdattSl.bonchWD9V/yQplKPFK', `last_ip` = '0:0:0:0:0:0:0:1%0', `creation_date` = 2025-04-30 20:26:33.962, `last_seen` = 2025-05-03 04:19:35.929, `email` = null, `discord` = null, `settings` = '{"settings":[{"value":"survival","key":"last-server"},{"value":"en","key":"language"}],"version":0}' WHERE `ai` = 13" (applied to [last_seen, settings] columns)
