[2025/05/11 13:48:29]: §9          __             _       
[2025/05/11 13:48:29]: §9  _ __   / /  ___   __ _(_)_ __  
[2025/05/11 13:48:29]: §9 | '_ \ / /  / _ \ / _` | | '_ \ 
[2025/05/11 13:48:29]: §9 | | | / /__| (_) | (_| | | | | |
[2025/05/11 13:48:29]: §9 |_| |_\____/\___/ \__, |_|_| |_|
[2025/05/11 13:48:29]: §9                  |___/            
[2025/05/11 13:48:29]: §9 By: www.nickuc.com - V 10.3.27
[2025/05/11 13:48:29]: §9 
[2025/05/11 13:48:30]: §3[nLogin] [DEBUG] All settings were loaded in 653 ms.
[2025/05/11 13:48:30]: §3[nLogin] [DEBUG] Loading the messages_en.yml message file...
[2025/05/11 13:48:30]: §3[nLogin] [DEBUG] All plugin messages were loaded in 285 ms (languageByClient=false).
[2025/05/11 13:48:30]: §3[nLogin] [DEBUG] All proxy settings were loaded in 18 ms.
[2025/05/11 13:48:30]: §3[nLogin] [DEBUG] Loading database...
[2025/05/11 13:48:31]: §3[nLogin] [DEBUG] Starting logger filter...
[2025/05/11 13:48:36]: 
[2025/05/11 13:48:37]:  §bThank you so much for choosing nLogin! §4<3
[2025/05/11 13:48:37]: 
[2025/05/11 13:48:37]:  §4For your safety, please read the message below:
[2025/05/11 13:48:37]:   §cNever download nLogin from unknown sources.
[2025/05/11 13:48:37]:   §cA modified version may contain malicious software.
[2025/05/11 13:48:37]: 
[2025/05/11 13:48:37]:  §3Trusted sources:
[2025/05/11 13:48:37]:   §bwww.nickuc.com
[2025/05/11 13:48:37]:   §bwww.github.com/nickuc
[2025/05/11 13:48:37]:   §bOpeNLogin installer (from Spigot or GitHub)
[2025/05/11 13:48:37]: 
[2025/05/11 13:48:37]:  §3Official support channels:
[2025/05/11 13:48:37]:   §bDiscord group: §fwww.nickuc.com/discord
[2025/05/11 13:48:37]:   §bDocumentation: §fdocs.nickuc.com/nlogin/
[2025/05/11 13:48:37]:   §bEmail: §fsupport@nickuc.com
[2025/05/11 13:48:37]:   §bYouTube: §fyoutube.com/nickuc
[2025/05/11 13:48:37]: 
[2025/05/11 13:48:37]:  §eTo remove this warning, log in with "nlogin.admin" permission on the server
[2025/05/11 13:48:37]:  §eand click the "Setup plugin" button to configure your plugin.
[2025/05/11 13:48:37]: 
[2025/05/11 13:48:47]: §3[nLogin] [DEBUG] [SQLite] [UPDATE]: "UPDATE `nlogin` SET `last_name` = 'DARREN', `unique_id` = 783c3da60f593db784d1abca81b138b9,  `mojang_id` = null,  `bedrock_id` = null,  `password` = '$2a$10$yug7xwCdpnLbo4f.hV0ZaeNn5nrIuGndab2oehTtJ/2UCBB7UsCtu', `last_ip` = '0:0:0:0:0:0:0:1%0', `creation_date` = 2025-04-24 21:18:26.942, `last_seen` = 2025-05-11 13:48:47.104, `email` = null, `discord` = null, `settings` = '{"settings":[{"value":"survival","key":"last-server"},{"value":"en","key":"language"}],"version":0}' WHERE `ai` = 1" (applied to [last_ip, last_seen, settings] columns)
[2025/05/11 13:48:47]: [nLogin] The user DARREN has successfully logged in.
[2025/05/11 13:50:30]: §3[nLogin] [DEBUG] [SQLite] [UPDATE]: "UPDATE `nlogin` SET `last_name` = 'DARREN', `unique_id` = 783c3da60f593db784d1abca81b138b9,  `mojang_id` = null,  `bedrock_id` = null,  `password` = '$2a$10$yug7xwCdpnLbo4f.hV0ZaeNn5nrIuGndab2oehTtJ/2UCBB7UsCtu', `last_ip` = '0:0:0:0:0:0:0:1%0', `creation_date` = 2025-04-24 21:18:26.942, `last_seen` = 2025-05-11 13:50:30.396, `email` = null, `discord` = null, `settings` = '{"settings":[{"value":"survival","key":"last-server"},{"value":"en","key":"language"}],"version":0}' WHERE `ai` = 1" (applied to [last_seen, settings] columns)
[2025/05/11 13:51:54]: §3[nLogin] [DEBUG] The DARREN (0:0:0:0:0:0:0:1%0) player entered an incorrect password
[2025/05/11 13:52:58]: §3[nLogin] [DEBUG] [SQLite] [UPDATE]: "UPDATE `nlogin` SET `last_name` = 'DARREN', `unique_id` = 783c3da60f593db784d1abca81b138b9,  `mojang_id` = null,  `bedrock_id` = null,  `password` = '$2a$10$yug7xwCdpnLbo4f.hV0ZaeNn5nrIuGndab2oehTtJ/2UCBB7UsCtu', `last_ip` = '0:0:0:0:0:0:0:1%0', `creation_date` = 2025-04-24 21:18:26.942, `last_seen` = 2025-05-11 13:52:58.991, `email` = null, `discord` = null, `settings` = '{"settings":[{"value":"survival","key":"last-server"},{"value":"en","key":"language"}],"version":0}' WHERE `ai` = 1" (applied to [last_ip, last_seen, settings] columns)
[2025/05/11 13:52:59]: [nLogin] The user DARREN has successfully logged in.
[2025/05/11 13:53:38]: §3[nLogin] [DEBUG] [SQLite] [UPDATE]: "UPDATE `nlogin` SET `last_name` = 'David_M', `unique_id` = c7c3a2502ebb3ee49bc09f25e8be29c9,  `mojang_id` = null,  `bedrock_id` = null,  `password` = '$2a$10$wU60URh.PrZbrgnYLoze/uj26Qw589fOV88g1Mq6zHXpmhqHdvEvG', `last_ip` = '0:0:0:0:0:0:0:1%0', `creation_date` = 2025-04-25 19:02:30.13, `last_seen` = 2025-05-11 13:53:38.494, `email` = null, `discord` = null, `settings` = '{"settings":[{"value":"survival","key":"last-server"},{"value":"en","key":"language"}],"version":0}' WHERE `ai` = 7" (applied to [last_ip, last_seen, settings] columns)
[2025/05/11 13:53:38]: [nLogin] The user David_M has successfully logged in.
[2025/05/11 13:57:01]: §3[nLogin] [DEBUG] [SQLite] [UPDATE]: "UPDATE `nlogin` SET `last_name` = 'DARREN', `unique_id` = 783c3da60f593db784d1abca81b138b9,  `mojang_id` = null,  `bedrock_id` = null,  `password` = '$2a$10$yug7xwCdpnLbo4f.hV0ZaeNn5nrIuGndab2oehTtJ/2UCBB7UsCtu', `last_ip` = '0:0:0:0:0:0:0:1%0', `creation_date` = 2025-04-24 21:18:26.942, `last_seen` = 2025-05-11 13:57:01.916, `email` = null, `discord` = null, `settings` = '{"settings":[{"value":"survival","key":"last-server"},{"value":"en","key":"language"}],"version":0}' WHERE `ai` = 1" (applied to [last_seen, settings] columns)
[2025/05/11 14:07:06]: §3[nLogin] [DEBUG] [SQLite] [UPDATE]: "UPDATE `nlogin` SET `last_name` = 'David_M', `unique_id` = c7c3a2502ebb3ee49bc09f25e8be29c9,  `mojang_id` = null,  `bedrock_id` = null,  `password` = '$2a$10$wU60URh.PrZbrgnYLoze/uj26Qw589fOV88g1Mq6zHXpmhqHdvEvG', `last_ip` = '0:0:0:0:0:0:0:1%0', `creation_date` = 2025-04-25 19:02:30.13, `last_seen` = 2025-05-11 14:07:06.507, `email` = null, `discord` = null, `settings` = '{"settings":[{"value":"survival","key":"last-server"},{"value":"en","key":"language"}],"version":0}' WHERE `ai` = 7" (applied to [last_seen, settings] columns)
[2025/05/11 14:11:43]: §3[nLogin] [DEBUG] [SQLite] [UPDATE]: "UPDATE `nlogin` SET `last_name` = 'David_M', `unique_id` = c7c3a2502ebb3ee49bc09f25e8be29c9,  `mojang_id` = null,  `bedrock_id` = null,  `password` = '$2a$10$wU60URh.PrZbrgnYLoze/uj26Qw589fOV88g1Mq6zHXpmhqHdvEvG', `last_ip` = '0:0:0:0:0:0:0:1%0', `creation_date` = 2025-04-25 19:02:30.13, `last_seen` = 2025-05-11 14:11:43.744, `email` = null, `discord` = null, `settings` = '{"settings":[{"value":"survival","key":"last-server"},{"value":"en","key":"language"}],"version":0}' WHERE `ai` = 7" (applied to [last_ip, last_seen, settings] columns)
[2025/05/11 14:11:43]: [nLogin] The user David_M has successfully logged in.
[2025/05/11 14:14:26]: §3[nLogin] [DEBUG] [SQLite] [UPDATE]: "UPDATE `nlogin` SET `last_name` = 'DARREN', `unique_id` = 783c3da60f593db784d1abca81b138b9,  `mojang_id` = null,  `bedrock_id` = null,  `password` = '$2a$10$yug7xwCdpnLbo4f.hV0ZaeNn5nrIuGndab2oehTtJ/2UCBB7UsCtu', `last_ip` = '0:0:0:0:0:0:0:1%0', `creation_date` = 2025-04-24 21:18:26.942, `last_seen` = 2025-05-11 14:14:26.048, `email` = null, `discord` = null, `settings` = '{"settings":[{"value":"survival","key":"last-server"},{"value":"en","key":"language"}],"version":0}' WHERE `ai` = 1" (applied to [last_ip, last_seen, settings] columns)
[2025/05/11 14:14:26]: [nLogin] The user DARREN has successfully logged in.
[2025/05/11 14:24:09]: §3[nLogin] [DEBUG] [SQLite] [UPDATE]: "UPDATE `nlogin` SET `last_name` = 'Jason', `unique_id` = e13c5e70767d356589fa98148f3dbd5f,  `mojang_id` = null,  `bedrock_id` = null,  `password` = '$2a$10$3UIn1hqv2bD95vnxTL18/uwlvi/eSSilqMy2QCRJFxAW9/rp8J9cS', `last_ip` = '0:0:0:0:0:0:0:1%0', `creation_date` = 2025-04-24 22:34:45.689, `last_seen` = 2025-05-11 14:24:09.777, `email` = null, `discord` = null, `settings` = '{"settings":[{"value":"lobby","key":"last-server"},{"value":"en","key":"language"}],"version":0}' WHERE `ai` = 4" (applied to [last_ip, last_seen, settings] columns)
[2025/05/11 14:24:09]: [nLogin] The user Jason has successfully logged in.
[2025/05/11 14:25:07]: §3[nLogin] [DEBUG] [SQLite] [UPDATE]: "UPDATE `nlogin` SET `last_name` = 'David_M', `unique_id` = c7c3a2502ebb3ee49bc09f25e8be29c9,  `mojang_id` = null,  `bedrock_id` = null,  `password` = '$2a$10$wU60URh.PrZbrgnYLoze/uj26Qw589fOV88g1Mq6zHXpmhqHdvEvG', `last_ip` = '0:0:0:0:0:0:0:1%0', `creation_date` = 2025-04-25 19:02:30.13, `last_seen` = 2025-05-11 14:25:07.61, `email` = null, `discord` = null, `settings` = '{"settings":[{"value":"survival","key":"last-server"},{"value":"en","key":"language"}],"version":0}' WHERE `ai` = 7" (applied to [last_seen, settings] columns)
[2025/05/11 14:25:15]: §3[nLogin] [DEBUG] The David_M (0:0:0:0:0:0:0:1%0) player entered an incorrect password
[2025/05/11 14:25:22]: §3[nLogin] [DEBUG] [SQLite] [UPDATE]: "UPDATE `nlogin` SET `last_name` = 'David_M', `unique_id` = c7c3a2502ebb3ee49bc09f25e8be29c9,  `mojang_id` = null,  `bedrock_id` = null,  `password` = '$2a$10$wU60URh.PrZbrgnYLoze/uj26Qw589fOV88g1Mq6zHXpmhqHdvEvG', `last_ip` = '0:0:0:0:0:0:0:1%0', `creation_date` = 2025-04-25 19:02:30.13, `last_seen` = 2025-05-11 14:25:22.345, `email` = null, `discord` = null, `settings` = '{"settings":[{"value":"survival","key":"last-server"},{"value":"en","key":"language"}],"version":0}' WHERE `ai` = 7" (applied to [last_ip, last_seen, settings] columns)
[2025/05/11 14:25:22]: [nLogin] The user David_M has successfully logged in.
[2025/05/11 14:25:47]: §3[nLogin] [DEBUG] [SQLite] [UPDATE]: "UPDATE `nlogin` SET `last_name` = 'David_M', `unique_id` = c7c3a2502ebb3ee49bc09f25e8be29c9,  `mojang_id` = null,  `bedrock_id` = null,  `password` = '$2a$10$wU60URh.PrZbrgnYLoze/uj26Qw589fOV88g1Mq6zHXpmhqHdvEvG', `last_ip` = '0:0:0:0:0:0:0:1%0', `creation_date` = 2025-04-25 19:02:30.13, `last_seen` = 2025-05-11 14:25:47.058, `email` = null, `discord` = null, `settings` = '{"settings":[{"value":"survival","key":"last-server"},{"value":"en","key":"language"}],"version":0}' WHERE `ai` = 7" (applied to [last_seen, settings] columns)
[2025/05/11 14:27:02]: §3[nLogin] [DEBUG] [SQLite] [UPDATE]: "UPDATE `nlogin` SET `last_name` = 'DARREN', `unique_id` = 783c3da60f593db784d1abca81b138b9,  `mojang_id` = null,  `bedrock_id` = null,  `password` = '$2a$10$yug7xwCdpnLbo4f.hV0ZaeNn5nrIuGndab2oehTtJ/2UCBB7UsCtu', `last_ip` = '0:0:0:0:0:0:0:1%0', `creation_date` = 2025-04-24 21:18:26.942, `last_seen` = 2025-05-11 14:27:02.727, `email` = null, `discord` = null, `settings` = '{"settings":[{"value":"survival","key":"last-server"},{"value":"en","key":"language"}],"version":0}' WHERE `ai` = 1" (applied to [last_seen, settings] columns)
[2025/05/11 14:31:17]: §3[nLogin] [DEBUG] [SQLite] [UPDATE]: "UPDATE `nlogin` SET `last_name` = 'David_M', `unique_id` = c7c3a2502ebb3ee49bc09f25e8be29c9,  `mojang_id` = null,  `bedrock_id` = null,  `password` = '$2a$10$wU60URh.PrZbrgnYLoze/uj26Qw589fOV88g1Mq6zHXpmhqHdvEvG', `last_ip` = '0:0:0:0:0:0:0:1%0', `creation_date` = 2025-04-25 19:02:30.13, `last_seen` = 2025-05-11 14:31:17.642, `email` = null, `discord` = null, `settings` = '{"settings":[{"value":"survival","key":"last-server"},{"value":"en","key":"language"}],"version":0}' WHERE `ai` = 7" (applied to [last_ip, last_seen, settings] columns)
[2025/05/11 14:31:17]: [nLogin] The user David_M has successfully logged in.
[2025/05/11 14:35:42]: §3[nLogin] [DEBUG] The DARREN (0:0:0:0:0:0:0:1%0) player entered an incorrect password
[2025/05/11 14:35:49]: §3[nLogin] [DEBUG] [SQLite] [UPDATE]: "UPDATE `nlogin` SET `last_name` = 'DARREN', `unique_id` = 783c3da60f593db784d1abca81b138b9,  `mojang_id` = null,  `bedrock_id` = null,  `password` = '$2a$10$yug7xwCdpnLbo4f.hV0ZaeNn5nrIuGndab2oehTtJ/2UCBB7UsCtu', `last_ip` = '0:0:0:0:0:0:0:1%0', `creation_date` = 2025-04-24 21:18:26.942, `last_seen` = 2025-05-11 14:35:49.232, `email` = null, `discord` = null, `settings` = '{"settings":[{"value":"survival","key":"last-server"},{"value":"en","key":"language"}],"version":0}' WHERE `ai` = 1" (applied to [last_ip, last_seen, settings] columns)
[2025/05/11 14:35:49]: [nLogin] The user DARREN has successfully logged in.
[2025/05/11 14:42:58]: §3[nLogin] [DEBUG] [SQLite] [UPDATE]: "UPDATE `nlogin` SET `last_name` = 'Marko', `unique_id` = 568a023c8d6b39bd9304e90c0aa1b876,  `mojang_id` = null,  `bedrock_id` = null,  `password` = '$2a$10$UIokuW1/aXPZNd0EQJe3cOiB8kc9HMSWWE7uGNlb9E5Ms2ZfrFtai', `last_ip` = '0:0:0:0:0:0:0:1%0', `creation_date` = 2025-04-29 19:50:21.31, `last_seen` = 2025-05-11 14:42:58.949, `email` = null, `discord` = null, `settings` = '{"settings":[{"value":"lobby","key":"last-server"},{"value":"en","key":"language"}],"version":0}' WHERE `ai` = 12" (applied to [last_ip, last_seen, settings] columns)
[2025/05/11 14:42:58]: [nLogin] The user Marko has successfully logged in.
[2025/05/11 14:48:08]: §3[nLogin] [DEBUG] [SQLite] [UPDATE]: "UPDATE `nlogin` SET `last_name` = 'David_M', `unique_id` = c7c3a2502ebb3ee49bc09f25e8be29c9,  `mojang_id` = null,  `bedrock_id` = null,  `password` = '$2a$10$wU60URh.PrZbrgnYLoze/uj26Qw589fOV88g1Mq6zHXpmhqHdvEvG', `last_ip` = '0:0:0:0:0:0:0:1%0', `creation_date` = 2025-04-25 19:02:30.13, `last_seen` = 2025-05-11 14:48:08.048, `email` = null, `discord` = null, `settings` = '{"settings":[{"value":"survival","key":"last-server"},{"value":"en","key":"language"}],"version":0}' WHERE `ai` = 7" (applied to [last_seen, settings] columns)
[2025/05/11 14:49:37]: §3[nLogin] [DEBUG] [SQLite] [UPDATE]: "UPDATE `nlogin` SET `last_name` = 'David_M', `unique_id` = c7c3a2502ebb3ee49bc09f25e8be29c9,  `mojang_id` = null,  `bedrock_id` = null,  `password` = '$2a$10$wU60URh.PrZbrgnYLoze/uj26Qw589fOV88g1Mq6zHXpmhqHdvEvG', `last_ip` = '0:0:0:0:0:0:0:1%0', `creation_date` = 2025-04-25 19:02:30.13, `last_seen` = 2025-05-11 14:49:37.924, `email` = null, `discord` = null, `settings` = '{"settings":[{"value":"survival","key":"last-server"},{"value":"en","key":"language"}],"version":0}' WHERE `ai` = 7" (applied to [last_ip, last_seen, settings] columns)
[2025/05/11 14:49:37]: [nLogin] The user David_M has successfully logged in.
[2025/05/11 14:49:52]: §3[nLogin] [DEBUG] [SQLite] [UPDATE]: "UPDATE `nlogin` SET `last_name` = 'David_M', `unique_id` = c7c3a2502ebb3ee49bc09f25e8be29c9,  `mojang_id` = null,  `bedrock_id` = null,  `password` = '$2a$10$wU60URh.PrZbrgnYLoze/uj26Qw589fOV88g1Mq6zHXpmhqHdvEvG', `last_ip` = '0:0:0:0:0:0:0:1%0', `creation_date` = 2025-04-25 19:02:30.13, `last_seen` = 2025-05-11 14:49:52.839, `email` = null, `discord` = null, `settings` = '{"settings":[{"value":"survival","key":"last-server"},{"value":"en","key":"language"}],"version":0}' WHERE `ai` = 7" (applied to [last_seen, settings] columns)
[2025/05/11 14:50:26]: §3[nLogin] [DEBUG] [SQLite] [UPDATE]: "UPDATE `nlogin` SET `last_name` = 'David_M', `unique_id` = c7c3a2502ebb3ee49bc09f25e8be29c9,  `mojang_id` = null,  `bedrock_id` = null,  `password` = '$2a$10$wU60URh.PrZbrgnYLoze/uj26Qw589fOV88g1Mq6zHXpmhqHdvEvG', `last_ip` = '0:0:0:0:0:0:0:1%0', `creation_date` = 2025-04-25 19:02:30.13, `last_seen` = 2025-05-11 14:50:26.449, `email` = null, `discord` = null, `settings` = '{"settings":[{"value":"survival","key":"last-server"},{"value":"en","key":"language"}],"version":0}' WHERE `ai` = 7" (applied to [last_ip, last_seen, settings] columns)
[2025/05/11 14:50:26]: [nLogin] The user David_M has successfully logged in.
[2025/05/11 14:53:15]: §3[nLogin] [DEBUG] [SQLite] [UPDATE]: "UPDATE `nlogin` SET `last_name` = 'David_M', `unique_id` = c7c3a2502ebb3ee49bc09f25e8be29c9,  `mojang_id` = null,  `bedrock_id` = null,  `password` = '$2a$10$wU60URh.PrZbrgnYLoze/uj26Qw589fOV88g1Mq6zHXpmhqHdvEvG', `last_ip` = '0:0:0:0:0:0:0:1%0', `creation_date` = 2025-04-25 19:02:30.13, `last_seen` = 2025-05-11 14:53:15.647, `email` = null, `discord` = null, `settings` = '{"settings":[{"value":"survival","key":"last-server"},{"value":"en","key":"language"}],"version":0}' WHERE `ai` = 7" (applied to [last_seen, settings] columns)
[2025/05/11 14:55:26]: §3[nLogin] [DEBUG] [SQLite] [UPDATE]: "UPDATE `nlogin` SET `last_name` = 'David_M', `unique_id` = c7c3a2502ebb3ee49bc09f25e8be29c9,  `mojang_id` = null,  `bedrock_id` = null,  `password` = '$2a$10$wU60URh.PrZbrgnYLoze/uj26Qw589fOV88g1Mq6zHXpmhqHdvEvG', `last_ip` = '0:0:0:0:0:0:0:1%0', `creation_date` = 2025-04-25 19:02:30.13, `last_seen` = 2025-05-11 14:55:26.18, `email` = null, `discord` = null, `settings` = '{"settings":[{"value":"survival","key":"last-server"},{"value":"en","key":"language"}],"version":0}' WHERE `ai` = 7" (applied to [last_ip, last_seen, settings] columns)
[2025/05/11 14:55:26]: [nLogin] The user David_M has successfully logged in.
[2025/05/11 15:02:56]: §3[nLogin] [DEBUG] [SQLite] [UPDATE]: "UPDATE `nlogin` SET `last_name` = 'DARREN', `unique_id` = 783c3da60f593db784d1abca81b138b9,  `mojang_id` = null,  `bedrock_id` = null,  `password` = '$2a$10$yug7xwCdpnLbo4f.hV0ZaeNn5nrIuGndab2oehTtJ/2UCBB7UsCtu', `last_ip` = '0:0:0:0:0:0:0:1%0', `creation_date` = 2025-04-24 21:18:26.942, `last_seen` = 2025-05-11 15:02:56.407, `email` = null, `discord` = null, `settings` = '{"settings":[{"value":"survival","key":"last-server"},{"value":"en","key":"language"}],"version":0}' WHERE `ai` = 1" (applied to [last_seen, settings] columns)
[2025/05/11 15:03:09]: §3[nLogin] [DEBUG] [SQLite] [UPDATE]: "UPDATE `nlogin` SET `last_name` = 'LMMS_ADMIN', `unique_id` = eec0ad9e5122369d89d82f13abe29ec1,  `mojang_id` = null,  `bedrock_id` = null,  `password` = '$2a$10$yW8Onx8u23wk8ccQK1HH9u2.nH8TdattSl.bonchWD9V/yQplKPFK', `last_ip` = '0:0:0:0:0:0:0:1%0', `creation_date` = 2025-04-30 20:26:33.962, `last_seen` = 2025-05-11 15:03:09.784, `email` = null, `discord` = null, `settings` = '{"settings":[{"value":"survival","key":"last-server"},{"value":"en","key":"language"}],"version":0}' WHERE `ai` = 13" (applied to [last_ip, last_seen, settings] columns)
[2025/05/11 15:03:09]: [nLogin] The user LMMS_ADMIN has successfully logged in.
[2025/05/11 15:10:33]: §3[nLogin] [DEBUG] [SQLite] [UPDATE]: "UPDATE `nlogin` SET `last_name` = 'Ryan_L', `unique_id` = 8b4c7026a2a4393d9e16ed14af3207cc,  `mojang_id` = null,  `bedrock_id` = null,  `password` = '$2a$10$DkRcxfpRkDgpUMrfkd4Je.HJS70tc0/D/fOu/Jr/yUPd3.n9U6/CS', `last_ip` = '0:0:0:0:0:0:0:1%0', `creation_date` = 2025-04-24 22:33:18.043, `last_seen` = 2025-05-11 15:10:33.729, `email` = null, `discord` = null, `settings` = '{"settings":[{"value":"survival","key":"last-server"},{"value":"en","key":"language"}],"version":0}' WHERE `ai` = 3" (applied to [last_ip, last_seen, settings] columns)
[2025/05/11 15:10:33]: [nLogin] The user Ryan_L has successfully logged in.
[2025/05/11 15:10:42]: §3[nLogin] [DEBUG] [SQLite] [UPDATE]: "UPDATE `nlogin` SET `last_name` = 'Ryan_L', `unique_id` = 8b4c7026a2a4393d9e16ed14af3207cc,  `mojang_id` = null,  `bedrock_id` = null,  `password` = '$2a$10$DkRcxfpRkDgpUMrfkd4Je.HJS70tc0/D/fOu/Jr/yUPd3.n9U6/CS', `last_ip` = '0:0:0:0:0:0:0:1%0', `creation_date` = 2025-04-24 22:33:18.043, `last_seen` = 2025-05-11 15:10:42.248, `email` = null, `discord` = null, `settings` = '{"settings":[{"value":"survival","key":"last-server"},{"value":"en","key":"language"}],"version":0}' WHERE `ai` = 3" (applied to [last_seen, settings] columns)
[2025/05/11 15:11:08]: §3[nLogin] [DEBUG] [SQLite] [UPDATE]: "UPDATE `nlogin` SET `last_name` = 'Ryan_L', `unique_id` = 8b4c7026a2a4393d9e16ed14af3207cc,  `mojang_id` = null,  `bedrock_id` = null,  `password` = '$2a$10$DkRcxfpRkDgpUMrfkd4Je.HJS70tc0/D/fOu/Jr/yUPd3.n9U6/CS', `last_ip` = '0:0:0:0:0:0:0:1%0', `creation_date` = 2025-04-24 22:33:18.043, `last_seen` = 2025-05-11 15:11:08.226, `email` = null, `discord` = null, `settings` = '{"settings":[{"value":"survival","key":"last-server"},{"value":"en","key":"language"}],"version":0}' WHERE `ai` = 3" (applied to [last_ip, last_seen, settings] columns)
[2025/05/11 15:11:08]: [nLogin] The user Ryan_L has successfully logged in.
[2025/05/11 15:13:58]: §3[nLogin] [DEBUG] [SQLite] [UPDATE]: "UPDATE `nlogin` SET `last_name` = 'LMMS_ADMIN', `unique_id` = eec0ad9e5122369d89d82f13abe29ec1,  `mojang_id` = null,  `bedrock_id` = null,  `password` = '$2a$10$yW8Onx8u23wk8ccQK1HH9u2.nH8TdattSl.bonchWD9V/yQplKPFK', `last_ip` = '0:0:0:0:0:0:0:1%0', `creation_date` = 2025-04-30 20:26:33.962, `last_seen` = 2025-05-11 15:13:58.687, `email` = null, `discord` = null, `settings` = '{"settings":[{"value":"survival","key":"last-server"},{"value":"en","key":"language"}],"version":0}' WHERE `ai` = 13" (applied to [last_seen, settings] columns)
[2025/05/11 15:14:09]: §3[nLogin] [DEBUG] [SQLite] [UPDATE]: "UPDATE `nlogin` SET `last_name` = 'DARREN', `unique_id` = 783c3da60f593db784d1abca81b138b9,  `mojang_id` = null,  `bedrock_id` = null,  `password` = '$2a$10$yug7xwCdpnLbo4f.hV0ZaeNn5nrIuGndab2oehTtJ/2UCBB7UsCtu', `last_ip` = '0:0:0:0:0:0:0:1%0', `creation_date` = 2025-04-24 21:18:26.942, `last_seen` = 2025-05-11 15:14:09.32, `email` = null, `discord` = null, `settings` = '{"settings":[{"value":"survival","key":"last-server"},{"value":"en","key":"language"}],"version":0}' WHERE `ai` = 1" (applied to [last_ip, last_seen, settings] columns)
[2025/05/11 15:14:09]: [nLogin] The user DARREN has successfully logged in.
[2025/05/11 15:15:29]: §3[nLogin] [DEBUG] [SQLite] [UPDATE]: "UPDATE `nlogin` SET `last_name` = 'Ryan_L', `unique_id` = 8b4c7026a2a4393d9e16ed14af3207cc,  `mojang_id` = null,  `bedrock_id` = null,  `password` = '$2a$10$DkRcxfpRkDgpUMrfkd4Je.HJS70tc0/D/fOu/Jr/yUPd3.n9U6/CS', `last_ip` = '0:0:0:0:0:0:0:1%0', `creation_date` = 2025-04-24 22:33:18.043, `last_seen` = 2025-05-11 15:15:29.061, `email` = null, `discord` = null, `settings` = '{"settings":[{"value":"survival","key":"last-server"},{"value":"en","key":"language"}],"version":0}' WHERE `ai` = 3" (applied to [last_seen, settings] columns)
[2025/05/11 15:17:08]: §3[nLogin] [DEBUG] [SQLite] [UPDATE]: "UPDATE `nlogin` SET `last_name` = 'David_M', `unique_id` = c7c3a2502ebb3ee49bc09f25e8be29c9,  `mojang_id` = null,  `bedrock_id` = null,  `password` = '$2a$10$wU60URh.PrZbrgnYLoze/uj26Qw589fOV88g1Mq6zHXpmhqHdvEvG', `last_ip` = '0:0:0:0:0:0:0:1%0', `creation_date` = 2025-04-25 19:02:30.13, `last_seen` = 2025-05-11 15:17:08.045, `email` = null, `discord` = null, `settings` = '{"settings":[{"value":"survival","key":"last-server"},{"value":"en","key":"language"}],"version":0}' WHERE `ai` = 7" (applied to [last_seen, settings] columns)
[2025/05/11 15:18:52]: §3[nLogin] [DEBUG] [SQLite] [UPDATE]: "UPDATE `nlogin` SET `last_name` = 'Ryan_L', `unique_id` = 8b4c7026a2a4393d9e16ed14af3207cc,  `mojang_id` = null,  `bedrock_id` = null,  `password` = '$2a$10$DkRcxfpRkDgpUMrfkd4Je.HJS70tc0/D/fOu/Jr/yUPd3.n9U6/CS', `last_ip` = '0:0:0:0:0:0:0:1%0', `creation_date` = 2025-04-24 22:33:18.043, `last_seen` = 2025-05-11 15:18:51.989, `email` = null, `discord` = null, `settings` = '{"settings":[{"value":"survival","key":"last-server"},{"value":"en","key":"language"}],"version":0}' WHERE `ai` = 3" (applied to [last_ip, last_seen, settings] columns)
[2025/05/11 15:18:52]: [nLogin] The user Ryan_L has successfully logged in.
[2025/05/11 15:22:26]: §3[nLogin] [DEBUG] [SQLite] [UPDATE]: "UPDATE `nlogin` SET `last_name` = 'Marko', `unique_id` = 568a023c8d6b39bd9304e90c0aa1b876,  `mojang_id` = null,  `bedrock_id` = null,  `password` = '$2a$10$UIokuW1/aXPZNd0EQJe3cOiB8kc9HMSWWE7uGNlb9E5Ms2ZfrFtai', `last_ip` = '0:0:0:0:0:0:0:1%0', `creation_date` = 2025-04-29 19:50:21.31, `last_seen` = 2025-05-11 15:22:26.621, `email` = null, `discord` = null, `settings` = '{"settings":[{"value":"survival","key":"last-server"},{"value":"en","key":"language"}],"version":0}' WHERE `ai` = 12" (applied to [last_seen, settings] columns)
[2025/05/11 15:22:39]: §3[nLogin] [DEBUG] [SQLite] [UPDATE]: "UPDATE `nlogin` SET `last_name` = 'Marko', `unique_id` = 568a023c8d6b39bd9304e90c0aa1b876,  `mojang_id` = null,  `bedrock_id` = null,  `password` = '$2a$10$UIokuW1/aXPZNd0EQJe3cOiB8kc9HMSWWE7uGNlb9E5Ms2ZfrFtai', `last_ip` = '0:0:0:0:0:0:0:1%0', `creation_date` = 2025-04-29 19:50:21.31, `last_seen` = 2025-05-11 15:22:39.141, `email` = null, `discord` = null, `settings` = '{"settings":[{"value":"survival","key":"last-server"},{"value":"en","key":"language"}],"version":0}' WHERE `ai` = 12" (applied to [last_ip, last_seen, settings] columns)
[2025/05/11 15:22:39]: [nLogin] The user Marko has successfully logged in.
[2025/05/11 15:32:25]: §3[nLogin] [DEBUG] [SQLite] [UPDATE]: "UPDATE `nlogin` SET `last_name` = 'Jason', `unique_id` = e13c5e70767d356589fa98148f3dbd5f,  `mojang_id` = null,  `bedrock_id` = null,  `password` = '$2a$10$3UIn1hqv2bD95vnxTL18/uwlvi/eSSilqMy2QCRJFxAW9/rp8J9cS', `last_ip` = '0:0:0:0:0:0:0:1%0', `creation_date` = 2025-04-24 22:34:45.689, `last_seen` = 2025-05-11 15:32:25.32, `email` = null, `discord` = null, `settings` = '{"settings":[{"value":"survival","key":"last-server"},{"value":"en","key":"language"}],"version":0}' WHERE `ai` = 4" (applied to [last_seen, settings] columns)
[2025/05/11 15:32:38]: §3[nLogin] [DEBUG] [SQLite] [UPDATE]: "UPDATE `nlogin` SET `last_name` = 'Ryan_L', `unique_id` = 8b4c7026a2a4393d9e16ed14af3207cc,  `mojang_id` = null,  `bedrock_id` = null,  `password` = '$2a$10$DkRcxfpRkDgpUMrfkd4Je.HJS70tc0/D/fOu/Jr/yUPd3.n9U6/CS', `last_ip` = '0:0:0:0:0:0:0:1%0', `creation_date` = 2025-04-24 22:33:18.043, `last_seen` = 2025-05-11 15:32:38.016, `email` = null, `discord` = null, `settings` = '{"settings":[{"value":"survival","key":"last-server"},{"value":"en","key":"language"}],"version":0}' WHERE `ai` = 3" (applied to [last_seen, settings] columns)
[2025/05/11 15:34:08]: §3[nLogin] [DEBUG] [SQLite] [UPDATE]: "UPDATE `nlogin` SET `last_name` = 'Jason', `unique_id` = e13c5e70767d356589fa98148f3dbd5f,  `mojang_id` = null,  `bedrock_id` = null,  `password` = '$2a$10$3UIn1hqv2bD95vnxTL18/uwlvi/eSSilqMy2QCRJFxAW9/rp8J9cS', `last_ip` = '0:0:0:0:0:0:0:1%0', `creation_date` = 2025-04-24 22:34:45.689, `last_seen` = 2025-05-11 15:34:08.605, `email` = null, `discord` = null, `settings` = '{"settings":[{"value":"survival","key":"last-server"},{"value":"en","key":"language"}],"version":0}' WHERE `ai` = 4" (applied to [last_ip, last_seen, settings] columns)
[2025/05/11 15:34:08]: [nLogin] The user Jason has successfully logged in.
[2025/05/11 15:36:28]: §3[nLogin] [DEBUG] [SQLite] [UPDATE]: "UPDATE `nlogin` SET `last_name` = 'Ryan_L', `unique_id` = 8b4c7026a2a4393d9e16ed14af3207cc,  `mojang_id` = null,  `bedrock_id` = null,  `password` = '$2a$10$DkRcxfpRkDgpUMrfkd4Je.HJS70tc0/D/fOu/Jr/yUPd3.n9U6/CS', `last_ip` = '0:0:0:0:0:0:0:1%0', `creation_date` = 2025-04-24 22:33:18.043, `last_seen` = 2025-05-11 15:36:28.349, `email` = null, `discord` = null, `settings` = '{"settings":[{"value":"survival","key":"last-server"},{"value":"en","key":"language"}],"version":0}' WHERE `ai` = 3" (applied to [last_ip, last_seen, settings] columns)
[2025/05/11 15:36:28]: [nLogin] The user Ryan_L has successfully logged in.
[2025/05/11 15:36:41]: §3[nLogin] [DEBUG] [SQLite] [UPDATE]: "UPDATE `nlogin` SET `last_name` = 'Ryan_L', `unique_id` = 8b4c7026a2a4393d9e16ed14af3207cc,  `mojang_id` = null,  `bedrock_id` = null,  `password` = '$2a$10$DkRcxfpRkDgpUMrfkd4Je.HJS70tc0/D/fOu/Jr/yUPd3.n9U6/CS', `last_ip` = '0:0:0:0:0:0:0:1%0', `creation_date` = 2025-04-24 22:33:18.043, `last_seen` = 2025-05-11 15:36:41.22, `email` = null, `discord` = null, `settings` = '{"settings":[{"value":"survival","key":"last-server"},{"value":"en","key":"language"}],"version":0}' WHERE `ai` = 3" (applied to [last_seen, settings] columns)
[2025/05/11 15:36:50]: §3[nLogin] [DEBUG] [SQLite] [UPDATE]: "UPDATE `nlogin` SET `last_name` = 'Ryan_L', `unique_id` = 8b4c7026a2a4393d9e16ed14af3207cc,  `mojang_id` = null,  `bedrock_id` = null,  `password` = '$2a$10$DkRcxfpRkDgpUMrfkd4Je.HJS70tc0/D/fOu/Jr/yUPd3.n9U6/CS', `last_ip` = '0:0:0:0:0:0:0:1%0', `creation_date` = 2025-04-24 22:33:18.043, `last_seen` = 2025-05-11 15:36:50.748, `email` = null, `discord` = null, `settings` = '{"settings":[{"value":"survival","key":"last-server"},{"value":"en","key":"language"}],"version":0}' WHERE `ai` = 3" (applied to [last_ip, last_seen, settings] columns)
[2025/05/11 15:36:50]: [nLogin] The user Ryan_L has successfully logged in.
[2025/05/11 16:08:35]: §3[nLogin] [DEBUG] [SQLite] [UPDATE]: "UPDATE `nlogin` SET `last_name` = 'DARREN', `unique_id` = 783c3da60f593db784d1abca81b138b9,  `mojang_id` = null,  `bedrock_id` = null,  `password` = '$2a$10$yug7xwCdpnLbo4f.hV0ZaeNn5nrIuGndab2oehTtJ/2UCBB7UsCtu', `last_ip` = '0:0:0:0:0:0:0:1%0', `creation_date` = 2025-04-24 21:18:26.942, `last_seen` = 2025-05-11 16:08:35.155, `email` = null, `discord` = null, `settings` = '{"settings":[{"value":"survival","key":"last-server"},{"value":"en","key":"language"}],"version":0}' WHERE `ai` = 1" (applied to [last_seen, settings] columns)
[2025/05/11 16:28:26]: §3[nLogin] [DEBUG] [SQLite] [UPDATE]: "UPDATE `nlogin` SET `last_name` = 'Marko', `unique_id` = 568a023c8d6b39bd9304e90c0aa1b876,  `mojang_id` = null,  `bedrock_id` = null,  `password` = '$2a$10$UIokuW1/aXPZNd0EQJe3cOiB8kc9HMSWWE7uGNlb9E5Ms2ZfrFtai', `last_ip` = '0:0:0:0:0:0:0:1%0', `creation_date` = 2025-04-29 19:50:21.31, `last_seen` = 2025-05-11 16:28:26.408, `email` = null, `discord` = null, `settings` = '{"settings":[{"value":"survival","key":"last-server"},{"value":"en","key":"language"}],"version":0}' WHERE `ai` = 12" (applied to [last_seen, settings] columns)
[2025/05/11 16:57:55]: §3[nLogin] [DEBUG] [SQLite] [UPDATE]: "UPDATE `nlogin` SET `last_name` = 'DARREN', `unique_id` = 783c3da60f593db784d1abca81b138b9,  `mojang_id` = null,  `bedrock_id` = null,  `password` = '$2a$10$yug7xwCdpnLbo4f.hV0ZaeNn5nrIuGndab2oehTtJ/2UCBB7UsCtu', `last_ip` = '0:0:0:0:0:0:0:1%0', `creation_date` = 2025-04-24 21:18:26.942, `last_seen` = 2025-05-11 16:57:55.943, `email` = null, `discord` = null, `settings` = '{"settings":[{"value":"survival","key":"last-server"},{"value":"en","key":"language"}],"version":0}' WHERE `ai` = 1" (applied to [last_ip, last_seen, settings] columns)
[2025/05/11 16:57:55]: [nLogin] The user DARREN has successfully logged in.
[2025/05/11 17:22:22]: §3[nLogin] [DEBUG] [SQLite] [UPDATE]: "UPDATE `nlogin` SET `last_name` = 'Jason', `unique_id` = e13c5e70767d356589fa98148f3dbd5f,  `mojang_id` = null,  `bedrock_id` = null,  `password` = '$2a$10$3UIn1hqv2bD95vnxTL18/uwlvi/eSSilqMy2QCRJFxAW9/rp8J9cS', `last_ip` = '0:0:0:0:0:0:0:1%0', `creation_date` = 2025-04-24 22:34:45.689, `last_seen` = 2025-05-11 17:22:22.356, `email` = null, `discord` = null, `settings` = '{"settings":[{"value":"survival","key":"last-server"},{"value":"en","key":"language"}],"version":0}' WHERE `ai` = 4" (applied to [last_seen, settings] columns)
[2025/05/11 17:22:24]: §3[nLogin] [DEBUG] [SQLite] [UPDATE]: "UPDATE `nlogin` SET `last_name` = 'Ryan_L', `unique_id` = 8b4c7026a2a4393d9e16ed14af3207cc,  `mojang_id` = null,  `bedrock_id` = null,  `password` = '$2a$10$DkRcxfpRkDgpUMrfkd4Je.HJS70tc0/D/fOu/Jr/yUPd3.n9U6/CS', `last_ip` = '0:0:0:0:0:0:0:1%0', `creation_date` = 2025-04-24 22:33:18.043, `last_seen` = 2025-05-11 17:22:24.309, `email` = null, `discord` = null, `settings` = '{"settings":[{"value":"survival","key":"last-server"},{"value":"en","key":"language"}],"version":0}' WHERE `ai` = 3" (applied to [last_seen, settings] columns)
[2025/05/11 17:22:25]: §3[nLogin] [DEBUG] [SQLite] [UPDATE]: "UPDATE `nlogin` SET `last_name` = 'DARREN', `unique_id` = 783c3da60f593db784d1abca81b138b9,  `mojang_id` = null,  `bedrock_id` = null,  `password` = '$2a$10$yug7xwCdpnLbo4f.hV0ZaeNn5nrIuGndab2oehTtJ/2UCBB7UsCtu', `last_ip` = '0:0:0:0:0:0:0:1%0', `creation_date` = 2025-04-24 21:18:26.942, `last_seen` = 2025-05-11 17:22:25.021, `email` = null, `discord` = null, `settings` = '{"settings":[{"value":"survival","key":"last-server"},{"value":"en","key":"language"}],"version":0}' WHERE `ai` = 1" (applied to [last_seen, settings] columns)
