[2025/05/03 23:06:59]: §9          __             _       
[2025/05/03 23:06:59]: §9  _ __   / /  ___   __ _(_)_ __  
[2025/05/03 23:06:59]: §9 | '_ \ / /  / _ \ / _` | | '_ \ 
[2025/05/03 23:06:59]: §9 | | | / /__| (_) | (_| | | | | |
[2025/05/03 23:06:59]: §9 |_| |_\____/\___/ \__, |_|_| |_|
[2025/05/03 23:06:59]: §9                  |___/            
[2025/05/03 23:06:59]: §9 By: www.nickuc.com - V 10.3.27
[2025/05/03 23:06:59]: §9 
[2025/05/03 23:07:00]: §3[nLogin] [DEBUG] All settings were loaded in 1028 ms.
[2025/05/03 23:07:00]: §3[nLogin] [DEBUG] Loading the messages_en.yml message file...
[2025/05/03 23:07:00]: §3[nLogin] [DEBUG] All plugin messages were loaded in 281 ms (languageByClient=false).
[2025/05/03 23:07:00]: §3[nLogin] [DEBUG] All proxy settings were loaded in 27 ms.
[2025/05/03 23:07:00]: §3[nLogin] [DEBUG] Loading database...
[2025/05/03 23:07:01]: §3[nLogin] [DEBUG] Starting logger filter...
[2025/05/03 23:07:06]: 
[2025/05/03 23:07:06]:  §bThank you so much for choosing nLogin! §4<3
[2025/05/03 23:07:06]: 
[2025/05/03 23:07:06]:  §4For your safety, please read the message below:
[2025/05/03 23:07:06]:   §cNever download nLogin from unknown sources.
[2025/05/03 23:07:06]:   §cA modified version may contain malicious software.
[2025/05/03 23:07:06]: 
[2025/05/03 23:07:06]:  §3Trusted sources:
[2025/05/03 23:07:06]:   §bwww.nickuc.com
[2025/05/03 23:07:06]:   §bwww.github.com/nickuc
[2025/05/03 23:07:06]:   §bOpeNLogin installer (from Spigot or GitHub)
[2025/05/03 23:07:06]: 
[2025/05/03 23:07:06]:  §3Official support channels:
[2025/05/03 23:07:06]:   §bDiscord group: §fwww.nickuc.com/discord
[2025/05/03 23:07:06]:   §bDocumentation: §fdocs.nickuc.com/nlogin/
[2025/05/03 23:07:06]:   §bEmail: §fsupport@nickuc.com
[2025/05/03 23:07:06]:   §bYouTube: §fyoutube.com/nickuc
[2025/05/03 23:07:06]: 
[2025/05/03 23:07:06]:  §eTo remove this warning, log in with "nlogin.admin" permission on the server
[2025/05/03 23:07:06]:  §eand click the "Setup plugin" button to configure your plugin.
[2025/05/03 23:07:06]: 
[2025/05/03 23:07:27]: §3[nLogin] [DEBUG] [SQLite] [UPDATE]: "UPDATE `nlogin` SET `last_name` = 'Jason', `unique_id` = e13c5e70767d356589fa98148f3dbd5f,  `mojang_id` = null,  `bedrock_id` = null,  `password` = '$2a$10$3UIn1hqv2bD95vnxTL18/uwlvi/eSSilqMy2QCRJFxAW9/rp8J9cS', `last_ip` = '0:0:0:0:0:0:0:1%0', `creation_date` = 2025-04-24 22:34:45.689, `last_seen` = 2025-05-03 23:07:27.531, `email` = null, `discord` = null, `settings` = '{"settings":[{"value":"survival","key":"last-server"},{"value":"en","key":"language"}],"version":0}' WHERE `ai` = 4" (applied to [last_ip, last_seen, settings] columns)
[2025/05/03 23:07:27]: [nLogin] The user Jason has successfully logged in.
[2025/05/03 23:08:16]: §3[nLogin] [DEBUG] [SQLite] [UPDATE]: "UPDATE `nlogin` SET `last_name` = 'David_M', `unique_id` = c7c3a2502ebb3ee49bc09f25e8be29c9,  `mojang_id` = null,  `bedrock_id` = null,  `password` = '$2a$10$wU60URh.PrZbrgnYLoze/uj26Qw589fOV88g1Mq6zHXpmhqHdvEvG', `last_ip` = '0:0:0:0:0:0:0:1%0', `creation_date` = 2025-04-25 19:02:30.13, `last_seen` = 2025-05-03 23:08:16.563, `email` = null, `discord` = null, `settings` = '{"settings":[{"value":"survival","key":"last-server"},{"value":"en","key":"language"}],"version":0}' WHERE `ai` = 7" (applied to [last_ip, last_seen, settings] columns)
[2025/05/03 23:08:16]: [nLogin] The user David_M has successfully logged in.
[2025/05/03 23:10:19]: §3[nLogin] [DEBUG] [SQLite] [UPDATE]: "UPDATE `nlogin` SET `last_name` = 'Jason', `unique_id` = e13c5e70767d356589fa98148f3dbd5f,  `mojang_id` = null,  `bedrock_id` = null,  `password` = '$2a$10$3UIn1hqv2bD95vnxTL18/uwlvi/eSSilqMy2QCRJFxAW9/rp8J9cS', `last_ip` = '0:0:0:0:0:0:0:1%0', `creation_date` = 2025-04-24 22:34:45.689, `last_seen` = 2025-05-03 23:10:19.091, `email` = null, `discord` = null, `settings` = '{"settings":[{"value":"survival","key":"last-server"},{"value":"en","key":"language"}],"version":0}' WHERE `ai` = 4" (applied to [last_seen, settings] columns)
[2025/05/03 23:10:41]: §3[nLogin] [DEBUG] The Jason (0:0:0:0:0:0:0:1%0) player entered an incorrect password
[2025/05/03 23:10:49]: §3[nLogin] [DEBUG] [SQLite] [UPDATE]: "UPDATE `nlogin` SET `last_name` = 'Jason', `unique_id` = e13c5e70767d356589fa98148f3dbd5f,  `mojang_id` = null,  `bedrock_id` = null,  `password` = '$2a$10$3UIn1hqv2bD95vnxTL18/uwlvi/eSSilqMy2QCRJFxAW9/rp8J9cS', `last_ip` = '0:0:0:0:0:0:0:1%0', `creation_date` = 2025-04-24 22:34:45.689, `last_seen` = 2025-05-03 23:10:49.774, `email` = null, `discord` = null, `settings` = '{"settings":[{"value":"survival","key":"last-server"},{"value":"en","key":"language"}],"version":0}' WHERE `ai` = 4" (applied to [last_ip, last_seen, settings] columns)
[2025/05/03 23:10:49]: [nLogin] The user Jason has successfully logged in.
[2025/05/03 23:11:04]: §3[nLogin] [DEBUG] [SQLite] [UPDATE]: "UPDATE `nlogin` SET `last_name` = 'David_M', `unique_id` = c7c3a2502ebb3ee49bc09f25e8be29c9,  `mojang_id` = null,  `bedrock_id` = null,  `password` = '$2a$10$wU60URh.PrZbrgnYLoze/uj26Qw589fOV88g1Mq6zHXpmhqHdvEvG', `last_ip` = '0:0:0:0:0:0:0:1%0', `creation_date` = 2025-04-25 19:02:30.13, `last_seen` = 2025-05-03 23:11:04.754, `email` = null, `discord` = null, `settings` = '{"settings":[{"value":"survival","key":"last-server"},{"value":"en","key":"language"}],"version":0}' WHERE `ai` = 7" (applied to [last_seen, settings] columns)
[2025/05/03 23:12:32]: §3[nLogin] [DEBUG] [SQLite] [UPDATE]: "UPDATE `nlogin` SET `last_name` = 'David_M', `unique_id` = c7c3a2502ebb3ee49bc09f25e8be29c9,  `mojang_id` = null,  `bedrock_id` = null,  `password` = '$2a$10$wU60URh.PrZbrgnYLoze/uj26Qw589fOV88g1Mq6zHXpmhqHdvEvG', `last_ip` = '0:0:0:0:0:0:0:1%0', `creation_date` = 2025-04-25 19:02:30.13, `last_seen` = 2025-05-03 23:12:32.233, `email` = null, `discord` = null, `settings` = '{"settings":[{"value":"survival","key":"last-server"},{"value":"en","key":"language"}],"version":0}' WHERE `ai` = 7" (applied to [last_ip, last_seen, settings] columns)
[2025/05/03 23:12:32]: [nLogin] The user David_M has successfully logged in.
[2025/05/03 23:13:04]: §3[nLogin] [DEBUG] [SQLite] [UPDATE]: "UPDATE `nlogin` SET `last_name` = 'David_M', `unique_id` = c7c3a2502ebb3ee49bc09f25e8be29c9,  `mojang_id` = null,  `bedrock_id` = null,  `password` = '$2a$10$wU60URh.PrZbrgnYLoze/uj26Qw589fOV88g1Mq6zHXpmhqHdvEvG', `last_ip` = '0:0:0:0:0:0:0:1%0', `creation_date` = 2025-04-25 19:02:30.13, `last_seen` = 2025-05-03 23:13:04.717, `email` = null, `discord` = null, `settings` = '{"settings":[{"value":"survival","key":"last-server"},{"value":"en","key":"language"}],"version":0}' WHERE `ai` = 7" (applied to [last_seen, settings] columns)
[2025/05/03 23:37:24]: §3[nLogin] [DEBUG] [SQLite] [UPDATE]: "UPDATE `nlogin` SET `last_name` = 'Jason', `unique_id` = e13c5e70767d356589fa98148f3dbd5f,  `mojang_id` = null,  `bedrock_id` = null,  `password` = '$2a$10$3UIn1hqv2bD95vnxTL18/uwlvi/eSSilqMy2QCRJFxAW9/rp8J9cS', `last_ip` = '0:0:0:0:0:0:0:1%0', `creation_date` = 2025-04-24 22:34:45.689, `last_seen` = 2025-05-03 23:37:24.84, `email` = null, `discord` = null, `settings` = '{"settings":[{"value":"survival","key":"last-server"},{"value":"en","key":"language"}],"version":0}' WHERE `ai` = 4" (applied to [last_seen, settings] columns)
