[2025/05/11 01:26:00]: §9          __             _       
[2025/05/11 01:26:00]: §9  _ __   / /  ___   __ _(_)_ __  
[2025/05/11 01:26:00]: §9 | '_ \ / /  / _ \ / _` | | '_ \ 
[2025/05/11 01:26:00]: §9 | | | / /__| (_) | (_| | | | | |
[2025/05/11 01:26:00]: §9 |_| |_\____/\___/ \__, |_|_| |_|
[2025/05/11 01:26:00]: §9                  |___/            
[2025/05/11 01:26:00]: §9 By: www.nickuc.com - V 10.3.27
[2025/05/11 01:26:00]: §9 
[2025/05/11 01:26:01]: §3[nLogin] [DEBUG] All settings were loaded in 628 ms.
[2025/05/11 01:26:01]: §3[nLogin] [DEBUG] Loading the messages_en.yml message file...
[2025/05/11 01:26:01]: §3[nLogin] [DEBUG] All plugin messages were loaded in 281 ms (languageByClient=false).
[2025/05/11 01:26:01]: §3[nLogin] [DEBUG] All proxy settings were loaded in 14 ms.
[2025/05/11 01:26:01]: §3[nLogin] [DEBUG] Loading database...
[2025/05/11 01:26:04]: §3[nLogin] [DEBUG] Starting logger filter...
[2025/05/11 01:26:09]: 
[2025/05/11 01:26:09]:  §bThank you so much for choosing nLogin! §4<3
[2025/05/11 01:26:09]: 
[2025/05/11 01:26:09]:  §4For your safety, please read the message below:
[2025/05/11 01:26:09]:   §cNever download nLogin from unknown sources.
[2025/05/11 01:26:09]:   §cA modified version may contain malicious software.
[2025/05/11 01:26:09]: 
[2025/05/11 01:26:09]:  §3Trusted sources:
[2025/05/11 01:26:09]:   §bwww.nickuc.com
[2025/05/11 01:26:09]:   §bwww.github.com/nickuc
[2025/05/11 01:26:09]:   §bOpeNLogin installer (from Spigot or GitHub)
[2025/05/11 01:26:09]: 
[2025/05/11 01:26:09]:  §3Official support channels:
[2025/05/11 01:26:09]:   §bDiscord group: §fwww.nickuc.com/discord
[2025/05/11 01:26:09]:   §bDocumentation: §fdocs.nickuc.com/nlogin/
[2025/05/11 01:26:09]:   §bEmail: §fsupport@nickuc.com
[2025/05/11 01:26:09]:   §bYouTube: §fyoutube.com/nickuc
[2025/05/11 01:26:09]: 
[2025/05/11 01:26:09]:  §eTo remove this warning, log in with "nlogin.admin" permission on the server
[2025/05/11 01:26:09]:  §eand click the "Setup plugin" button to configure your plugin.
[2025/05/11 01:26:09]: 
[2025/05/11 01:27:12]: §3[nLogin] [DEBUG] The LMMS_ADMIN (0:0:0:0:0:0:0:1%0) player entered an incorrect password
[2025/05/11 01:27:17]: §3[nLogin] [DEBUG] [SQLite] [UPDATE]: "UPDATE `nlogin` SET `last_name` = 'LMMS_ADMIN', `unique_id` = eec0ad9e5122369d89d82f13abe29ec1,  `mojang_id` = null,  `bedrock_id` = null,  `password` = '$2a$10$yW8Onx8u23wk8ccQK1HH9u2.nH8TdattSl.bonchWD9V/yQplKPFK', `last_ip` = '0:0:0:0:0:0:0:1%0', `creation_date` = 2025-04-30 20:26:33.962, `last_seen` = 2025-05-11 01:27:17.699, `email` = null, `discord` = null, `settings` = '{"settings":[{"value":"survival","key":"last-server"},{"value":"en","key":"language"}],"version":0}' WHERE `ai` = 13" (applied to [last_ip, last_seen, settings] columns)
[2025/05/11 01:27:17]: [nLogin] The user LMMS_ADMIN has successfully logged in.
[2025/05/11 01:27:29]: §3[nLogin] [DEBUG] [SQLite] [UPDATE]: "UPDATE `nlogin` SET `last_name` = 'Jason', `unique_id` = e13c5e70767d356589fa98148f3dbd5f,  `mojang_id` = null,  `bedrock_id` = null,  `password` = '$2a$10$3UIn1hqv2bD95vnxTL18/uwlvi/eSSilqMy2QCRJFxAW9/rp8J9cS', `last_ip` = '0:0:0:0:0:0:0:1%0', `creation_date` = 2025-04-24 22:34:45.689, `last_seen` = 2025-05-11 01:27:29.033, `email` = null, `discord` = null, `settings` = '{"settings":[{"value":"survival","key":"last-server"},{"value":"en","key":"language"}],"version":0}' WHERE `ai` = 4" (applied to [last_ip, last_seen, settings] columns)
[2025/05/11 01:27:29]: [nLogin] The user Jason has successfully logged in.
[2025/05/11 01:27:34]: §3[nLogin] [DEBUG] [SQLite] [UPDATE]: "UPDATE `nlogin` SET `last_name` = 'Marko', `unique_id` = 568a023c8d6b39bd9304e90c0aa1b876,  `mojang_id` = null,  `bedrock_id` = null,  `password` = '$2a$10$UIokuW1/aXPZNd0EQJe3cOiB8kc9HMSWWE7uGNlb9E5Ms2ZfrFtai', `last_ip` = '0:0:0:0:0:0:0:1%0', `creation_date` = 2025-04-29 19:50:21.31, `last_seen` = 2025-05-11 01:27:34.772, `email` = null, `discord` = null, `settings` = '{"settings":[{"value":"survival","key":"last-server"},{"value":"en","key":"language"}],"version":0}' WHERE `ai` = 12" (applied to [last_ip, last_seen, settings] columns)
[2025/05/11 01:27:34]: [nLogin] The user Marko has successfully logged in.
[2025/05/11 01:27:50]: §3[nLogin] [DEBUG] [SQLite] [UPDATE]: "UPDATE `nlogin` SET `last_name` = 'Marko', `unique_id` = 568a023c8d6b39bd9304e90c0aa1b876,  `mojang_id` = null,  `bedrock_id` = null,  `password` = '$2a$10$UIokuW1/aXPZNd0EQJe3cOiB8kc9HMSWWE7uGNlb9E5Ms2ZfrFtai', `last_ip` = '0:0:0:0:0:0:0:1%0', `creation_date` = 2025-04-29 19:50:21.31, `last_seen` = 2025-05-11 01:27:50.675, `email` = null, `discord` = null, `settings` = '{"settings":[{"value":"survival","key":"last-server"},{"value":"en","key":"language"}],"version":0}' WHERE `ai` = 12" (applied to [last_seen, settings] columns)
[2025/05/11 01:27:57]: §3[nLogin] [DEBUG] [SQLite] [UPDATE]: "UPDATE `nlogin` SET `last_name` = 'Marko', `unique_id` = 568a023c8d6b39bd9304e90c0aa1b876,  `mojang_id` = null,  `bedrock_id` = null,  `password` = '$2a$10$UIokuW1/aXPZNd0EQJe3cOiB8kc9HMSWWE7uGNlb9E5Ms2ZfrFtai', `last_ip` = '0:0:0:0:0:0:0:1%0', `creation_date` = 2025-04-29 19:50:21.31, `last_seen` = 2025-05-11 01:27:57.754, `email` = null, `discord` = null, `settings` = '{"settings":[{"value":"survival","key":"last-server"},{"value":"en","key":"language"}],"version":0}' WHERE `ai` = 12" (applied to [last_ip, last_seen, settings] columns)
[2025/05/11 01:27:57]: [nLogin] The user Marko has successfully logged in.
[2025/05/11 01:29:56]: §3[nLogin] [DEBUG] [SQLite] [UPDATE]: "UPDATE `nlogin` SET `last_name` = 'Stephane', `unique_id` = 3ab31a0c17d23289bc5bab093b2db922,  `mojang_id` = null,  `bedrock_id` = null,  `password` = '$2a$10$i8v7FkU1JbWCmroUhfg2qePfIutatYPfW8y7n/6oDcNF2VTudy3P2', `last_ip` = '0:0:0:0:0:0:0:1%0', `creation_date` = 2025-04-24 23:10:19.213, `last_seen` = 2025-05-11 01:29:56.913, `email` = null, `discord` = null, `settings` = '{"settings":[{"value":"survival","key":"last-server"},{"value":"en","key":"language"}],"version":0}' WHERE `ai` = 5" (applied to [last_ip, last_seen, settings] columns)
[2025/05/11 01:29:56]: [nLogin] The user Stephane has successfully logged in.
[2025/05/11 01:33:07]: §3[nLogin] [DEBUG] [SQLite] [UPDATE]: "UPDATE `nlogin` SET `last_name` = 'LMMS_ADMIN', `unique_id` = eec0ad9e5122369d89d82f13abe29ec1,  `mojang_id` = null,  `bedrock_id` = null,  `password` = '$2a$10$yW8Onx8u23wk8ccQK1HH9u2.nH8TdattSl.bonchWD9V/yQplKPFK', `last_ip` = '0:0:0:0:0:0:0:1%0', `creation_date` = 2025-04-30 20:26:33.962, `last_seen` = 2025-05-11 01:33:07.864, `email` = null, `discord` = null, `settings` = '{"settings":[{"value":"survival","key":"last-server"},{"value":"en","key":"language"}],"version":0}' WHERE `ai` = 13" (applied to [last_seen, settings] columns)
[2025/05/11 01:33:11]: §3[nLogin] [DEBUG] The LMMS_ADMIN (0:0:0:0:0:0:0:1%0) player entered an incorrect password
[2025/05/11 01:33:19]: §3[nLogin] [DEBUG] The LMMS_ADMIN (0:0:0:0:0:0:0:1%0) player entered an incorrect password
[2025/05/11 01:33:25]: §3[nLogin] [DEBUG] [SQLite] [UPDATE]: "UPDATE `nlogin` SET `last_name` = 'LMMS_ADMIN', `unique_id` = eec0ad9e5122369d89d82f13abe29ec1,  `mojang_id` = null,  `bedrock_id` = null,  `password` = '$2a$10$yW8Onx8u23wk8ccQK1HH9u2.nH8TdattSl.bonchWD9V/yQplKPFK', `last_ip` = '0:0:0:0:0:0:0:1%0', `creation_date` = 2025-04-30 20:26:33.962, `last_seen` = 2025-05-11 01:33:25.831, `email` = null, `discord` = null, `settings` = '{"settings":[{"value":"survival","key":"last-server"},{"value":"en","key":"language"}],"version":0}' WHERE `ai` = 13" (applied to [last_ip, last_seen, settings] columns)
[2025/05/11 01:33:25]: [nLogin] The user LMMS_ADMIN has successfully logged in.
[2025/05/11 01:34:26]: §3[nLogin] [DEBUG] [SQLite] [UPDATE]: "UPDATE `nlogin` SET `last_name` = 'Jason', `unique_id` = e13c5e70767d356589fa98148f3dbd5f,  `mojang_id` = null,  `bedrock_id` = null,  `password` = '$2a$10$3UIn1hqv2bD95vnxTL18/uwlvi/eSSilqMy2QCRJFxAW9/rp8J9cS', `last_ip` = '0:0:0:0:0:0:0:1%0', `creation_date` = 2025-04-24 22:34:45.689, `last_seen` = 2025-05-11 01:34:26.32, `email` = null, `discord` = null, `settings` = '{"settings":[{"value":"survival","key":"last-server"},{"value":"en","key":"language"}],"version":0}' WHERE `ai` = 4" (applied to [last_seen, settings] columns)
[2025/05/11 01:34:29]: §3[nLogin] [DEBUG] [SQLite] [UPDATE]: "UPDATE `nlogin` SET `last_name` = 'LMMS_ADMIN', `unique_id` = eec0ad9e5122369d89d82f13abe29ec1,  `mojang_id` = null,  `bedrock_id` = null,  `password` = '$2a$10$yW8Onx8u23wk8ccQK1HH9u2.nH8TdattSl.bonchWD9V/yQplKPFK', `last_ip` = '0:0:0:0:0:0:0:1%0', `creation_date` = 2025-04-30 20:26:33.962, `last_seen` = 2025-05-11 01:34:29.607, `email` = null, `discord` = null, `settings` = '{"settings":[{"value":"survival","key":"last-server"},{"value":"en","key":"language"}],"version":0}' WHERE `ai` = 13" (applied to [last_seen, settings] columns)
[2025/05/11 01:34:43]: §3[nLogin] [DEBUG] The DARREN (0:0:0:0:0:0:0:1%0) player entered an incorrect password
[2025/05/11 01:34:48]: §3[nLogin] [DEBUG] [SQLite] [UPDATE]: "UPDATE `nlogin` SET `last_name` = 'DARREN', `unique_id` = 783c3da60f593db784d1abca81b138b9,  `mojang_id` = null,  `bedrock_id` = null,  `password` = '$2a$10$yug7xwCdpnLbo4f.hV0ZaeNn5nrIuGndab2oehTtJ/2UCBB7UsCtu', `last_ip` = '0:0:0:0:0:0:0:1%0', `creation_date` = 2025-04-24 21:18:26.942, `last_seen` = 2025-05-11 01:34:48.526, `email` = null, `discord` = null, `settings` = '{"settings":[{"value":"survival","key":"last-server"},{"value":"en","key":"language"}],"version":0}' WHERE `ai` = 1" (applied to [last_ip, last_seen, settings] columns)
[2025/05/11 01:34:48]: [nLogin] The user DARREN has successfully logged in.
[2025/05/11 01:35:35]: §3[nLogin] [DEBUG] [SQLite] [UPDATE]: "UPDATE `nlogin` SET `last_name` = 'DARREN', `unique_id` = 783c3da60f593db784d1abca81b138b9,  `mojang_id` = null,  `bedrock_id` = null,  `password` = '$2a$10$yug7xwCdpnLbo4f.hV0ZaeNn5nrIuGndab2oehTtJ/2UCBB7UsCtu', `last_ip` = '0:0:0:0:0:0:0:1%0', `creation_date` = 2025-04-24 21:18:26.942, `last_seen` = 2025-05-11 01:35:35.411, `email` = null, `discord` = null, `settings` = '{"settings":[{"value":"survival","key":"last-server"},{"value":"en","key":"language"}],"version":0}' WHERE `ai` = 1" (applied to [last_seen, settings] columns)
[2025/05/11 01:35:41]: §3[nLogin] [DEBUG] [SQLite] [UPDATE]: "UPDATE `nlogin` SET `last_name` = 'DARREN', `unique_id` = 783c3da60f593db784d1abca81b138b9,  `mojang_id` = null,  `bedrock_id` = null,  `password` = '$2a$10$yug7xwCdpnLbo4f.hV0ZaeNn5nrIuGndab2oehTtJ/2UCBB7UsCtu', `last_ip` = '0:0:0:0:0:0:0:1%0', `creation_date` = 2025-04-24 21:18:26.942, `last_seen` = 2025-05-11 01:35:41.373, `email` = null, `discord` = null, `settings` = '{"settings":[{"value":"survival","key":"last-server"},{"value":"en","key":"language"}],"version":0}' WHERE `ai` = 1" (applied to [last_ip, last_seen, settings] columns)
[2025/05/11 01:35:41]: [nLogin] The user DARREN has successfully logged in.
[2025/05/11 01:35:56]: §3[nLogin] [DEBUG] [SQLite] [UPDATE]: "UPDATE `nlogin` SET `last_name` = 'DARREN', `unique_id` = 783c3da60f593db784d1abca81b138b9,  `mojang_id` = null,  `bedrock_id` = null,  `password` = '$2a$10$yug7xwCdpnLbo4f.hV0ZaeNn5nrIuGndab2oehTtJ/2UCBB7UsCtu', `last_ip` = '0:0:0:0:0:0:0:1%0', `creation_date` = 2025-04-24 21:18:26.942, `last_seen` = 2025-05-11 01:35:56.426, `email` = null, `discord` = null, `settings` = '{"settings":[{"value":"survival","key":"last-server"},{"value":"en","key":"language"}],"version":0}' WHERE `ai` = 1" (applied to [last_seen, settings] columns)
[2025/05/11 01:36:02]: §3[nLogin] [DEBUG] [SQLite] [UPDATE]: "UPDATE `nlogin` SET `last_name` = 'DARREN', `unique_id` = 783c3da60f593db784d1abca81b138b9,  `mojang_id` = null,  `bedrock_id` = null,  `password` = '$2a$10$yug7xwCdpnLbo4f.hV0ZaeNn5nrIuGndab2oehTtJ/2UCBB7UsCtu', `last_ip` = '0:0:0:0:0:0:0:1%0', `creation_date` = 2025-04-24 21:18:26.942, `last_seen` = 2025-05-11 01:36:02.23, `email` = null, `discord` = null, `settings` = '{"settings":[{"value":"survival","key":"last-server"},{"value":"en","key":"language"}],"version":0}' WHERE `ai` = 1" (applied to [last_ip, last_seen, settings] columns)
[2025/05/11 01:36:02]: [nLogin] The user DARREN has successfully logged in.
[2025/05/11 01:45:30]: §3[nLogin] [DEBUG] [SQLite] [UPDATE]: "UPDATE `nlogin` SET `last_name` = 'Jason', `unique_id` = e13c5e70767d356589fa98148f3dbd5f,  `mojang_id` = null,  `bedrock_id` = null,  `password` = '$2a$10$3UIn1hqv2bD95vnxTL18/uwlvi/eSSilqMy2QCRJFxAW9/rp8J9cS', `last_ip` = '0:0:0:0:0:0:0:1%0', `creation_date` = 2025-04-24 22:34:45.689, `last_seen` = 2025-05-11 01:45:30.155, `email` = null, `discord` = null, `settings` = '{"settings":[{"value":"survival","key":"last-server"},{"value":"en","key":"language"}],"version":0}' WHERE `ai` = 4" (applied to [last_ip, last_seen, settings] columns)
[2025/05/11 01:45:30]: [nLogin] The user Jason has successfully logged in.
[2025/05/11 02:03:34]: §3[nLogin] [DEBUG] [SQLite] [UPDATE]: "UPDATE `nlogin` SET `last_name` = 'Marko', `unique_id` = 568a023c8d6b39bd9304e90c0aa1b876,  `mojang_id` = null,  `bedrock_id` = null,  `password` = '$2a$10$UIokuW1/aXPZNd0EQJe3cOiB8kc9HMSWWE7uGNlb9E5Ms2ZfrFtai', `last_ip` = '0:0:0:0:0:0:0:1%0', `creation_date` = 2025-04-29 19:50:21.31, `last_seen` = 2025-05-11 02:03:34.762, `email` = null, `discord` = null, `settings` = '{"settings":[{"value":"survival","key":"last-server"},{"value":"en","key":"language"}],"version":0}' WHERE `ai` = 12" (applied to [last_seen, settings] columns)
[2025/05/11 02:04:01]: §3[nLogin] [DEBUG] [SQLite] [UPDATE]: "UPDATE `nlogin` SET `last_name` = 'Marko', `unique_id` = 568a023c8d6b39bd9304e90c0aa1b876,  `mojang_id` = null,  `bedrock_id` = null,  `password` = '$2a$10$UIokuW1/aXPZNd0EQJe3cOiB8kc9HMSWWE7uGNlb9E5Ms2ZfrFtai', `last_ip` = '0:0:0:0:0:0:0:1%0', `creation_date` = 2025-04-29 19:50:21.31, `last_seen` = 2025-05-11 02:04:01.556, `email` = null, `discord` = null, `settings` = '{"settings":[{"value":"survival","key":"last-server"},{"value":"en","key":"language"}],"version":0}' WHERE `ai` = 12" (applied to [last_ip, last_seen, settings] columns)
[2025/05/11 02:04:01]: [nLogin] The user Marko has successfully logged in.
[2025/05/11 02:37:12]: §3[nLogin] [DEBUG] [SQLite] [UPDATE]: "UPDATE `nlogin` SET `last_name` = 'Stephane', `unique_id` = 3ab31a0c17d23289bc5bab093b2db922,  `mojang_id` = null,  `bedrock_id` = null,  `password` = '$2a$10$i8v7FkU1JbWCmroUhfg2qePfIutatYPfW8y7n/6oDcNF2VTudy3P2', `last_ip` = '0:0:0:0:0:0:0:1%0', `creation_date` = 2025-04-24 23:10:19.213, `last_seen` = 2025-05-11 02:37:12.934, `email` = null, `discord` = null, `settings` = '{"settings":[{"value":"survival","key":"last-server"},{"value":"en","key":"language"}],"version":0}' WHERE `ai` = 5" (applied to [last_seen, settings] columns)
[2025/05/11 03:10:08]: §3[nLogin] [DEBUG] [SQLite] [UPDATE]: "UPDATE `nlogin` SET `last_name` = 'DARREN', `unique_id` = 783c3da60f593db784d1abca81b138b9,  `mojang_id` = null,  `bedrock_id` = null,  `password` = '$2a$10$yug7xwCdpnLbo4f.hV0ZaeNn5nrIuGndab2oehTtJ/2UCBB7UsCtu', `last_ip` = '0:0:0:0:0:0:0:1%0', `creation_date` = 2025-04-24 21:18:26.942, `last_seen` = 2025-05-11 03:10:08.889, `email` = null, `discord` = null, `settings` = '{"settings":[{"value":"survival","key":"last-server"},{"value":"en","key":"language"}],"version":0}' WHERE `ai` = 1" (applied to [last_seen, settings] columns)
[2025/05/11 03:10:09]: §3[nLogin] [DEBUG] [SQLite] [UPDATE]: "UPDATE `nlogin` SET `last_name` = 'Jason', `unique_id` = e13c5e70767d356589fa98148f3dbd5f,  `mojang_id` = null,  `bedrock_id` = null,  `password` = '$2a$10$3UIn1hqv2bD95vnxTL18/uwlvi/eSSilqMy2QCRJFxAW9/rp8J9cS', `last_ip` = '0:0:0:0:0:0:0:1%0', `creation_date` = 2025-04-24 22:34:45.689, `last_seen` = 2025-05-11 03:10:09.338, `email` = null, `discord` = null, `settings` = '{"settings":[{"value":"lobby","key":"last-server"},{"value":"en","key":"language"}],"version":0}' WHERE `ai` = 4" (applied to [last_seen, settings] columns)
[2025/05/11 03:10:11]: §3[nLogin] [DEBUG] [SQLite] [UPDATE]: "UPDATE `nlogin` SET `last_name` = 'Marko', `unique_id` = 568a023c8d6b39bd9304e90c0aa1b876,  `mojang_id` = null,  `bedrock_id` = null,  `password` = '$2a$10$UIokuW1/aXPZNd0EQJe3cOiB8kc9HMSWWE7uGNlb9E5Ms2ZfrFtai', `last_ip` = '0:0:0:0:0:0:0:1%0', `creation_date` = 2025-04-29 19:50:21.31, `last_seen` = 2025-05-11 03:10:11.671, `email` = null, `discord` = null, `settings` = '{"settings":[{"value":"lobby","key":"last-server"},{"value":"en","key":"language"}],"version":0}' WHERE `ai` = 12" (applied to [last_seen, settings] columns)
