[2025/05/18 00:02:47]: §9          __             _       
[2025/05/18 00:02:47]: §9  _ __   / /  ___   __ _(_)_ __  
[2025/05/18 00:02:47]: §9 | '_ \ / /  / _ \ / _` | | '_ \ 
[2025/05/18 00:02:47]: §9 | | | / /__| (_) | (_| | | | | |
[2025/05/18 00:02:47]: §9 |_| |_\____/\___/ \__, |_|_| |_|
[2025/05/18 00:02:47]: §9                  |___/            
[2025/05/18 00:02:47]: §9 By: www.nickuc.com - V 10.3.27
[2025/05/18 00:02:47]: §9 
[2025/05/18 00:02:48]: §3[nLogin] [DEBUG] All settings were loaded in 785 ms.
[2025/05/18 00:02:48]: §3[nLogin] [DEBUG] Loading the messages_en.yml message file...
[2025/05/18 00:02:48]: §3[nLogin] [DEBUG] All plugin messages were loaded in 325 ms (languageByClient=false).
[2025/05/18 00:02:48]: §3[nLogin] [DEBUG] All proxy settings were loaded in 18 ms.
[2025/05/18 00:02:48]: §3[nLogin] [DEBUG] Loading database...
[2025/05/18 00:02:49]: §3[nLogin] [DEBUG] Starting logger filter...
[2025/05/18 00:02:54]: 
[2025/05/18 00:02:54]:  §bThank you so much for choosing nLogin! §4<3
[2025/05/18 00:02:54]: 
[2025/05/18 00:02:54]:  §4For your safety, please read the message below:
[2025/05/18 00:02:54]:   §cNever download nLogin from unknown sources.
[2025/05/18 00:02:54]:   §cA modified version may contain malicious software.
[2025/05/18 00:02:54]: 
[2025/05/18 00:02:54]:  §3Trusted sources:
[2025/05/18 00:02:54]:   §bwww.nickuc.com
[2025/05/18 00:02:54]:   §bwww.github.com/nickuc
[2025/05/18 00:02:54]:   §bOpeNLogin installer (from Spigot or GitHub)
[2025/05/18 00:02:54]: 
[2025/05/18 00:02:54]:  §3Official support channels:
[2025/05/18 00:02:54]:   §bDiscord group: §fwww.nickuc.com/discord
[2025/05/18 00:02:54]:   §bDocumentation: §fdocs.nickuc.com/nlogin/
[2025/05/18 00:02:54]:   §bEmail: §fsupport@nickuc.com
[2025/05/18 00:02:54]:   §bYouTube: §fyoutube.com/nickuc
[2025/05/18 00:02:54]: 
[2025/05/18 00:02:54]:  §eTo remove this warning, log in with "nlogin.admin" permission on the server
[2025/05/18 00:02:54]:  §eand click the "Setup plugin" button to configure your plugin.
[2025/05/18 00:02:54]: 
[2025/05/18 00:02:56]: §3[nLogin] [DEBUG] [SQLite] [UPDATE]: "UPDATE `nlogin` SET `last_name` = 'DARREN', `unique_id` = 783c3da60f593db784d1abca81b138b9,  `mojang_id` = null,  `bedrock_id` = null,  `password` = '$2a$10$yug7xwCdpnLbo4f.hV0ZaeNn5nrIuGndab2oehTtJ/2UCBB7UsCtu', `last_ip` = '0:0:0:0:0:0:0:1%0', `creation_date` = 2025-04-24 21:18:26.942, `last_seen` = 2025-05-18 00:02:56.567, `email` = null, `discord` = null, `settings` = '{"settings":[{"value":"survival","key":"last-server"},{"value":"en","key":"language"}],"version":0}' WHERE `ai` = 1" (applied to [last_ip, last_seen, settings] columns)
[2025/05/18 00:02:56]: [nLogin] The user DARREN has successfully logged in.
[2025/05/18 00:03:16]: §3[nLogin] [DEBUG] [SQLite] [UPDATE]: "UPDATE `nlogin` SET `last_name` = 'DARREN', `unique_id` = 783c3da60f593db784d1abca81b138b9,  `mojang_id` = null,  `bedrock_id` = null,  `password` = '$2a$10$yug7xwCdpnLbo4f.hV0ZaeNn5nrIuGndab2oehTtJ/2UCBB7UsCtu', `last_ip` = '0:0:0:0:0:0:0:1%0', `creation_date` = 2025-04-24 21:18:26.942, `last_seen` = 2025-05-18 00:03:16.71, `email` = null, `discord` = null, `settings` = '{"settings":[{"value":"survival","key":"last-server"},{"value":"en","key":"language"}],"version":0}' WHERE `ai` = 1" (applied to [last_seen, settings] columns)
[2025/05/18 00:03:22]: §3[nLogin] [DEBUG] The DARREN (0:0:0:0:0:0:0:1%0) player entered an incorrect password
[2025/05/18 00:03:28]: §3[nLogin] [DEBUG] [SQLite] [UPDATE]: "UPDATE `nlogin` SET `last_name` = 'DARREN', `unique_id` = 783c3da60f593db784d1abca81b138b9,  `mojang_id` = null,  `bedrock_id` = null,  `password` = '$2a$10$yug7xwCdpnLbo4f.hV0ZaeNn5nrIuGndab2oehTtJ/2UCBB7UsCtu', `last_ip` = '0:0:0:0:0:0:0:1%0', `creation_date` = 2025-04-24 21:18:26.942, `last_seen` = 2025-05-18 00:03:28.601, `email` = null, `discord` = null, `settings` = '{"settings":[{"value":"survival","key":"last-server"},{"value":"en","key":"language"}],"version":0}' WHERE `ai` = 1" (applied to [last_ip, last_seen, settings] columns)
[2025/05/18 00:03:28]: [nLogin] The user DARREN has successfully logged in.
[2025/05/18 00:14:43]: §3[nLogin] [DEBUG] [SQLite] [UPDATE]: "UPDATE `nlogin` SET `last_name` = 'Grady', `unique_id` = 5d947e07d63a38588173289bb199ada6,  `mojang_id` = null,  `bedrock_id` = null,  `password` = '$2a$10$fgpfPAXZEU13S/BFfc9BzuKMq8RP5f5c/pcFgN8Hu38RNiObfl0Ve', `last_ip` = '0:0:0:0:0:0:0:1%0', `creation_date` = 2025-04-28 18:23:34.99, `last_seen` = 2025-05-18 00:14:43.746, `email` = null, `discord` = null, `settings` = '{"settings":[{"value":"survival","key":"last-server"},{"value":"en","key":"language"}],"version":0}' WHERE `ai` = 10" (applied to [last_ip, last_seen, settings] columns)
[2025/05/18 00:14:43]: [nLogin] The user Grady has successfully logged in.
[2025/05/18 00:42:23]: §3[nLogin] [DEBUG] [SQLite] [UPDATE]: "UPDATE `nlogin` SET `last_name` = 'Marko', `unique_id` = 568a023c8d6b39bd9304e90c0aa1b876,  `mojang_id` = null,  `bedrock_id` = null,  `password` = '$2a$10$UIokuW1/aXPZNd0EQJe3cOiB8kc9HMSWWE7uGNlb9E5Ms2ZfrFtai', `last_ip` = '0:0:0:0:0:0:0:1%0', `creation_date` = 2025-04-29 19:50:21.31, `last_seen` = 2025-05-18 00:42:23.357, `email` = null, `discord` = null, `settings` = '{"settings":[{"value":"survival","key":"last-server"},{"value":"en","key":"language"}],"version":0}' WHERE `ai` = 12" (applied to [last_ip, last_seen, settings] columns)
[2025/05/18 00:42:23]: [nLogin] The user Marko has successfully logged in.
[2025/05/18 00:42:44]: §3[nLogin] [DEBUG] [SQLite] [UPDATE]: "UPDATE `nlogin` SET `last_name` = 'Grady', `unique_id` = 5d947e07d63a38588173289bb199ada6,  `mojang_id` = null,  `bedrock_id` = null,  `password` = '$2a$10$fgpfPAXZEU13S/BFfc9BzuKMq8RP5f5c/pcFgN8Hu38RNiObfl0Ve', `last_ip` = '0:0:0:0:0:0:0:1%0', `creation_date` = 2025-04-28 18:23:34.99, `last_seen` = 2025-05-18 00:42:44.955, `email` = null, `discord` = null, `settings` = '{"settings":[{"value":"survival","key":"last-server"},{"value":"en","key":"language"}],"version":0}' WHERE `ai` = 10" (applied to [last_seen, settings] columns)
[2025/05/18 00:50:39]: §3[nLogin] [DEBUG] [SQLite] [UPDATE]: "UPDATE `nlogin` SET `last_name` = 'Grady', `unique_id` = 5d947e07d63a38588173289bb199ada6,  `mojang_id` = null,  `bedrock_id` = null,  `password` = '$2a$10$fgpfPAXZEU13S/BFfc9BzuKMq8RP5f5c/pcFgN8Hu38RNiObfl0Ve', `last_ip` = '0:0:0:0:0:0:0:1%0', `creation_date` = 2025-04-28 18:23:34.99, `last_seen` = 2025-05-18 00:50:39.729, `email` = null, `discord` = null, `settings` = '{"settings":[{"value":"survival","key":"last-server"},{"value":"en","key":"language"}],"version":0}' WHERE `ai` = 10" (applied to [last_ip, last_seen, settings] columns)
[2025/05/18 00:50:39]: [nLogin] The user Grady has successfully logged in.
[2025/05/18 00:51:02]: §3[nLogin] [DEBUG] [SQLite] [UPDATE]: "UPDATE `nlogin` SET `last_name` = 'Grady', `unique_id` = 5d947e07d63a38588173289bb199ada6,  `mojang_id` = null,  `bedrock_id` = null,  `password` = '$2a$10$fgpfPAXZEU13S/BFfc9BzuKMq8RP5f5c/pcFgN8Hu38RNiObfl0Ve', `last_ip` = '0:0:0:0:0:0:0:1%0', `creation_date` = 2025-04-28 18:23:34.99, `last_seen` = 2025-05-18 00:51:02.74, `email` = null, `discord` = null, `settings` = '{"settings":[{"value":"survival","key":"last-server"},{"value":"en","key":"language"}],"version":0}' WHERE `ai` = 10" (applied to [last_seen, settings] columns)
[2025/05/18 00:51:07]: §3[nLogin] [DEBUG] [SQLite] [UPDATE]: "UPDATE `nlogin` SET `last_name` = 'Grady', `unique_id` = 5d947e07d63a38588173289bb199ada6,  `mojang_id` = null,  `bedrock_id` = null,  `password` = '$2a$10$fgpfPAXZEU13S/BFfc9BzuKMq8RP5f5c/pcFgN8Hu38RNiObfl0Ve', `last_ip` = '0:0:0:0:0:0:0:1%0', `creation_date` = 2025-04-28 18:23:34.99, `last_seen` = 2025-05-18 00:51:07.912, `email` = null, `discord` = null, `settings` = '{"settings":[{"value":"survival","key":"last-server"},{"value":"en","key":"language"}],"version":0}' WHERE `ai` = 10" (applied to [last_ip, last_seen, settings] columns)
[2025/05/18 00:51:07]: [nLogin] The user Grady has successfully logged in.
[2025/05/18 00:51:20]: §3[nLogin] [DEBUG] [SQLite] [UPDATE]: "UPDATE `nlogin` SET `last_name` = 'Grady', `unique_id` = 5d947e07d63a38588173289bb199ada6,  `mojang_id` = null,  `bedrock_id` = null,  `password` = '$2a$10$fgpfPAXZEU13S/BFfc9BzuKMq8RP5f5c/pcFgN8Hu38RNiObfl0Ve', `last_ip` = '0:0:0:0:0:0:0:1%0', `creation_date` = 2025-04-28 18:23:34.99, `last_seen` = 2025-05-18 00:51:20.74, `email` = null, `discord` = null, `settings` = '{"settings":[{"value":"survival","key":"last-server"},{"value":"en","key":"language"}],"version":0}' WHERE `ai` = 10" (applied to [last_seen, settings] columns)
[2025/05/18 00:51:34]: §3[nLogin] [DEBUG] [SQLite] [UPDATE]: "UPDATE `nlogin` SET `last_name` = 'Grady', `unique_id` = 5d947e07d63a38588173289bb199ada6,  `mojang_id` = null,  `bedrock_id` = null,  `password` = '$2a$10$fgpfPAXZEU13S/BFfc9BzuKMq8RP5f5c/pcFgN8Hu38RNiObfl0Ve', `last_ip` = '0:0:0:0:0:0:0:1%0', `creation_date` = 2025-04-28 18:23:34.99, `last_seen` = 2025-05-18 00:51:34.804, `email` = null, `discord` = null, `settings` = '{"settings":[{"value":"survival","key":"last-server"},{"value":"en","key":"language"}],"version":0}' WHERE `ai` = 10" (applied to [last_ip, last_seen, settings] columns)
[2025/05/18 00:51:34]: [nLogin] The user Grady has successfully logged in.
[2025/05/18 00:51:47]: §3[nLogin] [DEBUG] [SQLite] [UPDATE]: "UPDATE `nlogin` SET `last_name` = 'Grady', `unique_id` = 5d947e07d63a38588173289bb199ada6,  `mojang_id` = null,  `bedrock_id` = null,  `password` = '$2a$10$fgpfPAXZEU13S/BFfc9BzuKMq8RP5f5c/pcFgN8Hu38RNiObfl0Ve', `last_ip` = '0:0:0:0:0:0:0:1%0', `creation_date` = 2025-04-28 18:23:34.99, `last_seen` = 2025-05-18 00:51:47.99, `email` = null, `discord` = null, `settings` = '{"settings":[{"value":"survival","key":"last-server"},{"value":"en","key":"language"}],"version":0}' WHERE `ai` = 10" (applied to [last_seen, settings] columns)
[2025/05/18 00:51:55]: §3[nLogin] [DEBUG] The Grady (0:0:0:0:0:0:0:1%0) player entered an incorrect password
[2025/05/18 00:52:00]: §3[nLogin] [DEBUG] [SQLite] [UPDATE]: "UPDATE `nlogin` SET `last_name` = 'Grady', `unique_id` = 5d947e07d63a38588173289bb199ada6,  `mojang_id` = null,  `bedrock_id` = null,  `password` = '$2a$10$fgpfPAXZEU13S/BFfc9BzuKMq8RP5f5c/pcFgN8Hu38RNiObfl0Ve', `last_ip` = '0:0:0:0:0:0:0:1%0', `creation_date` = 2025-04-28 18:23:34.99, `last_seen` = 2025-05-18 00:52:00.756, `email` = null, `discord` = null, `settings` = '{"settings":[{"value":"survival","key":"last-server"},{"value":"en","key":"language"}],"version":0}' WHERE `ai` = 10" (applied to [last_ip, last_seen, settings] columns)
[2025/05/18 00:52:00]: [nLogin] The user Grady has successfully logged in.
[2025/05/18 00:52:41]: §3[nLogin] [DEBUG] [SQLite] [UPDATE]: "UPDATE `nlogin` SET `last_name` = 'Grady', `unique_id` = 5d947e07d63a38588173289bb199ada6,  `mojang_id` = null,  `bedrock_id` = null,  `password` = '$2a$10$fgpfPAXZEU13S/BFfc9BzuKMq8RP5f5c/pcFgN8Hu38RNiObfl0Ve', `last_ip` = '0:0:0:0:0:0:0:1%0', `creation_date` = 2025-04-28 18:23:34.99, `last_seen` = 2025-05-18 00:52:41.832, `email` = null, `discord` = null, `settings` = '{"settings":[{"value":"survival","key":"last-server"},{"value":"en","key":"language"}],"version":0}' WHERE `ai` = 10" (applied to [last_seen, settings] columns)
[2025/05/18 01:02:48]: §3[nLogin] [DEBUG] [SQLite] [UPDATE]: "UPDATE `nlogin` SET `last_name` = 'Marko', `unique_id` = 568a023c8d6b39bd9304e90c0aa1b876,  `mojang_id` = null,  `bedrock_id` = null,  `password` = '$2a$10$UIokuW1/aXPZNd0EQJe3cOiB8kc9HMSWWE7uGNlb9E5Ms2ZfrFtai', `last_ip` = '0:0:0:0:0:0:0:1%0', `creation_date` = 2025-04-29 19:50:21.31, `last_seen` = 2025-05-18 01:02:48.485, `email` = null, `discord` = null, `settings` = '{"settings":[{"value":"survival","key":"last-server"},{"value":"en","key":"language"}],"version":0}' WHERE `ai` = 12" (applied to [last_seen, settings] columns)
[2025/05/18 01:12:44]: §3[nLogin] [DEBUG] [SQLite] [UPDATE]: "UPDATE `nlogin` SET `last_name` = 'DARREN', `unique_id` = 783c3da60f593db784d1abca81b138b9,  `mojang_id` = null,  `bedrock_id` = null,  `password` = '$2a$10$yug7xwCdpnLbo4f.hV0ZaeNn5nrIuGndab2oehTtJ/2UCBB7UsCtu', `last_ip` = '0:0:0:0:0:0:0:1%0', `creation_date` = 2025-04-24 21:18:26.942, `last_seen` = 2025-05-18 01:12:44.866, `email` = null, `discord` = null, `settings` = '{"settings":[{"value":"survival","key":"last-server"},{"value":"en","key":"language"}],"version":0}' WHERE `ai` = 1" (applied to [last_seen, settings] columns)
