[2025/05/01 11:20:18]: §9          __             _       
[2025/05/01 11:20:18]: §9  _ __   / /  ___   __ _(_)_ __  
[2025/05/01 11:20:18]: §9 | '_ \ / /  / _ \ / _` | | '_ \ 
[2025/05/01 11:20:18]: §9 | | | / /__| (_) | (_| | | | | |
[2025/05/01 11:20:18]: §9 |_| |_\____/\___/ \__, |_|_| |_|
[2025/05/01 11:20:18]: §9                  |___/            
[2025/05/01 11:20:18]: §9 By: www.nickuc.com - V 10.3.27
[2025/05/01 11:20:18]: §9 
[2025/05/01 11:20:19]: §3[nLogin] [DEBUG] All settings were loaded in 615 ms.
[2025/05/01 11:20:19]: §3[nLogin] [DEBUG] Loading the messages_en.yml message file...
[2025/05/01 11:20:19]: §3[nLogin] [DEBUG] All plugin messages were loaded in 199 ms (languageByClient=false).
[2025/05/01 11:20:19]: §3[nLogin] [DEBUG] All proxy settings were loaded in 30 ms.
[2025/05/01 11:20:19]: §3[nLogin] [DEBUG] Loading database...
[2025/05/01 11:20:20]: §3[nLogin] [DEBUG] Starting logger filter...
[2025/05/01 11:20:25]: 
[2025/05/01 11:20:25]:  §bThank you so much for choosing nLogin! §4<3
[2025/05/01 11:20:25]: 
[2025/05/01 11:20:25]:  §4For your safety, please read the message below:
[2025/05/01 11:20:25]:   §cNever download nLogin from unknown sources.
[2025/05/01 11:20:25]:   §cA modified version may contain malicious software.
[2025/05/01 11:20:25]: 
[2025/05/01 11:20:25]:  §3Trusted sources:
[2025/05/01 11:20:25]:   §bwww.nickuc.com
[2025/05/01 11:20:25]:   §bwww.github.com/nickuc
[2025/05/01 11:20:25]:   §bOpeNLogin installer (from Spigot or GitHub)
[2025/05/01 11:20:25]: 
[2025/05/01 11:20:25]:  §3Official support channels:
[2025/05/01 11:20:25]:   §bDiscord group: §fwww.nickuc.com/discord
[2025/05/01 11:20:25]:   §bDocumentation: §fdocs.nickuc.com/nlogin/
[2025/05/01 11:20:25]:   §bEmail: §fsupport@nickuc.com
[2025/05/01 11:20:25]:   §bYouTube: §fyoutube.com/nickuc
[2025/05/01 11:20:25]: 
[2025/05/01 11:20:25]:  §eTo remove this warning, log in with "nlogin.admin" permission on the server
[2025/05/01 11:20:25]:  §eand click the "Setup plugin" button to configure your plugin.
[2025/05/01 11:20:25]: 
[2025/05/01 11:20:50]: §3[nLogin] [DEBUG] [SQLite] [UPDATE]: "UPDATE `nlogin` SET `last_name` = 'DARREN', `unique_id` = 783c3da60f593db784d1abca81b138b9,  `mojang_id` = null,  `bedrock_id` = null,  `password` = '$2a$10$yug7xwCdpnLbo4f.hV0ZaeNn5nrIuGndab2oehTtJ/2UCBB7UsCtu', `last_ip` = '0:0:0:0:0:0:0:1%0', `creation_date` = 2025-04-24 21:18:26.942, `last_seen` = 2025-05-01 11:20:50.099, `email` = null, `discord` = null, `settings` = '{"settings":[{"value":"survival","key":"last-server"},{"value":"en","key":"language"}],"version":0}' WHERE `ai` = 1" (applied to [last_ip, last_seen, settings] columns)
[2025/05/01 11:20:50]: [nLogin] The user DARREN has successfully logged in.
[2025/05/01 11:24:39]: §3[nLogin] [DEBUG] [SQLite] [UPDATE]: "UPDATE `nlogin` SET `last_name` = 'DARREN', `unique_id` = 783c3da60f593db784d1abca81b138b9,  `mojang_id` = null,  `bedrock_id` = null,  `password` = '$2a$10$yug7xwCdpnLbo4f.hV0ZaeNn5nrIuGndab2oehTtJ/2UCBB7UsCtu', `last_ip` = '0:0:0:0:0:0:0:1%0', `creation_date` = 2025-04-24 21:18:26.942, `last_seen` = 2025-05-01 11:24:39.696, `email` = null, `discord` = null, `settings` = '{"settings":[{"value":"survival","key":"last-server"},{"value":"en","key":"language"}],"version":0}' WHERE `ai` = 1" (applied to [last_seen, settings] columns)
[2025/05/01 11:28:48]: §3[nLogin] [DEBUG] [SQLite] [UPDATE]: "UPDATE `nlogin` SET `last_name` = 'DARREN', `unique_id` = 783c3da60f593db784d1abca81b138b9,  `mojang_id` = null,  `bedrock_id` = null,  `password` = '$2a$10$yug7xwCdpnLbo4f.hV0ZaeNn5nrIuGndab2oehTtJ/2UCBB7UsCtu', `last_ip` = '0:0:0:0:0:0:0:1%0', `creation_date` = 2025-04-24 21:18:26.942, `last_seen` = 2025-05-01 11:28:48.082, `email` = null, `discord` = null, `settings` = '{"settings":[{"value":"survival","key":"last-server"},{"value":"en","key":"language"}],"version":0}' WHERE `ai` = 1" (applied to [last_ip, last_seen, settings] columns)
[2025/05/01 11:28:48]: [nLogin] The user DARREN has successfully logged in.
[2025/05/01 11:46:17]: §3[nLogin] [DEBUG] [SQLite] [UPDATE]: "UPDATE `nlogin` SET `last_name` = 'DARREN', `unique_id` = 783c3da60f593db784d1abca81b138b9,  `mojang_id` = null,  `bedrock_id` = null,  `password` = '$2a$10$yug7xwCdpnLbo4f.hV0ZaeNn5nrIuGndab2oehTtJ/2UCBB7UsCtu', `last_ip` = '0:0:0:0:0:0:0:1%0', `creation_date` = 2025-04-24 21:18:26.942, `last_seen` = 2025-05-01 11:46:17.24, `email` = null, `discord` = null, `settings` = '{"settings":[{"value":"survival","key":"last-server"},{"value":"en","key":"language"}],"version":0}' WHERE `ai` = 1" (applied to [last_seen, settings] columns)
