[2025/04/30 19:35:05]: §9          __             _       
[2025/04/30 19:35:05]: §9  _ __   / /  ___   __ _(_)_ __  
[2025/04/30 19:35:05]: §9 | '_ \ / /  / _ \ / _` | | '_ \ 
[2025/04/30 19:35:05]: §9 | | | / /__| (_) | (_| | | | | |
[2025/04/30 19:35:05]: §9 |_| |_\____/\___/ \__, |_|_| |_|
[2025/04/30 19:35:05]: §9                  |___/            
[2025/04/30 19:35:05]: §9 By: www.nickuc.com - V 10.3.27
[2025/04/30 19:35:06]: §9 
[2025/04/30 19:35:07]: §3[nLogin] [DEBUG] All settings were loaded in 1295 ms.
[2025/04/30 19:35:07]: §3[nLogin] [DEBUG] Loading the messages_en.yml message file...
[2025/04/30 19:35:07]: §3[nLogin] [DEBUG] All plugin messages were loaded in 311 ms (languageByClient=false).
[2025/04/30 19:35:07]: §3[nLogin] [DEBUG] All proxy settings were loaded in 38 ms.
[2025/04/30 19:35:07]: §3[nLogin] [DEBUG] Loading database...
[2025/04/30 19:35:09]: §3[nLogin] [DEBUG] Starting logger filter...
[2025/04/30 19:35:14]: 
[2025/04/30 19:35:14]:  §bThank you so much for choosing nLogin! §4<3
[2025/04/30 19:35:14]: 
[2025/04/30 19:35:14]:  §4For your safety, please read the message below:
[2025/04/30 19:35:14]:   §cNever download nLogin from unknown sources.
[2025/04/30 19:35:14]:   §cA modified version may contain malicious software.
[2025/04/30 19:35:14]: 
[2025/04/30 19:35:14]:  §3Trusted sources:
[2025/04/30 19:35:14]:   §bwww.nickuc.com
[2025/04/30 19:35:14]:   §bwww.github.com/nickuc
[2025/04/30 19:35:14]:   §bOpeNLogin installer (from Spigot or GitHub)
[2025/04/30 19:35:14]: 
[2025/04/30 19:35:14]:  §3Official support channels:
[2025/04/30 19:35:14]:   §bDiscord group: §fwww.nickuc.com/discord
[2025/04/30 19:35:14]:   §bDocumentation: §fdocs.nickuc.com/nlogin/
[2025/04/30 19:35:14]:   §bEmail: §fsupport@nickuc.com
[2025/04/30 19:35:14]:   §bYouTube: §fyoutube.com/nickuc
[2025/04/30 19:35:14]: 
[2025/04/30 19:35:14]:  §eTo remove this warning, log in with "nlogin.admin" permission on the server
[2025/04/30 19:35:14]:  §eand click the "Setup plugin" button to configure your plugin.
[2025/04/30 19:35:14]: 
[2025/04/30 19:38:45]: §3[nLogin] [DEBUG] [SQLite] [UPDATE]: "UPDATE `nlogin` SET `last_name` = 'David_M', `unique_id` = c7c3a2502ebb3ee49bc09f25e8be29c9,  `mojang_id` = null,  `bedrock_id` = null,  `password` = '$2a$10$wU60URh.PrZbrgnYLoze/uj26Qw589fOV88g1Mq6zHXpmhqHdvEvG', `last_ip` = '0:0:0:0:0:0:0:1%0', `creation_date` = 2025-04-25 19:02:30.13, `last_seen` = 2025-04-30 19:38:45.378, `email` = null, `discord` = null, `settings` = '{"settings":[{"value":"survival","key":"last-server"},{"value":"en","key":"language"}],"version":0}' WHERE `ai` = 7" (applied to [last_ip, last_seen, settings] columns)
[2025/04/30 19:38:45]: [nLogin] The user David_M has successfully logged in.
[2025/04/30 19:38:53]: §3[nLogin] [DEBUG] [SQLite] [UPDATE]: "UPDATE `nlogin` SET `last_name` = 'DARREN', `unique_id` = 783c3da60f593db784d1abca81b138b9,  `mojang_id` = null,  `bedrock_id` = null,  `password` = '$2a$10$yug7xwCdpnLbo4f.hV0ZaeNn5nrIuGndab2oehTtJ/2UCBB7UsCtu', `last_ip` = '0:0:0:0:0:0:0:1%0', `creation_date` = 2025-04-24 21:18:26.942, `last_seen` = 2025-04-30 19:38:53.678, `email` = null, `discord` = null, `settings` = '{"settings":[{"value":"survival","key":"last-server"},{"value":"en","key":"language"}],"version":0}' WHERE `ai` = 1" (applied to [last_ip, last_seen, settings] columns)
[2025/04/30 19:38:53]: [nLogin] The user DARREN has successfully logged in.
[2025/04/30 19:47:17]: §3[nLogin] [DEBUG] [SQLite] [UPDATE]: "UPDATE `nlogin` SET `last_name` = 'David_M', `unique_id` = c7c3a2502ebb3ee49bc09f25e8be29c9,  `mojang_id` = null,  `bedrock_id` = null,  `password` = '$2a$10$wU60URh.PrZbrgnYLoze/uj26Qw589fOV88g1Mq6zHXpmhqHdvEvG', `last_ip` = '0:0:0:0:0:0:0:1%0', `creation_date` = 2025-04-25 19:02:30.13, `last_seen` = 2025-04-30 19:47:17.545, `email` = null, `discord` = null, `settings` = '{"settings":[{"value":"survival","key":"last-server"},{"value":"en","key":"language"}],"version":0}' WHERE `ai` = 7" (applied to [last_seen, settings] columns)
[2025/04/30 19:51:02]: §3[nLogin] [DEBUG] [SQLite] [UPDATE]: "UPDATE `nlogin` SET `last_name` = 'David_M', `unique_id` = c7c3a2502ebb3ee49bc09f25e8be29c9,  `mojang_id` = null,  `bedrock_id` = null,  `password` = '$2a$10$wU60URh.PrZbrgnYLoze/uj26Qw589fOV88g1Mq6zHXpmhqHdvEvG', `last_ip` = '0:0:0:0:0:0:0:1%0', `creation_date` = 2025-04-25 19:02:30.13, `last_seen` = 2025-04-30 19:51:02.318, `email` = null, `discord` = null, `settings` = '{"settings":[{"value":"survival","key":"last-server"},{"value":"en","key":"language"}],"version":0}' WHERE `ai` = 7" (applied to [last_ip, last_seen, settings] columns)
[2025/04/30 19:51:02]: [nLogin] The user David_M has successfully logged in.
[2025/04/30 20:03:58]: §3[nLogin] [DEBUG] [SQLite] [UPDATE]: "UPDATE `nlogin` SET `last_name` = 'Danny', `unique_id` = ddcda591f59a39faae6e6744024d2256,  `mojang_id` = null,  `bedrock_id` = null,  `password` = '$2a$10$9dFiWiwb7z0vCRFvpniWM.hg3hAhygKXYA6u4sR6kndoPe23VzP.q', `last_ip` = '0:0:0:0:0:0:0:1%0', `creation_date` = 2025-04-28 18:23:52.036, `last_seen` = 2025-04-30 20:03:58.367, `email` = null, `discord` = null, `settings` = '{"settings":[{"value":"survival","key":"last-server"},{"value":"en","key":"language"}],"version":0}' WHERE `ai` = 11" (applied to [last_ip, last_seen, settings] columns)
[2025/04/30 20:03:58]: [nLogin] The user Danny has successfully logged in.
[2025/04/30 20:06:27]: §3[nLogin] [DEBUG] [SQLite] [UPDATE]: "UPDATE `nlogin` SET `last_name` = 'Jason', `unique_id` = e13c5e70767d356589fa98148f3dbd5f,  `mojang_id` = null,  `bedrock_id` = null,  `password` = '$2a$10$3UIn1hqv2bD95vnxTL18/uwlvi/eSSilqMy2QCRJFxAW9/rp8J9cS', `last_ip` = '0:0:0:0:0:0:0:1%0', `creation_date` = 2025-04-24 22:34:45.689, `last_seen` = 2025-04-30 20:06:27.984, `email` = null, `discord` = null, `settings` = '{"settings":[{"value":"survival","key":"last-server"},{"value":"en","key":"language"}],"version":0}' WHERE `ai` = 4" (applied to [last_ip, last_seen, settings] columns)
[2025/04/30 20:06:27]: [nLogin] The user Jason has successfully logged in.
[2025/04/30 20:07:55]: §3[nLogin] [DEBUG] [SQLite] [UPDATE]: "UPDATE `nlogin` SET `last_name` = 'Jason', `unique_id` = e13c5e70767d356589fa98148f3dbd5f,  `mojang_id` = null,  `bedrock_id` = null,  `password` = '$2a$10$3UIn1hqv2bD95vnxTL18/uwlvi/eSSilqMy2QCRJFxAW9/rp8J9cS', `last_ip` = '0:0:0:0:0:0:0:1%0', `creation_date` = 2025-04-24 22:34:45.689, `last_seen` = 2025-04-30 20:07:55.91, `email` = null, `discord` = null, `settings` = '{"settings":[{"value":"survival","key":"last-server"},{"value":"en","key":"language"}],"version":0}' WHERE `ai` = 4" (applied to [last_seen, settings] columns)
[2025/04/30 20:08:19]: §3[nLogin] [DEBUG] [SQLite] [UPDATE]: "UPDATE `nlogin` SET `last_name` = 'Jason', `unique_id` = e13c5e70767d356589fa98148f3dbd5f,  `mojang_id` = null,  `bedrock_id` = null,  `password` = '$2a$10$3UIn1hqv2bD95vnxTL18/uwlvi/eSSilqMy2QCRJFxAW9/rp8J9cS', `last_ip` = '0:0:0:0:0:0:0:1%0', `creation_date` = 2025-04-24 22:34:45.689, `last_seen` = 2025-04-30 20:08:19.745, `email` = null, `discord` = null, `settings` = '{"settings":[{"value":"survival","key":"last-server"},{"value":"en","key":"language"}],"version":0}' WHERE `ai` = 4" (applied to [last_ip, last_seen, settings] columns)
[2025/04/30 20:08:19]: [nLogin] The user Jason has successfully logged in.
[2025/04/30 20:14:47]: §3[nLogin] [DEBUG] [SQLite] [UPDATE]: "UPDATE `nlogin` SET `last_name` = 'Marko', `unique_id` = 568a023c8d6b39bd9304e90c0aa1b876,  `mojang_id` = null,  `bedrock_id` = null,  `password` = '$2a$10$UIokuW1/aXPZNd0EQJe3cOiB8kc9HMSWWE7uGNlb9E5Ms2ZfrFtai', `last_ip` = '0:0:0:0:0:0:0:1%0', `creation_date` = 2025-04-29 19:50:21.31, `last_seen` = 2025-04-30 20:14:47.955, `email` = null, `discord` = null, `settings` = '{"settings":[{"value":"survival","key":"last-server"},{"value":"en","key":"language"}],"version":0}' WHERE `ai` = 12" (applied to [last_ip, last_seen, settings] columns)
[2025/04/30 20:14:47]: [nLogin] The user Marko has successfully logged in.
[2025/04/30 20:24:47]: §3[nLogin] [DEBUG] [SQLite] [UPDATE]: "UPDATE `nlogin` SET `last_name` = 'DARREN', `unique_id` = 783c3da60f593db784d1abca81b138b9,  `mojang_id` = null,  `bedrock_id` = null,  `password` = '$2a$10$yug7xwCdpnLbo4f.hV0ZaeNn5nrIuGndab2oehTtJ/2UCBB7UsCtu', `last_ip` = '0:0:0:0:0:0:0:1%0', `creation_date` = 2025-04-24 21:18:26.942, `last_seen` = 2025-04-30 20:24:47.057, `email` = null, `discord` = null, `settings` = '{"settings":[{"value":"survival","key":"last-server"},{"value":"en","key":"language"}],"version":0}' WHERE `ai` = 1" (applied to [last_seen, settings] columns)
[2025/04/30 20:26:34]: §3[nLogin] [DEBUG] [SQLite] [UPDATE]: "INSERT INTO `nlogin` (`last_name`, `unique_id`, `mojang_id`, `bedrock_id`, `password`, `last_ip`, `creation_date`, `last_seen`, `email`, `discord`, `settings`) VALUES ('LMMS_ADMIN', eec0ad9e5122369d89d82f13abe29ec1, null, null, '$2a$10$yW8Onx8u23wk8ccQK1HH9u2.nH8TdattSl.bonchWD9V/yQplKPFK', '0:0:0:0:0:0:0:1%0', '2025-04-30 20:26:33.962', '2025-04-30 20:26:33.962', null, null, null)" (applied to all columns)
[2025/04/30 20:26:34]: [nLogin] The user LMMS_ADMIN has successfully registered.
[2025/04/30 20:29:26]: §3[nLogin] [DEBUG] [SQLite] [UPDATE]: "UPDATE `nlogin` SET `last_name` = 'Jason', `unique_id` = e13c5e70767d356589fa98148f3dbd5f,  `mojang_id` = null,  `bedrock_id` = null,  `password` = '$2a$10$3UIn1hqv2bD95vnxTL18/uwlvi/eSSilqMy2QCRJFxAW9/rp8J9cS', `last_ip` = '0:0:0:0:0:0:0:1%0', `creation_date` = 2025-04-24 22:34:45.689, `last_seen` = 2025-04-30 20:29:26.489, `email` = null, `discord` = null, `settings` = '{"settings":[{"value":"survival","key":"last-server"},{"value":"en","key":"language"}],"version":0}' WHERE `ai` = 4" (applied to [last_seen, settings] columns)
[2025/04/30 20:29:33]: §3[nLogin] [DEBUG] The Jason (0:0:0:0:0:0:0:1%0) player entered an incorrect password
[2025/04/30 20:29:40]: §3[nLogin] [DEBUG] [SQLite] [UPDATE]: "UPDATE `nlogin` SET `last_name` = 'Jason', `unique_id` = e13c5e70767d356589fa98148f3dbd5f,  `mojang_id` = null,  `bedrock_id` = null,  `password` = '$2a$10$3UIn1hqv2bD95vnxTL18/uwlvi/eSSilqMy2QCRJFxAW9/rp8J9cS', `last_ip` = '0:0:0:0:0:0:0:1%0', `creation_date` = 2025-04-24 22:34:45.689, `last_seen` = 2025-04-30 20:29:40.719, `email` = null, `discord` = null, `settings` = '{"settings":[{"value":"survival","key":"last-server"},{"value":"en","key":"language"}],"version":0}' WHERE `ai` = 4" (applied to [last_ip, last_seen, settings] columns)
[2025/04/30 20:29:40]: [nLogin] The user Jason has successfully logged in.
[2025/04/30 20:35:45]: §3[nLogin] [DEBUG] [SQLite] [UPDATE]: "UPDATE `nlogin` SET `last_name` = 'Jason', `unique_id` = e13c5e70767d356589fa98148f3dbd5f,  `mojang_id` = null,  `bedrock_id` = null,  `password` = '$2a$10$3UIn1hqv2bD95vnxTL18/uwlvi/eSSilqMy2QCRJFxAW9/rp8J9cS', `last_ip` = '0:0:0:0:0:0:0:1%0', `creation_date` = 2025-04-24 22:34:45.689, `last_seen` = 2025-04-30 20:35:45.073, `email` = null, `discord` = null, `settings` = '{"settings":[{"value":"survival","key":"last-server"},{"value":"en","key":"language"}],"version":0}' WHERE `ai` = 4" (applied to [last_seen, settings] columns)
[2025/04/30 20:35:50]: §3[nLogin] [DEBUG] [SQLite] [UPDATE]: "UPDATE `nlogin` SET `last_name` = 'Jason', `unique_id` = e13c5e70767d356589fa98148f3dbd5f,  `mojang_id` = null,  `bedrock_id` = null,  `password` = '$2a$10$3UIn1hqv2bD95vnxTL18/uwlvi/eSSilqMy2QCRJFxAW9/rp8J9cS', `last_ip` = '0:0:0:0:0:0:0:1%0', `creation_date` = 2025-04-24 22:34:45.689, `last_seen` = 2025-04-30 20:35:50.748, `email` = null, `discord` = null, `settings` = '{"settings":[{"value":"survival","key":"last-server"},{"value":"en","key":"language"}],"version":0}' WHERE `ai` = 4" (applied to [last_ip, last_seen, settings] columns)
[2025/04/30 20:35:50]: [nLogin] The user Jason has successfully logged in.
[2025/04/30 20:36:00]: §3[nLogin] [DEBUG] [SQLite] [UPDATE]: "UPDATE `nlogin` SET `last_name` = 'Jason', `unique_id` = e13c5e70767d356589fa98148f3dbd5f,  `mojang_id` = null,  `bedrock_id` = null,  `password` = '$2a$10$3UIn1hqv2bD95vnxTL18/uwlvi/eSSilqMy2QCRJFxAW9/rp8J9cS', `last_ip` = '0:0:0:0:0:0:0:1%0', `creation_date` = 2025-04-24 22:34:45.689, `last_seen` = 2025-04-30 20:36:00.028, `email` = null, `discord` = null, `settings` = '{"settings":[{"value":"survival","key":"last-server"},{"value":"en","key":"language"}],"version":0}' WHERE `ai` = 4" (applied to [last_seen, settings] columns)
[2025/04/30 20:36:05]: §3[nLogin] [DEBUG] The Jason (0:0:0:0:0:0:0:1%0) player entered an incorrect password
[2025/04/30 20:36:13]: §3[nLogin] [DEBUG] [SQLite] [UPDATE]: "UPDATE `nlogin` SET `last_name` = 'Jason', `unique_id` = e13c5e70767d356589fa98148f3dbd5f,  `mojang_id` = null,  `bedrock_id` = null,  `password` = '$2a$10$3UIn1hqv2bD95vnxTL18/uwlvi/eSSilqMy2QCRJFxAW9/rp8J9cS', `last_ip` = '0:0:0:0:0:0:0:1%0', `creation_date` = 2025-04-24 22:34:45.689, `last_seen` = 2025-04-30 20:36:13.513, `email` = null, `discord` = null, `settings` = '{"settings":[{"value":"survival","key":"last-server"},{"value":"en","key":"language"}],"version":0}' WHERE `ai` = 4" (applied to [last_ip, last_seen, settings] columns)
[2025/04/30 20:36:13]: [nLogin] The user Jason has successfully logged in.
[2025/04/30 20:42:24]: §3[nLogin] [DEBUG] [SQLite] [UPDATE]: "UPDATE `nlogin` SET `last_name` = 'David_M', `unique_id` = c7c3a2502ebb3ee49bc09f25e8be29c9,  `mojang_id` = null,  `bedrock_id` = null,  `password` = '$2a$10$wU60URh.PrZbrgnYLoze/uj26Qw589fOV88g1Mq6zHXpmhqHdvEvG', `last_ip` = '0:0:0:0:0:0:0:1%0', `creation_date` = 2025-04-25 19:02:30.13, `last_seen` = 2025-04-30 20:42:24.558, `email` = null, `discord` = null, `settings` = '{"settings":[{"value":"survival","key":"last-server"},{"value":"en","key":"language"}],"version":0}' WHERE `ai` = 7" (applied to [last_seen, settings] columns)
[2025/04/30 20:46:11]: §3[nLogin] [DEBUG] [SQLite] [UPDATE]: "UPDATE `nlogin` SET `last_name` = 'LMMS_ADMIN', `unique_id` = eec0ad9e5122369d89d82f13abe29ec1,  `mojang_id` = null,  `bedrock_id` = null,  `password` = '$2a$10$yW8Onx8u23wk8ccQK1HH9u2.nH8TdattSl.bonchWD9V/yQplKPFK', `last_ip` = '0:0:0:0:0:0:0:1%0', `creation_date` = 2025-04-30 20:26:33.962, `last_seen` = 2025-04-30 20:46:11.15, `email` = null, `discord` = null, `settings` = '{"settings":[{"value":"survival","key":"last-server"},{"value":"en","key":"language"}],"version":0}' WHERE `ai` = 13" (applied to [last_seen, settings] columns)
[2025/04/30 20:48:13]: §3[nLogin] [DEBUG] [SQLite] [UPDATE]: "UPDATE `nlogin` SET `last_name` = 'DARREN', `unique_id` = 783c3da60f593db784d1abca81b138b9,  `mojang_id` = null,  `bedrock_id` = null,  `password` = '$2a$10$yug7xwCdpnLbo4f.hV0ZaeNn5nrIuGndab2oehTtJ/2UCBB7UsCtu', `last_ip` = '0:0:0:0:0:0:0:1%0', `creation_date` = 2025-04-24 21:18:26.942, `last_seen` = 2025-04-30 20:48:13.982, `email` = null, `discord` = null, `settings` = '{"settings":[{"value":"survival","key":"last-server"},{"value":"en","key":"language"}],"version":0}' WHERE `ai` = 1" (applied to [last_ip, last_seen, settings] columns)
[2025/04/30 20:48:13]: [nLogin] The user DARREN has successfully logged in.
[2025/04/30 20:48:26]: §3[nLogin] [DEBUG] [SQLite] [UPDATE]: "UPDATE `nlogin` SET `last_name` = 'DARREN', `unique_id` = 783c3da60f593db784d1abca81b138b9,  `mojang_id` = null,  `bedrock_id` = null,  `password` = '$2a$10$yug7xwCdpnLbo4f.hV0ZaeNn5nrIuGndab2oehTtJ/2UCBB7UsCtu', `last_ip` = '0:0:0:0:0:0:0:1%0', `creation_date` = 2025-04-24 21:18:26.942, `last_seen` = 2025-04-30 20:48:26.716, `email` = null, `discord` = null, `settings` = '{"settings":[{"value":"survival","key":"last-server"},{"value":"en","key":"language"}],"version":0}' WHERE `ai` = 1" (applied to [last_seen, settings] columns)
[2025/04/30 20:48:35]: §3[nLogin] [DEBUG] [SQLite] [UPDATE]: "UPDATE `nlogin` SET `last_name` = 'DARREN', `unique_id` = 783c3da60f593db784d1abca81b138b9,  `mojang_id` = null,  `bedrock_id` = null,  `password` = '$2a$10$yug7xwCdpnLbo4f.hV0ZaeNn5nrIuGndab2oehTtJ/2UCBB7UsCtu', `last_ip` = '0:0:0:0:0:0:0:1%0', `creation_date` = 2025-04-24 21:18:26.942, `last_seen` = 2025-04-30 20:48:35.391, `email` = null, `discord` = null, `settings` = '{"settings":[{"value":"survival","key":"last-server"},{"value":"en","key":"language"}],"version":0}' WHERE `ai` = 1" (applied to [last_ip, last_seen, settings] columns)
[2025/04/30 20:48:35]: [nLogin] The user DARREN has successfully logged in.
[2025/04/30 20:49:45]: §3[nLogin] [DEBUG] [SQLite] [UPDATE]: "UPDATE `nlogin` SET `last_name` = 'Marko', `unique_id` = 568a023c8d6b39bd9304e90c0aa1b876,  `mojang_id` = null,  `bedrock_id` = null,  `password` = '$2a$10$UIokuW1/aXPZNd0EQJe3cOiB8kc9HMSWWE7uGNlb9E5Ms2ZfrFtai', `last_ip` = '0:0:0:0:0:0:0:1%0', `creation_date` = 2025-04-29 19:50:21.31, `last_seen` = 2025-04-30 20:49:45.465, `email` = null, `discord` = null, `settings` = '{"settings":[{"value":"survival","key":"last-server"},{"value":"en","key":"language"}],"version":0}' WHERE `ai` = 12" (applied to [last_seen, settings] columns)
[2025/04/30 20:50:01]: §3[nLogin] [DEBUG] [SQLite] [UPDATE]: "UPDATE `nlogin` SET `last_name` = 'Marko', `unique_id` = 568a023c8d6b39bd9304e90c0aa1b876,  `mojang_id` = null,  `bedrock_id` = null,  `password` = '$2a$10$UIokuW1/aXPZNd0EQJe3cOiB8kc9HMSWWE7uGNlb9E5Ms2ZfrFtai', `last_ip` = '0:0:0:0:0:0:0:1%0', `creation_date` = 2025-04-29 19:50:21.31, `last_seen` = 2025-04-30 20:50:01.798, `email` = null, `discord` = null, `settings` = '{"settings":[{"value":"survival","key":"last-server"},{"value":"en","key":"language"}],"version":0}' WHERE `ai` = 12" (applied to [last_ip, last_seen, settings] columns)
[2025/04/30 20:50:01]: [nLogin] The user Marko has successfully logged in.
[2025/04/30 20:50:16]: §3[nLogin] [DEBUG] [SQLite] [UPDATE]: "UPDATE `nlogin` SET `last_name` = 'Marko', `unique_id` = 568a023c8d6b39bd9304e90c0aa1b876,  `mojang_id` = null,  `bedrock_id` = null,  `password` = '$2a$10$UIokuW1/aXPZNd0EQJe3cOiB8kc9HMSWWE7uGNlb9E5Ms2ZfrFtai', `last_ip` = '0:0:0:0:0:0:0:1%0', `creation_date` = 2025-04-29 19:50:21.31, `last_seen` = 2025-04-30 20:50:16.964, `email` = null, `discord` = null, `settings` = '{"settings":[{"value":"survival","key":"last-server"},{"value":"en","key":"language"}],"version":0}' WHERE `ai` = 12" (applied to [last_seen, settings] columns)
[2025/04/30 20:50:33]: §3[nLogin] [DEBUG] [SQLite] [UPDATE]: "UPDATE `nlogin` SET `last_name` = 'Marko', `unique_id` = 568a023c8d6b39bd9304e90c0aa1b876,  `mojang_id` = null,  `bedrock_id` = null,  `password` = '$2a$10$UIokuW1/aXPZNd0EQJe3cOiB8kc9HMSWWE7uGNlb9E5Ms2ZfrFtai', `last_ip` = '0:0:0:0:0:0:0:1%0', `creation_date` = 2025-04-29 19:50:21.31, `last_seen` = 2025-04-30 20:50:33.63, `email` = null, `discord` = null, `settings` = '{"settings":[{"value":"survival","key":"last-server"},{"value":"en","key":"language"}],"version":0}' WHERE `ai` = 12" (applied to [last_ip, last_seen, settings] columns)
[2025/04/30 20:50:33]: [nLogin] The user Marko has successfully logged in.
[2025/04/30 20:51:13]: §3[nLogin] [DEBUG] [SQLite] [UPDATE]: "UPDATE `nlogin` SET `last_name` = 'Marko', `unique_id` = 568a023c8d6b39bd9304e90c0aa1b876,  `mojang_id` = null,  `bedrock_id` = null,  `password` = '$2a$10$UIokuW1/aXPZNd0EQJe3cOiB8kc9HMSWWE7uGNlb9E5Ms2ZfrFtai', `last_ip` = '0:0:0:0:0:0:0:1%0', `creation_date` = 2025-04-29 19:50:21.31, `last_seen` = 2025-04-30 20:51:13.215, `email` = null, `discord` = null, `settings` = '{"settings":[{"value":"survival","key":"last-server"},{"value":"en","key":"language"}],"version":0}' WHERE `ai` = 12" (applied to [last_seen, settings] columns)
[2025/04/30 20:54:23]: §3[nLogin] [DEBUG] [SQLite] [UPDATE]: "UPDATE `nlogin` SET `last_name` = 'Danny', `unique_id` = ddcda591f59a39faae6e6744024d2256,  `mojang_id` = null,  `bedrock_id` = null,  `password` = '$2a$10$9dFiWiwb7z0vCRFvpniWM.hg3hAhygKXYA6u4sR6kndoPe23VzP.q', `last_ip` = '0:0:0:0:0:0:0:1%0', `creation_date` = 2025-04-28 18:23:52.036, `last_seen` = 2025-04-30 20:54:23.586, `email` = null, `discord` = null, `settings` = '{"settings":[{"value":"survival","key":"last-server"},{"value":"en","key":"language"}],"version":0}' WHERE `ai` = 11" (applied to [last_seen, settings] columns)
[2025/04/30 20:54:38]: §3[nLogin] [DEBUG] [SQLite] [UPDATE]: "UPDATE `nlogin` SET `last_name` = 'Marko', `unique_id` = 568a023c8d6b39bd9304e90c0aa1b876,  `mojang_id` = null,  `bedrock_id` = null,  `password` = '$2a$10$UIokuW1/aXPZNd0EQJe3cOiB8kc9HMSWWE7uGNlb9E5Ms2ZfrFtai', `last_ip` = '0:0:0:0:0:0:0:1%0', `creation_date` = 2025-04-29 19:50:21.31, `last_seen` = 2025-04-30 20:54:38.921, `email` = null, `discord` = null, `settings` = '{"settings":[{"value":"survival","key":"last-server"},{"value":"en","key":"language"}],"version":0}' WHERE `ai` = 12" (applied to [last_ip, last_seen, settings] columns)
[2025/04/30 20:54:38]: [nLogin] The user Marko has successfully logged in.
[2025/04/30 20:57:35]: §3[nLogin] [DEBUG] [SQLite] [UPDATE]: "INSERT INTO `nlogin` (`last_name`, `unique_id`, `mojang_id`, `bedrock_id`, `password`, `last_ip`, `creation_date`, `last_seen`, `email`, `discord`, `settings`) VALUES ('Jamal', 6a363b99a8513540bb78fcc6afa280fc, null, null, '$2a$10$EiB8Czh9JA701LjVbf90j.Len.PNZ13TVYulDY3/lvvILhu3DRILi', '0:0:0:0:0:0:0:1%0', '2025-04-30 20:57:35.349', '2025-04-30 20:57:35.349', null, null, null)" (applied to all columns)
[2025/04/30 20:57:35]: [nLogin] The user Jamal has successfully registered.
[2025/04/30 20:57:51]: §3[nLogin] [DEBUG] [SQLite] [UPDATE]: "UPDATE `nlogin` SET `last_name` = 'Ryan_L', `unique_id` = 8b4c7026a2a4393d9e16ed14af3207cc,  `mojang_id` = null,  `bedrock_id` = null,  `password` = '$2a$10$DkRcxfpRkDgpUMrfkd4Je.HJS70tc0/D/fOu/Jr/yUPd3.n9U6/CS', `last_ip` = '0:0:0:0:0:0:0:1%0', `creation_date` = 2025-04-24 22:33:18.043, `last_seen` = 2025-04-30 20:57:51.45, `email` = null, `discord` = null, `settings` = '{"settings":[{"value":"survival","key":"last-server"},{"value":"en","key":"language"}],"version":0}' WHERE `ai` = 3" (applied to [last_ip, last_seen, settings] columns)
[2025/04/30 20:57:51]: [nLogin] The user Ryan_L has successfully logged in.
[2025/04/30 20:58:05]: §3[nLogin] [DEBUG] [SQLite] [UPDATE]: "UPDATE `nlogin` SET `last_name` = 'Ryan_L', `unique_id` = 8b4c7026a2a4393d9e16ed14af3207cc,  `mojang_id` = null,  `bedrock_id` = null,  `password` = '$2a$10$DkRcxfpRkDgpUMrfkd4Je.HJS70tc0/D/fOu/Jr/yUPd3.n9U6/CS', `last_ip` = '0:0:0:0:0:0:0:1%0', `creation_date` = 2025-04-24 22:33:18.043, `last_seen` = 2025-04-30 20:58:05.713, `email` = null, `discord` = null, `settings` = '{"settings":[{"value":"survival","key":"last-server"},{"value":"en","key":"language"}],"version":0}' WHERE `ai` = 3" (applied to [last_seen, settings] columns)
[2025/04/30 20:58:20]: §3[nLogin] [DEBUG] The Ryan_L (0:0:0:0:0:0:0:1%0) player entered an incorrect password
[2025/04/30 20:58:28]: §3[nLogin] [DEBUG] [SQLite] [UPDATE]: "UPDATE `nlogin` SET `last_name` = 'Ryan_L', `unique_id` = 8b4c7026a2a4393d9e16ed14af3207cc,  `mojang_id` = null,  `bedrock_id` = null,  `password` = '$2a$10$DkRcxfpRkDgpUMrfkd4Je.HJS70tc0/D/fOu/Jr/yUPd3.n9U6/CS', `last_ip` = '0:0:0:0:0:0:0:1%0', `creation_date` = 2025-04-24 22:33:18.043, `last_seen` = 2025-04-30 20:58:28.804, `email` = null, `discord` = null, `settings` = '{"settings":[{"value":"survival","key":"last-server"},{"value":"en","key":"language"}],"version":0}' WHERE `ai` = 3" (applied to [last_ip, last_seen, settings] columns)
[2025/04/30 20:58:28]: [nLogin] The user Ryan_L has successfully logged in.
[2025/04/30 21:03:24]: §3[nLogin] [DEBUG] [SQLite] [UPDATE]: "UPDATE `nlogin` SET `last_name` = 'David_M', `unique_id` = c7c3a2502ebb3ee49bc09f25e8be29c9,  `mojang_id` = null,  `bedrock_id` = null,  `password` = '$2a$10$wU60URh.PrZbrgnYLoze/uj26Qw589fOV88g1Mq6zHXpmhqHdvEvG', `last_ip` = '0:0:0:0:0:0:0:1%0', `creation_date` = 2025-04-25 19:02:30.13, `last_seen` = 2025-04-30 21:03:24.544, `email` = null, `discord` = null, `settings` = '{"settings":[{"value":"survival","key":"last-server"},{"value":"en","key":"language"}],"version":0}' WHERE `ai` = 7" (applied to [last_ip, last_seen, settings] columns)
[2025/04/30 21:03:24]: [nLogin] The user David_M has successfully logged in.
[2025/04/30 21:04:23]: §3[nLogin] [DEBUG] [SQLite] [UPDATE]: "UPDATE `nlogin` SET `last_name` = 'DARREN', `unique_id` = 783c3da60f593db784d1abca81b138b9,  `mojang_id` = null,  `bedrock_id` = null,  `password` = '$2a$10$yug7xwCdpnLbo4f.hV0ZaeNn5nrIuGndab2oehTtJ/2UCBB7UsCtu', `last_ip` = '0:0:0:0:0:0:0:1%0', `creation_date` = 2025-04-24 21:18:26.942, `last_seen` = 2025-04-30 21:04:23.219, `email` = null, `discord` = null, `settings` = '{"settings":[{"value":"survival","key":"last-server"},{"value":"en","key":"language"}],"version":0}' WHERE `ai` = 1" (applied to [last_seen, settings] columns)
[2025/04/30 21:05:56]: §3[nLogin] [DEBUG] [SQLite] [UPDATE]: "UPDATE `nlogin` SET `last_name` = 'DARREN', `unique_id` = 783c3da60f593db784d1abca81b138b9,  `mojang_id` = null,  `bedrock_id` = null,  `password` = '$2a$10$yug7xwCdpnLbo4f.hV0ZaeNn5nrIuGndab2oehTtJ/2UCBB7UsCtu', `last_ip` = '0:0:0:0:0:0:0:1%0', `creation_date` = 2025-04-24 21:18:26.942, `last_seen` = 2025-04-30 21:05:56.23, `email` = null, `discord` = null, `settings` = '{"settings":[{"value":"survival","key":"last-server"},{"value":"en","key":"language"}],"version":0}' WHERE `ai` = 1" (applied to [last_ip, last_seen, settings] columns)
[2025/04/30 21:05:56]: [nLogin] The user DARREN has successfully logged in.
[2025/04/30 21:06:01]: §3[nLogin] [DEBUG] [SQLite] [UPDATE]: "UPDATE `nlogin` SET `last_name` = 'David_M', `unique_id` = c7c3a2502ebb3ee49bc09f25e8be29c9,  `mojang_id` = null,  `bedrock_id` = null,  `password` = '$2a$10$wU60URh.PrZbrgnYLoze/uj26Qw589fOV88g1Mq6zHXpmhqHdvEvG', `last_ip` = '0:0:0:0:0:0:0:1%0', `creation_date` = 2025-04-25 19:02:30.13, `last_seen` = 2025-04-30 21:06:01.638, `email` = null, `discord` = null, `settings` = '{"settings":[{"value":"survival","key":"last-server"},{"value":"en","key":"language"}],"version":0}' WHERE `ai` = 7" (applied to [last_seen, settings] columns)
[2025/04/30 21:07:42]: §3[nLogin] [DEBUG] [SQLite] [UPDATE]: "UPDATE `nlogin` SET `last_name` = 'Jamal', `unique_id` = 6a363b99a8513540bb78fcc6afa280fc,  `mojang_id` = null,  `bedrock_id` = null,  `password` = '$2a$10$EiB8Czh9JA701LjVbf90j.Len.PNZ13TVYulDY3/lvvILhu3DRILi', `last_ip` = '0:0:0:0:0:0:0:1%0', `creation_date` = 2025-04-30 20:57:35.349, `last_seen` = 2025-04-30 21:07:42.629, `email` = null, `discord` = null, `settings` = '{"settings":[{"value":"survival","key":"last-server"},{"value":"en","key":"language"}],"version":0}' WHERE `ai` = 14" (applied to [last_seen, settings] columns)
[2025/04/30 21:07:57]: §3[nLogin] [DEBUG] [SQLite] [UPDATE]: "UPDATE `nlogin` SET `last_name` = 'David_M', `unique_id` = c7c3a2502ebb3ee49bc09f25e8be29c9,  `mojang_id` = null,  `bedrock_id` = null,  `password` = '$2a$10$wU60URh.PrZbrgnYLoze/uj26Qw589fOV88g1Mq6zHXpmhqHdvEvG', `last_ip` = '0:0:0:0:0:0:0:1%0', `creation_date` = 2025-04-25 19:02:30.13, `last_seen` = 2025-04-30 21:07:57.462, `email` = null, `discord` = null, `settings` = '{"settings":[{"value":"survival","key":"last-server"},{"value":"en","key":"language"}],"version":0}' WHERE `ai` = 7" (applied to [last_ip, last_seen, settings] columns)
[2025/04/30 21:07:57]: [nLogin] The user David_M has successfully logged in.
[2025/04/30 21:14:48]: §3[nLogin] [DEBUG] [SQLite] [UPDATE]: "UPDATE `nlogin` SET `last_name` = 'David_M', `unique_id` = c7c3a2502ebb3ee49bc09f25e8be29c9,  `mojang_id` = null,  `bedrock_id` = null,  `password` = '$2a$10$wU60URh.PrZbrgnYLoze/uj26Qw589fOV88g1Mq6zHXpmhqHdvEvG', `last_ip` = '0:0:0:0:0:0:0:1%0', `creation_date` = 2025-04-25 19:02:30.13, `last_seen` = 2025-04-30 21:14:48.572, `email` = null, `discord` = null, `settings` = '{"settings":[{"value":"survival","key":"last-server"},{"value":"en","key":"language"}],"version":0}' WHERE `ai` = 7" (applied to [last_seen, settings] columns)
[2025/04/30 21:48:32]: §3[nLogin] [DEBUG] [SQLite] [UPDATE]: "UPDATE `nlogin` SET `last_name` = 'David_M', `unique_id` = c7c3a2502ebb3ee49bc09f25e8be29c9,  `mojang_id` = null,  `bedrock_id` = null,  `password` = '$2a$10$wU60URh.PrZbrgnYLoze/uj26Qw589fOV88g1Mq6zHXpmhqHdvEvG', `last_ip` = '0:0:0:0:0:0:0:1%0', `creation_date` = 2025-04-25 19:02:30.13, `last_seen` = 2025-04-30 21:48:32.212, `email` = null, `discord` = null, `settings` = '{"settings":[{"value":"survival","key":"last-server"},{"value":"en","key":"language"}],"version":0}' WHERE `ai` = 7" (applied to [last_ip, last_seen, settings] columns)
[2025/04/30 21:48:32]: [nLogin] The user David_M has successfully logged in.
[2025/04/30 21:50:54]: §3[nLogin] [DEBUG] [SQLite] [UPDATE]: "UPDATE `nlogin` SET `last_name` = 'Marko', `unique_id` = 568a023c8d6b39bd9304e90c0aa1b876,  `mojang_id` = null,  `bedrock_id` = null,  `password` = '$2a$10$UIokuW1/aXPZNd0EQJe3cOiB8kc9HMSWWE7uGNlb9E5Ms2ZfrFtai', `last_ip` = '0:0:0:0:0:0:0:1%0', `creation_date` = 2025-04-29 19:50:21.31, `last_seen` = 2025-04-30 21:50:54.268, `email` = null, `discord` = null, `settings` = '{"settings":[{"value":"survival","key":"last-server"},{"value":"en","key":"language"}],"version":0}' WHERE `ai` = 12" (applied to [last_seen, settings] columns)
[2025/04/30 22:00:53]: §3[nLogin] [DEBUG] [SQLite] [UPDATE]: "UPDATE `nlogin` SET `last_name` = 'Ryan_L', `unique_id` = 8b4c7026a2a4393d9e16ed14af3207cc,  `mojang_id` = null,  `bedrock_id` = null,  `password` = '$2a$10$DkRcxfpRkDgpUMrfkd4Je.HJS70tc0/D/fOu/Jr/yUPd3.n9U6/CS', `last_ip` = '0:0:0:0:0:0:0:1%0', `creation_date` = 2025-04-24 22:33:18.043, `last_seen` = 2025-04-30 22:00:53.941, `email` = null, `discord` = null, `settings` = '{"settings":[{"value":"survival","key":"last-server"},{"value":"en","key":"language"}],"version":0}' WHERE `ai` = 3" (applied to [last_seen, settings] columns)
[2025/04/30 22:00:54]: §3[nLogin] [DEBUG] [SQLite] [UPDATE]: "UPDATE `nlogin` SET `last_name` = 'David_M', `unique_id` = c7c3a2502ebb3ee49bc09f25e8be29c9,  `mojang_id` = null,  `bedrock_id` = null,  `password` = '$2a$10$wU60URh.PrZbrgnYLoze/uj26Qw589fOV88g1Mq6zHXpmhqHdvEvG', `last_ip` = '0:0:0:0:0:0:0:1%0', `creation_date` = 2025-04-25 19:02:30.13, `last_seen` = 2025-04-30 22:00:54.523, `email` = null, `discord` = null, `settings` = '{"settings":[{"value":"survival","key":"last-server"},{"value":"en","key":"language"}],"version":0}' WHERE `ai` = 7" (applied to [last_seen, settings] columns)
[2025/04/30 22:00:59]: §3[nLogin] [DEBUG] [SQLite] [UPDATE]: "UPDATE `nlogin` SET `last_name` = 'Jason', `unique_id` = e13c5e70767d356589fa98148f3dbd5f,  `mojang_id` = null,  `bedrock_id` = null,  `password` = '$2a$10$3UIn1hqv2bD95vnxTL18/uwlvi/eSSilqMy2QCRJFxAW9/rp8J9cS', `last_ip` = '0:0:0:0:0:0:0:1%0', `creation_date` = 2025-04-24 22:34:45.689, `last_seen` = 2025-04-30 22:00:59.901, `email` = null, `discord` = null, `settings` = '{"settings":[{"value":"survival","key":"last-server"},{"value":"en","key":"language"}],"version":0}' WHERE `ai` = 4" (applied to [last_seen, settings] columns)
[2025/04/30 22:01:11]: §3[nLogin] [DEBUG] [SQLite] [UPDATE]: "UPDATE `nlogin` SET `last_name` = 'Jason', `unique_id` = e13c5e70767d356589fa98148f3dbd5f,  `mojang_id` = null,  `bedrock_id` = null,  `password` = '$2a$10$3UIn1hqv2bD95vnxTL18/uwlvi/eSSilqMy2QCRJFxAW9/rp8J9cS', `last_ip` = '0:0:0:0:0:0:0:1%0', `creation_date` = 2025-04-24 22:34:45.689, `last_seen` = 2025-04-30 22:01:11.381, `email` = null, `discord` = null, `settings` = '{"settings":[{"value":"survival","key":"last-server"},{"value":"en","key":"language"}],"version":0}' WHERE `ai` = 4" (applied to [last_ip, last_seen, settings] columns)
[2025/04/30 22:01:11]: [nLogin] The user Jason has successfully logged in.
[2025/04/30 22:01:16]: §3[nLogin] [DEBUG] [SQLite] [UPDATE]: "UPDATE `nlogin` SET `last_name` = 'Jason', `unique_id` = e13c5e70767d356589fa98148f3dbd5f,  `mojang_id` = null,  `bedrock_id` = null,  `password` = '$2a$10$3UIn1hqv2bD95vnxTL18/uwlvi/eSSilqMy2QCRJFxAW9/rp8J9cS', `last_ip` = '0:0:0:0:0:0:0:1%0', `creation_date` = 2025-04-24 22:34:45.689, `last_seen` = 2025-04-30 22:01:16.595, `email` = null, `discord` = null, `settings` = '{"settings":[{"value":"survival","key":"last-server"},{"value":"en","key":"language"}],"version":0}' WHERE `ai` = 4" (applied to [last_seen, settings] columns)
[2025/04/30 22:01:35]: §3[nLogin] [DEBUG] [SQLite] [UPDATE]: "UPDATE `nlogin` SET `last_name` = 'DARREN', `unique_id` = 783c3da60f593db784d1abca81b138b9,  `mojang_id` = null,  `bedrock_id` = null,  `password` = '$2a$10$yug7xwCdpnLbo4f.hV0ZaeNn5nrIuGndab2oehTtJ/2UCBB7UsCtu', `last_ip` = '0:0:0:0:0:0:0:1%0', `creation_date` = 2025-04-24 21:18:26.942, `last_seen` = 2025-04-30 22:01:35.304, `email` = null, `discord` = null, `settings` = '{"settings":[{"value":"survival","key":"last-server"},{"value":"en","key":"language"}],"version":0}' WHERE `ai` = 1" (applied to [last_seen, settings] columns)
