[2025/04/29 00:33:31]: §9          __             _       
[2025/04/29 00:33:31]: §9  _ __   / /  ___   __ _(_)_ __  
[2025/04/29 00:33:31]: §9 | '_ \ / /  / _ \ / _` | | '_ \ 
[2025/04/29 00:33:31]: §9 | | | / /__| (_) | (_| | | | | |
[2025/04/29 00:33:31]: §9 |_| |_\____/\___/ \__, |_|_| |_|
[2025/04/29 00:33:31]: §9                  |___/            
[2025/04/29 00:33:31]: §9 By: www.nickuc.com - V 10.3.27
[2025/04/29 00:33:31]: §9 
[2025/04/29 00:33:33]: §3[nLogin] [DEBUG] All settings were loaded in 1345 ms.
[2025/04/29 00:33:33]: §3[nLogin] [DEBUG] Loading the messages_en.yml message file...
[2025/04/29 00:33:33]: §3[nLogin] [DEBUG] All plugin messages were loaded in 316 ms (languageByClient=false).
[2025/04/29 00:33:33]: §3[nLogin] [DEBUG] All proxy settings were loaded in 55 ms.
[2025/04/29 00:33:33]: §3[nLogin] [DEBUG] Loading database...
[2025/04/29 00:33:34]: §3[nLogin] [DEBUG] Starting logger filter...
[2025/04/29 00:33:39]: 
[2025/04/29 00:33:39]:  §bThank you so much for choosing nLogin! §4<3
[2025/04/29 00:33:39]: 
[2025/04/29 00:33:39]:  §4For your safety, please read the message below:
[2025/04/29 00:33:39]:   §cNever download nLogin from unknown sources.
[2025/04/29 00:33:39]:   §cA modified version may contain malicious software.
[2025/04/29 00:33:39]: 
[2025/04/29 00:33:39]:  §3Trusted sources:
[2025/04/29 00:33:39]:   §bwww.nickuc.com
[2025/04/29 00:33:39]:   §bwww.github.com/nickuc
[2025/04/29 00:33:39]:   §bOpeNLogin installer (from Spigot or GitHub)
[2025/04/29 00:33:39]: 
[2025/04/29 00:33:39]:  §3Official support channels:
[2025/04/29 00:33:39]:   §bDiscord group: §fwww.nickuc.com/discord
[2025/04/29 00:33:39]:   §bDocumentation: §fdocs.nickuc.com/nlogin/
[2025/04/29 00:33:39]:   §bEmail: §fsupport@nickuc.com
[2025/04/29 00:33:39]:   §bYouTube: §fyoutube.com/nickuc
[2025/04/29 00:33:39]: 
[2025/04/29 00:33:39]:  §eTo remove this warning, log in with "nlogin.admin" permission on the server
[2025/04/29 00:33:40]:  §eand click the "Setup plugin" button to configure your plugin.
[2025/04/29 00:33:40]: 
[2025/04/29 00:33:44]: §3[nLogin] [DEBUG] [SQLite] [UPDATE]: "UPDATE `nlogin` SET `last_name` = 'David_M', `unique_id` = c7c3a2502ebb3ee49bc09f25e8be29c9,  `mojang_id` = null,  `bedrock_id` = null,  `password` = '$2a$10$wU60URh.PrZbrgnYLoze/uj26Qw589fOV88g1Mq6zHXpmhqHdvEvG', `last_ip` = '0:0:0:0:0:0:0:1%0', `creation_date` = 2025-04-25 19:02:30.13, `last_seen` = 2025-04-29 00:33:43.988, `email` = null, `discord` = null, `settings` = '{"settings":[{"value":"survival","key":"last-server"},{"value":"en","key":"language"}],"version":0}' WHERE `ai` = 7" (applied to [last_ip, last_seen, settings] columns)
[2025/04/29 00:33:44]: [nLogin] The user David_M has successfully logged in.
[2025/04/29 00:33:46]: §3[nLogin] [DEBUG] The DARREN (0:0:0:0:0:0:0:1%0) player entered an incorrect password
[2025/04/29 00:33:52]: §3[nLogin] [DEBUG] The DARREN (0:0:0:0:0:0:0:1%0) player entered an incorrect password
[2025/04/29 00:33:58]: §3[nLogin] [DEBUG] [SQLite] [UPDATE]: "UPDATE `nlogin` SET `last_name` = 'DARREN', `unique_id` = 783c3da60f593db784d1abca81b138b9,  `mojang_id` = null,  `bedrock_id` = null,  `password` = '$2a$10$yug7xwCdpnLbo4f.hV0ZaeNn5nrIuGndab2oehTtJ/2UCBB7UsCtu', `last_ip` = '0:0:0:0:0:0:0:1%0', `creation_date` = 2025-04-24 21:18:26.942, `last_seen` = 2025-04-29 00:33:58.028, `email` = null, `discord` = null, `settings` = '{"settings":[{"value":"survival","key":"last-server"},{"value":"en","key":"language"}],"version":0}' WHERE `ai` = 1" (applied to [last_ip, last_seen, settings] columns)
[2025/04/29 00:33:58]: [nLogin] The user DARREN has successfully logged in.
[2025/04/29 00:47:07]: §3[nLogin] [DEBUG] [SQLite] [UPDATE]: "UPDATE `nlogin` SET `last_name` = 'DARREN', `unique_id` = 783c3da60f593db784d1abca81b138b9,  `mojang_id` = null,  `bedrock_id` = null,  `password` = '$2a$10$yug7xwCdpnLbo4f.hV0ZaeNn5nrIuGndab2oehTtJ/2UCBB7UsCtu', `last_ip` = '0:0:0:0:0:0:0:1%0', `creation_date` = 2025-04-24 21:18:26.942, `last_seen` = 2025-04-29 00:47:07.524, `email` = null, `discord` = null, `settings` = '{"settings":[{"value":"survival","key":"last-server"},{"value":"en","key":"language"}],"version":0}' WHERE `ai` = 1" (applied to [last_seen, settings] columns)
[2025/04/29 00:47:23]: §3[nLogin] [DEBUG] [SQLite] [UPDATE]: "UPDATE `nlogin` SET `last_name` = 'DARREN', `unique_id` = 783c3da60f593db784d1abca81b138b9,  `mojang_id` = null,  `bedrock_id` = null,  `password` = '$2a$10$yug7xwCdpnLbo4f.hV0ZaeNn5nrIuGndab2oehTtJ/2UCBB7UsCtu', `last_ip` = '0:0:0:0:0:0:0:1%0', `creation_date` = 2025-04-24 21:18:26.942, `last_seen` = 2025-04-29 00:47:23.153, `email` = null, `discord` = null, `settings` = '{"settings":[{"value":"survival","key":"last-server"},{"value":"en","key":"language"}],"version":0}' WHERE `ai` = 1" (applied to [last_ip, last_seen, settings] columns)
[2025/04/29 00:47:23]: [nLogin] The user DARREN has successfully logged in.
[2025/04/29 00:47:26]: §3[nLogin] [DEBUG] [SQLite] [UPDATE]: "UPDATE `nlogin` SET `last_name` = 'DARREN', `unique_id` = 783c3da60f593db784d1abca81b138b9,  `mojang_id` = null,  `bedrock_id` = null,  `password` = '$2a$10$yug7xwCdpnLbo4f.hV0ZaeNn5nrIuGndab2oehTtJ/2UCBB7UsCtu', `last_ip` = '0:0:0:0:0:0:0:1%0', `creation_date` = 2025-04-24 21:18:26.942, `last_seen` = 2025-04-29 00:47:26.421, `email` = null, `discord` = null, `settings` = '{"settings":[{"value":"survival","key":"last-server"},{"value":"en","key":"language"}],"version":0}' WHERE `ai` = 1" (applied to [last_seen, settings] columns)
[2025/04/29 00:47:35]: §3[nLogin] [DEBUG] The DARREN (0:0:0:0:0:0:0:1%0) player entered an incorrect password
[2025/04/29 00:47:42]: §3[nLogin] [DEBUG] [SQLite] [UPDATE]: "UPDATE `nlogin` SET `last_name` = 'DARREN', `unique_id` = 783c3da60f593db784d1abca81b138b9,  `mojang_id` = null,  `bedrock_id` = null,  `password` = '$2a$10$yug7xwCdpnLbo4f.hV0ZaeNn5nrIuGndab2oehTtJ/2UCBB7UsCtu', `last_ip` = '0:0:0:0:0:0:0:1%0', `creation_date` = 2025-04-24 21:18:26.942, `last_seen` = 2025-04-29 00:47:42.101, `email` = null, `discord` = null, `settings` = '{"settings":[{"value":"survival","key":"last-server"},{"value":"en","key":"language"}],"version":0}' WHERE `ai` = 1" (applied to [last_ip, last_seen, settings] columns)
[2025/04/29 00:47:42]: [nLogin] The user DARREN has successfully logged in.
[2025/04/29 00:55:10]: §3[nLogin] [DEBUG] [SQLite] [UPDATE]: "UPDATE `nlogin` SET `last_name` = 'David_M', `unique_id` = c7c3a2502ebb3ee49bc09f25e8be29c9,  `mojang_id` = null,  `bedrock_id` = null,  `password` = '$2a$10$wU60URh.PrZbrgnYLoze/uj26Qw589fOV88g1Mq6zHXpmhqHdvEvG', `last_ip` = '0:0:0:0:0:0:0:1%0', `creation_date` = 2025-04-25 19:02:30.13, `last_seen` = 2025-04-29 00:55:10.791, `email` = null, `discord` = null, `settings` = '{"settings":[{"value":"survival","key":"last-server"},{"value":"en","key":"language"}],"version":0}' WHERE `ai` = 7" (applied to [last_seen, settings] columns)
[2025/04/29 01:16:05]: §3[nLogin] [DEBUG] [SQLite] [UPDATE]: "UPDATE `nlogin` SET `last_name` = 'DARREN', `unique_id` = 783c3da60f593db784d1abca81b138b9,  `mojang_id` = null,  `bedrock_id` = null,  `password` = '$2a$10$yug7xwCdpnLbo4f.hV0ZaeNn5nrIuGndab2oehTtJ/2UCBB7UsCtu', `last_ip` = '0:0:0:0:0:0:0:1%0', `creation_date` = 2025-04-24 21:18:26.942, `last_seen` = 2025-04-29 01:16:05.692, `email` = null, `discord` = null, `settings` = '{"settings":[{"value":"survival","key":"last-server"},{"value":"en","key":"language"}],"version":0}' WHERE `ai` = 1" (applied to [last_seen, settings] columns)
