[2025/05/02 01:25:08]: §9          __             _       
[2025/05/02 01:25:08]: §9  _ __   / /  ___   __ _(_)_ __  
[2025/05/02 01:25:08]: §9 | '_ \ / /  / _ \ / _` | | '_ \ 
[2025/05/02 01:25:08]: §9 | | | / /__| (_) | (_| | | | | |
[2025/05/02 01:25:08]: §9 |_| |_\____/\___/ \__, |_|_| |_|
[2025/05/02 01:25:08]: §9                  |___/            
[2025/05/02 01:25:08]: §9 By: www.nickuc.com - V 10.3.27
[2025/05/02 01:25:08]: §9 
[2025/05/02 01:25:09]: §3[nLogin] [DEBUG] All settings were loaded in 1023 ms.
[2025/05/02 01:25:09]: §3[nLogin] [DEBUG] Loading the messages_en.yml message file...
[2025/05/02 01:25:09]: §3[nLogin] [DEBUG] All plugin messages were loaded in 210 ms (languageByClient=false).
[2025/05/02 01:25:09]: §3[nLogin] [DEBUG] All proxy settings were loaded in 23 ms.
[2025/05/02 01:25:09]: §3[nLogin] [DEBUG] Loading database...
[2025/05/02 01:25:10]: §3[nLogin] [DEBUG] Starting logger filter...
[2025/05/02 01:25:15]: 
[2025/05/02 01:25:15]:  §bThank you so much for choosing nLogin! §4<3
[2025/05/02 01:25:15]: 
[2025/05/02 01:25:15]:  §4For your safety, please read the message below:
[2025/05/02 01:25:15]:   §cNever download nLogin from unknown sources.
[2025/05/02 01:25:15]:   §cA modified version may contain malicious software.
[2025/05/02 01:25:15]: 
[2025/05/02 01:25:15]:  §3Trusted sources:
[2025/05/02 01:25:15]:   §bwww.nickuc.com
[2025/05/02 01:25:15]:   §bwww.github.com/nickuc
[2025/05/02 01:25:15]:   §bOpeNLogin installer (from Spigot or GitHub)
[2025/05/02 01:25:15]: 
[2025/05/02 01:25:15]:  §3Official support channels:
[2025/05/02 01:25:15]:   §bDiscord group: §fwww.nickuc.com/discord
[2025/05/02 01:25:15]:   §bDocumentation: §fdocs.nickuc.com/nlogin/
[2025/05/02 01:25:15]:   §bEmail: §fsupport@nickuc.com
[2025/05/02 01:25:15]:   §bYouTube: §fyoutube.com/nickuc
[2025/05/02 01:25:15]: 
[2025/05/02 01:25:15]:  §eTo remove this warning, log in with "nlogin.admin" permission on the server
[2025/05/02 01:25:15]:  §eand click the "Setup plugin" button to configure your plugin.
[2025/05/02 01:25:15]: 
[2025/05/02 01:27:04]: §3[nLogin] [DEBUG] [SQLite] [UPDATE]: "UPDATE `nlogin` SET `last_name` = 'DARREN', `unique_id` = 783c3da60f593db784d1abca81b138b9,  `mojang_id` = null,  `bedrock_id` = null,  `password` = '$2a$10$yug7xwCdpnLbo4f.hV0ZaeNn5nrIuGndab2oehTtJ/2UCBB7UsCtu', `last_ip` = '0:0:0:0:0:0:0:1%0', `creation_date` = 2025-04-24 21:18:26.942, `last_seen` = 2025-05-02 01:27:03.997, `email` = null, `discord` = null, `settings` = '{"settings":[{"value":"survival","key":"last-server"},{"value":"en","key":"language"}],"version":0}' WHERE `ai` = 1" (applied to [last_ip, last_seen, settings] columns)
[2025/05/02 01:27:04]: [nLogin] The user DARREN has successfully logged in.
[2025/05/02 01:42:26]: §3[nLogin] [DEBUG] [SQLite] [UPDATE]: "UPDATE `nlogin` SET `last_name` = 'Idan', `unique_id` = a74b69aceb713e8ba36e2a8f50d32ad2,  `mojang_id` = null,  `bedrock_id` = null,  `password` = '$2a$10$G/5jlLCNBS0tYFC5jIEXq.uxwOPlTmDot1Ls1x9vhEaIJQRyE1Xza', `last_ip` = '0:0:0:0:0:0:0:1%0', `creation_date` = 2025-04-25 21:33:50.693, `last_seen` = 2025-05-02 01:42:26.861, `email` = null, `discord` = null, `settings` = '{"settings":[{"value":"survival","key":"last-server"},{"value":"en","key":"language"}],"version":0}' WHERE `ai` = 9" (applied to [last_ip, last_seen, settings] columns)
[2025/05/02 01:42:26]: [nLogin] The user Idan has successfully logged in.
[2025/05/02 01:42:51]: §3[nLogin] [DEBUG] [SQLite] [UPDATE]: "UPDATE `nlogin` SET `last_name` = 'Idan', `unique_id` = a74b69aceb713e8ba36e2a8f50d32ad2,  `mojang_id` = null,  `bedrock_id` = null,  `password` = '$2a$10$G/5jlLCNBS0tYFC5jIEXq.uxwOPlTmDot1Ls1x9vhEaIJQRyE1Xza', `last_ip` = '0:0:0:0:0:0:0:1%0', `creation_date` = 2025-04-25 21:33:50.693, `last_seen` = 2025-05-02 01:42:51.017, `email` = null, `discord` = null, `settings` = '{"settings":[{"value":"lobby","key":"last-server"},{"value":"en","key":"language"}],"version":0}' WHERE `ai` = 9" (applied to [last_seen, settings] columns)
[2025/05/02 01:42:55]: §3[nLogin] [DEBUG] [SQLite] [UPDATE]: "UPDATE `nlogin` SET `last_name` = 'Idan', `unique_id` = a74b69aceb713e8ba36e2a8f50d32ad2,  `mojang_id` = null,  `bedrock_id` = null,  `password` = '$2a$10$G/5jlLCNBS0tYFC5jIEXq.uxwOPlTmDot1Ls1x9vhEaIJQRyE1Xza', `last_ip` = '0:0:0:0:0:0:0:1%0', `creation_date` = 2025-04-25 21:33:50.693, `last_seen` = 2025-05-02 01:42:55.458, `email` = null, `discord` = null, `settings` = '{"settings":[{"value":"lobby","key":"last-server"},{"value":"en","key":"language"}],"version":0}' WHERE `ai` = 9" (applied to [last_ip, last_seen, settings] columns)
[2025/05/02 01:42:55]: [nLogin] The user Idan has successfully logged in.
[2025/05/02 01:50:34]: §3[nLogin] [DEBUG] [SQLite] [UPDATE]: "UPDATE `nlogin` SET `last_name` = 'Idan', `unique_id` = a74b69aceb713e8ba36e2a8f50d32ad2,  `mojang_id` = null,  `bedrock_id` = null,  `password` = '$2a$10$G/5jlLCNBS0tYFC5jIEXq.uxwOPlTmDot1Ls1x9vhEaIJQRyE1Xza', `last_ip` = '0:0:0:0:0:0:0:1%0', `creation_date` = 2025-04-25 21:33:50.693, `last_seen` = 2025-05-02 01:50:34.466, `email` = null, `discord` = null, `settings` = '{"settings":[{"value":"survival","key":"last-server"},{"value":"en","key":"language"}],"version":0}' WHERE `ai` = 9" (applied to [last_seen, settings] columns)
[2025/05/02 02:16:28]: §3[nLogin] [DEBUG] [SQLite] [UPDATE]: "UPDATE `nlogin` SET `last_name` = 'DARREN', `unique_id` = 783c3da60f593db784d1abca81b138b9,  `mojang_id` = null,  `bedrock_id` = null,  `password` = '$2a$10$yug7xwCdpnLbo4f.hV0ZaeNn5nrIuGndab2oehTtJ/2UCBB7UsCtu', `last_ip` = '0:0:0:0:0:0:0:1%0', `creation_date` = 2025-04-24 21:18:26.942, `last_seen` = 2025-05-02 02:16:28.225, `email` = null, `discord` = null, `settings` = '{"settings":[{"value":"survival","key":"last-server"},{"value":"en","key":"language"}],"version":0}' WHERE `ai` = 1" (applied to [last_seen, settings] columns)
[2025/05/02 02:16:33]: §3[nLogin] [DEBUG] [SQLite] [UPDATE]: "UPDATE `nlogin` SET `last_name` = 'DARREN', `unique_id` = 783c3da60f593db784d1abca81b138b9,  `mojang_id` = null,  `bedrock_id` = null,  `password` = '$2a$10$yug7xwCdpnLbo4f.hV0ZaeNn5nrIuGndab2oehTtJ/2UCBB7UsCtu', `last_ip` = '0:0:0:0:0:0:0:1%0', `creation_date` = 2025-04-24 21:18:26.942, `last_seen` = 2025-05-02 02:16:33.427, `email` = null, `discord` = null, `settings` = '{"settings":[{"value":"survival","key":"last-server"},{"value":"en","key":"language"}],"version":0}' WHERE `ai` = 1" (applied to [last_ip, last_seen, settings] columns)
[2025/05/02 02:16:33]: [nLogin] The user DARREN has successfully logged in.
[2025/05/02 03:03:14]: §3[nLogin] [DEBUG] [SQLite] [UPDATE]: "UPDATE `nlogin` SET `last_name` = 'DARREN', `unique_id` = 783c3da60f593db784d1abca81b138b9,  `mojang_id` = null,  `bedrock_id` = null,  `password` = '$2a$10$yug7xwCdpnLbo4f.hV0ZaeNn5nrIuGndab2oehTtJ/2UCBB7UsCtu', `last_ip` = '0:0:0:0:0:0:0:1%0', `creation_date` = 2025-04-24 21:18:26.942, `last_seen` = 2025-05-02 03:03:14.08, `email` = null, `discord` = null, `settings` = '{"settings":[{"value":"survival","key":"last-server"},{"value":"en","key":"language"}],"version":0}' WHERE `ai` = 1" (applied to [last_seen, settings] columns)
