[2025/05/02 20:02:49]: §9          __             _       
[2025/05/02 20:02:49]: §9  _ __   / /  ___   __ _(_)_ __  
[2025/05/02 20:02:49]: §9 | '_ \ / /  / _ \ / _` | | '_ \ 
[2025/05/02 20:02:49]: §9 | | | / /__| (_) | (_| | | | | |
[2025/05/02 20:02:49]: §9 |_| |_\____/\___/ \__, |_|_| |_|
[2025/05/02 20:02:49]: §9                  |___/            
[2025/05/02 20:02:49]: §9 By: www.nickuc.com - V 10.3.27
[2025/05/02 20:02:49]: §9 
[2025/05/02 20:02:49]: §3[nLogin] [DEBUG] All settings were loaded in 229 ms.
[2025/05/02 20:02:49]: §3[nLogin] [DEBUG] Loading the messages_en.yml message file...
[2025/05/02 20:02:49]: §3[nLogin] [DEBUG] All plugin messages were loaded in 100 ms (languageByClient=false).
[2025/05/02 20:02:49]: §3[nLogin] [DEBUG] All proxy settings were loaded in 10 ms.
[2025/05/02 20:02:49]: §3[nLogin] [DEBUG] Loading database...
[2025/05/02 20:02:50]: §3[nLogin] [DEBUG] Starting logger filter...
[2025/05/02 20:02:55]: 
[2025/05/02 20:02:55]:  §bThank you so much for choosing nLogin! §4<3
[2025/05/02 20:02:55]: 
[2025/05/02 20:02:55]:  §4For your safety, please read the message below:
[2025/05/02 20:02:55]:   §cNever download nLogin from unknown sources.
[2025/05/02 20:02:55]:   §cA modified version may contain malicious software.
[2025/05/02 20:02:55]: 
[2025/05/02 20:02:55]:  §3Trusted sources:
[2025/05/02 20:02:55]:   §bwww.nickuc.com
[2025/05/02 20:02:55]:   §bwww.github.com/nickuc
[2025/05/02 20:02:55]:   §bOpeNLogin installer (from Spigot or GitHub)
[2025/05/02 20:02:55]: 
[2025/05/02 20:02:55]:  §3Official support channels:
[2025/05/02 20:02:55]:   §bDiscord group: §fwww.nickuc.com/discord
[2025/05/02 20:02:55]:   §bDocumentation: §fdocs.nickuc.com/nlogin/
[2025/05/02 20:02:55]:   §bEmail: §fsupport@nickuc.com
[2025/05/02 20:02:55]:   §bYouTube: §fyoutube.com/nickuc
[2025/05/02 20:02:55]: 
[2025/05/02 20:02:55]:  §eTo remove this warning, log in with "nlogin.admin" permission on the server
[2025/05/02 20:02:55]:  §eand click the "Setup plugin" button to configure your plugin.
[2025/05/02 20:02:55]: 
[2025/05/02 20:02:59]: §3[nLogin] [DEBUG] The DARREN (0:0:0:0:0:0:0:1%0) player entered an incorrect password
[2025/05/02 20:03:08]: §3[nLogin] [DEBUG] The DARREN (0:0:0:0:0:0:0:1%0) player entered an incorrect password
[2025/05/02 20:03:15]: §3[nLogin] [DEBUG] The DARREN (0:0:0:0:0:0:0:1%0) player entered an incorrect password
[2025/05/02 20:03:30]: §3[nLogin] [DEBUG] [SQLite] [UPDATE]: "UPDATE `nlogin` SET `last_name` = 'LMMS_ADMIN', `unique_id` = eec0ad9e5122369d89d82f13abe29ec1,  `mojang_id` = null,  `bedrock_id` = null,  `password` = '$2a$10$yW8Onx8u23wk8ccQK1HH9u2.nH8TdattSl.bonchWD9V/yQplKPFK', `last_ip` = '0:0:0:0:0:0:0:1%0', `creation_date` = 2025-04-30 20:26:33.962, `last_seen` = 2025-05-02 20:03:30.309, `email` = null, `discord` = null, `settings` = '{"settings":[{"value":"survival","key":"last-server"},{"value":"en","key":"language"}],"version":0}' WHERE `ai` = 13" (applied to [last_ip, last_seen, settings] columns)
[2025/05/02 20:03:30]: [nLogin] The user LMMS_ADMIN has successfully logged in.
[2025/05/02 20:04:36]: §3[nLogin] [DEBUG] [SQLite] [UPDATE]: "UPDATE `nlogin` SET `last_name` = 'LMMS_ADMIN', `unique_id` = eec0ad9e5122369d89d82f13abe29ec1,  `mojang_id` = null,  `bedrock_id` = null,  `password` = '$2a$10$yW8Onx8u23wk8ccQK1HH9u2.nH8TdattSl.bonchWD9V/yQplKPFK', `last_ip` = '0:0:0:0:0:0:0:1%0', `creation_date` = 2025-04-30 20:26:33.962, `last_seen` = 2025-05-02 20:04:36.906, `email` = null, `discord` = null, `settings` = '{"settings":[{"value":"survival","key":"last-server"},{"value":"en","key":"language"}],"version":0}' WHERE `ai` = 13" (applied to [last_seen, settings] columns)
