[2025/05/18 02:01:18]: §9          __             _       
[2025/05/18 02:01:18]: §9  _ __   / /  ___   __ _(_)_ __  
[2025/05/18 02:01:18]: §9 | '_ \ / /  / _ \ / _` | | '_ \ 
[2025/05/18 02:01:18]: §9 | | | / /__| (_) | (_| | | | | |
[2025/05/18 02:01:18]: §9 |_| |_\____/\___/ \__, |_|_| |_|
[2025/05/18 02:01:18]: §9                  |___/            
[2025/05/18 02:01:18]: §9 By: www.nickuc.com - V 10.3.27
[2025/05/18 02:01:18]: §9 
[2025/05/18 02:01:19]: §3[nLogin] [DEBUG] All settings were loaded in 496 ms.
[2025/05/18 02:01:19]: §3[nLogin] [DEBUG] Loading the messages_en.yml message file...
[2025/05/18 02:01:19]: §3[nLogin] [DEBUG] All plugin messages were loaded in 276 ms (languageByClient=false).
[2025/05/18 02:01:19]: §3[nLogin] [DEBUG] All proxy settings were loaded in 27 ms.
[2025/05/18 02:01:19]: §3[nLogin] [DEBUG] Loading database...
[2025/05/18 02:01:19]: §3[nLogin] [DEBUG] Starting logger filter...
[2025/05/18 02:01:25]: 
[2025/05/18 02:01:25]:  §bThank you so much for choosing nLogin! §4<3
[2025/05/18 02:01:25]: 
[2025/05/18 02:01:25]:  §4For your safety, please read the message below:
[2025/05/18 02:01:25]:   §cNever download nLogin from unknown sources.
[2025/05/18 02:01:25]:   §cA modified version may contain malicious software.
[2025/05/18 02:01:25]: 
[2025/05/18 02:01:25]:  §3Trusted sources:
[2025/05/18 02:01:25]:   §bwww.nickuc.com
[2025/05/18 02:01:25]:   §bwww.github.com/nickuc
[2025/05/18 02:01:25]:   §bOpeNLogin installer (from Spigot or GitHub)
[2025/05/18 02:01:25]: 
[2025/05/18 02:01:25]:  §3Official support channels:
[2025/05/18 02:01:25]:   §bDiscord group: §fwww.nickuc.com/discord
[2025/05/18 02:01:25]:   §bDocumentation: §fdocs.nickuc.com/nlogin/
[2025/05/18 02:01:25]:   §bEmail: §fsupport@nickuc.com
[2025/05/18 02:01:25]:   §bYouTube: §fyoutube.com/nickuc
[2025/05/18 02:01:25]: 
[2025/05/18 02:01:25]:  §eTo remove this warning, log in with "nlogin.admin" permission on the server
[2025/05/18 02:01:25]:  §eand click the "Setup plugin" button to configure your plugin.
[2025/05/18 02:01:25]: 
[2025/05/18 02:15:18]: §3[nLogin] [DEBUG] [SQLite] [UPDATE]: "UPDATE `nlogin` SET `last_name` = 'Grady', `unique_id` = 5d947e07d63a38588173289bb199ada6,  `mojang_id` = null,  `bedrock_id` = null,  `password` = '$2a$10$fgpfPAXZEU13S/BFfc9BzuKMq8RP5f5c/pcFgN8Hu38RNiObfl0Ve', `last_ip` = '0:0:0:0:0:0:0:1%0', `creation_date` = 2025-04-28 18:23:34.99, `last_seen` = 2025-05-18 02:15:18.122, `email` = null, `discord` = null, `settings` = '{"settings":[{"value":"survival","key":"last-server"},{"value":"en","key":"language"}],"version":0}' WHERE `ai` = 10" (applied to [last_ip, last_seen, settings] columns)
[2025/05/18 02:15:18]: [nLogin] The user Grady has successfully logged in.
[2025/05/18 02:39:57]: §3[nLogin] [DEBUG] The DARREN (0:0:0:0:0:0:0:1%0) player entered an incorrect password
[2025/05/18 02:40:03]: §3[nLogin] [DEBUG] [SQLite] [UPDATE]: "UPDATE `nlogin` SET `last_name` = 'DARREN', `unique_id` = 783c3da60f593db784d1abca81b138b9,  `mojang_id` = null,  `bedrock_id` = null,  `password` = '$2a$10$yug7xwCdpnLbo4f.hV0ZaeNn5nrIuGndab2oehTtJ/2UCBB7UsCtu', `last_ip` = '0:0:0:0:0:0:0:1%0', `creation_date` = 2025-04-24 21:18:26.942, `last_seen` = 2025-05-18 02:40:03.745, `email` = null, `discord` = null, `settings` = '{"settings":[{"value":"survival","key":"last-server"},{"value":"en","key":"language"}],"version":0}' WHERE `ai` = 1" (applied to [last_ip, last_seen, settings] columns)
[2025/05/18 02:40:03]: [nLogin] The user DARREN has successfully logged in.
[2025/05/18 02:42:23]: §3[nLogin] [DEBUG] [SQLite] [UPDATE]: "UPDATE `nlogin` SET `last_name` = 'Jason', `unique_id` = e13c5e70767d356589fa98148f3dbd5f,  `mojang_id` = null,  `bedrock_id` = null,  `password` = '$2a$10$3UIn1hqv2bD95vnxTL18/uwlvi/eSSilqMy2QCRJFxAW9/rp8J9cS', `last_ip` = '0:0:0:0:0:0:0:1%0', `creation_date` = 2025-04-24 22:34:45.689, `last_seen` = 2025-05-18 02:42:23.09, `email` = null, `discord` = null, `settings` = '{"settings":[{"value":"survival","key":"last-server"},{"value":"en","key":"language"}],"version":0}' WHERE `ai` = 4" (applied to [last_ip, last_seen, settings] columns)
[2025/05/18 02:42:23]: [nLogin] The user Jason has successfully logged in.
[2025/05/18 03:01:42]: §3[nLogin] [DEBUG] [SQLite] [UPDATE]: "UPDATE `nlogin` SET `last_name` = 'DARREN', `unique_id` = 783c3da60f593db784d1abca81b138b9,  `mojang_id` = null,  `bedrock_id` = null,  `password` = '$2a$10$yug7xwCdpnLbo4f.hV0ZaeNn5nrIuGndab2oehTtJ/2UCBB7UsCtu', `last_ip` = '0:0:0:0:0:0:0:1%0', `creation_date` = 2025-04-24 21:18:26.942, `last_seen` = 2025-05-18 03:01:42.598, `email` = null, `discord` = null, `settings` = '{"settings":[{"value":"survival","key":"last-server"},{"value":"en","key":"language"}],"version":0}' WHERE `ai` = 1" (applied to [last_seen, settings] columns)
[2025/05/18 03:55:05]: §3[nLogin] [DEBUG] [SQLite] [UPDATE]: "UPDATE `nlogin` SET `last_name` = 'Grady', `unique_id` = 5d947e07d63a38588173289bb199ada6,  `mojang_id` = null,  `bedrock_id` = null,  `password` = '$2a$10$fgpfPAXZEU13S/BFfc9BzuKMq8RP5f5c/pcFgN8Hu38RNiObfl0Ve', `last_ip` = '0:0:0:0:0:0:0:1%0', `creation_date` = 2025-04-28 18:23:34.99, `last_seen` = 2025-05-18 03:55:05.566, `email` = null, `discord` = null, `settings` = '{"settings":[{"value":"survival","key":"last-server"},{"value":"en","key":"language"}],"version":0}' WHERE `ai` = 10" (applied to [last_seen, settings] columns)
[2025/05/18 03:55:11]: §3[nLogin] [DEBUG] [SQLite] [UPDATE]: "UPDATE `nlogin` SET `last_name` = 'Grady', `unique_id` = 5d947e07d63a38588173289bb199ada6,  `mojang_id` = null,  `bedrock_id` = null,  `password` = '$2a$10$fgpfPAXZEU13S/BFfc9BzuKMq8RP5f5c/pcFgN8Hu38RNiObfl0Ve', `last_ip` = '0:0:0:0:0:0:0:1%0', `creation_date` = 2025-04-28 18:23:34.99, `last_seen` = 2025-05-18 03:55:11.378, `email` = null, `discord` = null, `settings` = '{"settings":[{"value":"survival","key":"last-server"},{"value":"en","key":"language"}],"version":0}' WHERE `ai` = 10" (applied to [last_ip, last_seen, settings] columns)
[2025/05/18 03:55:11]: [nLogin] The user Grady has successfully logged in.
[2025/05/18 04:20:10]: §3[nLogin] [DEBUG] [SQLite] [UPDATE]: "UPDATE `nlogin` SET `last_name` = 'Jason', `unique_id` = e13c5e70767d356589fa98148f3dbd5f,  `mojang_id` = null,  `bedrock_id` = null,  `password` = '$2a$10$3UIn1hqv2bD95vnxTL18/uwlvi/eSSilqMy2QCRJFxAW9/rp8J9cS', `last_ip` = '0:0:0:0:0:0:0:1%0', `creation_date` = 2025-04-24 22:34:45.689, `last_seen` = 2025-05-18 04:20:10.185, `email` = null, `discord` = null, `settings` = '{"settings":[{"value":"survival","key":"last-server"},{"value":"en","key":"language"}],"version":0}' WHERE `ai` = 4" (applied to [last_seen, settings] columns)
[2025/05/18 04:24:43]: §3[nLogin] [DEBUG] [SQLite] [UPDATE]: "UPDATE `nlogin` SET `last_name` = 'Grady', `unique_id` = 5d947e07d63a38588173289bb199ada6,  `mojang_id` = null,  `bedrock_id` = null,  `password` = '$2a$10$fgpfPAXZEU13S/BFfc9BzuKMq8RP5f5c/pcFgN8Hu38RNiObfl0Ve', `last_ip` = '0:0:0:0:0:0:0:1%0', `creation_date` = 2025-04-28 18:23:34.99, `last_seen` = 2025-05-18 04:24:43.066, `email` = null, `discord` = null, `settings` = '{"settings":[{"value":"survival","key":"last-server"},{"value":"en","key":"language"}],"version":0}' WHERE `ai` = 10" (applied to [last_seen, settings] columns)
[2025/05/18 04:24:50]: §3[nLogin] [DEBUG] [SQLite] [UPDATE]: "UPDATE `nlogin` SET `last_name` = 'Grady', `unique_id` = 5d947e07d63a38588173289bb199ada6,  `mojang_id` = null,  `bedrock_id` = null,  `password` = '$2a$10$fgpfPAXZEU13S/BFfc9BzuKMq8RP5f5c/pcFgN8Hu38RNiObfl0Ve', `last_ip` = '0:0:0:0:0:0:0:1%0', `creation_date` = 2025-04-28 18:23:34.99, `last_seen` = 2025-05-18 04:24:50.614, `email` = null, `discord` = null, `settings` = '{"settings":[{"value":"survival","key":"last-server"},{"value":"en","key":"language"}],"version":0}' WHERE `ai` = 10" (applied to [last_ip, last_seen, settings] columns)
[2025/05/18 04:24:50]: [nLogin] The user Grady has successfully logged in.
[2025/05/18 04:49:02]: §3[nLogin] [DEBUG] [SQLite] [UPDATE]: "UPDATE `nlogin` SET `last_name` = 'Grady', `unique_id` = 5d947e07d63a38588173289bb199ada6,  `mojang_id` = null,  `bedrock_id` = null,  `password` = '$2a$10$fgpfPAXZEU13S/BFfc9BzuKMq8RP5f5c/pcFgN8Hu38RNiObfl0Ve', `last_ip` = '0:0:0:0:0:0:0:1%0', `creation_date` = 2025-04-28 18:23:34.99, `last_seen` = 2025-05-18 04:49:02.739, `email` = null, `discord` = null, `settings` = '{"settings":[{"value":"survival","key":"last-server"},{"value":"en","key":"language"}],"version":0}' WHERE `ai` = 10" (applied to [last_seen, settings] columns)
[2025/05/18 05:42:21]: §3[nLogin] [DEBUG] [SQLite] [UPDATE]: "UPDATE `nlogin` SET `last_name` = 'Grady', `unique_id` = 5d947e07d63a38588173289bb199ada6,  `mojang_id` = null,  `bedrock_id` = null,  `password` = '$2a$10$fgpfPAXZEU13S/BFfc9BzuKMq8RP5f5c/pcFgN8Hu38RNiObfl0Ve', `last_ip` = '0:0:0:0:0:0:0:1%0', `creation_date` = 2025-04-28 18:23:34.99, `last_seen` = 2025-05-18 05:42:21.199, `email` = null, `discord` = null, `settings` = '{"settings":[{"value":"survival","key":"last-server"},{"value":"en","key":"language"}],"version":0}' WHERE `ai` = 10" (applied to [last_ip, last_seen, settings] columns)
[2025/05/18 05:42:21]: [nLogin] The user Grady has successfully logged in.
[2025/05/18 05:42:39]: §3[nLogin] [DEBUG] [SQLite] [UPDATE]: "UPDATE `nlogin` SET `last_name` = 'Grady', `unique_id` = 5d947e07d63a38588173289bb199ada6,  `mojang_id` = null,  `bedrock_id` = null,  `password` = '$2a$10$fgpfPAXZEU13S/BFfc9BzuKMq8RP5f5c/pcFgN8Hu38RNiObfl0Ve', `last_ip` = '0:0:0:0:0:0:0:1%0', `creation_date` = 2025-04-28 18:23:34.99, `last_seen` = 2025-05-18 05:42:39.567, `email` = null, `discord` = null, `settings` = '{"settings":[{"value":"survival","key":"last-server"},{"value":"en","key":"language"}],"version":0}' WHERE `ai` = 10" (applied to [last_seen, settings] columns)
[2025/05/18 05:42:44]: §3[nLogin] [DEBUG] [SQLite] [UPDATE]: "UPDATE `nlogin` SET `last_name` = 'Grady', `unique_id` = 5d947e07d63a38588173289bb199ada6,  `mojang_id` = null,  `bedrock_id` = null,  `password` = '$2a$10$fgpfPAXZEU13S/BFfc9BzuKMq8RP5f5c/pcFgN8Hu38RNiObfl0Ve', `last_ip` = '0:0:0:0:0:0:0:1%0', `creation_date` = 2025-04-28 18:23:34.99, `last_seen` = 2025-05-18 05:42:44.621, `email` = null, `discord` = null, `settings` = '{"settings":[{"value":"survival","key":"last-server"},{"value":"en","key":"language"}],"version":0}' WHERE `ai` = 10" (applied to [last_ip, last_seen, settings] columns)
[2025/05/18 05:42:44]: [nLogin] The user Grady has successfully logged in.
[2025/05/18 05:42:57]: §3[nLogin] [DEBUG] [SQLite] [UPDATE]: "UPDATE `nlogin` SET `last_name` = 'Grady', `unique_id` = 5d947e07d63a38588173289bb199ada6,  `mojang_id` = null,  `bedrock_id` = null,  `password` = '$2a$10$fgpfPAXZEU13S/BFfc9BzuKMq8RP5f5c/pcFgN8Hu38RNiObfl0Ve', `last_ip` = '0:0:0:0:0:0:0:1%0', `creation_date` = 2025-04-28 18:23:34.99, `last_seen` = 2025-05-18 05:42:57.315, `email` = null, `discord` = null, `settings` = '{"settings":[{"value":"survival","key":"last-server"},{"value":"en","key":"language"}],"version":0}' WHERE `ai` = 10" (applied to [last_seen, settings] columns)
[2025/05/18 05:43:03]: §3[nLogin] [DEBUG] [SQLite] [UPDATE]: "UPDATE `nlogin` SET `last_name` = 'Grady', `unique_id` = 5d947e07d63a38588173289bb199ada6,  `mojang_id` = null,  `bedrock_id` = null,  `password` = '$2a$10$fgpfPAXZEU13S/BFfc9BzuKMq8RP5f5c/pcFgN8Hu38RNiObfl0Ve', `last_ip` = '0:0:0:0:0:0:0:1%0', `creation_date` = 2025-04-28 18:23:34.99, `last_seen` = 2025-05-18 05:43:03.429, `email` = null, `discord` = null, `settings` = '{"settings":[{"value":"survival","key":"last-server"},{"value":"en","key":"language"}],"version":0}' WHERE `ai` = 10" (applied to [last_ip, last_seen, settings] columns)
[2025/05/18 05:43:03]: [nLogin] The user Grady has successfully logged in.
[2025/05/18 06:10:19]: §3[nLogin] [DEBUG] [SQLite] [UPDATE]: "UPDATE `nlogin` SET `last_name` = 'Grady', `unique_id` = 5d947e07d63a38588173289bb199ada6,  `mojang_id` = null,  `bedrock_id` = null,  `password` = '$2a$10$fgpfPAXZEU13S/BFfc9BzuKMq8RP5f5c/pcFgN8Hu38RNiObfl0Ve', `last_ip` = '0:0:0:0:0:0:0:1%0', `creation_date` = 2025-04-28 18:23:34.99, `last_seen` = 2025-05-18 06:10:19.066, `email` = null, `discord` = null, `settings` = '{"settings":[{"value":"survival","key":"last-server"},{"value":"en","key":"language"}],"version":0}' WHERE `ai` = 10" (applied to [last_seen, settings] columns)
[2025/05/18 06:10:25]: §3[nLogin] [DEBUG] [SQLite] [UPDATE]: "UPDATE `nlogin` SET `last_name` = 'Grady', `unique_id` = 5d947e07d63a38588173289bb199ada6,  `mojang_id` = null,  `bedrock_id` = null,  `password` = '$2a$10$fgpfPAXZEU13S/BFfc9BzuKMq8RP5f5c/pcFgN8Hu38RNiObfl0Ve', `last_ip` = '0:0:0:0:0:0:0:1%0', `creation_date` = 2025-04-28 18:23:34.99, `last_seen` = 2025-05-18 06:10:25.116, `email` = null, `discord` = null, `settings` = '{"settings":[{"value":"survival","key":"last-server"},{"value":"en","key":"language"}],"version":0}' WHERE `ai` = 10" (applied to [last_ip, last_seen, settings] columns)
[2025/05/18 06:10:25]: [nLogin] The user Grady has successfully logged in.
[2025/05/18 06:15:09]: §3[nLogin] [DEBUG] [SQLite] [UPDATE]: "UPDATE `nlogin` SET `last_name` = 'Grady', `unique_id` = 5d947e07d63a38588173289bb199ada6,  `mojang_id` = null,  `bedrock_id` = null,  `password` = '$2a$10$fgpfPAXZEU13S/BFfc9BzuKMq8RP5f5c/pcFgN8Hu38RNiObfl0Ve', `last_ip` = '0:0:0:0:0:0:0:1%0', `creation_date` = 2025-04-28 18:23:34.99, `last_seen` = 2025-05-18 06:15:09.566, `email` = null, `discord` = null, `settings` = '{"settings":[{"value":"survival","key":"last-server"},{"value":"en","key":"language"}],"version":0}' WHERE `ai` = 10" (applied to [last_seen, settings] columns)
[2025/05/18 06:15:14]: §3[nLogin] [DEBUG] [SQLite] [UPDATE]: "UPDATE `nlogin` SET `last_name` = 'Grady', `unique_id` = 5d947e07d63a38588173289bb199ada6,  `mojang_id` = null,  `bedrock_id` = null,  `password` = '$2a$10$fgpfPAXZEU13S/BFfc9BzuKMq8RP5f5c/pcFgN8Hu38RNiObfl0Ve', `last_ip` = '0:0:0:0:0:0:0:1%0', `creation_date` = 2025-04-28 18:23:34.99, `last_seen` = 2025-05-18 06:15:14.651, `email` = null, `discord` = null, `settings` = '{"settings":[{"value":"survival","key":"last-server"},{"value":"en","key":"language"}],"version":0}' WHERE `ai` = 10" (applied to [last_ip, last_seen, settings] columns)
[2025/05/18 06:15:14]: [nLogin] The user Grady has successfully logged in.
[2025/05/18 06:32:21]: §3[nLogin] [DEBUG] [SQLite] [UPDATE]: "UPDATE `nlogin` SET `last_name` = 'Grady', `unique_id` = 5d947e07d63a38588173289bb199ada6,  `mojang_id` = null,  `bedrock_id` = null,  `password` = '$2a$10$fgpfPAXZEU13S/BFfc9BzuKMq8RP5f5c/pcFgN8Hu38RNiObfl0Ve', `last_ip` = '0:0:0:0:0:0:0:1%0', `creation_date` = 2025-04-28 18:23:34.99, `last_seen` = 2025-05-18 06:32:21.663, `email` = null, `discord` = null, `settings` = '{"settings":[{"value":"survival","key":"last-server"},{"value":"en","key":"language"}],"version":0}' WHERE `ai` = 10" (applied to [last_seen, settings] columns)
