[2025/05/16 13:55:25]: §9          __             _       
[2025/05/16 13:55:25]: §9  _ __   / /  ___   __ _(_)_ __  
[2025/05/16 13:55:25]: §9 | '_ \ / /  / _ \ / _` | | '_ \ 
[2025/05/16 13:55:25]: §9 | | | / /__| (_) | (_| | | | | |
[2025/05/16 13:55:25]: §9 |_| |_\____/\___/ \__, |_|_| |_|
[2025/05/16 13:55:25]: §9                  |___/            
[2025/05/16 13:55:25]: §9 By: www.nickuc.com - V 10.3.27
[2025/05/16 13:55:25]: §9 
[2025/05/16 13:55:26]: §3[nLogin] [DEBUG] All settings were loaded in 556 ms.
[2025/05/16 13:55:26]: §3[nLogin] [DEBUG] Loading the messages_en.yml message file...
[2025/05/16 13:55:26]: §3[nLogin] [DEBUG] All plugin messages were loaded in 215 ms (languageByClient=false).
[2025/05/16 13:55:26]: §3[nLogin] [DEBUG] All proxy settings were loaded in 34 ms.
[2025/05/16 13:55:26]: §3[nLogin] [DEBUG] Loading database...
[2025/05/16 13:55:27]: §3[nLogin] [DEBUG] Starting logger filter...
[2025/05/16 13:55:32]: 
[2025/05/16 13:55:32]:  §bThank you so much for choosing nLogin! §4<3
[2025/05/16 13:55:32]: 
[2025/05/16 13:55:32]:  §4For your safety, please read the message below:
[2025/05/16 13:55:32]:   §cNever download nLogin from unknown sources.
[2025/05/16 13:55:32]:   §cA modified version may contain malicious software.
[2025/05/16 13:55:32]: 
[2025/05/16 13:55:32]:  §3Trusted sources:
[2025/05/16 13:55:32]:   §bwww.nickuc.com
[2025/05/16 13:55:32]:   §bwww.github.com/nickuc
[2025/05/16 13:55:32]:   §bOpeNLogin installer (from Spigot or GitHub)
[2025/05/16 13:55:32]: 
[2025/05/16 13:55:32]:  §3Official support channels:
[2025/05/16 13:55:32]:   §bDiscord group: §fwww.nickuc.com/discord
[2025/05/16 13:55:32]:   §bDocumentation: §fdocs.nickuc.com/nlogin/
[2025/05/16 13:55:32]:   §bEmail: §fsupport@nickuc.com
[2025/05/16 13:55:32]:   §bYouTube: §fyoutube.com/nickuc
[2025/05/16 13:55:32]: 
[2025/05/16 13:55:32]:  §eTo remove this warning, log in with "nlogin.admin" permission on the server
[2025/05/16 13:55:32]:  §eand click the "Setup plugin" button to configure your plugin.
[2025/05/16 13:55:32]: 
[2025/05/16 13:56:02]: §3[nLogin] [DEBUG] [SQLite] [UPDATE]: "UPDATE `nlogin` SET `last_name` = 'Yan', `unique_id` = e0394f1f8a6e370885fda4e86ef8b390,  `mojang_id` = null,  `bedrock_id` = null,  `password` = '$2a$10$ah8U4.9ZUPk4KE/MnPpwWe2pKf4amT88xdl6QySCVchrz/AqaBM7u', `last_ip` = '0:0:0:0:0:0:0:1%0', `creation_date` = 2025-05-06 13:51:13.17, `last_seen` = 2025-05-16 13:56:02.699, `email` = null, `discord` = null, `settings` = '{"settings":[{"value":"survival","key":"last-server"},{"value":"en","key":"language"}],"version":0}' WHERE `ai` = 17" (applied to [last_ip, last_seen, settings] columns)
[2025/05/16 13:56:02]: [nLogin] The user Yan has successfully logged in.
[2025/05/16 13:56:17]: §3[nLogin] [DEBUG] [SQLite] [UPDATE]: "UPDATE `nlogin` SET `last_name` = 'Yan', `unique_id` = e0394f1f8a6e370885fda4e86ef8b390,  `mojang_id` = null,  `bedrock_id` = null,  `password` = '$2a$10$ah8U4.9ZUPk4KE/MnPpwWe2pKf4amT88xdl6QySCVchrz/AqaBM7u', `last_ip` = '0:0:0:0:0:0:0:1%0', `creation_date` = 2025-05-06 13:51:13.17, `last_seen` = 2025-05-16 13:56:17.765, `email` = null, `discord` = null, `settings` = '{"settings":[{"value":"survival","key":"last-server"},{"value":"en","key":"language"}],"version":0}' WHERE `ai` = 17" (applied to [last_seen, settings] columns)
[2025/05/16 13:56:28]: §3[nLogin] [DEBUG] [SQLite] [UPDATE]: "UPDATE `nlogin` SET `last_name` = 'Yan', `unique_id` = e0394f1f8a6e370885fda4e86ef8b390,  `mojang_id` = null,  `bedrock_id` = null,  `password` = '$2a$10$ah8U4.9ZUPk4KE/MnPpwWe2pKf4amT88xdl6QySCVchrz/AqaBM7u', `last_ip` = '0:0:0:0:0:0:0:1%0', `creation_date` = 2025-05-06 13:51:13.17, `last_seen` = 2025-05-16 13:56:28.591, `email` = null, `discord` = null, `settings` = '{"settings":[{"value":"survival","key":"last-server"},{"value":"en","key":"language"}],"version":0}' WHERE `ai` = 17" (applied to [last_ip, last_seen, settings] columns)
[2025/05/16 13:56:28]: [nLogin] The user Yan has successfully logged in.
[2025/05/16 13:56:42]: §3[nLogin] [DEBUG] [SQLite] [UPDATE]: "UPDATE `nlogin` SET `last_name` = 'Yan', `unique_id` = e0394f1f8a6e370885fda4e86ef8b390,  `mojang_id` = null,  `bedrock_id` = null,  `password` = '$2a$10$ah8U4.9ZUPk4KE/MnPpwWe2pKf4amT88xdl6QySCVchrz/AqaBM7u', `last_ip` = '0:0:0:0:0:0:0:1%0', `creation_date` = 2025-05-06 13:51:13.17, `last_seen` = 2025-05-16 13:56:42.015, `email` = null, `discord` = null, `settings` = '{"settings":[{"value":"survival","key":"last-server"},{"value":"en","key":"language"}],"version":0}' WHERE `ai` = 17" (applied to [last_seen, settings] columns)
[2025/05/16 13:56:51]: §3[nLogin] [DEBUG] [SQLite] [UPDATE]: "UPDATE `nlogin` SET `last_name` = 'Yan', `unique_id` = e0394f1f8a6e370885fda4e86ef8b390,  `mojang_id` = null,  `bedrock_id` = null,  `password` = '$2a$10$ah8U4.9ZUPk4KE/MnPpwWe2pKf4amT88xdl6QySCVchrz/AqaBM7u', `last_ip` = '0:0:0:0:0:0:0:1%0', `creation_date` = 2025-05-06 13:51:13.17, `last_seen` = 2025-05-16 13:56:51.272, `email` = null, `discord` = null, `settings` = '{"settings":[{"value":"survival","key":"last-server"},{"value":"en","key":"language"}],"version":0}' WHERE `ai` = 17" (applied to [last_ip, last_seen, settings] columns)
[2025/05/16 13:56:51]: [nLogin] The user Yan has successfully logged in.
[2025/05/16 13:57:07]: §3[nLogin] [DEBUG] [SQLite] [UPDATE]: "UPDATE `nlogin` SET `last_name` = 'Yan', `unique_id` = e0394f1f8a6e370885fda4e86ef8b390,  `mojang_id` = null,  `bedrock_id` = null,  `password` = '$2a$10$ah8U4.9ZUPk4KE/MnPpwWe2pKf4amT88xdl6QySCVchrz/AqaBM7u', `last_ip` = '0:0:0:0:0:0:0:1%0', `creation_date` = 2025-05-06 13:51:13.17, `last_seen` = 2025-05-16 13:57:07.261, `email` = null, `discord` = null, `settings` = '{"settings":[{"value":"survival","key":"last-server"},{"value":"en","key":"language"}],"version":0}' WHERE `ai` = 17" (applied to [last_seen, settings] columns)
[2025/05/16 13:57:20]: §3[nLogin] [DEBUG] The DARREN (0:0:0:0:0:0:0:1%0) player entered an incorrect password
[2025/05/16 13:57:27]: §3[nLogin] [DEBUG] [SQLite] [UPDATE]: "UPDATE `nlogin` SET `last_name` = 'DARREN', `unique_id` = 783c3da60f593db784d1abca81b138b9,  `mojang_id` = null,  `bedrock_id` = null,  `password` = '$2a$10$yug7xwCdpnLbo4f.hV0ZaeNn5nrIuGndab2oehTtJ/2UCBB7UsCtu', `last_ip` = '0:0:0:0:0:0:0:1%0', `creation_date` = 2025-04-24 21:18:26.942, `last_seen` = 2025-05-16 13:57:27.429, `email` = null, `discord` = null, `settings` = '{"settings":[{"value":"survival","key":"last-server"},{"value":"en","key":"language"}],"version":0}' WHERE `ai` = 1" (applied to [last_ip, last_seen, settings] columns)
[2025/05/16 13:57:27]: [nLogin] The user DARREN has successfully logged in.
[2025/05/16 13:57:40]: §3[nLogin] [DEBUG] [SQLite] [UPDATE]: "UPDATE `nlogin` SET `last_name` = 'Yan', `unique_id` = e0394f1f8a6e370885fda4e86ef8b390,  `mojang_id` = null,  `bedrock_id` = null,  `password` = '$2a$10$ah8U4.9ZUPk4KE/MnPpwWe2pKf4amT88xdl6QySCVchrz/AqaBM7u', `last_ip` = '0:0:0:0:0:0:0:1%0', `creation_date` = 2025-05-06 13:51:13.17, `last_seen` = 2025-05-16 13:57:40.042, `email` = null, `discord` = null, `settings` = '{"settings":[{"value":"survival","key":"last-server"},{"value":"en","key":"language"}],"version":0}' WHERE `ai` = 17" (applied to [last_ip, last_seen, settings] columns)
[2025/05/16 13:57:40]: [nLogin] The user Yan has successfully logged in.
[2025/05/16 13:57:45]: §3[nLogin] [DEBUG] [SQLite] [UPDATE]: "UPDATE `nlogin` SET `last_name` = 'DARREN', `unique_id` = 783c3da60f593db784d1abca81b138b9,  `mojang_id` = null,  `bedrock_id` = null,  `password` = '$2a$10$yug7xwCdpnLbo4f.hV0ZaeNn5nrIuGndab2oehTtJ/2UCBB7UsCtu', `last_ip` = '0:0:0:0:0:0:0:1%0', `creation_date` = 2025-04-24 21:18:26.942, `last_seen` = 2025-05-16 13:57:45.761, `email` = null, `discord` = null, `settings` = '{"settings":[{"value":"survival","key":"last-server"},{"value":"en","key":"language"}],"version":0}' WHERE `ai` = 1" (applied to [last_seen, settings] columns)
[2025/05/16 13:57:52]: §3[nLogin] [DEBUG] [SQLite] [UPDATE]: "UPDATE `nlogin` SET `last_name` = 'DARREN', `unique_id` = 783c3da60f593db784d1abca81b138b9,  `mojang_id` = null,  `bedrock_id` = null,  `password` = '$2a$10$yug7xwCdpnLbo4f.hV0ZaeNn5nrIuGndab2oehTtJ/2UCBB7UsCtu', `last_ip` = '0:0:0:0:0:0:0:1%0', `creation_date` = 2025-04-24 21:18:26.942, `last_seen` = 2025-05-16 13:57:52.709, `email` = null, `discord` = null, `settings` = '{"settings":[{"value":"survival","key":"last-server"},{"value":"en","key":"language"}],"version":0}' WHERE `ai` = 1" (applied to [last_ip, last_seen, settings] columns)
[2025/05/16 13:57:52]: [nLogin] The user DARREN has successfully logged in.
[2025/05/16 13:57:56]: §3[nLogin] [DEBUG] [SQLite] [UPDATE]: "UPDATE `nlogin` SET `last_name` = 'Yan', `unique_id` = e0394f1f8a6e370885fda4e86ef8b390,  `mojang_id` = null,  `bedrock_id` = null,  `password` = '$2a$10$ah8U4.9ZUPk4KE/MnPpwWe2pKf4amT88xdl6QySCVchrz/AqaBM7u', `last_ip` = '0:0:0:0:0:0:0:1%0', `creation_date` = 2025-05-06 13:51:13.17, `last_seen` = 2025-05-16 13:57:56.261, `email` = null, `discord` = null, `settings` = '{"settings":[{"value":"survival","key":"last-server"},{"value":"en","key":"language"}],"version":0}' WHERE `ai` = 17" (applied to [last_seen, settings] columns)
[2025/05/16 13:58:07]: §3[nLogin] [DEBUG] [SQLite] [UPDATE]: "UPDATE `nlogin` SET `last_name` = 'Yan', `unique_id` = e0394f1f8a6e370885fda4e86ef8b390,  `mojang_id` = null,  `bedrock_id` = null,  `password` = '$2a$10$ah8U4.9ZUPk4KE/MnPpwWe2pKf4amT88xdl6QySCVchrz/AqaBM7u', `last_ip` = '0:0:0:0:0:0:0:1%0', `creation_date` = 2025-05-06 13:51:13.17, `last_seen` = 2025-05-16 13:58:07.648, `email` = null, `discord` = null, `settings` = '{"settings":[{"value":"survival","key":"last-server"},{"value":"en","key":"language"}],"version":0}' WHERE `ai` = 17" (applied to [last_ip, last_seen, settings] columns)
[2025/05/16 13:58:07]: [nLogin] The user Yan has successfully logged in.
[2025/05/16 13:58:18]: §3[nLogin] [DEBUG] [SQLite] [UPDATE]: "UPDATE `nlogin` SET `last_name` = 'DARREN', `unique_id` = 783c3da60f593db784d1abca81b138b9,  `mojang_id` = null,  `bedrock_id` = null,  `password` = '$2a$10$yug7xwCdpnLbo4f.hV0ZaeNn5nrIuGndab2oehTtJ/2UCBB7UsCtu', `last_ip` = '0:0:0:0:0:0:0:1%0', `creation_date` = 2025-04-24 21:18:26.942, `last_seen` = 2025-05-16 13:58:18.76, `email` = null, `discord` = null, `settings` = '{"settings":[{"value":"survival","key":"last-server"},{"value":"en","key":"language"}],"version":0}' WHERE `ai` = 1" (applied to [last_seen, settings] columns)
[2025/05/16 13:58:26]: §3[nLogin] [DEBUG] [SQLite] [UPDATE]: "UPDATE `nlogin` SET `last_name` = 'DARREN', `unique_id` = 783c3da60f593db784d1abca81b138b9,  `mojang_id` = null,  `bedrock_id` = null,  `password` = '$2a$10$yug7xwCdpnLbo4f.hV0ZaeNn5nrIuGndab2oehTtJ/2UCBB7UsCtu', `last_ip` = '0:0:0:0:0:0:0:1%0', `creation_date` = 2025-04-24 21:18:26.942, `last_seen` = 2025-05-16 13:58:26.141, `email` = null, `discord` = null, `settings` = '{"settings":[{"value":"survival","key":"last-server"},{"value":"en","key":"language"}],"version":0}' WHERE `ai` = 1" (applied to [last_ip, last_seen, settings] columns)
[2025/05/16 13:58:26]: [nLogin] The user DARREN has successfully logged in.
[2025/05/16 14:01:07]: §3[nLogin] [DEBUG] [SQLite] [UPDATE]: "UPDATE `nlogin` SET `last_name` = 'Grady', `unique_id` = 5d947e07d63a38588173289bb199ada6,  `mojang_id` = null,  `bedrock_id` = null,  `password` = '$2a$10$fgpfPAXZEU13S/BFfc9BzuKMq8RP5f5c/pcFgN8Hu38RNiObfl0Ve', `last_ip` = '0:0:0:0:0:0:0:1%0', `creation_date` = 2025-04-28 18:23:34.99, `last_seen` = 2025-05-16 14:01:07.347, `email` = null, `discord` = null, `settings` = '{"settings":[{"value":"survival","key":"last-server"},{"value":"en","key":"language"}],"version":0}' WHERE `ai` = 10" (applied to [last_ip, last_seen, settings] columns)
[2025/05/16 14:01:07]: [nLogin] The user Grady has successfully logged in.
[2025/05/16 14:01:19]: §3[nLogin] [DEBUG] [SQLite] [UPDATE]: "UPDATE `nlogin` SET `last_name` = 'Grady', `unique_id` = 5d947e07d63a38588173289bb199ada6,  `mojang_id` = null,  `bedrock_id` = null,  `password` = '$2a$10$fgpfPAXZEU13S/BFfc9BzuKMq8RP5f5c/pcFgN8Hu38RNiObfl0Ve', `last_ip` = '0:0:0:0:0:0:0:1%0', `creation_date` = 2025-04-28 18:23:34.99, `last_seen` = 2025-05-16 14:01:19.762, `email` = null, `discord` = null, `settings` = '{"settings":[{"value":"survival","key":"last-server"},{"value":"en","key":"language"}],"version":0}' WHERE `ai` = 10" (applied to [last_seen, settings] columns)
[2025/05/16 14:01:25]: §3[nLogin] [DEBUG] [SQLite] [UPDATE]: "UPDATE `nlogin` SET `last_name` = 'Grady', `unique_id` = 5d947e07d63a38588173289bb199ada6,  `mojang_id` = null,  `bedrock_id` = null,  `password` = '$2a$10$fgpfPAXZEU13S/BFfc9BzuKMq8RP5f5c/pcFgN8Hu38RNiObfl0Ve', `last_ip` = '0:0:0:0:0:0:0:1%0', `creation_date` = 2025-04-28 18:23:34.99, `last_seen` = 2025-05-16 14:01:25.548, `email` = null, `discord` = null, `settings` = '{"settings":[{"value":"survival","key":"last-server"},{"value":"en","key":"language"}],"version":0}' WHERE `ai` = 10" (applied to [last_ip, last_seen, settings] columns)
[2025/05/16 14:01:25]: [nLogin] The user Grady has successfully logged in.
[2025/05/16 14:13:29]: §3[nLogin] [DEBUG] [SQLite] [UPDATE]: "UPDATE `nlogin` SET `last_name` = 'DARREN', `unique_id` = 783c3da60f593db784d1abca81b138b9,  `mojang_id` = null,  `bedrock_id` = null,  `password` = '$2a$10$yug7xwCdpnLbo4f.hV0ZaeNn5nrIuGndab2oehTtJ/2UCBB7UsCtu', `last_ip` = '0:0:0:0:0:0:0:1%0', `creation_date` = 2025-04-24 21:18:26.942, `last_seen` = 2025-05-16 14:13:29.139, `email` = null, `discord` = null, `settings` = '{"settings":[{"value":"survival","key":"last-server"},{"value":"en","key":"language"}],"version":0}' WHERE `ai` = 1" (applied to [last_seen, settings] columns)
[2025/05/16 14:27:43]: §3[nLogin] [DEBUG] [SQLite] [UPDATE]: "UPDATE `nlogin` SET `last_name` = 'Grady', `unique_id` = 5d947e07d63a38588173289bb199ada6,  `mojang_id` = null,  `bedrock_id` = null,  `password` = '$2a$10$fgpfPAXZEU13S/BFfc9BzuKMq8RP5f5c/pcFgN8Hu38RNiObfl0Ve', `last_ip` = '0:0:0:0:0:0:0:1%0', `creation_date` = 2025-04-28 18:23:34.99, `last_seen` = 2025-05-16 14:27:43.064, `email` = null, `discord` = null, `settings` = '{"settings":[{"value":"survival","key":"last-server"},{"value":"en","key":"language"}],"version":0}' WHERE `ai` = 10" (applied to [last_seen, settings] columns)
[2025/05/16 14:27:46]: §3[nLogin] [DEBUG] [SQLite] [UPDATE]: "UPDATE `nlogin` SET `last_name` = 'Yan', `unique_id` = e0394f1f8a6e370885fda4e86ef8b390,  `mojang_id` = null,  `bedrock_id` = null,  `password` = '$2a$10$ah8U4.9ZUPk4KE/MnPpwWe2pKf4amT88xdl6QySCVchrz/AqaBM7u', `last_ip` = '0:0:0:0:0:0:0:1%0', `creation_date` = 2025-05-06 13:51:13.17, `last_seen` = 2025-05-16 14:27:46.222, `email` = null, `discord` = null, `settings` = '{"settings":[{"value":"survival","key":"last-server"},{"value":"en","key":"language"}],"version":0}' WHERE `ai` = 17" (applied to [last_seen, settings] columns)
