[2025/04/26 01:12:30]: §9          __             _       
[2025/04/26 01:12:30]: §9  _ __   / /  ___   __ _(_)_ __  
[2025/04/26 01:12:30]: §9 | '_ \ / /  / _ \ / _` | | '_ \ 
[2025/04/26 01:12:30]: §9 | | | / /__| (_) | (_| | | | | |
[2025/04/26 01:12:30]: §9 |_| |_\____/\___/ \__, |_|_| |_|
[2025/04/26 01:12:30]: §9                  |___/            
[2025/04/26 01:12:30]: §9 By: www.nickuc.com - V 10.3.27
[2025/04/26 01:12:30]: §9 
[2025/04/26 01:12:32]: §3[nLogin] [DEBUG] All settings were loaded in 2095 ms.
[2025/04/26 01:12:32]: §3[nLogin] [DEBUG] Loading the messages_en.yml message file...
[2025/04/26 01:12:32]: §3[nLogin] [DEBUG] All plugin messages were loaded in 191 ms (languageByClient=false).
[2025/04/26 01:12:32]: §3[nLogin] [DEBUG] All proxy settings were loaded in 22 ms.
[2025/04/26 01:12:32]: §3[nLogin] [DEBUG] Loading database...
[2025/04/26 01:12:33]: §3[nLogin] [DEBUG] Starting logger filter...
[2025/04/26 01:12:38]: 
[2025/04/26 01:12:38]:  §bThank you so much for choosing nLogin! §4<3
[2025/04/26 01:12:38]: 
[2025/04/26 01:12:38]:  §4For your safety, please read the message below:
[2025/04/26 01:12:38]:   §cNever download nLogin from unknown sources.
[2025/04/26 01:12:38]:   §cA modified version may contain malicious software.
[2025/04/26 01:12:38]: 
[2025/04/26 01:12:38]:  §3Trusted sources:
[2025/04/26 01:12:38]:   §bwww.nickuc.com
[2025/04/26 01:12:38]:   §bwww.github.com/nickuc
[2025/04/26 01:12:38]:   §bOpeNLogin installer (from Spigot or GitHub)
[2025/04/26 01:12:38]: 
[2025/04/26 01:12:38]:  §3Official support channels:
[2025/04/26 01:12:38]:   §bDiscord group: §fwww.nickuc.com/discord
[2025/04/26 01:12:38]:   §bDocumentation: §fdocs.nickuc.com/nlogin/
[2025/04/26 01:12:38]:   §bEmail: §fsupport@nickuc.com
[2025/04/26 01:12:38]:   §bYouTube: §fyoutube.com/nickuc
[2025/04/26 01:12:38]: 
[2025/04/26 01:12:38]:  §eTo remove this warning, log in with "nlogin.admin" permission on the server
[2025/04/26 01:12:38]:  §eand click the "Setup plugin" button to configure your plugin.
[2025/04/26 01:12:38]: 
[2025/04/26 01:12:39]: §3[nLogin] [DEBUG] The DARREN (0:0:0:0:0:0:0:1%0) player entered an incorrect password
[2025/04/26 01:12:44]: §3[nLogin] [DEBUG] [SQLite] [UPDATE]: "UPDATE `nlogin` SET `last_name` = 'Jason', `unique_id` = e13c5e70767d356589fa98148f3dbd5f,  `mojang_id` = null,  `bedrock_id` = null,  `password` = '$2a$10$3UIn1hqv2bD95vnxTL18/uwlvi/eSSilqMy2QCRJFxAW9/rp8J9cS', `last_ip` = '0:0:0:0:0:0:0:1%0', `creation_date` = 2025-04-24 22:34:45.689, `last_seen` = 2025-04-26 01:12:44.697, `email` = null, `discord` = null, `settings` = '{"settings":[{"value":"survival","key":"last-server"},{"value":"en","key":"language"}],"version":0}' WHERE `ai` = 4" (applied to [last_ip, last_seen, settings] columns)
[2025/04/26 01:12:44]: [nLogin] The user Jason has successfully logged in.
[2025/04/26 01:12:47]: §3[nLogin] [DEBUG] The DARREN (0:0:0:0:0:0:0:1%0) player entered an incorrect password
[2025/04/26 01:12:53]: §3[nLogin] [DEBUG] [SQLite] [UPDATE]: "UPDATE `nlogin` SET `last_name` = 'DARREN', `unique_id` = 783c3da60f593db784d1abca81b138b9,  `mojang_id` = null,  `bedrock_id` = null,  `password` = '$2a$10$yug7xwCdpnLbo4f.hV0ZaeNn5nrIuGndab2oehTtJ/2UCBB7UsCtu', `last_ip` = '0:0:0:0:0:0:0:1%0', `creation_date` = 2025-04-24 21:18:26.942, `last_seen` = 2025-04-26 01:12:53.589, `email` = null, `discord` = null, `settings` = '{"settings":[{"value":"survival","key":"last-server"},{"value":"en","key":"language"}],"version":0}' WHERE `ai` = 1" (applied to [last_ip, last_seen, settings] columns)
[2025/04/26 01:12:53]: [nLogin] The user DARREN has successfully logged in.
[2025/04/26 02:16:18]: §3[nLogin] [DEBUG] [SQLite] [UPDATE]: "UPDATE `nlogin` SET `last_name` = 'Jason', `unique_id` = e13c5e70767d356589fa98148f3dbd5f,  `mojang_id` = null,  `bedrock_id` = null,  `password` = '$2a$10$3UIn1hqv2bD95vnxTL18/uwlvi/eSSilqMy2QCRJFxAW9/rp8J9cS', `last_ip` = '0:0:0:0:0:0:0:1%0', `creation_date` = 2025-04-24 22:34:45.689, `last_seen` = 2025-04-26 02:16:18.532, `email` = null, `discord` = null, `settings` = '{"settings":[{"value":"survival","key":"last-server"},{"value":"en","key":"language"}],"version":0}' WHERE `ai` = 4" (applied to [last_seen, settings] columns)
[2025/04/26 02:18:39]: §3[nLogin] [DEBUG] [SQLite] [UPDATE]: "UPDATE `nlogin` SET `last_name` = 'Jason', `unique_id` = e13c5e70767d356589fa98148f3dbd5f,  `mojang_id` = null,  `bedrock_id` = null,  `password` = '$2a$10$3UIn1hqv2bD95vnxTL18/uwlvi/eSSilqMy2QCRJFxAW9/rp8J9cS', `last_ip` = '0:0:0:0:0:0:0:1%0', `creation_date` = 2025-04-24 22:34:45.689, `last_seen` = 2025-04-26 02:18:39.615, `email` = null, `discord` = null, `settings` = '{"settings":[{"value":"survival","key":"last-server"},{"value":"en","key":"language"}],"version":0}' WHERE `ai` = 4" (applied to [last_ip, last_seen, settings] columns)
[2025/04/26 02:18:39]: [nLogin] The user Jason has successfully logged in.
[2025/04/26 02:19:16]: §3[nLogin] [DEBUG] [SQLite] [UPDATE]: "UPDATE `nlogin` SET `last_name` = 'David_M', `unique_id` = c7c3a2502ebb3ee49bc09f25e8be29c9,  `mojang_id` = null,  `bedrock_id` = null,  `password` = '$2a$10$wU60URh.PrZbrgnYLoze/uj26Qw589fOV88g1Mq6zHXpmhqHdvEvG', `last_ip` = '0:0:0:0:0:0:0:1%0', `creation_date` = 2025-04-25 19:02:30.13, `last_seen` = 2025-04-26 02:19:16.22, `email` = null, `discord` = null, `settings` = '{"settings":[{"value":"survival","key":"last-server"},{"value":"en","key":"language"}],"version":0}' WHERE `ai` = 7" (applied to [last_ip, last_seen, settings] columns)
[2025/04/26 02:19:16]: [nLogin] The user David_M has successfully logged in.
[2025/04/26 02:19:29]: §3[nLogin] [DEBUG] [SQLite] [UPDATE]: "UPDATE `nlogin` SET `last_name` = 'David_M', `unique_id` = c7c3a2502ebb3ee49bc09f25e8be29c9,  `mojang_id` = null,  `bedrock_id` = null,  `password` = '$2a$10$wU60URh.PrZbrgnYLoze/uj26Qw589fOV88g1Mq6zHXpmhqHdvEvG', `last_ip` = '0:0:0:0:0:0:0:1%0', `creation_date` = 2025-04-25 19:02:30.13, `last_seen` = 2025-04-26 02:19:29.686, `email` = null, `discord` = null, `settings` = '{"settings":[{"value":"survival","key":"last-server"},{"value":"en","key":"language"}],"version":0}' WHERE `ai` = 7" (applied to [last_seen, settings] columns)
[2025/04/26 02:19:42]: §3[nLogin] [DEBUG] [SQLite] [UPDATE]: "UPDATE `nlogin` SET `last_name` = 'David_M', `unique_id` = c7c3a2502ebb3ee49bc09f25e8be29c9,  `mojang_id` = null,  `bedrock_id` = null,  `password` = '$2a$10$wU60URh.PrZbrgnYLoze/uj26Qw589fOV88g1Mq6zHXpmhqHdvEvG', `last_ip` = '0:0:0:0:0:0:0:1%0', `creation_date` = 2025-04-25 19:02:30.13, `last_seen` = 2025-04-26 02:19:42.787, `email` = null, `discord` = null, `settings` = '{"settings":[{"value":"survival","key":"last-server"},{"value":"en","key":"language"}],"version":0}' WHERE `ai` = 7" (applied to [last_ip, last_seen, settings] columns)
[2025/04/26 02:19:42]: [nLogin] The user David_M has successfully logged in.
[2025/04/26 02:36:04]: §3[nLogin] [DEBUG] [SQLite] [UPDATE]: "UPDATE `nlogin` SET `last_name` = 'David_M', `unique_id` = c7c3a2502ebb3ee49bc09f25e8be29c9,  `mojang_id` = null,  `bedrock_id` = null,  `password` = '$2a$10$wU60URh.PrZbrgnYLoze/uj26Qw589fOV88g1Mq6zHXpmhqHdvEvG', `last_ip` = '0:0:0:0:0:0:0:1%0', `creation_date` = 2025-04-25 19:02:30.13, `last_seen` = 2025-04-26 02:36:04.49, `email` = null, `discord` = null, `settings` = '{"settings":[{"value":"survival","key":"last-server"},{"value":"en","key":"language"}],"version":0}' WHERE `ai` = 7" (applied to [last_seen, settings] columns)
[2025/04/26 02:45:05]: §3[nLogin] [DEBUG] [SQLite] [UPDATE]: "UPDATE `nlogin` SET `last_name` = 'David_M', `unique_id` = c7c3a2502ebb3ee49bc09f25e8be29c9,  `mojang_id` = null,  `bedrock_id` = null,  `password` = '$2a$10$wU60URh.PrZbrgnYLoze/uj26Qw589fOV88g1Mq6zHXpmhqHdvEvG', `last_ip` = '0:0:0:0:0:0:0:1%0', `creation_date` = 2025-04-25 19:02:30.13, `last_seen` = 2025-04-26 02:45:05.961, `email` = null, `discord` = null, `settings` = '{"settings":[{"value":"survival","key":"last-server"},{"value":"en","key":"language"}],"version":0}' WHERE `ai` = 7" (applied to [last_ip, last_seen, settings] columns)
[2025/04/26 02:45:05]: [nLogin] The user David_M has successfully logged in.
[2025/04/26 03:01:04]: §3[nLogin] [DEBUG] [SQLite] [UPDATE]: "UPDATE `nlogin` SET `last_name` = 'David_M', `unique_id` = c7c3a2502ebb3ee49bc09f25e8be29c9,  `mojang_id` = null,  `bedrock_id` = null,  `password` = '$2a$10$wU60URh.PrZbrgnYLoze/uj26Qw589fOV88g1Mq6zHXpmhqHdvEvG', `last_ip` = '0:0:0:0:0:0:0:1%0', `creation_date` = 2025-04-25 19:02:30.13, `last_seen` = 2025-04-26 03:01:04.002, `email` = null, `discord` = null, `settings` = '{"settings":[{"value":"survival","key":"last-server"},{"value":"en","key":"language"}],"version":0}' WHERE `ai` = 7" (applied to [last_seen, settings] columns)
[2025/04/26 03:06:43]: §3[nLogin] [DEBUG] [SQLite] [UPDATE]: "UPDATE `nlogin` SET `last_name` = 'DARREN', `unique_id` = 783c3da60f593db784d1abca81b138b9,  `mojang_id` = null,  `bedrock_id` = null,  `password` = '$2a$10$yug7xwCdpnLbo4f.hV0ZaeNn5nrIuGndab2oehTtJ/2UCBB7UsCtu', `last_ip` = '0:0:0:0:0:0:0:1%0', `creation_date` = 2025-04-24 21:18:26.942, `last_seen` = 2025-04-26 03:06:43.899, `email` = null, `discord` = null, `settings` = '{"settings":[{"value":"survival","key":"last-server"},{"value":"en","key":"language"}],"version":0}' WHERE `ai` = 1" (applied to [last_seen, settings] columns)
[2025/04/26 03:06:49]: §3[nLogin] [DEBUG] [SQLite] [UPDATE]: "UPDATE `nlogin` SET `last_name` = 'DARREN', `unique_id` = 783c3da60f593db784d1abca81b138b9,  `mojang_id` = null,  `bedrock_id` = null,  `password` = '$2a$10$yug7xwCdpnLbo4f.hV0ZaeNn5nrIuGndab2oehTtJ/2UCBB7UsCtu', `last_ip` = '0:0:0:0:0:0:0:1%0', `creation_date` = 2025-04-24 21:18:26.942, `last_seen` = 2025-04-26 03:06:49.48, `email` = null, `discord` = null, `settings` = '{"settings":[{"value":"survival","key":"last-server"},{"value":"en","key":"language"}],"version":0}' WHERE `ai` = 1" (applied to [last_ip, last_seen, settings] columns)
[2025/04/26 03:06:49]: [nLogin] The user DARREN has successfully logged in.
[2025/04/26 03:07:04]: §3[nLogin] [DEBUG] [SQLite] [UPDATE]: "UPDATE `nlogin` SET `last_name` = 'DARREN', `unique_id` = 783c3da60f593db784d1abca81b138b9,  `mojang_id` = null,  `bedrock_id` = null,  `password` = '$2a$10$yug7xwCdpnLbo4f.hV0ZaeNn5nrIuGndab2oehTtJ/2UCBB7UsCtu', `last_ip` = '0:0:0:0:0:0:0:1%0', `creation_date` = 2025-04-24 21:18:26.942, `last_seen` = 2025-04-26 03:07:04.852, `email` = null, `discord` = null, `settings` = '{"settings":[{"value":"survival","key":"last-server"},{"value":"en","key":"language"}],"version":0}' WHERE `ai` = 1" (applied to [last_seen, settings] columns)
[2025/04/26 03:07:29]: §3[nLogin] [DEBUG] [SQLite] [UPDATE]: "UPDATE `nlogin` SET `last_name` = 'DARREN', `unique_id` = 783c3da60f593db784d1abca81b138b9,  `mojang_id` = null,  `bedrock_id` = null,  `password` = '$2a$10$yug7xwCdpnLbo4f.hV0ZaeNn5nrIuGndab2oehTtJ/2UCBB7UsCtu', `last_ip` = '0:0:0:0:0:0:0:1%0', `creation_date` = 2025-04-24 21:18:26.942, `last_seen` = 2025-04-26 03:07:29.359, `email` = null, `discord` = null, `settings` = '{"settings":[{"value":"survival","key":"last-server"},{"value":"en","key":"language"}],"version":0}' WHERE `ai` = 1" (applied to [last_ip, last_seen, settings] columns)
[2025/04/26 03:07:29]: [nLogin] The user DARREN has successfully logged in.
[2025/04/26 03:52:21]: §3[nLogin] [DEBUG] [SQLite] [UPDATE]: "UPDATE `nlogin` SET `last_name` = 'DARREN', `unique_id` = 783c3da60f593db784d1abca81b138b9,  `mojang_id` = null,  `bedrock_id` = null,  `password` = '$2a$10$yug7xwCdpnLbo4f.hV0ZaeNn5nrIuGndab2oehTtJ/2UCBB7UsCtu', `last_ip` = '0:0:0:0:0:0:0:1%0', `creation_date` = 2025-04-24 21:18:26.942, `last_seen` = 2025-04-26 03:52:21.372, `email` = null, `discord` = null, `settings` = '{"settings":[{"value":"survival","key":"last-server"},{"value":"en","key":"language"}],"version":0}' WHERE `ai` = 1" (applied to [last_seen, settings] columns)
[2025/04/26 03:52:32]: §3[nLogin] [DEBUG] [SQLite] [UPDATE]: "UPDATE `nlogin` SET `last_name` = 'Jason', `unique_id` = e13c5e70767d356589fa98148f3dbd5f,  `mojang_id` = null,  `bedrock_id` = null,  `password` = '$2a$10$3UIn1hqv2bD95vnxTL18/uwlvi/eSSilqMy2QCRJFxAW9/rp8J9cS', `last_ip` = '0:0:0:0:0:0:0:1%0', `creation_date` = 2025-04-24 22:34:45.689, `last_seen` = 2025-04-26 03:52:32.975, `email` = null, `discord` = null, `settings` = '{"settings":[{"value":"survival","key":"last-server"},{"value":"en","key":"language"}],"version":0}' WHERE `ai` = 4" (applied to [last_seen, settings] columns)
