[2025/05/09 23:49:52]: §9          __             _       
[2025/05/09 23:49:52]: §9  _ __   / /  ___   __ _(_)_ __  
[2025/05/09 23:49:52]: §9 | '_ \ / /  / _ \ / _` | | '_ \ 
[2025/05/09 23:49:52]: §9 | | | / /__| (_) | (_| | | | | |
[2025/05/09 23:49:52]: §9 |_| |_\____/\___/ \__, |_|_| |_|
[2025/05/09 23:49:52]: §9                  |___/            
[2025/05/09 23:49:52]: §9 By: www.nickuc.com - V 10.3.27
[2025/05/09 23:49:52]: §9 
[2025/05/09 23:49:53]: §3[nLogin] [DEBUG] All settings were loaded in 844 ms.
[2025/05/09 23:49:53]: §3[nLogin] [DEBUG] Loading the messages_en.yml message file...
[2025/05/09 23:49:53]: §3[nLogin] [DEBUG] All plugin messages were loaded in 298 ms (languageByClient=false).
[2025/05/09 23:49:53]: §3[nLogin] [DEBUG] All proxy settings were loaded in 20 ms.
[2025/05/09 23:49:53]: §3[nLogin] [DEBUG] Loading database...
[2025/05/09 23:49:55]: §3[nLogin] [DEBUG] Starting logger filter...
[2025/05/09 23:50:00]: 
[2025/05/09 23:50:00]:  §bThank you so much for choosing nLogin! §4<3
[2025/05/09 23:50:00]: 
[2025/05/09 23:50:00]:  §4For your safety, please read the message below:
[2025/05/09 23:50:00]:   §cNever download nLogin from unknown sources.
[2025/05/09 23:50:00]:   §cA modified version may contain malicious software.
[2025/05/09 23:50:00]: 
[2025/05/09 23:50:00]:  §3Trusted sources:
[2025/05/09 23:50:00]:   §bwww.nickuc.com
[2025/05/09 23:50:00]:   §bwww.github.com/nickuc
[2025/05/09 23:50:00]:   §bOpeNLogin installer (from Spigot or GitHub)
[2025/05/09 23:50:00]: 
[2025/05/09 23:50:00]:  §3Official support channels:
[2025/05/09 23:50:00]:   §bDiscord group: §fwww.nickuc.com/discord
[2025/05/09 23:50:00]:   §bDocumentation: §fdocs.nickuc.com/nlogin/
[2025/05/09 23:50:00]:   §bEmail: §fsupport@nickuc.com
[2025/05/09 23:50:00]:   §bYouTube: §fyoutube.com/nickuc
[2025/05/09 23:50:00]: 
[2025/05/09 23:50:00]:  §eTo remove this warning, log in with "nlogin.admin" permission on the server
[2025/05/09 23:50:00]:  §eand click the "Setup plugin" button to configure your plugin.
[2025/05/09 23:50:00]: 
[2025/05/09 23:50:08]: §3[nLogin] [DEBUG] [SQLite] [UNREGISTER]: Removing the Kyle's account...
[2025/05/09 23:50:08]: §3[nLogin] [DEBUG] [SQLite] [UPDATE]: "UPDATE `nlogin` SET `last_name` = 'Kyle', `unique_id` = ee0d2f7b042c3d52b426e43e4af56561,  `mojang_id` = null,  `bedrock_id` = null,  `password` = null, `last_ip` = null, `creation_date` = 1970-01-01 00:00:00.0, `last_seen` = 1970-01-01 00:00:00.0, `email` = null, `discord` = null, `settings` = null WHERE `ai` = 18" (applied to all columns)
[2025/05/09 23:50:08]: §3[nLogin] [DEBUG] The Kyle player had his account unregistered by CONSOLE.
[2025/05/09 23:50:21]: §3[nLogin] [DEBUG] [SQLite] [DELETE]: Deleting the Kyle's account...
[2025/05/09 23:50:21]: §3[nLogin] [DEBUG] [SQLite] [DELETE]: "DELETE FROM `nlogin` WHERE `ai` = 18"
[2025/05/09 23:50:21]: §3[nLogin] [DEBUG] The Kyle player had his account deleted by CONSOLE.
[2025/05/09 23:51:07]: §3[nLogin] [DEBUG] [SQLite] [UPDATE]: "INSERT INTO `nlogin` (`last_name`, `unique_id`, `mojang_id`, `bedrock_id`, `password`, `last_ip`, `creation_date`, `last_seen`, `email`, `discord`, `settings`) VALUES ('Kyle', ee0d2f7b042c3d52b426e43e4af56561, null, null, '$2a$10$hO43IcpNWvoaDVyJtDR59.fHLIKVHvwTPP4fD0cF3.pMN2vMRbR6W', '0:0:0:0:0:0:0:1%0', '2025-05-09 23:51:07.778', '2025-05-09 23:51:07.778', null, null, null)" (applied to all columns)
[2025/05/09 23:51:07]: [nLogin] The user Kyle has successfully registered.
[2025/05/09 23:51:31]: §3[nLogin] [DEBUG] [SQLite] [UPDATE]: "UPDATE `nlogin` SET `last_name` = 'Kyle', `unique_id` = ee0d2f7b042c3d52b426e43e4af56561,  `mojang_id` = null,  `bedrock_id` = null,  `password` = '$2a$10$hO43IcpNWvoaDVyJtDR59.fHLIKVHvwTPP4fD0cF3.pMN2vMRbR6W', `last_ip` = '0:0:0:0:0:0:0:1%0', `creation_date` = 2025-05-09 23:51:07.778, `last_seen` = 2025-05-09 23:51:31.879, `email` = null, `discord` = null, `settings` = '{"settings":[{"value":"survival","key":"last-server"},{"value":"en","key":"language"}],"version":0}' WHERE `ai` = 22" (applied to [last_seen, settings] columns)
[2025/05/09 23:51:44]: §3[nLogin] [DEBUG] [SQLite] [UPDATE]: "UPDATE `nlogin` SET `last_name` = 'DARREN', `unique_id` = 783c3da60f593db784d1abca81b138b9,  `mojang_id` = null,  `bedrock_id` = null,  `password` = '$2a$10$yug7xwCdpnLbo4f.hV0ZaeNn5nrIuGndab2oehTtJ/2UCBB7UsCtu', `last_ip` = '0:0:0:0:0:0:0:1%0', `creation_date` = 2025-04-24 21:18:26.942, `last_seen` = 2025-05-09 23:51:44.262, `email` = null, `discord` = null, `settings` = '{"settings":[{"value":"survival","key":"last-server"},{"value":"en","key":"language"}],"version":0}' WHERE `ai` = 1" (applied to [last_ip, last_seen, settings] columns)
[2025/05/09 23:51:44]: [nLogin] The user DARREN has successfully logged in.
[2025/05/09 23:52:19]: §3[nLogin] [DEBUG] [SQLite] [UNREGISTER]: Removing the Kyle's account...
[2025/05/09 23:52:19]: §3[nLogin] [DEBUG] [SQLite] [UPDATE]: "UPDATE `nlogin` SET `last_name` = 'Kyle', `unique_id` = ee0d2f7b042c3d52b426e43e4af56561,  `mojang_id` = null,  `bedrock_id` = null,  `password` = null, `last_ip` = null, `creation_date` = 1970-01-01 00:00:00.0, `last_seen` = 1970-01-01 00:00:00.0, `email` = null, `discord` = null, `settings` = null WHERE `ai` = 22" (applied to all columns)
[2025/05/09 23:52:19]: §3[nLogin] [DEBUG] The Kyle player had his account unregistered by CONSOLE.
[2025/05/09 23:52:44]: §3[nLogin] [DEBUG] [SQLite] [UPDATE]: "UPDATE `nlogin` SET `last_name` = 'Kyle', `unique_id` = ee0d2f7b042c3d52b426e43e4af56561,  `mojang_id` = null,  `bedrock_id` = null,  `password` = '$2a$10$Clj6HHerjdqHJceMq36LrOGKVSNz2YcTxfTkkuFsxS06Hvwj5DHIu', `last_ip` = '0:0:0:0:0:0:0:1%0', `creation_date` = 2025-05-09 23:52:44.345, `last_seen` = 2025-05-09 23:52:44.345, `email` = null, `discord` = null, `settings` = null WHERE `ai` = 22" (applied to all columns)
[2025/05/09 23:52:44]: [nLogin] The user Kyle has successfully registered.
[2025/05/10 00:06:55]: §3[nLogin] [DEBUG] [SQLite] [UPDATE]: "UPDATE `nlogin` SET `last_name` = 'DARREN', `unique_id` = 783c3da60f593db784d1abca81b138b9,  `mojang_id` = null,  `bedrock_id` = null,  `password` = '$2a$10$yug7xwCdpnLbo4f.hV0ZaeNn5nrIuGndab2oehTtJ/2UCBB7UsCtu', `last_ip` = '0:0:0:0:0:0:0:1%0', `creation_date` = 2025-04-24 21:18:26.942, `last_seen` = 2025-05-10 00:06:55.043, `email` = null, `discord` = null, `settings` = '{"settings":[{"value":"survival","key":"last-server"},{"value":"en","key":"language"}],"version":0}' WHERE `ai` = 1" (applied to [last_seen, settings] columns)
[2025/05/10 00:07:10]: §3[nLogin] [DEBUG] [SQLite] [UPDATE]: "UPDATE `nlogin` SET `last_name` = 'DARREN', `unique_id` = 783c3da60f593db784d1abca81b138b9,  `mojang_id` = null,  `bedrock_id` = null,  `password` = '$2a$10$yug7xwCdpnLbo4f.hV0ZaeNn5nrIuGndab2oehTtJ/2UCBB7UsCtu', `last_ip` = '0:0:0:0:0:0:0:1%0', `creation_date` = 2025-04-24 21:18:26.942, `last_seen` = 2025-05-10 00:07:10.071, `email` = null, `discord` = null, `settings` = '{"settings":[{"value":"survival","key":"last-server"},{"value":"en","key":"language"}],"version":0}' WHERE `ai` = 1" (applied to [last_ip, last_seen, settings] columns)
[2025/05/10 00:07:10]: [nLogin] The user DARREN has successfully logged in.
[2025/05/10 00:11:27]: §3[nLogin] [DEBUG] [SQLite] [UPDATE]: "UPDATE `nlogin` SET `last_name` = 'Kyle', `unique_id` = ee0d2f7b042c3d52b426e43e4af56561,  `mojang_id` = null,  `bedrock_id` = null,  `password` = '$2a$10$Clj6HHerjdqHJceMq36LrOGKVSNz2YcTxfTkkuFsxS06Hvwj5DHIu', `last_ip` = '0:0:0:0:0:0:0:1%0', `creation_date` = 2025-05-09 23:52:44.345, `last_seen` = 2025-05-10 00:11:27.071, `email` = null, `discord` = null, `settings` = '{"settings":[{"value":"survival","key":"last-server"},{"value":"en","key":"language"}],"version":0}' WHERE `ai` = 22" (applied to [last_seen, settings] columns)
[2025/05/10 00:12:15]: §3[nLogin] [DEBUG] [SQLite] [UPDATE]: "UPDATE `nlogin` SET `last_name` = 'Kyle', `unique_id` = ee0d2f7b042c3d52b426e43e4af56561,  `mojang_id` = null,  `bedrock_id` = null,  `password` = '$2a$10$Clj6HHerjdqHJceMq36LrOGKVSNz2YcTxfTkkuFsxS06Hvwj5DHIu', `last_ip` = '0:0:0:0:0:0:0:1%0', `creation_date` = 2025-05-09 23:52:44.345, `last_seen` = 2025-05-10 00:12:15.256, `email` = null, `discord` = null, `settings` = '{"settings":[{"value":"survival","key":"last-server"},{"value":"en","key":"language"}],"version":0}' WHERE `ai` = 22" (applied to [last_ip, last_seen, settings] columns)
[2025/05/10 00:12:15]: [nLogin] The user Kyle has successfully logged in.
[2025/05/10 00:21:25]: §3[nLogin] [DEBUG] [SQLite] [UPDATE]: "UPDATE `nlogin` SET `last_name` = 'DARREN', `unique_id` = 783c3da60f593db784d1abca81b138b9,  `mojang_id` = null,  `bedrock_id` = null,  `password` = '$2a$10$yug7xwCdpnLbo4f.hV0ZaeNn5nrIuGndab2oehTtJ/2UCBB7UsCtu', `last_ip` = '0:0:0:0:0:0:0:1%0', `creation_date` = 2025-04-24 21:18:26.942, `last_seen` = 2025-05-10 00:21:25.859, `email` = null, `discord` = null, `settings` = '{"settings":[{"value":"survival","key":"last-server"},{"value":"en","key":"language"}],"version":0}' WHERE `ai` = 1" (applied to [last_seen, settings] columns)
[2025/05/10 00:24:47]: §3[nLogin] [DEBUG] [SQLite] [UPDATE]: "UPDATE `nlogin` SET `last_name` = 'Kyle', `unique_id` = ee0d2f7b042c3d52b426e43e4af56561,  `mojang_id` = null,  `bedrock_id` = null,  `password` = '$2a$10$Clj6HHerjdqHJceMq36LrOGKVSNz2YcTxfTkkuFsxS06Hvwj5DHIu', `last_ip` = '0:0:0:0:0:0:0:1%0', `creation_date` = 2025-05-09 23:52:44.345, `last_seen` = 2025-05-10 00:24:47.433, `email` = null, `discord` = null, `settings` = '{"settings":[{"value":"survival","key":"last-server"},{"value":"en","key":"language"}],"version":0}' WHERE `ai` = 22" (applied to [last_seen, settings] columns)
[2025/05/10 00:44:12]: §3[nLogin] [DEBUG] [SQLite] [UPDATE]: "UPDATE `nlogin` SET `last_name` = 'Kyle', `unique_id` = ee0d2f7b042c3d52b426e43e4af56561,  `mojang_id` = null,  `bedrock_id` = null,  `password` = '$2a$10$Clj6HHerjdqHJceMq36LrOGKVSNz2YcTxfTkkuFsxS06Hvwj5DHIu', `last_ip` = '0:0:0:0:0:0:0:1%0', `creation_date` = 2025-05-09 23:52:44.345, `last_seen` = 2025-05-10 00:44:12.687, `email` = null, `discord` = null, `settings` = '{"settings":[{"value":"survival","key":"last-server"},{"value":"en","key":"language"}],"version":0}' WHERE `ai` = 22" (applied to [last_ip, last_seen, settings] columns)
[2025/05/10 00:44:12]: [nLogin] The user Kyle has successfully logged in.
[2025/05/10 00:44:32]: §3[nLogin] [DEBUG] [SQLite] [UPDATE]: "UPDATE `nlogin` SET `last_name` = 'DARREN', `unique_id` = 783c3da60f593db784d1abca81b138b9,  `mojang_id` = null,  `bedrock_id` = null,  `password` = '$2a$10$yug7xwCdpnLbo4f.hV0ZaeNn5nrIuGndab2oehTtJ/2UCBB7UsCtu', `last_ip` = '0:0:0:0:0:0:0:1%0', `creation_date` = 2025-04-24 21:18:26.942, `last_seen` = 2025-05-10 00:44:32.127, `email` = null, `discord` = null, `settings` = '{"settings":[{"value":"survival","key":"last-server"},{"value":"en","key":"language"}],"version":0}' WHERE `ai` = 1" (applied to [last_ip, last_seen, settings] columns)
[2025/05/10 00:44:32]: [nLogin] The user DARREN has successfully logged in.
[2025/05/10 00:46:32]: §3[nLogin] [DEBUG] [SQLite] [UPDATE]: "UPDATE `nlogin` SET `last_name` = 'Kyle', `unique_id` = ee0d2f7b042c3d52b426e43e4af56561,  `mojang_id` = null,  `bedrock_id` = null,  `password` = '$2a$10$Clj6HHerjdqHJceMq36LrOGKVSNz2YcTxfTkkuFsxS06Hvwj5DHIu', `last_ip` = '0:0:0:0:0:0:0:1%0', `creation_date` = 2025-05-09 23:52:44.345, `last_seen` = 2025-05-10 00:46:32.246, `email` = null, `discord` = null, `settings` = '{"settings":[{"value":"survival","key":"last-server"},{"value":"en","key":"language"}],"version":0}' WHERE `ai` = 22" (applied to [last_seen, settings] columns)
[2025/05/10 00:47:06]: §3[nLogin] [DEBUG] [SQLite] [UPDATE]: "UPDATE `nlogin` SET `last_name` = 'Kyle', `unique_id` = ee0d2f7b042c3d52b426e43e4af56561,  `mojang_id` = null,  `bedrock_id` = null,  `password` = '$2a$10$Clj6HHerjdqHJceMq36LrOGKVSNz2YcTxfTkkuFsxS06Hvwj5DHIu', `last_ip` = '0:0:0:0:0:0:0:1%0', `creation_date` = 2025-05-09 23:52:44.345, `last_seen` = 2025-05-10 00:47:06.194, `email` = null, `discord` = null, `settings` = '{"settings":[{"value":"survival","key":"last-server"},{"value":"en","key":"language"}],"version":0}' WHERE `ai` = 22" (applied to [last_ip, last_seen, settings] columns)
[2025/05/10 00:47:06]: [nLogin] The user Kyle has successfully logged in.
[2025/05/10 00:54:51]: §3[nLogin] [DEBUG] [SQLite] [UPDATE]: "UPDATE `nlogin` SET `last_name` = 'Idan', `unique_id` = a74b69aceb713e8ba36e2a8f50d32ad2,  `mojang_id` = null,  `bedrock_id` = null,  `password` = '$2a$10$G/5jlLCNBS0tYFC5jIEXq.uxwOPlTmDot1Ls1x9vhEaIJQRyE1Xza', `last_ip` = '0:0:0:0:0:0:0:1%0', `creation_date` = 2025-04-25 21:33:50.693, `last_seen` = 2025-05-10 00:54:51.171, `email` = null, `discord` = null, `settings` = '{"settings":[{"value":"survival","key":"last-server"},{"value":"en","key":"language"}],"version":0}' WHERE `ai` = 9" (applied to [last_ip, last_seen, settings] columns)
[2025/05/10 00:54:51]: [nLogin] The user Idan has successfully logged in.
[2025/05/10 01:03:13]: §3[nLogin] [DEBUG] [SQLite] [UPDATE]: "UPDATE `nlogin` SET `last_name` = 'Idan', `unique_id` = a74b69aceb713e8ba36e2a8f50d32ad2,  `mojang_id` = null,  `bedrock_id` = null,  `password` = '$2a$10$G/5jlLCNBS0tYFC5jIEXq.uxwOPlTmDot1Ls1x9vhEaIJQRyE1Xza', `last_ip` = '0:0:0:0:0:0:0:1%0', `creation_date` = 2025-04-25 21:33:50.693, `last_seen` = 2025-05-10 01:03:13.977, `email` = null, `discord` = null, `settings` = '{"settings":[{"value":"survival","key":"last-server"},{"value":"en","key":"language"}],"version":0}' WHERE `ai` = 9" (applied to [last_seen, settings] columns)
[2025/05/10 01:06:49]: §3[nLogin] [DEBUG] [SQLite] [UPDATE]: "UPDATE `nlogin` SET `last_name` = 'Idan', `unique_id` = a74b69aceb713e8ba36e2a8f50d32ad2,  `mojang_id` = null,  `bedrock_id` = null,  `password` = '$2a$10$G/5jlLCNBS0tYFC5jIEXq.uxwOPlTmDot1Ls1x9vhEaIJQRyE1Xza', `last_ip` = '0:0:0:0:0:0:0:1%0', `creation_date` = 2025-04-25 21:33:50.693, `last_seen` = 2025-05-10 01:06:49.592, `email` = null, `discord` = null, `settings` = '{"settings":[{"value":"survival","key":"last-server"},{"value":"en","key":"language"}],"version":0}' WHERE `ai` = 9" (applied to [last_ip, last_seen, settings] columns)
[2025/05/10 01:06:49]: [nLogin] The user Idan has successfully logged in.
[2025/05/10 01:07:14]: §3[nLogin] [DEBUG] [SQLite] [UPDATE]: "UPDATE `nlogin` SET `last_name` = 'DARREN', `unique_id` = 783c3da60f593db784d1abca81b138b9,  `mojang_id` = null,  `bedrock_id` = null,  `password` = '$2a$10$yug7xwCdpnLbo4f.hV0ZaeNn5nrIuGndab2oehTtJ/2UCBB7UsCtu', `last_ip` = '0:0:0:0:0:0:0:1%0', `creation_date` = 2025-04-24 21:18:26.942, `last_seen` = 2025-05-10 01:07:14.176, `email` = null, `discord` = null, `settings` = '{"settings":[{"value":"survival","key":"last-server"},{"value":"en","key":"language"}],"version":0}' WHERE `ai` = 1" (applied to [last_seen, settings] columns)
[2025/05/10 01:07:19]: §3[nLogin] [DEBUG] [SQLite] [UPDATE]: "UPDATE `nlogin` SET `last_name` = 'DARREN', `unique_id` = 783c3da60f593db784d1abca81b138b9,  `mojang_id` = null,  `bedrock_id` = null,  `password` = '$2a$10$yug7xwCdpnLbo4f.hV0ZaeNn5nrIuGndab2oehTtJ/2UCBB7UsCtu', `last_ip` = '0:0:0:0:0:0:0:1%0', `creation_date` = 2025-04-24 21:18:26.942, `last_seen` = 2025-05-10 01:07:19.654, `email` = null, `discord` = null, `settings` = '{"settings":[{"value":"survival","key":"last-server"},{"value":"en","key":"language"}],"version":0}' WHERE `ai` = 1" (applied to [last_ip, last_seen, settings] columns)
[2025/05/10 01:07:19]: [nLogin] The user DARREN has successfully logged in.
[2025/05/10 01:09:15]: §3[nLogin] [DEBUG] [SQLite] [UPDATE]: "UPDATE `nlogin` SET `last_name` = 'Idan', `unique_id` = a74b69aceb713e8ba36e2a8f50d32ad2,  `mojang_id` = null,  `bedrock_id` = null,  `password` = '$2a$10$G/5jlLCNBS0tYFC5jIEXq.uxwOPlTmDot1Ls1x9vhEaIJQRyE1Xza', `last_ip` = '0:0:0:0:0:0:0:1%0', `creation_date` = 2025-04-25 21:33:50.693, `last_seen` = 2025-05-10 01:09:15.231, `email` = null, `discord` = null, `settings` = '{"settings":[{"value":"survival","key":"last-server"},{"value":"en","key":"language"}],"version":0}' WHERE `ai` = 9" (applied to [last_seen, settings] columns)
[2025/05/10 01:10:40]: §3[nLogin] [DEBUG] [SQLite] [UPDATE]: "UPDATE `nlogin` SET `last_name` = 'Idan', `unique_id` = a74b69aceb713e8ba36e2a8f50d32ad2,  `mojang_id` = null,  `bedrock_id` = null,  `password` = '$2a$10$G/5jlLCNBS0tYFC5jIEXq.uxwOPlTmDot1Ls1x9vhEaIJQRyE1Xza', `last_ip` = '0:0:0:0:0:0:0:1%0', `creation_date` = 2025-04-25 21:33:50.693, `last_seen` = 2025-05-10 01:10:40.718, `email` = null, `discord` = null, `settings` = '{"settings":[{"value":"survival","key":"last-server"},{"value":"en","key":"language"}],"version":0}' WHERE `ai` = 9" (applied to [last_ip, last_seen, settings] columns)
[2025/05/10 01:10:40]: [nLogin] The user Idan has successfully logged in.
[2025/05/10 01:12:13]: §3[nLogin] [DEBUG] [SQLite] [UPDATE]: "UPDATE `nlogin` SET `last_name` = 'Idan', `unique_id` = a74b69aceb713e8ba36e2a8f50d32ad2,  `mojang_id` = null,  `bedrock_id` = null,  `password` = '$2a$10$G/5jlLCNBS0tYFC5jIEXq.uxwOPlTmDot1Ls1x9vhEaIJQRyE1Xza', `last_ip` = '0:0:0:0:0:0:0:1%0', `creation_date` = 2025-04-25 21:33:50.693, `last_seen` = 2025-05-10 01:12:13.463, `email` = null, `discord` = null, `settings` = '{"settings":[{"value":"survival","key":"last-server"},{"value":"en","key":"language"}],"version":0}' WHERE `ai` = 9" (applied to [last_seen, settings] columns)
[2025/05/10 01:12:32]: §3[nLogin] [DEBUG] [SQLite] [UPDATE]: "UPDATE `nlogin` SET `last_name` = 'Kyle', `unique_id` = ee0d2f7b042c3d52b426e43e4af56561,  `mojang_id` = null,  `bedrock_id` = null,  `password` = '$2a$10$Clj6HHerjdqHJceMq36LrOGKVSNz2YcTxfTkkuFsxS06Hvwj5DHIu', `last_ip` = '0:0:0:0:0:0:0:1%0', `creation_date` = 2025-05-09 23:52:44.345, `last_seen` = 2025-05-10 01:12:32.701, `email` = null, `discord` = null, `settings` = '{"settings":[{"value":"survival","key":"last-server"},{"value":"en","key":"language"}],"version":0}' WHERE `ai` = 22" (applied to [last_seen, settings] columns)
[2025/05/10 01:12:40]: §3[nLogin] [DEBUG] [SQLite] [UPDATE]: "UPDATE `nlogin` SET `last_name` = 'Kyle', `unique_id` = ee0d2f7b042c3d52b426e43e4af56561,  `mojang_id` = null,  `bedrock_id` = null,  `password` = '$2a$10$Clj6HHerjdqHJceMq36LrOGKVSNz2YcTxfTkkuFsxS06Hvwj5DHIu', `last_ip` = '0:0:0:0:0:0:0:1%0', `creation_date` = 2025-05-09 23:52:44.345, `last_seen` = 2025-05-10 01:12:40.316, `email` = null, `discord` = null, `settings` = '{"settings":[{"value":"survival","key":"last-server"},{"value":"en","key":"language"}],"version":0}' WHERE `ai` = 22" (applied to [last_ip, last_seen, settings] columns)
[2025/05/10 01:12:40]: [nLogin] The user Kyle has successfully logged in.
[2025/05/10 01:17:54]: §3[nLogin] [DEBUG] [SQLite] [UPDATE]: "UPDATE `nlogin` SET `last_name` = 'David_M', `unique_id` = c7c3a2502ebb3ee49bc09f25e8be29c9,  `mojang_id` = null,  `bedrock_id` = null,  `password` = '$2a$10$wU60URh.PrZbrgnYLoze/uj26Qw589fOV88g1Mq6zHXpmhqHdvEvG', `last_ip` = '0:0:0:0:0:0:0:1%0', `creation_date` = 2025-04-25 19:02:30.13, `last_seen` = 2025-05-10 01:17:54.411, `email` = null, `discord` = null, `settings` = '{"settings":[{"value":"survival","key":"last-server"},{"value":"en","key":"language"}],"version":0}' WHERE `ai` = 7" (applied to [last_ip, last_seen, settings] columns)
[2025/05/10 01:17:54]: [nLogin] The user David_M has successfully logged in.
[2025/05/10 01:20:28]: §3[nLogin] [DEBUG] [SQLite] [UPDATE]: "UPDATE `nlogin` SET `last_name` = 'Stephane', `unique_id` = 3ab31a0c17d23289bc5bab093b2db922,  `mojang_id` = null,  `bedrock_id` = null,  `password` = '$2a$10$i8v7FkU1JbWCmroUhfg2qePfIutatYPfW8y7n/6oDcNF2VTudy3P2', `last_ip` = '0:0:0:0:0:0:0:1%0', `creation_date` = 2025-04-24 23:10:19.213, `last_seen` = 2025-05-10 01:20:28.019, `email` = null, `discord` = null, `settings` = '{"settings":[{"value":"survival","key":"last-server"},{"value":"en","key":"language"}],"version":0}' WHERE `ai` = 5" (applied to [last_ip, last_seen, settings] columns)
[2025/05/10 01:20:28]: [nLogin] The user Stephane has successfully logged in.
[2025/05/10 01:27:08]: §3[nLogin] [DEBUG] [SQLite] [UPDATE]: "UPDATE `nlogin` SET `last_name` = 'David_M', `unique_id` = c7c3a2502ebb3ee49bc09f25e8be29c9,  `mojang_id` = null,  `bedrock_id` = null,  `password` = '$2a$10$wU60URh.PrZbrgnYLoze/uj26Qw589fOV88g1Mq6zHXpmhqHdvEvG', `last_ip` = '0:0:0:0:0:0:0:1%0', `creation_date` = 2025-04-25 19:02:30.13, `last_seen` = 2025-05-10 01:27:08.776, `email` = null, `discord` = null, `settings` = '{"settings":[{"value":"survival","key":"last-server"},{"value":"en","key":"language"}],"version":0}' WHERE `ai` = 7" (applied to [last_seen, settings] columns)
[2025/05/10 01:27:31]: §3[nLogin] [DEBUG] [SQLite] [UPDATE]: "UPDATE `nlogin` SET `last_name` = 'Stephane', `unique_id` = 3ab31a0c17d23289bc5bab093b2db922,  `mojang_id` = null,  `bedrock_id` = null,  `password` = '$2a$10$i8v7FkU1JbWCmroUhfg2qePfIutatYPfW8y7n/6oDcNF2VTudy3P2', `last_ip` = '0:0:0:0:0:0:0:1%0', `creation_date` = 2025-04-24 23:10:19.213, `last_seen` = 2025-05-10 01:27:31.39, `email` = null, `discord` = null, `settings` = '{"settings":[{"value":"survival","key":"last-server"},{"value":"en","key":"language"}],"version":0}' WHERE `ai` = 5" (applied to [last_seen, settings] columns)
[2025/05/10 01:27:39]: §3[nLogin] [DEBUG] [SQLite] [UPDATE]: "UPDATE `nlogin` SET `last_name` = 'Stephane', `unique_id` = 3ab31a0c17d23289bc5bab093b2db922,  `mojang_id` = null,  `bedrock_id` = null,  `password` = '$2a$10$i8v7FkU1JbWCmroUhfg2qePfIutatYPfW8y7n/6oDcNF2VTudy3P2', `last_ip` = '0:0:0:0:0:0:0:1%0', `creation_date` = 2025-04-24 23:10:19.213, `last_seen` = 2025-05-10 01:27:39.238, `email` = null, `discord` = null, `settings` = '{"settings":[{"value":"survival","key":"last-server"},{"value":"en","key":"language"}],"version":0}' WHERE `ai` = 5" (applied to [last_ip, last_seen, settings] columns)
[2025/05/10 01:27:39]: [nLogin] The user Stephane has successfully logged in.
[2025/05/10 01:29:28]: §3[nLogin] [DEBUG] [SQLite] [UPDATE]: "UPDATE `nlogin` SET `last_name` = 'Jason', `unique_id` = e13c5e70767d356589fa98148f3dbd5f,  `mojang_id` = null,  `bedrock_id` = null,  `password` = '$2a$10$3UIn1hqv2bD95vnxTL18/uwlvi/eSSilqMy2QCRJFxAW9/rp8J9cS', `last_ip` = '0:0:0:0:0:0:0:1%0', `creation_date` = 2025-04-24 22:34:45.689, `last_seen` = 2025-05-10 01:29:28.713, `email` = null, `discord` = null, `settings` = '{"settings":[{"value":"lobby","key":"last-server"},{"value":"en","key":"language"}],"version":0}' WHERE `ai` = 4" (applied to [last_ip, last_seen, settings] columns)
[2025/05/10 01:29:28]: [nLogin] The user Jason has successfully logged in.
[2025/05/10 01:34:31]: §3[nLogin] [DEBUG] [SQLite] [UPDATE]: "UPDATE `nlogin` SET `last_name` = 'Stephane', `unique_id` = 3ab31a0c17d23289bc5bab093b2db922,  `mojang_id` = null,  `bedrock_id` = null,  `password` = '$2a$10$i8v7FkU1JbWCmroUhfg2qePfIutatYPfW8y7n/6oDcNF2VTudy3P2', `last_ip` = '0:0:0:0:0:0:0:1%0', `creation_date` = 2025-04-24 23:10:19.213, `last_seen` = 2025-05-10 01:34:31.951, `email` = null, `discord` = null, `settings` = '{"settings":[{"value":"survival","key":"last-server"},{"value":"en","key":"language"}],"version":0}' WHERE `ai` = 5" (applied to [last_seen, settings] columns)
[2025/05/10 01:34:50]: §3[nLogin] [DEBUG] [SQLite] [UPDATE]: "UPDATE `nlogin` SET `last_name` = 'Stephane', `unique_id` = 3ab31a0c17d23289bc5bab093b2db922,  `mojang_id` = null,  `bedrock_id` = null,  `password` = '$2a$10$i8v7FkU1JbWCmroUhfg2qePfIutatYPfW8y7n/6oDcNF2VTudy3P2', `last_ip` = '0:0:0:0:0:0:0:1%0', `creation_date` = 2025-04-24 23:10:19.213, `last_seen` = 2025-05-10 01:34:50.074, `email` = null, `discord` = null, `settings` = '{"settings":[{"value":"survival","key":"last-server"},{"value":"en","key":"language"}],"version":0}' WHERE `ai` = 5" (applied to [last_ip, last_seen, settings] columns)
[2025/05/10 01:34:50]: [nLogin] The user Stephane has successfully logged in.
[2025/05/10 01:35:06]: §3[nLogin] [DEBUG] [SQLite] [UPDATE]: "UPDATE `nlogin` SET `last_name` = 'Kyle', `unique_id` = ee0d2f7b042c3d52b426e43e4af56561,  `mojang_id` = null,  `bedrock_id` = null,  `password` = '$2a$10$Clj6HHerjdqHJceMq36LrOGKVSNz2YcTxfTkkuFsxS06Hvwj5DHIu', `last_ip` = '0:0:0:0:0:0:0:1%0', `creation_date` = 2025-05-09 23:52:44.345, `last_seen` = 2025-05-10 01:35:06.844, `email` = null, `discord` = null, `settings` = '{"settings":[{"value":"survival","key":"last-server"},{"value":"en","key":"language"}],"version":0}' WHERE `ai` = 22" (applied to [last_seen, settings] columns)
[2025/05/10 01:36:59]: §3[nLogin] [DEBUG] [SQLite] [UPDATE]: "UPDATE `nlogin` SET `last_name` = 'Kyle', `unique_id` = ee0d2f7b042c3d52b426e43e4af56561,  `mojang_id` = null,  `bedrock_id` = null,  `password` = '$2a$10$Clj6HHerjdqHJceMq36LrOGKVSNz2YcTxfTkkuFsxS06Hvwj5DHIu', `last_ip` = '0:0:0:0:0:0:0:1%0', `creation_date` = 2025-05-09 23:52:44.345, `last_seen` = 2025-05-10 01:36:59.068, `email` = null, `discord` = null, `settings` = '{"settings":[{"value":"survival","key":"last-server"},{"value":"en","key":"language"}],"version":0}' WHERE `ai` = 22" (applied to [last_ip, last_seen, settings] columns)
[2025/05/10 01:36:59]: [nLogin] The user Kyle has successfully logged in.
[2025/05/10 01:47:03]: §3[nLogin] [DEBUG] [SQLite] [UPDATE]: "UPDATE `nlogin` SET `last_name` = 'Jason', `unique_id` = e13c5e70767d356589fa98148f3dbd5f,  `mojang_id` = null,  `bedrock_id` = null,  `password` = '$2a$10$3UIn1hqv2bD95vnxTL18/uwlvi/eSSilqMy2QCRJFxAW9/rp8J9cS', `last_ip` = '0:0:0:0:0:0:0:1%0', `creation_date` = 2025-04-24 22:34:45.689, `last_seen` = 2025-05-10 01:47:03.687, `email` = null, `discord` = null, `settings` = '{"settings":[{"value":"lobby","key":"last-server"},{"value":"en","key":"language"}],"version":0}' WHERE `ai` = 4" (applied to [last_seen, settings] columns)
[2025/05/10 01:47:08]: §3[nLogin] [DEBUG] [SQLite] [UPDATE]: "UPDATE `nlogin` SET `last_name` = 'Jason', `unique_id` = e13c5e70767d356589fa98148f3dbd5f,  `mojang_id` = null,  `bedrock_id` = null,  `password` = '$2a$10$3UIn1hqv2bD95vnxTL18/uwlvi/eSSilqMy2QCRJFxAW9/rp8J9cS', `last_ip` = '0:0:0:0:0:0:0:1%0', `creation_date` = 2025-04-24 22:34:45.689, `last_seen` = 2025-05-10 01:47:08.684, `email` = null, `discord` = null, `settings` = '{"settings":[{"value":"lobby","key":"last-server"},{"value":"en","key":"language"}],"version":0}' WHERE `ai` = 4" (applied to [last_ip, last_seen, settings] columns)
[2025/05/10 01:47:08]: [nLogin] The user Jason has successfully logged in.
[2025/05/10 02:01:33]: §3[nLogin] [DEBUG] [SQLite] [UPDATE]: "UPDATE `nlogin` SET `last_name` = 'Kyle', `unique_id` = ee0d2f7b042c3d52b426e43e4af56561,  `mojang_id` = null,  `bedrock_id` = null,  `password` = '$2a$10$Clj6HHerjdqHJceMq36LrOGKVSNz2YcTxfTkkuFsxS06Hvwj5DHIu', `last_ip` = '0:0:0:0:0:0:0:1%0', `creation_date` = 2025-05-09 23:52:44.345, `last_seen` = 2025-05-10 02:01:33.886, `email` = null, `discord` = null, `settings` = '{"settings":[{"value":"survival","key":"last-server"},{"value":"en","key":"language"}],"version":0}' WHERE `ai` = 22" (applied to [last_seen, settings] columns)
[2025/05/10 02:10:04]: §3[nLogin] [DEBUG] [SQLite] [UPDATE]: "UPDATE `nlogin` SET `last_name` = 'Jason', `unique_id` = e13c5e70767d356589fa98148f3dbd5f,  `mojang_id` = null,  `bedrock_id` = null,  `password` = '$2a$10$3UIn1hqv2bD95vnxTL18/uwlvi/eSSilqMy2QCRJFxAW9/rp8J9cS', `last_ip` = '0:0:0:0:0:0:0:1%0', `creation_date` = 2025-04-24 22:34:45.689, `last_seen` = 2025-05-10 02:10:04.951, `email` = null, `discord` = null, `settings` = '{"settings":[{"value":"survival","key":"last-server"},{"value":"en","key":"language"}],"version":0}' WHERE `ai` = 4" (applied to [last_seen, settings] columns)
[2025/05/10 02:10:07]: §3[nLogin] [DEBUG] [SQLite] [UPDATE]: "UPDATE `nlogin` SET `last_name` = 'Stephane', `unique_id` = 3ab31a0c17d23289bc5bab093b2db922,  `mojang_id` = null,  `bedrock_id` = null,  `password` = '$2a$10$i8v7FkU1JbWCmroUhfg2qePfIutatYPfW8y7n/6oDcNF2VTudy3P2', `last_ip` = '0:0:0:0:0:0:0:1%0', `creation_date` = 2025-04-24 23:10:19.213, `last_seen` = 2025-05-10 02:10:07.2, `email` = null, `discord` = null, `settings` = '{"settings":[{"value":"survival","key":"last-server"},{"value":"en","key":"language"}],"version":0}' WHERE `ai` = 5" (applied to [last_seen, settings] columns)
[2025/05/10 02:10:14]: §3[nLogin] [DEBUG] [SQLite] [UPDATE]: "UPDATE `nlogin` SET `last_name` = 'Jason', `unique_id` = e13c5e70767d356589fa98148f3dbd5f,  `mojang_id` = null,  `bedrock_id` = null,  `password` = '$2a$10$3UIn1hqv2bD95vnxTL18/uwlvi/eSSilqMy2QCRJFxAW9/rp8J9cS', `last_ip` = '0:0:0:0:0:0:0:1%0', `creation_date` = 2025-04-24 22:34:45.689, `last_seen` = 2025-05-10 02:10:14.208, `email` = null, `discord` = null, `settings` = '{"settings":[{"value":"survival","key":"last-server"},{"value":"en","key":"language"}],"version":0}' WHERE `ai` = 4" (applied to [last_ip, last_seen, settings] columns)
[2025/05/10 02:10:14]: [nLogin] The user Jason has successfully logged in.
[2025/05/10 02:10:22]: §3[nLogin] [DEBUG] [SQLite] [UPDATE]: "UPDATE `nlogin` SET `last_name` = 'Stephane', `unique_id` = 3ab31a0c17d23289bc5bab093b2db922,  `mojang_id` = null,  `bedrock_id` = null,  `password` = '$2a$10$i8v7FkU1JbWCmroUhfg2qePfIutatYPfW8y7n/6oDcNF2VTudy3P2', `last_ip` = '0:0:0:0:0:0:0:1%0', `creation_date` = 2025-04-24 23:10:19.213, `last_seen` = 2025-05-10 02:10:22.586, `email` = null, `discord` = null, `settings` = '{"settings":[{"value":"survival","key":"last-server"},{"value":"en","key":"language"}],"version":0}' WHERE `ai` = 5" (applied to [last_ip, last_seen, settings] columns)
[2025/05/10 02:10:22]: [nLogin] The user Stephane has successfully logged in.
[2025/05/10 02:11:16]: §3[nLogin] [DEBUG] [SQLite] [UPDATE]: "UPDATE `nlogin` SET `last_name` = 'Jason', `unique_id` = e13c5e70767d356589fa98148f3dbd5f,  `mojang_id` = null,  `bedrock_id` = null,  `password` = '$2a$10$3UIn1hqv2bD95vnxTL18/uwlvi/eSSilqMy2QCRJFxAW9/rp8J9cS', `last_ip` = '0:0:0:0:0:0:0:1%0', `creation_date` = 2025-04-24 22:34:45.689, `last_seen` = 2025-05-10 02:11:16.624, `email` = null, `discord` = null, `settings` = '{"settings":[{"value":"survival","key":"last-server"},{"value":"en","key":"language"}],"version":0}' WHERE `ai` = 4" (applied to [last_seen, settings] columns)
[2025/05/10 02:11:17]: §3[nLogin] [DEBUG] [SQLite] [UPDATE]: "UPDATE `nlogin` SET `last_name` = 'Stephane', `unique_id` = 3ab31a0c17d23289bc5bab093b2db922,  `mojang_id` = null,  `bedrock_id` = null,  `password` = '$2a$10$i8v7FkU1JbWCmroUhfg2qePfIutatYPfW8y7n/6oDcNF2VTudy3P2', `last_ip` = '0:0:0:0:0:0:0:1%0', `creation_date` = 2025-04-24 23:10:19.213, `last_seen` = 2025-05-10 02:11:17.74, `email` = null, `discord` = null, `settings` = '{"settings":[{"value":"survival","key":"last-server"},{"value":"en","key":"language"}],"version":0}' WHERE `ai` = 5" (applied to [last_seen, settings] columns)
[2025/05/10 02:11:17]: §3[nLogin] [DEBUG] [SQLite] [UPDATE]: "UPDATE `nlogin` SET `last_name` = 'DARREN', `unique_id` = 783c3da60f593db784d1abca81b138b9,  `mojang_id` = null,  `bedrock_id` = null,  `password` = '$2a$10$yug7xwCdpnLbo4f.hV0ZaeNn5nrIuGndab2oehTtJ/2UCBB7UsCtu', `last_ip` = '0:0:0:0:0:0:0:1%0', `creation_date` = 2025-04-24 21:18:26.942, `last_seen` = 2025-05-10 02:11:17.812, `email` = null, `discord` = null, `settings` = '{"settings":[{"value":"survival","key":"last-server"},{"value":"en","key":"language"}],"version":0}' WHERE `ai` = 1" (applied to [last_seen, settings] columns)
