[2025/04/30 01:11:48]: §9          __             _       
[2025/04/30 01:11:48]: §9  _ __   / /  ___   __ _(_)_ __  
[2025/04/30 01:11:48]: §9 | '_ \ / /  / _ \ / _` | | '_ \ 
[2025/04/30 01:11:48]: §9 | | | / /__| (_) | (_| | | | | |
[2025/04/30 01:11:48]: §9 |_| |_\____/\___/ \__, |_|_| |_|
[2025/04/30 01:11:48]: §9                  |___/            
[2025/04/30 01:11:48]: §9 By: www.nickuc.com - V 10.3.27
[2025/04/30 01:11:48]: §9 
[2025/04/30 01:11:49]: §3[nLogin] [DEBUG] All settings were loaded in 601 ms.
[2025/04/30 01:11:49]: §3[nLogin] [DEBUG] Loading the messages_en.yml message file...
[2025/04/30 01:11:49]: §3[nLogin] [DEBUG] All plugin messages were loaded in 224 ms (languageByClient=false).
[2025/04/30 01:11:49]: §3[nLogin] [DEBUG] All proxy settings were loaded in 28 ms.
[2025/04/30 01:11:49]: §3[nLogin] [DEBUG] Loading database...
[2025/04/30 01:11:50]: §3[nLogin] [DEBUG] Starting logger filter...
[2025/04/30 01:11:55]: 
[2025/04/30 01:11:55]:  §bThank you so much for choosing nLogin! §4<3
[2025/04/30 01:11:55]: 
[2025/04/30 01:11:55]:  §4For your safety, please read the message below:
[2025/04/30 01:11:55]:   §cNever download nLogin from unknown sources.
[2025/04/30 01:11:55]:   §cA modified version may contain malicious software.
[2025/04/30 01:11:55]: 
[2025/04/30 01:11:55]:  §3Trusted sources:
[2025/04/30 01:11:56]:   §bwww.nickuc.com
[2025/04/30 01:11:56]:   §bwww.github.com/nickuc
[2025/04/30 01:11:56]:   §bOpeNLogin installer (from Spigot or GitHub)
[2025/04/30 01:11:56]: 
[2025/04/30 01:11:56]:  §3Official support channels:
[2025/04/30 01:11:56]:   §bDiscord group: §fwww.nickuc.com/discord
[2025/04/30 01:11:56]:   §bDocumentation: §fdocs.nickuc.com/nlogin/
[2025/04/30 01:11:56]:   §bEmail: §fsupport@nickuc.com
[2025/04/30 01:11:56]:   §bYouTube: §fyoutube.com/nickuc
[2025/04/30 01:11:56]: 
[2025/04/30 01:11:56]:  §eTo remove this warning, log in with "nlogin.admin" permission on the server
[2025/04/30 01:11:56]:  §eand click the "Setup plugin" button to configure your plugin.
[2025/04/30 01:11:56]: 
[2025/04/30 01:12:00]: §3[nLogin] [DEBUG] [SQLite] [UPDATE]: "UPDATE `nlogin` SET `last_name` = 'David_M', `unique_id` = c7c3a2502ebb3ee49bc09f25e8be29c9,  `mojang_id` = null,  `bedrock_id` = null,  `password` = '$2a$10$wU60URh.PrZbrgnYLoze/uj26Qw589fOV88g1Mq6zHXpmhqHdvEvG', `last_ip` = '0:0:0:0:0:0:0:1%0', `creation_date` = 2025-04-25 19:02:30.13, `last_seen` = 2025-04-30 01:12:00.261, `email` = null, `discord` = null, `settings` = '{"settings":[{"value":"survival","key":"last-server"},{"value":"en","key":"language"}],"version":0}' WHERE `ai` = 7" (applied to [last_ip, last_seen, settings] columns)
[2025/04/30 01:12:00]: [nLogin] The user David_M has successfully logged in.
[2025/04/30 01:17:04]: §3[nLogin] [DEBUG] [SQLite] [UPDATE]: "UPDATE `nlogin` SET `last_name` = 'David_M', `unique_id` = c7c3a2502ebb3ee49bc09f25e8be29c9,  `mojang_id` = null,  `bedrock_id` = null,  `password` = '$2a$10$wU60URh.PrZbrgnYLoze/uj26Qw589fOV88g1Mq6zHXpmhqHdvEvG', `last_ip` = '0:0:0:0:0:0:0:1%0', `creation_date` = 2025-04-25 19:02:30.13, `last_seen` = 2025-04-30 01:17:04.1, `email` = null, `discord` = null, `settings` = '{"settings":[{"value":"survival","key":"last-server"},{"value":"en","key":"language"}],"version":0}' WHERE `ai` = 7" (applied to [last_seen, settings] columns)
[2025/04/30 01:17:42]: §3[nLogin] [DEBUG] [SQLite] [UPDATE]: "UPDATE `nlogin` SET `last_name` = 'David_M', `unique_id` = c7c3a2502ebb3ee49bc09f25e8be29c9,  `mojang_id` = null,  `bedrock_id` = null,  `password` = '$2a$10$wU60URh.PrZbrgnYLoze/uj26Qw589fOV88g1Mq6zHXpmhqHdvEvG', `last_ip` = '0:0:0:0:0:0:0:1%0', `creation_date` = 2025-04-25 19:02:30.13, `last_seen` = 2025-04-30 01:17:42.582, `email` = null, `discord` = null, `settings` = '{"settings":[{"value":"survival","key":"last-server"},{"value":"en","key":"language"}],"version":0}' WHERE `ai` = 7" (applied to [last_ip, last_seen, settings] columns)
[2025/04/30 01:17:42]: [nLogin] The user David_M has successfully logged in.
[2025/04/30 01:31:10]: §3[nLogin] [DEBUG] [SQLite] [UPDATE]: "UPDATE `nlogin` SET `last_name` = 'David_M', `unique_id` = c7c3a2502ebb3ee49bc09f25e8be29c9,  `mojang_id` = null,  `bedrock_id` = null,  `password` = '$2a$10$wU60URh.PrZbrgnYLoze/uj26Qw589fOV88g1Mq6zHXpmhqHdvEvG', `last_ip` = '0:0:0:0:0:0:0:1%0', `creation_date` = 2025-04-25 19:02:30.13, `last_seen` = 2025-04-30 01:31:10.42, `email` = null, `discord` = null, `settings` = '{"settings":[{"value":"survival","key":"last-server"},{"value":"en","key":"language"}],"version":0}' WHERE `ai` = 7" (applied to [last_seen, settings] columns)
[2025/04/30 01:33:57]: §3[nLogin] [DEBUG] [SQLite] [UPDATE]: "UPDATE `nlogin` SET `last_name` = 'David_M', `unique_id` = c7c3a2502ebb3ee49bc09f25e8be29c9,  `mojang_id` = null,  `bedrock_id` = null,  `password` = '$2a$10$wU60URh.PrZbrgnYLoze/uj26Qw589fOV88g1Mq6zHXpmhqHdvEvG', `last_ip` = '0:0:0:0:0:0:0:1%0', `creation_date` = 2025-04-25 19:02:30.13, `last_seen` = 2025-04-30 01:33:57.294, `email` = null, `discord` = null, `settings` = '{"settings":[{"value":"survival","key":"last-server"},{"value":"en","key":"language"}],"version":0}' WHERE `ai` = 7" (applied to [last_ip, last_seen, settings] columns)
[2025/04/30 01:33:57]: [nLogin] The user David_M has successfully logged in.
[2025/04/30 01:36:13]: §3[nLogin] [DEBUG] [SQLite] [UPDATE]: "UPDATE `nlogin` SET `last_name` = 'David_M', `unique_id` = c7c3a2502ebb3ee49bc09f25e8be29c9,  `mojang_id` = null,  `bedrock_id` = null,  `password` = '$2a$10$wU60URh.PrZbrgnYLoze/uj26Qw589fOV88g1Mq6zHXpmhqHdvEvG', `last_ip` = '0:0:0:0:0:0:0:1%0', `creation_date` = 2025-04-25 19:02:30.13, `last_seen` = 2025-04-30 01:36:13.771, `email` = null, `discord` = null, `settings` = '{"settings":[{"value":"survival","key":"last-server"},{"value":"en","key":"language"}],"version":0}' WHERE `ai` = 7" (applied to [last_seen, settings] columns)
[2025/04/30 01:44:22]: §3[nLogin] [DEBUG] [SQLite] [UPDATE]: "UPDATE `nlogin` SET `last_name` = 'David_M', `unique_id` = c7c3a2502ebb3ee49bc09f25e8be29c9,  `mojang_id` = null,  `bedrock_id` = null,  `password` = '$2a$10$wU60URh.PrZbrgnYLoze/uj26Qw589fOV88g1Mq6zHXpmhqHdvEvG', `last_ip` = '0:0:0:0:0:0:0:1%0', `creation_date` = 2025-04-25 19:02:30.13, `last_seen` = 2025-04-30 01:44:22.881, `email` = null, `discord` = null, `settings` = '{"settings":[{"value":"survival","key":"last-server"},{"value":"en","key":"language"}],"version":0}' WHERE `ai` = 7" (applied to [last_ip, last_seen, settings] columns)
[2025/04/30 01:44:22]: [nLogin] The user David_M has successfully logged in.
[2025/04/30 01:44:37]: §3[nLogin] [DEBUG] [SQLite] [UPDATE]: "UPDATE `nlogin` SET `last_name` = 'David_M', `unique_id` = c7c3a2502ebb3ee49bc09f25e8be29c9,  `mojang_id` = null,  `bedrock_id` = null,  `password` = '$2a$10$wU60URh.PrZbrgnYLoze/uj26Qw589fOV88g1Mq6zHXpmhqHdvEvG', `last_ip` = '0:0:0:0:0:0:0:1%0', `creation_date` = 2025-04-25 19:02:30.13, `last_seen` = 2025-04-30 01:44:37.811, `email` = null, `discord` = null, `settings` = '{"settings":[{"value":"survival","key":"last-server"},{"value":"en","key":"language"}],"version":0}' WHERE `ai` = 7" (applied to [last_seen, settings] columns)
