[2025/04/28 18:23:12]: §9          __             _       
[2025/04/28 18:23:12]: §9  _ __   / /  ___   __ _(_)_ __  
[2025/04/28 18:23:12]: §9 | '_ \ / /  / _ \ / _` | | '_ \ 
[2025/04/28 18:23:12]: §9 | | | / /__| (_) | (_| | | | | |
[2025/04/28 18:23:12]: §9 |_| |_\____/\___/ \__, |_|_| |_|
[2025/04/28 18:23:12]: §9                  |___/            
[2025/04/28 18:23:12]: §9 By: www.nickuc.com - V 10.3.27
[2025/04/28 18:23:12]: §9 
[2025/04/28 18:23:14]: §3[nLogin] [DEBUG] All settings were loaded in 1537 ms.
[2025/04/28 18:23:14]: §3[nLogin] [DEBUG] Loading the messages_en.yml message file...
[2025/04/28 18:23:14]: §3[nLogin] [DEBUG] All plugin messages were loaded in 467 ms (languageByClient=false).
[2025/04/28 18:23:14]: §3[nLogin] [DEBUG] All proxy settings were loaded in 26 ms.
[2025/04/28 18:23:14]: §3[nLogin] [DEBUG] Loading database...
[2025/04/28 18:23:16]: §3[nLogin] [DEBUG] Starting logger filter...
[2025/04/28 18:23:21]: 
[2025/04/28 18:23:21]:  §bThank you so much for choosing nLogin! §4<3
[2025/04/28 18:23:21]: 
[2025/04/28 18:23:21]:  §4For your safety, please read the message below:
[2025/04/28 18:23:21]:   §cNever download nLogin from unknown sources.
[2025/04/28 18:23:21]:   §cA modified version may contain malicious software.
[2025/04/28 18:23:21]: 
[2025/04/28 18:23:21]:  §3Trusted sources:
[2025/04/28 18:23:21]:   §bwww.nickuc.com
[2025/04/28 18:23:21]:   §bwww.github.com/nickuc
[2025/04/28 18:23:21]:   §bOpeNLogin installer (from Spigot or GitHub)
[2025/04/28 18:23:21]: 
[2025/04/28 18:23:21]:  §3Official support channels:
[2025/04/28 18:23:21]:   §bDiscord group: §fwww.nickuc.com/discord
[2025/04/28 18:23:21]:   §bDocumentation: §fdocs.nickuc.com/nlogin/
[2025/04/28 18:23:21]:   §bEmail: §fsupport@nickuc.com
[2025/04/28 18:23:21]:   §bYouTube: §fyoutube.com/nickuc
[2025/04/28 18:23:21]: 
[2025/04/28 18:23:21]:  §eTo remove this warning, log in with "nlogin.admin" permission on the server
[2025/04/28 18:23:21]:  §eand click the "Setup plugin" button to configure your plugin.
[2025/04/28 18:23:21]: 
[2025/04/28 18:23:30]: §3[nLogin] [DEBUG] [SQLite] [UPDATE]: "UPDATE `nlogin` SET `last_name` = 'Elvin', `unique_id` = 4e3cee07441831ad851d7b1993e93af3,  `mojang_id` = null,  `bedrock_id` = null,  `password` = '$2a$10$.9fX5o1ox3xyn5Tsq1Cz3OYhlxTqsS2bT80ELCNboWLOGP0lsrR62', `last_ip` = '0:0:0:0:0:0:0:1%0', `creation_date` = 2025-04-25 18:59:52.308, `last_seen` = 2025-04-28 18:23:30.678, `email` = null, `discord` = null, `settings` = '{"settings":[{"value":"survival","key":"last-server"},{"value":"en","key":"language"}],"version":0}' WHERE `ai` = 6" (applied to [last_ip, last_seen, settings] columns)
[2025/04/28 18:23:30]: [nLogin] The user Elvin has successfully logged in.
[2025/04/28 18:23:35]: §3[nLogin] [DEBUG] [SQLite] [UPDATE]: "INSERT INTO `nlogin` (`last_name`, `unique_id`, `mojang_id`, `bedrock_id`, `password`, `last_ip`, `creation_date`, `last_seen`, `email`, `discord`, `settings`) VALUES ('Grady', 5d947e07d63a38588173289bb199ada6, null, null, '$2a$10$fgpfPAXZEU13S/BFfc9BzuKMq8RP5f5c/pcFgN8Hu38RNiObfl0Ve', '0:0:0:0:0:0:0:1%0', '2025-04-28 18:23:34.99', '2025-04-28 18:23:34.99', null, null, null)" (applied to all columns)
[2025/04/28 18:23:35]: [nLogin] The user Grady has successfully registered.
[2025/04/28 18:23:45]: §3[nLogin] [DEBUG] The Stephane (0:0:0:0:0:0:0:1%0) player entered an incorrect password
[2025/04/28 18:23:52]: §3[nLogin] [DEBUG] [SQLite] [UPDATE]: "INSERT INTO `nlogin` (`last_name`, `unique_id`, `mojang_id`, `bedrock_id`, `password`, `last_ip`, `creation_date`, `last_seen`, `email`, `discord`, `settings`) VALUES ('Danny', ddcda591f59a39faae6e6744024d2256, null, null, '$2a$10$9dFiWiwb7z0vCRFvpniWM.hg3hAhygKXYA6u4sR6kndoPe23VzP.q', '0:0:0:0:0:0:0:1%0', '2025-04-28 18:23:52.036', '2025-04-28 18:23:52.036', null, null, null)" (applied to all columns)
[2025/04/28 18:23:52]: [nLogin] The user Danny has successfully registered.
[2025/04/28 18:23:57]: §3[nLogin] [DEBUG] [SQLite] [UPDATE]: "UPDATE `nlogin` SET `last_name` = 'Stephane', `unique_id` = 3ab31a0c17d23289bc5bab093b2db922,  `mojang_id` = null,  `bedrock_id` = null,  `password` = '$2a$10$i8v7FkU1JbWCmroUhfg2qePfIutatYPfW8y7n/6oDcNF2VTudy3P2', `last_ip` = '0:0:0:0:0:0:0:1%0', `creation_date` = 2025-04-24 23:10:19.213, `last_seen` = 2025-04-28 18:23:57.461, `email` = null, `discord` = null, `settings` = '{"settings":[{"value":"survival","key":"last-server"},{"value":"en","key":"language"}],"version":0}' WHERE `ai` = 5" (applied to [last_ip, last_seen, settings] columns)
[2025/04/28 18:23:57]: [nLogin] The user Stephane has successfully logged in.
[2025/04/28 18:24:57]: §3[nLogin] [DEBUG] [SQLite] [UPDATE]: "UPDATE `nlogin` SET `last_name` = 'David_M', `unique_id` = c7c3a2502ebb3ee49bc09f25e8be29c9,  `mojang_id` = null,  `bedrock_id` = null,  `password` = '$2a$10$wU60URh.PrZbrgnYLoze/uj26Qw589fOV88g1Mq6zHXpmhqHdvEvG', `last_ip` = '0:0:0:0:0:0:0:1%0', `creation_date` = 2025-04-25 19:02:30.13, `last_seen` = 2025-04-28 18:24:57.874, `email` = null, `discord` = null, `settings` = '{"settings":[{"value":"survival","key":"last-server"},{"value":"en","key":"language"}],"version":0}' WHERE `ai` = 7" (applied to [last_ip, last_seen, settings] columns)
[2025/04/28 18:24:57]: [nLogin] The user David_M has successfully logged in.
[2025/04/28 18:25:22]: §3[nLogin] [DEBUG] [SQLite] [UPDATE]: "UPDATE `nlogin` SET `last_name` = 'DARREN', `unique_id` = 783c3da60f593db784d1abca81b138b9,  `mojang_id` = null,  `bedrock_id` = null,  `password` = '$2a$10$yug7xwCdpnLbo4f.hV0ZaeNn5nrIuGndab2oehTtJ/2UCBB7UsCtu', `last_ip` = '0:0:0:0:0:0:0:1%0', `creation_date` = 2025-04-24 21:18:26.942, `last_seen` = 2025-04-28 18:25:21.866, `email` = null, `discord` = null, `settings` = '{"settings":[{"value":"survival","key":"last-server"},{"value":"en","key":"language"}],"version":0}' WHERE `ai` = 1" (applied to [last_ip, last_seen, settings] columns)
[2025/04/28 18:25:22]: [nLogin] The user DARREN has successfully logged in.
[2025/04/28 18:25:27]: §3[nLogin] [DEBUG] [SQLite] [UPDATE]: "UPDATE `nlogin` SET `last_name` = 'David_M', `unique_id` = c7c3a2502ebb3ee49bc09f25e8be29c9,  `mojang_id` = null,  `bedrock_id` = null,  `password` = '$2a$10$wU60URh.PrZbrgnYLoze/uj26Qw589fOV88g1Mq6zHXpmhqHdvEvG', `last_ip` = '0:0:0:0:0:0:0:1%0', `creation_date` = 2025-04-25 19:02:30.13, `last_seen` = 2025-04-28 18:25:27.446, `email` = null, `discord` = null, `settings` = '{"settings":[{"value":"survival","key":"last-server"},{"value":"en","key":"language"}],"version":0}' WHERE `ai` = 7" (applied to [last_seen, settings] columns)
[2025/04/28 18:25:54]: §3[nLogin] [DEBUG] [SQLite] [UPDATE]: "UPDATE `nlogin` SET `last_name` = 'DARREN', `unique_id` = 783c3da60f593db784d1abca81b138b9,  `mojang_id` = null,  `bedrock_id` = null,  `password` = '$2a$10$yug7xwCdpnLbo4f.hV0ZaeNn5nrIuGndab2oehTtJ/2UCBB7UsCtu', `last_ip` = '0:0:0:0:0:0:0:1%0', `creation_date` = 2025-04-24 21:18:26.942, `last_seen` = 2025-04-28 18:25:54.917, `email` = null, `discord` = null, `settings` = '{"settings":[{"value":"survival","key":"last-server"},{"value":"en","key":"language"}],"version":0}' WHERE `ai` = 1" (applied to [last_seen, settings] columns)
[2025/04/28 18:26:00]: §3[nLogin] [DEBUG] [SQLite] [UPDATE]: "UPDATE `nlogin` SET `last_name` = 'Ryan_L', `unique_id` = 8b4c7026a2a4393d9e16ed14af3207cc,  `mojang_id` = null,  `bedrock_id` = null,  `password` = '$2a$10$DkRcxfpRkDgpUMrfkd4Je.HJS70tc0/D/fOu/Jr/yUPd3.n9U6/CS', `last_ip` = '0:0:0:0:0:0:0:1%0', `creation_date` = 2025-04-24 22:33:18.043, `last_seen` = 2025-04-28 18:26:00.461, `email` = null, `discord` = null, `settings` = '{"settings":[{"value":"survival","key":"last-server"},{"value":"en","key":"language"}],"version":0}' WHERE `ai` = 3" (applied to [last_ip, last_seen, settings] columns)
[2025/04/28 18:26:00]: [nLogin] The user Ryan_L has successfully logged in.
[2025/04/28 18:26:10]: §3[nLogin] [DEBUG] [SQLite] [UPDATE]: "UPDATE `nlogin` SET `last_name` = 'David_M', `unique_id` = c7c3a2502ebb3ee49bc09f25e8be29c9,  `mojang_id` = null,  `bedrock_id` = null,  `password` = '$2a$10$wU60URh.PrZbrgnYLoze/uj26Qw589fOV88g1Mq6zHXpmhqHdvEvG', `last_ip` = '0:0:0:0:0:0:0:1%0', `creation_date` = 2025-04-25 19:02:30.13, `last_seen` = 2025-04-28 18:26:10.908, `email` = null, `discord` = null, `settings` = '{"settings":[{"value":"survival","key":"last-server"},{"value":"en","key":"language"}],"version":0}' WHERE `ai` = 7" (applied to [last_ip, last_seen, settings] columns)
[2025/04/28 18:26:10]: [nLogin] The user David_M has successfully logged in.
[2025/04/28 18:26:14]: §3[nLogin] [DEBUG] [SQLite] [UPDATE]: "UPDATE `nlogin` SET `last_name` = 'Ryan_L', `unique_id` = 8b4c7026a2a4393d9e16ed14af3207cc,  `mojang_id` = null,  `bedrock_id` = null,  `password` = '$2a$10$DkRcxfpRkDgpUMrfkd4Je.HJS70tc0/D/fOu/Jr/yUPd3.n9U6/CS', `last_ip` = '0:0:0:0:0:0:0:1%0', `creation_date` = 2025-04-24 22:33:18.043, `last_seen` = 2025-04-28 18:26:14.198, `email` = null, `discord` = null, `settings` = '{"settings":[{"value":"survival","key":"last-server"},{"value":"en","key":"language"}],"version":0}' WHERE `ai` = 3" (applied to [last_seen, settings] columns)
[2025/04/28 18:26:23]: §3[nLogin] [DEBUG] [SQLite] [UPDATE]: "UPDATE `nlogin` SET `last_name` = 'Ryan_L', `unique_id` = 8b4c7026a2a4393d9e16ed14af3207cc,  `mojang_id` = null,  `bedrock_id` = null,  `password` = '$2a$10$DkRcxfpRkDgpUMrfkd4Je.HJS70tc0/D/fOu/Jr/yUPd3.n9U6/CS', `last_ip` = '0:0:0:0:0:0:0:1%0', `creation_date` = 2025-04-24 22:33:18.043, `last_seen` = 2025-04-28 18:26:23.627, `email` = null, `discord` = null, `settings` = '{"settings":[{"value":"survival","key":"last-server"},{"value":"en","key":"language"}],"version":0}' WHERE `ai` = 3" (applied to [last_ip, last_seen, settings] columns)
[2025/04/28 18:26:23]: [nLogin] The user Ryan_L has successfully logged in.
[2025/04/28 18:26:36]: §3[nLogin] [DEBUG] [SQLite] [UPDATE]: "UPDATE `nlogin` SET `last_name` = 'Ryan_L', `unique_id` = 8b4c7026a2a4393d9e16ed14af3207cc,  `mojang_id` = null,  `bedrock_id` = null,  `password` = '$2a$10$DkRcxfpRkDgpUMrfkd4Je.HJS70tc0/D/fOu/Jr/yUPd3.n9U6/CS', `last_ip` = '0:0:0:0:0:0:0:1%0', `creation_date` = 2025-04-24 22:33:18.043, `last_seen` = 2025-04-28 18:26:36.884, `email` = null, `discord` = null, `settings` = '{"settings":[{"value":"survival","key":"last-server"},{"value":"en","key":"language"}],"version":0}' WHERE `ai` = 3" (applied to [last_seen, settings] columns)
[2025/04/28 18:26:58]: §3[nLogin] [DEBUG] [SQLite] [UPDATE]: "UPDATE `nlogin` SET `last_name` = 'DARREN', `unique_id` = 783c3da60f593db784d1abca81b138b9,  `mojang_id` = null,  `bedrock_id` = null,  `password` = '$2a$10$yug7xwCdpnLbo4f.hV0ZaeNn5nrIuGndab2oehTtJ/2UCBB7UsCtu', `last_ip` = '0:0:0:0:0:0:0:1%0', `creation_date` = 2025-04-24 21:18:26.942, `last_seen` = 2025-04-28 18:26:58.428, `email` = null, `discord` = null, `settings` = '{"settings":[{"value":"survival","key":"last-server"},{"value":"en","key":"language"}],"version":0}' WHERE `ai` = 1" (applied to [last_ip, last_seen, settings] columns)
[2025/04/28 18:26:58]: [nLogin] The user DARREN has successfully logged in.
[2025/04/28 18:28:06]: §3[nLogin] [DEBUG] [SQLite] [UPDATE]: "UPDATE `nlogin` SET `last_name` = 'Ryan_L', `unique_id` = 8b4c7026a2a4393d9e16ed14af3207cc,  `mojang_id` = null,  `bedrock_id` = null,  `password` = '$2a$10$DkRcxfpRkDgpUMrfkd4Je.HJS70tc0/D/fOu/Jr/yUPd3.n9U6/CS', `last_ip` = '0:0:0:0:0:0:0:1%0', `creation_date` = 2025-04-24 22:33:18.043, `last_seen` = 2025-04-28 18:28:06.717, `email` = null, `discord` = null, `settings` = '{"settings":[{"value":"survival","key":"last-server"},{"value":"en","key":"language"}],"version":0}' WHERE `ai` = 3" (applied to [last_ip, last_seen, settings] columns)
[2025/04/28 18:28:06]: [nLogin] The user Ryan_L has successfully logged in.
[2025/04/28 18:30:08]: §3[nLogin] [DEBUG] [SQLite] [UPDATE]: "UPDATE `nlogin` SET `last_name` = 'David_M', `unique_id` = c7c3a2502ebb3ee49bc09f25e8be29c9,  `mojang_id` = null,  `bedrock_id` = null,  `password` = '$2a$10$wU60URh.PrZbrgnYLoze/uj26Qw589fOV88g1Mq6zHXpmhqHdvEvG', `last_ip` = '0:0:0:0:0:0:0:1%0', `creation_date` = 2025-04-25 19:02:30.13, `last_seen` = 2025-04-28 18:30:08.753, `email` = null, `discord` = null, `settings` = '{"settings":[{"value":"survival","key":"last-server"},{"value":"en","key":"language"}],"version":0}' WHERE `ai` = 7" (applied to [last_seen, settings] columns)
[2025/04/28 18:32:27]: §3[nLogin] [DEBUG] [SQLite] [UPDATE]: "UPDATE `nlogin` SET `last_name` = 'Danny', `unique_id` = ddcda591f59a39faae6e6744024d2256,  `mojang_id` = null,  `bedrock_id` = null,  `password` = '$2a$10$9dFiWiwb7z0vCRFvpniWM.hg3hAhygKXYA6u4sR6kndoPe23VzP.q', `last_ip` = '0:0:0:0:0:0:0:1%0', `creation_date` = 2025-04-28 18:23:52.036, `last_seen` = 2025-04-28 18:32:27.946, `email` = null, `discord` = null, `settings` = '{"settings":[{"value":"survival","key":"last-server"},{"value":"en","key":"language"}],"version":0}' WHERE `ai` = 11" (applied to [last_seen, settings] columns)
[2025/04/28 18:32:34]: §3[nLogin] [DEBUG] [SQLite] [UPDATE]: "UPDATE `nlogin` SET `last_name` = 'Danny', `unique_id` = ddcda591f59a39faae6e6744024d2256,  `mojang_id` = null,  `bedrock_id` = null,  `password` = '$2a$10$9dFiWiwb7z0vCRFvpniWM.hg3hAhygKXYA6u4sR6kndoPe23VzP.q', `last_ip` = '0:0:0:0:0:0:0:1%0', `creation_date` = 2025-04-28 18:23:52.036, `last_seen` = 2025-04-28 18:32:34.953, `email` = null, `discord` = null, `settings` = '{"settings":[{"value":"survival","key":"last-server"},{"value":"en","key":"language"}],"version":0}' WHERE `ai` = 11" (applied to [last_ip, last_seen, settings] columns)
[2025/04/28 18:32:34]: [nLogin] The user Danny has successfully logged in.
[2025/04/28 18:46:44]: §3[nLogin] [DEBUG] [SQLite] [UPDATE]: "UPDATE `nlogin` SET `last_name` = 'Grady', `unique_id` = 5d947e07d63a38588173289bb199ada6,  `mojang_id` = null,  `bedrock_id` = null,  `password` = '$2a$10$fgpfPAXZEU13S/BFfc9BzuKMq8RP5f5c/pcFgN8Hu38RNiObfl0Ve', `last_ip` = '0:0:0:0:0:0:0:1%0', `creation_date` = 2025-04-28 18:23:34.99, `last_seen` = 2025-04-28 18:46:44.129, `email` = null, `discord` = null, `settings` = '{"settings":[{"value":"survival","key":"last-server"},{"value":"en","key":"language"}],"version":0}' WHERE `ai` = 10" (applied to [last_seen, settings] columns)
[2025/04/28 18:47:45]: §3[nLogin] [DEBUG] The Grady (0:0:0:0:0:0:0:1%0) player entered an incorrect password
[2025/04/28 18:47:59]: §3[nLogin] [DEBUG] The Grady (0:0:0:0:0:0:0:1%0) player entered an incorrect password
[2025/04/28 18:48:16]: §3[nLogin] [DEBUG] [SQLite] [UPDATE]: "UPDATE `nlogin` SET `last_name` = 'Grady', `unique_id` = 5d947e07d63a38588173289bb199ada6,  `mojang_id` = null,  `bedrock_id` = null,  `password` = '$2a$10$fgpfPAXZEU13S/BFfc9BzuKMq8RP5f5c/pcFgN8Hu38RNiObfl0Ve', `last_ip` = '0:0:0:0:0:0:0:1%0', `creation_date` = 2025-04-28 18:23:34.99, `last_seen` = 2025-04-28 18:48:16.332, `email` = null, `discord` = null, `settings` = '{"settings":[{"value":"survival","key":"last-server"},{"value":"en","key":"language"}],"version":0}' WHERE `ai` = 10" (applied to [last_ip, last_seen, settings] columns)
[2025/04/28 18:48:16]: [nLogin] The user Grady has successfully logged in.
[2025/04/28 18:48:30]: §3[nLogin] [DEBUG] [SQLite] [UPDATE]: "UPDATE `nlogin` SET `last_name` = 'Grady', `unique_id` = 5d947e07d63a38588173289bb199ada6,  `mojang_id` = null,  `bedrock_id` = null,  `password` = '$2a$10$fgpfPAXZEU13S/BFfc9BzuKMq8RP5f5c/pcFgN8Hu38RNiObfl0Ve', `last_ip` = '0:0:0:0:0:0:0:1%0', `creation_date` = 2025-04-28 18:23:34.99, `last_seen` = 2025-04-28 18:48:30.947, `email` = null, `discord` = null, `settings` = '{"settings":[{"value":"survival","key":"last-server"},{"value":"en","key":"language"}],"version":0}' WHERE `ai` = 10" (applied to [last_seen, settings] columns)
[2025/04/28 18:48:51]: §3[nLogin] [DEBUG] The Grady (0:0:0:0:0:0:0:1%0) player entered an incorrect password
[2025/04/28 18:48:59]: §3[nLogin] [DEBUG] [SQLite] [UPDATE]: "UPDATE `nlogin` SET `last_name` = 'Grady', `unique_id` = 5d947e07d63a38588173289bb199ada6,  `mojang_id` = null,  `bedrock_id` = null,  `password` = '$2a$10$fgpfPAXZEU13S/BFfc9BzuKMq8RP5f5c/pcFgN8Hu38RNiObfl0Ve', `last_ip` = '0:0:0:0:0:0:0:1%0', `creation_date` = 2025-04-28 18:23:34.99, `last_seen` = 2025-04-28 18:48:59.843, `email` = null, `discord` = null, `settings` = '{"settings":[{"value":"survival","key":"last-server"},{"value":"en","key":"language"}],"version":0}' WHERE `ai` = 10" (applied to [last_ip, last_seen, settings] columns)
[2025/04/28 18:48:59]: [nLogin] The user Grady has successfully logged in.
[2025/04/28 18:54:49]: §3[nLogin] [DEBUG] [SQLite] [UPDATE]: "UPDATE `nlogin` SET `last_name` = 'Ryan_L', `unique_id` = 8b4c7026a2a4393d9e16ed14af3207cc,  `mojang_id` = null,  `bedrock_id` = null,  `password` = '$2a$10$DkRcxfpRkDgpUMrfkd4Je.HJS70tc0/D/fOu/Jr/yUPd3.n9U6/CS', `last_ip` = '0:0:0:0:0:0:0:1%0', `creation_date` = 2025-04-24 22:33:18.043, `last_seen` = 2025-04-28 18:54:49.73, `email` = null, `discord` = null, `settings` = '{"settings":[{"value":"survival","key":"last-server"},{"value":"en","key":"language"}],"version":0}' WHERE `ai` = 3" (applied to [last_seen, settings] columns)
[2025/04/28 18:55:37]: §3[nLogin] [DEBUG] [SQLite] [UPDATE]: "UPDATE `nlogin` SET `last_name` = 'Ryan_L', `unique_id` = 8b4c7026a2a4393d9e16ed14af3207cc,  `mojang_id` = null,  `bedrock_id` = null,  `password` = '$2a$10$DkRcxfpRkDgpUMrfkd4Je.HJS70tc0/D/fOu/Jr/yUPd3.n9U6/CS', `last_ip` = '0:0:0:0:0:0:0:1%0', `creation_date` = 2025-04-24 22:33:18.043, `last_seen` = 2025-04-28 18:55:37.992, `email` = null, `discord` = null, `settings` = '{"settings":[{"value":"survival","key":"last-server"},{"value":"en","key":"language"}],"version":0}' WHERE `ai` = 3" (applied to [last_ip, last_seen, settings] columns)
[2025/04/28 18:55:38]: [nLogin] The user Ryan_L has successfully logged in.
[2025/04/28 18:55:50]: §3[nLogin] [DEBUG] [SQLite] [UPDATE]: "UPDATE `nlogin` SET `last_name` = 'Ryan_L', `unique_id` = 8b4c7026a2a4393d9e16ed14af3207cc,  `mojang_id` = null,  `bedrock_id` = null,  `password` = '$2a$10$DkRcxfpRkDgpUMrfkd4Je.HJS70tc0/D/fOu/Jr/yUPd3.n9U6/CS', `last_ip` = '0:0:0:0:0:0:0:1%0', `creation_date` = 2025-04-24 22:33:18.043, `last_seen` = 2025-04-28 18:55:50.946, `email` = null, `discord` = null, `settings` = '{"settings":[{"value":"survival","key":"last-server"},{"value":"en","key":"language"}],"version":0}' WHERE `ai` = 3" (applied to [last_seen, settings] columns)
[2025/04/28 18:56:02]: §3[nLogin] [DEBUG] [SQLite] [UPDATE]: "UPDATE `nlogin` SET `last_name` = 'Ryan_L', `unique_id` = 8b4c7026a2a4393d9e16ed14af3207cc,  `mojang_id` = null,  `bedrock_id` = null,  `password` = '$2a$10$DkRcxfpRkDgpUMrfkd4Je.HJS70tc0/D/fOu/Jr/yUPd3.n9U6/CS', `last_ip` = '0:0:0:0:0:0:0:1%0', `creation_date` = 2025-04-24 22:33:18.043, `last_seen` = 2025-04-28 18:56:02.813, `email` = null, `discord` = null, `settings` = '{"settings":[{"value":"survival","key":"last-server"},{"value":"en","key":"language"}],"version":0}' WHERE `ai` = 3" (applied to [last_ip, last_seen, settings] columns)
[2025/04/28 18:56:02]: [nLogin] The user Ryan_L has successfully logged in.
[2025/04/28 18:56:17]: §3[nLogin] [DEBUG] [SQLite] [UPDATE]: "UPDATE `nlogin` SET `last_name` = 'Ryan_L', `unique_id` = 8b4c7026a2a4393d9e16ed14af3207cc,  `mojang_id` = null,  `bedrock_id` = null,  `password` = '$2a$10$DkRcxfpRkDgpUMrfkd4Je.HJS70tc0/D/fOu/Jr/yUPd3.n9U6/CS', `last_ip` = '0:0:0:0:0:0:0:1%0', `creation_date` = 2025-04-24 22:33:18.043, `last_seen` = 2025-04-28 18:56:17.697, `email` = null, `discord` = null, `settings` = '{"settings":[{"value":"survival","key":"last-server"},{"value":"en","key":"language"}],"version":0}' WHERE `ai` = 3" (applied to [last_seen, settings] columns)
[2025/04/28 18:56:29]: §3[nLogin] [DEBUG] [SQLite] [UPDATE]: "UPDATE `nlogin` SET `last_name` = 'Ryan_L', `unique_id` = 8b4c7026a2a4393d9e16ed14af3207cc,  `mojang_id` = null,  `bedrock_id` = null,  `password` = '$2a$10$DkRcxfpRkDgpUMrfkd4Je.HJS70tc0/D/fOu/Jr/yUPd3.n9U6/CS', `last_ip` = '0:0:0:0:0:0:0:1%0', `creation_date` = 2025-04-24 22:33:18.043, `last_seen` = 2025-04-28 18:56:29.711, `email` = null, `discord` = null, `settings` = '{"settings":[{"value":"survival","key":"last-server"},{"value":"en","key":"language"}],"version":0}' WHERE `ai` = 3" (applied to [last_ip, last_seen, settings] columns)
[2025/04/28 18:56:29]: [nLogin] The user Ryan_L has successfully logged in.
[2025/04/28 18:58:37]: §3[nLogin] [DEBUG] [SQLite] [UPDATE]: "UPDATE `nlogin` SET `last_name` = 'DARREN', `unique_id` = 783c3da60f593db784d1abca81b138b9,  `mojang_id` = null,  `bedrock_id` = null,  `password` = '$2a$10$yug7xwCdpnLbo4f.hV0ZaeNn5nrIuGndab2oehTtJ/2UCBB7UsCtu', `last_ip` = '0:0:0:0:0:0:0:1%0', `creation_date` = 2025-04-24 21:18:26.942, `last_seen` = 2025-04-28 18:58:37.751, `email` = null, `discord` = null, `settings` = '{"settings":[{"value":"survival","key":"last-server"},{"value":"en","key":"language"}],"version":0}' WHERE `ai` = 1" (applied to [last_seen, settings] columns)
[2025/04/28 18:58:45]: §3[nLogin] [DEBUG] The DARREN (0:0:0:0:0:0:0:1%0) player entered an incorrect password
[2025/04/28 18:58:50]: §3[nLogin] [DEBUG] The DARREN (0:0:0:0:0:0:0:1%0) player entered an incorrect password
[2025/04/28 18:59:04]: §3[nLogin] [DEBUG] [SQLite] [UPDATE]: "UPDATE `nlogin` SET `last_name` = 'DARREN', `unique_id` = 783c3da60f593db784d1abca81b138b9,  `mojang_id` = null,  `bedrock_id` = null,  `password` = '$2a$10$yug7xwCdpnLbo4f.hV0ZaeNn5nrIuGndab2oehTtJ/2UCBB7UsCtu', `last_ip` = '0:0:0:0:0:0:0:1%0', `creation_date` = 2025-04-24 21:18:26.942, `last_seen` = 2025-04-28 18:59:04.444, `email` = null, `discord` = null, `settings` = '{"settings":[{"value":"survival","key":"last-server"},{"value":"en","key":"language"}],"version":0}' WHERE `ai` = 1" (applied to [last_ip, last_seen, settings] columns)
[2025/04/28 18:59:04]: [nLogin] The user DARREN has successfully logged in.
[2025/04/28 18:59:19]: §3[nLogin] [DEBUG] [SQLite] [UPDATE]: "UPDATE `nlogin` SET `last_name` = 'DARREN', `unique_id` = 783c3da60f593db784d1abca81b138b9,  `mojang_id` = null,  `bedrock_id` = null,  `password` = '$2a$10$yug7xwCdpnLbo4f.hV0ZaeNn5nrIuGndab2oehTtJ/2UCBB7UsCtu', `last_ip` = '0:0:0:0:0:0:0:1%0', `creation_date` = 2025-04-24 21:18:26.942, `last_seen` = 2025-04-28 18:59:19.196, `email` = null, `discord` = null, `settings` = '{"settings":[{"value":"survival","key":"last-server"},{"value":"en","key":"language"}],"version":0}' WHERE `ai` = 1" (applied to [last_seen, settings] columns)
[2025/04/28 19:02:42]: §3[nLogin] [DEBUG] [SQLite] [UPDATE]: "UPDATE `nlogin` SET `last_name` = 'Ryan_L', `unique_id` = 8b4c7026a2a4393d9e16ed14af3207cc,  `mojang_id` = null,  `bedrock_id` = null,  `password` = '$2a$10$DkRcxfpRkDgpUMrfkd4Je.HJS70tc0/D/fOu/Jr/yUPd3.n9U6/CS', `last_ip` = '0:0:0:0:0:0:0:1%0', `creation_date` = 2025-04-24 22:33:18.043, `last_seen` = 2025-04-28 19:02:42.159, `email` = null, `discord` = null, `settings` = '{"settings":[{"value":"survival","key":"last-server"},{"value":"en","key":"language"}],"version":0}' WHERE `ai` = 3" (applied to [last_seen, settings] columns)
[2025/04/28 19:02:44]: §3[nLogin] [DEBUG] [SQLite] [UPDATE]: "UPDATE `nlogin` SET `last_name` = 'Grady', `unique_id` = 5d947e07d63a38588173289bb199ada6,  `mojang_id` = null,  `bedrock_id` = null,  `password` = '$2a$10$fgpfPAXZEU13S/BFfc9BzuKMq8RP5f5c/pcFgN8Hu38RNiObfl0Ve', `last_ip` = '0:0:0:0:0:0:0:1%0', `creation_date` = 2025-04-28 18:23:34.99, `last_seen` = 2025-04-28 19:02:44.253, `email` = null, `discord` = null, `settings` = '{"settings":[{"value":"survival","key":"last-server"},{"value":"en","key":"language"}],"version":0}' WHERE `ai` = 10" (applied to [last_seen, settings] columns)
[2025/04/28 19:03:16]: §3[nLogin] [DEBUG] [SQLite] [UPDATE]: "UPDATE `nlogin` SET `last_name` = 'Stephane', `unique_id` = 3ab31a0c17d23289bc5bab093b2db922,  `mojang_id` = null,  `bedrock_id` = null,  `password` = '$2a$10$i8v7FkU1JbWCmroUhfg2qePfIutatYPfW8y7n/6oDcNF2VTudy3P2', `last_ip` = '0:0:0:0:0:0:0:1%0', `creation_date` = 2025-04-24 23:10:19.213, `last_seen` = 2025-04-28 19:03:16.734, `email` = null, `discord` = null, `settings` = '{"settings":[{"value":"survival","key":"last-server"},{"value":"en","key":"language"}],"version":0}' WHERE `ai` = 5" (applied to [last_seen, settings] columns)
[2025/04/28 19:10:58]: §3[nLogin] [DEBUG] [SQLite] [UPDATE]: "UPDATE `nlogin` SET `last_name` = 'Elvin', `unique_id` = 4e3cee07441831ad851d7b1993e93af3,  `mojang_id` = null,  `bedrock_id` = null,  `password` = '$2a$10$.9fX5o1ox3xyn5Tsq1Cz3OYhlxTqsS2bT80ELCNboWLOGP0lsrR62', `last_ip` = '0:0:0:0:0:0:0:1%0', `creation_date` = 2025-04-25 18:59:52.308, `last_seen` = 2025-04-28 19:10:58.648, `email` = null, `discord` = null, `settings` = '{"settings":[{"value":"survival","key":"last-server"},{"value":"en","key":"language"}],"version":0}' WHERE `ai` = 6" (applied to [last_seen, settings] columns)
[2025/04/28 19:11:28]: §3[nLogin] [DEBUG] [SQLite] [UPDATE]: "UPDATE `nlogin` SET `last_name` = 'Danny', `unique_id` = ddcda591f59a39faae6e6744024d2256,  `mojang_id` = null,  `bedrock_id` = null,  `password` = '$2a$10$9dFiWiwb7z0vCRFvpniWM.hg3hAhygKXYA6u4sR6kndoPe23VzP.q', `last_ip` = '0:0:0:0:0:0:0:1%0', `creation_date` = 2025-04-28 18:23:52.036, `last_seen` = 2025-04-28 19:11:28.137, `email` = null, `discord` = null, `settings` = '{"settings":[{"value":"survival","key":"last-server"},{"value":"en","key":"language"}],"version":0}' WHERE `ai` = 11" (applied to [last_seen, settings] columns)
[2025/04/28 19:31:43]: §3[nLogin] [DEBUG] [SQLite] [UPDATE]: "UPDATE `nlogin` SET `last_name` = 'David_M', `unique_id` = c7c3a2502ebb3ee49bc09f25e8be29c9,  `mojang_id` = null,  `bedrock_id` = null,  `password` = '$2a$10$wU60URh.PrZbrgnYLoze/uj26Qw589fOV88g1Mq6zHXpmhqHdvEvG', `last_ip` = '0:0:0:0:0:0:0:1%0', `creation_date` = 2025-04-25 19:02:30.13, `last_seen` = 2025-04-28 19:31:43.83, `email` = null, `discord` = null, `settings` = '{"settings":[{"value":"survival","key":"last-server"},{"value":"en","key":"language"}],"version":0}' WHERE `ai` = 7" (applied to [last_ip, last_seen, settings] columns)
[2025/04/28 19:31:43]: [nLogin] The user David_M has successfully logged in.
[2025/04/28 19:38:02]: §3[nLogin] [DEBUG] [SQLite] [UPDATE]: "UPDATE `nlogin` SET `last_name` = 'DARREN', `unique_id` = 783c3da60f593db784d1abca81b138b9,  `mojang_id` = null,  `bedrock_id` = null,  `password` = '$2a$10$yug7xwCdpnLbo4f.hV0ZaeNn5nrIuGndab2oehTtJ/2UCBB7UsCtu', `last_ip` = '0:0:0:0:0:0:0:1%0', `creation_date` = 2025-04-24 21:18:26.942, `last_seen` = 2025-04-28 19:38:02.539, `email` = null, `discord` = null, `settings` = '{"settings":[{"value":"survival","key":"last-server"},{"value":"en","key":"language"}],"version":0}' WHERE `ai` = 1" (applied to [last_ip, last_seen, settings] columns)
[2025/04/28 19:38:02]: [nLogin] The user DARREN has successfully logged in.
[2025/04/28 19:41:18]: §3[nLogin] [DEBUG] [SQLite] [UPDATE]: "UPDATE `nlogin` SET `last_name` = 'David_M', `unique_id` = c7c3a2502ebb3ee49bc09f25e8be29c9,  `mojang_id` = null,  `bedrock_id` = null,  `password` = '$2a$10$wU60URh.PrZbrgnYLoze/uj26Qw589fOV88g1Mq6zHXpmhqHdvEvG', `last_ip` = '0:0:0:0:0:0:0:1%0', `creation_date` = 2025-04-25 19:02:30.13, `last_seen` = 2025-04-28 19:41:18.813, `email` = null, `discord` = null, `settings` = '{"settings":[{"value":"survival","key":"last-server"},{"value":"en","key":"language"}],"version":0}' WHERE `ai` = 7" (applied to [last_seen, settings] columns)
[2025/04/28 19:41:49]: §3[nLogin] [DEBUG] [SQLite] [UPDATE]: "UPDATE `nlogin` SET `last_name` = 'DARREN', `unique_id` = 783c3da60f593db784d1abca81b138b9,  `mojang_id` = null,  `bedrock_id` = null,  `password` = '$2a$10$yug7xwCdpnLbo4f.hV0ZaeNn5nrIuGndab2oehTtJ/2UCBB7UsCtu', `last_ip` = '0:0:0:0:0:0:0:1%0', `creation_date` = 2025-04-24 21:18:26.942, `last_seen` = 2025-04-28 19:41:49.544, `email` = null, `discord` = null, `settings` = '{"settings":[{"value":"survival","key":"last-server"},{"value":"en","key":"language"}],"version":0}' WHERE `ai` = 1" (applied to [last_seen, settings] columns)
