[2025/04/30 18:16:56]: §9          __             _       
[2025/04/30 18:16:56]: §9  _ __   / /  ___   __ _(_)_ __  
[2025/04/30 18:16:56]: §9 | '_ \ / /  / _ \ / _` | | '_ \ 
[2025/04/30 18:16:56]: §9 | | | / /__| (_) | (_| | | | | |
[2025/04/30 18:16:56]: §9 |_| |_\____/\___/ \__, |_|_| |_|
[2025/04/30 18:16:56]: §9                  |___/            
[2025/04/30 18:16:56]: §9 By: www.nickuc.com - V 10.3.27
[2025/04/30 18:16:56]: §9 
[2025/04/30 18:16:57]: §3[nLogin] [DEBUG] All settings were loaded in 872 ms.
[2025/04/30 18:16:58]: §3[nLogin] [DEBUG] Loading the messages_en.yml message file...
[2025/04/30 18:16:58]: §3[nLogin] [DEBUG] All plugin messages were loaded in 254 ms (languageByClient=false).
[2025/04/30 18:16:58]: §3[nLogin] [DEBUG] All proxy settings were loaded in 26 ms.
[2025/04/30 18:16:58]: §3[nLogin] [DEBUG] Loading database...
[2025/04/30 18:16:58]: §3[nLogin] [DEBUG] Starting logger filter...
[2025/04/30 18:17:04]: 
[2025/04/30 18:17:04]:  §bThank you so much for choosing nLogin! §4<3
[2025/04/30 18:17:04]: 
[2025/04/30 18:17:04]:  §4For your safety, please read the message below:
[2025/04/30 18:17:04]:   §cNever download nLogin from unknown sources.
[2025/04/30 18:17:04]:   §cA modified version may contain malicious software.
[2025/04/30 18:17:04]: 
[2025/04/30 18:17:04]:  §3Trusted sources:
[2025/04/30 18:17:04]:   §bwww.nickuc.com
[2025/04/30 18:17:04]:   §bwww.github.com/nickuc
[2025/04/30 18:17:04]:   §bOpeNLogin installer (from Spigot or GitHub)
[2025/04/30 18:17:04]: 
[2025/04/30 18:17:04]:  §3Official support channels:
[2025/04/30 18:17:04]:   §bDiscord group: §fwww.nickuc.com/discord
[2025/04/30 18:17:04]:   §bDocumentation: §fdocs.nickuc.com/nlogin/
[2025/04/30 18:17:04]:   §bEmail: §fsupport@nickuc.com
[2025/04/30 18:17:04]:   §bYouTube: §fyoutube.com/nickuc
[2025/04/30 18:17:04]: 
[2025/04/30 18:17:04]:  §eTo remove this warning, log in with "nlogin.admin" permission on the server
[2025/04/30 18:17:04]:  §eand click the "Setup plugin" button to configure your plugin.
[2025/04/30 18:17:04]: 
[2025/04/30 18:17:52]: §3[nLogin] [DEBUG] The Grady (0:0:0:0:0:0:0:1%0) player entered an incorrect password
[2025/04/30 18:17:58]: §3[nLogin] [DEBUG] [SQLite] [UPDATE]: "UPDATE `nlogin` SET `last_name` = 'Grady', `unique_id` = 5d947e07d63a38588173289bb199ada6,  `mojang_id` = null,  `bedrock_id` = null,  `password` = '$2a$10$fgpfPAXZEU13S/BFfc9BzuKMq8RP5f5c/pcFgN8Hu38RNiObfl0Ve', `last_ip` = '0:0:0:0:0:0:0:1%0', `creation_date` = 2025-04-28 18:23:34.99, `last_seen` = 2025-04-30 18:17:58.517, `email` = null, `discord` = null, `settings` = '{"settings":[{"value":"survival","key":"last-server"},{"value":"en","key":"language"}],"version":0}' WHERE `ai` = 10" (applied to [last_ip, last_seen, settings] columns)
[2025/04/30 18:17:58]: [nLogin] The user Grady has successfully logged in.
[2025/04/30 18:19:16]: §3[nLogin] [DEBUG] The David_M (0:0:0:0:0:0:0:1%0) player entered an incorrect password
[2025/04/30 18:19:28]: §3[nLogin] [DEBUG] [SQLite] [UPDATE]: "UPDATE `nlogin` SET `last_name` = 'DARREN', `unique_id` = 783c3da60f593db784d1abca81b138b9,  `mojang_id` = null,  `bedrock_id` = null,  `password` = '$2a$10$yug7xwCdpnLbo4f.hV0ZaeNn5nrIuGndab2oehTtJ/2UCBB7UsCtu', `last_ip` = '0:0:0:0:0:0:0:1%0', `creation_date` = 2025-04-24 21:18:26.942, `last_seen` = 2025-04-30 18:19:28.289, `email` = null, `discord` = null, `settings` = '{"settings":[{"value":"survival","key":"last-server"},{"value":"en","key":"language"}],"version":0}' WHERE `ai` = 1" (applied to [last_ip, last_seen, settings] columns)
[2025/04/30 18:19:28]: [nLogin] The user DARREN has successfully logged in.
[2025/04/30 18:20:26]: §3[nLogin] [DEBUG] [SQLite] [UPDATE]: "UPDATE `nlogin` SET `last_name` = 'David_M', `unique_id` = c7c3a2502ebb3ee49bc09f25e8be29c9,  `mojang_id` = null,  `bedrock_id` = null,  `password` = '$2a$10$wU60URh.PrZbrgnYLoze/uj26Qw589fOV88g1Mq6zHXpmhqHdvEvG', `last_ip` = '0:0:0:0:0:0:0:1%0', `creation_date` = 2025-04-25 19:02:30.13, `last_seen` = 2025-04-30 18:20:26.202, `email` = null, `discord` = null, `settings` = '{"settings":[{"value":"survival","key":"last-server"},{"value":"en","key":"language"}],"version":0}' WHERE `ai` = 7" (applied to [last_ip, last_seen, settings] columns)
[2025/04/30 18:20:26]: [nLogin] The user David_M has successfully logged in.
[2025/04/30 18:24:19]: §3[nLogin] [DEBUG] [SQLite] [UPDATE]: "UPDATE `nlogin` SET `last_name` = 'David_M', `unique_id` = c7c3a2502ebb3ee49bc09f25e8be29c9,  `mojang_id` = null,  `bedrock_id` = null,  `password` = '$2a$10$wU60URh.PrZbrgnYLoze/uj26Qw589fOV88g1Mq6zHXpmhqHdvEvG', `last_ip` = '0:0:0:0:0:0:0:1%0', `creation_date` = 2025-04-25 19:02:30.13, `last_seen` = 2025-04-30 18:24:19.805, `email` = null, `discord` = null, `settings` = '{"settings":[{"value":"survival","key":"last-server"},{"value":"en","key":"language"}],"version":0}' WHERE `ai` = 7" (applied to [last_seen, settings] columns)
[2025/04/30 18:24:27]: §3[nLogin] [DEBUG] [SQLite] [UPDATE]: "UPDATE `nlogin` SET `last_name` = 'DARREN', `unique_id` = 783c3da60f593db784d1abca81b138b9,  `mojang_id` = null,  `bedrock_id` = null,  `password` = '$2a$10$yug7xwCdpnLbo4f.hV0ZaeNn5nrIuGndab2oehTtJ/2UCBB7UsCtu', `last_ip` = '0:0:0:0:0:0:0:1%0', `creation_date` = 2025-04-24 21:18:26.942, `last_seen` = 2025-04-30 18:24:27.299, `email` = null, `discord` = null, `settings` = '{"settings":[{"value":"survival","key":"last-server"},{"value":"en","key":"language"}],"version":0}' WHERE `ai` = 1" (applied to [last_seen, settings] columns)
[2025/04/30 18:24:49]: §3[nLogin] [DEBUG] [SQLite] [UPDATE]: "UPDATE `nlogin` SET `last_name` = 'Grady', `unique_id` = 5d947e07d63a38588173289bb199ada6,  `mojang_id` = null,  `bedrock_id` = null,  `password` = '$2a$10$fgpfPAXZEU13S/BFfc9BzuKMq8RP5f5c/pcFgN8Hu38RNiObfl0Ve', `last_ip` = '0:0:0:0:0:0:0:1%0', `creation_date` = 2025-04-28 18:23:34.99, `last_seen` = 2025-04-30 18:24:49.809, `email` = null, `discord` = null, `settings` = '{"settings":[{"value":"survival","key":"last-server"},{"value":"en","key":"language"}],"version":0}' WHERE `ai` = 10" (applied to [last_seen, settings] columns)
[2025/04/30 18:25:07]: §3[nLogin] [DEBUG] [SQLite] [UPDATE]: "UPDATE `nlogin` SET `last_name` = 'Danny', `unique_id` = ddcda591f59a39faae6e6744024d2256,  `mojang_id` = null,  `bedrock_id` = null,  `password` = '$2a$10$9dFiWiwb7z0vCRFvpniWM.hg3hAhygKXYA6u4sR6kndoPe23VzP.q', `last_ip` = '0:0:0:0:0:0:0:1%0', `creation_date` = 2025-04-28 18:23:52.036, `last_seen` = 2025-04-30 18:25:07.243, `email` = null, `discord` = null, `settings` = '{"settings":[{"value":"survival","key":"last-server"},{"value":"en","key":"language"}],"version":0}' WHERE `ai` = 11" (applied to [last_ip, last_seen, settings] columns)
[2025/04/30 18:25:07]: [nLogin] The user Danny has successfully logged in.
