[2025/04/27 14:08:10]: §9          __             _       
[2025/04/27 14:08:10]: §9  _ __   / /  ___   __ _(_)_ __  
[2025/04/27 14:08:10]: §9 | '_ \ / /  / _ \ / _` | | '_ \ 
[2025/04/27 14:08:10]: §9 | | | / /__| (_) | (_| | | | | |
[2025/04/27 14:08:10]: §9 |_| |_\____/\___/ \__, |_|_| |_|
[2025/04/27 14:08:10]: §9                  |___/            
[2025/04/27 14:08:10]: §9 By: www.nickuc.com - V 10.3.27
[2025/04/27 14:08:10]: §9 
[2025/04/27 14:08:11]: §3[nLogin] [DEBUG] All settings were loaded in 783 ms.
[2025/04/27 14:08:11]: §3[nLogin] [DEBUG] Loading the messages_en.yml message file...
[2025/04/27 14:08:11]: §3[nLogin] [DEBUG] All plugin messages were loaded in 345 ms (languageByClient=false).
[2025/04/27 14:08:11]: §3[nLogin] [DEBUG] All proxy settings were loaded in 37 ms.
[2025/04/27 14:08:11]: §3[nLogin] [DEBUG] Loading database...
[2025/04/27 14:08:12]: §3[nLogin] [DEBUG] Starting logger filter...
[2025/04/27 14:08:17]: 
[2025/04/27 14:08:17]:  §bThank you so much for choosing nLogin! §4<3
[2025/04/27 14:08:17]: 
[2025/04/27 14:08:17]:  §4For your safety, please read the message below:
[2025/04/27 14:08:17]:   §cNever download nLogin from unknown sources.
[2025/04/27 14:08:17]:   §cA modified version may contain malicious software.
[2025/04/27 14:08:17]: 
[2025/04/27 14:08:17]:  §3Trusted sources:
[2025/04/27 14:08:17]:   §bwww.nickuc.com
[2025/04/27 14:08:17]:   §bwww.github.com/nickuc
[2025/04/27 14:08:17]:   §bOpeNLogin installer (from Spigot or GitHub)
[2025/04/27 14:08:17]: 
[2025/04/27 14:08:17]:  §3Official support channels:
[2025/04/27 14:08:17]:   §bDiscord group: §fwww.nickuc.com/discord
[2025/04/27 14:08:17]:   §bDocumentation: §fdocs.nickuc.com/nlogin/
[2025/04/27 14:08:17]:   §bEmail: §fsupport@nickuc.com
[2025/04/27 14:08:17]:   §bYouTube: §fyoutube.com/nickuc
[2025/04/27 14:08:17]: 
[2025/04/27 14:08:17]:  §eTo remove this warning, log in with "nlogin.admin" permission on the server
[2025/04/27 14:08:17]:  §eand click the "Setup plugin" button to configure your plugin.
[2025/04/27 14:08:17]: 
[2025/04/27 14:08:26]: §3[nLogin] [DEBUG] [SQLite] [UPDATE]: "UPDATE `nlogin` SET `last_name` = 'David_M', `unique_id` = c7c3a2502ebb3ee49bc09f25e8be29c9,  `mojang_id` = null,  `bedrock_id` = null,  `password` = '$2a$10$wU60URh.PrZbrgnYLoze/uj26Qw589fOV88g1Mq6zHXpmhqHdvEvG', `last_ip` = '0:0:0:0:0:0:0:1%0', `creation_date` = 2025-04-25 19:02:30.13, `last_seen` = 2025-04-27 14:08:26.724, `email` = null, `discord` = null, `settings` = '{"settings":[{"value":"survival","key":"last-server"},{"value":"en","key":"language"}],"version":0}' WHERE `ai` = 7" (applied to [last_ip, last_seen, settings] columns)
[2025/04/27 14:08:26]: [nLogin] The user David_M has successfully logged in.
[2025/04/27 14:17:15]: §3[nLogin] [DEBUG] [SQLite] [UPDATE]: "UPDATE `nlogin` SET `last_name` = 'DARREN', `unique_id` = 783c3da60f593db784d1abca81b138b9,  `mojang_id` = null,  `bedrock_id` = null,  `password` = '$2a$10$yug7xwCdpnLbo4f.hV0ZaeNn5nrIuGndab2oehTtJ/2UCBB7UsCtu', `last_ip` = '0:0:0:0:0:0:0:1%0', `creation_date` = 2025-04-24 21:18:26.942, `last_seen` = 2025-04-27 14:17:15.122, `email` = null, `discord` = null, `settings` = '{"settings":[{"value":"survival","key":"last-server"},{"value":"en","key":"language"}],"version":0}' WHERE `ai` = 1" (applied to [last_ip, last_seen, settings] columns)
[2025/04/27 14:17:15]: [nLogin] The user DARREN has successfully logged in.
[2025/04/27 14:50:49]: §3[nLogin] [DEBUG] [SQLite] [UPDATE]: "UPDATE `nlogin` SET `last_name` = 'DARREN', `unique_id` = 783c3da60f593db784d1abca81b138b9,  `mojang_id` = null,  `bedrock_id` = null,  `password` = '$2a$10$yug7xwCdpnLbo4f.hV0ZaeNn5nrIuGndab2oehTtJ/2UCBB7UsCtu', `last_ip` = '0:0:0:0:0:0:0:1%0', `creation_date` = 2025-04-24 21:18:26.942, `last_seen` = 2025-04-27 14:50:49.811, `email` = null, `discord` = null, `settings` = '{"settings":[{"value":"survival","key":"last-server"},{"value":"en","key":"language"}],"version":0}' WHERE `ai` = 1" (applied to [last_seen, settings] columns)
[2025/04/27 14:50:51]: §3[nLogin] [DEBUG] [SQLite] [UPDATE]: "UPDATE `nlogin` SET `last_name` = 'David_M', `unique_id` = c7c3a2502ebb3ee49bc09f25e8be29c9,  `mojang_id` = null,  `bedrock_id` = null,  `password` = '$2a$10$wU60URh.PrZbrgnYLoze/uj26Qw589fOV88g1Mq6zHXpmhqHdvEvG', `last_ip` = '0:0:0:0:0:0:0:1%0', `creation_date` = 2025-04-25 19:02:30.13, `last_seen` = 2025-04-27 14:50:51.758, `email` = null, `discord` = null, `settings` = '{"settings":[{"value":"survival","key":"last-server"},{"value":"en","key":"language"}],"version":0}' WHERE `ai` = 7" (applied to [last_seen, settings] columns)
