[2025/05/02 13:47:44]: §9          __             _       
[2025/05/02 13:47:44]: §9  _ __   / /  ___   __ _(_)_ __  
[2025/05/02 13:47:44]: §9 | '_ \ / /  / _ \ / _` | | '_ \ 
[2025/05/02 13:47:44]: §9 | | | / /__| (_) | (_| | | | | |
[2025/05/02 13:47:44]: §9 |_| |_\____/\___/ \__, |_|_| |_|
[2025/05/02 13:47:44]: §9                  |___/            
[2025/05/02 13:47:44]: §9 By: www.nickuc.com - V 10.3.27
[2025/05/02 13:47:44]: §9 
[2025/05/02 13:47:45]: §3[nLogin] [DEBUG] All settings were loaded in 1287 ms.
[2025/05/02 13:47:46]: §3[nLogin] [DEBUG] Loading the messages_en.yml message file...
[2025/05/02 13:47:46]: §3[nLogin] [DEBUG] All plugin messages were loaded in 283 ms (languageByClient=false).
[2025/05/02 13:47:46]: §3[nLogin] [DEBUG] All proxy settings were loaded in 35 ms.
[2025/05/02 13:47:46]: §3[nLogin] [DEBUG] Loading database...
[2025/05/02 13:47:46]: §3[nLogin] [DEBUG] Starting logger filter...
[2025/05/02 13:47:52]: 
[2025/05/02 13:47:52]:  §bThank you so much for choosing nLogin! §4<3
[2025/05/02 13:47:52]: 
[2025/05/02 13:47:52]:  §4For your safety, please read the message below:
[2025/05/02 13:47:52]:   §cNever download nLogin from unknown sources.
[2025/05/02 13:47:52]:   §cA modified version may contain malicious software.
[2025/05/02 13:47:52]: 
[2025/05/02 13:47:52]:  §3Trusted sources:
[2025/05/02 13:47:52]:   §bwww.nickuc.com
[2025/05/02 13:47:52]:   §bwww.github.com/nickuc
[2025/05/02 13:47:52]:   §bOpeNLogin installer (from Spigot or GitHub)
[2025/05/02 13:47:52]: 
[2025/05/02 13:47:52]:  §3Official support channels:
[2025/05/02 13:47:52]:   §bDiscord group: §fwww.nickuc.com/discord
[2025/05/02 13:47:52]:   §bDocumentation: §fdocs.nickuc.com/nlogin/
[2025/05/02 13:47:52]:   §bEmail: §fsupport@nickuc.com
[2025/05/02 13:47:52]:   §bYouTube: §fyoutube.com/nickuc
[2025/05/02 13:47:52]: 
[2025/05/02 13:47:52]:  §eTo remove this warning, log in with "nlogin.admin" permission on the server
[2025/05/02 13:47:52]:  §eand click the "Setup plugin" button to configure your plugin.
[2025/05/02 13:47:52]: 
[2025/05/02 13:52:27]: §3[nLogin] [DEBUG] [SQLite] [UPDATE]: "UPDATE `nlogin` SET `last_name` = 'DARREN', `unique_id` = 783c3da60f593db784d1abca81b138b9,  `mojang_id` = null,  `bedrock_id` = null,  `password` = '$2a$10$yug7xwCdpnLbo4f.hV0ZaeNn5nrIuGndab2oehTtJ/2UCBB7UsCtu', `last_ip` = '0:0:0:0:0:0:0:1%0', `creation_date` = 2025-04-24 21:18:26.942, `last_seen` = 2025-05-02 13:52:27.922, `email` = null, `discord` = null, `settings` = '{"settings":[{"value":"survival","key":"last-server"},{"value":"en","key":"language"}],"version":0}' WHERE `ai` = 1" (applied to [last_ip, last_seen, settings] columns)
[2025/05/02 13:52:27]: [nLogin] The user DARREN has successfully logged in.
[2025/05/02 13:56:30]: §3[nLogin] [DEBUG] [SQLite] [UPDATE]: "UPDATE `nlogin` SET `last_name` = 'DARREN', `unique_id` = 783c3da60f593db784d1abca81b138b9,  `mojang_id` = null,  `bedrock_id` = null,  `password` = '$2a$10$yug7xwCdpnLbo4f.hV0ZaeNn5nrIuGndab2oehTtJ/2UCBB7UsCtu', `last_ip` = '0:0:0:0:0:0:0:1%0', `creation_date` = 2025-04-24 21:18:26.942, `last_seen` = 2025-05-02 13:56:30.778, `email` = null, `discord` = null, `settings` = '{"settings":[{"value":"survival","key":"last-server"},{"value":"en","key":"language"}],"version":0}' WHERE `ai` = 1" (applied to [last_seen, settings] columns)
[2025/05/02 14:01:47]: §3[nLogin] [DEBUG] The DARREN (0:0:0:0:0:0:0:1%0) player entered an incorrect password
[2025/05/02 14:01:53]: §3[nLogin] [DEBUG] [SQLite] [UPDATE]: "UPDATE `nlogin` SET `last_name` = 'DARREN', `unique_id` = 783c3da60f593db784d1abca81b138b9,  `mojang_id` = null,  `bedrock_id` = null,  `password` = '$2a$10$yug7xwCdpnLbo4f.hV0ZaeNn5nrIuGndab2oehTtJ/2UCBB7UsCtu', `last_ip` = '0:0:0:0:0:0:0:1%0', `creation_date` = 2025-04-24 21:18:26.942, `last_seen` = 2025-05-02 14:01:53.476, `email` = null, `discord` = null, `settings` = '{"settings":[{"value":"survival","key":"last-server"},{"value":"en","key":"language"}],"version":0}' WHERE `ai` = 1" (applied to [last_ip, last_seen, settings] columns)
[2025/05/02 14:01:53]: [nLogin] The user DARREN has successfully logged in.
[2025/05/02 14:07:34]: §3[nLogin] [DEBUG] [SQLite] [UPDATE]: "UPDATE `nlogin` SET `last_name` = 'DARREN', `unique_id` = 783c3da60f593db784d1abca81b138b9,  `mojang_id` = null,  `bedrock_id` = null,  `password` = '$2a$10$yug7xwCdpnLbo4f.hV0ZaeNn5nrIuGndab2oehTtJ/2UCBB7UsCtu', `last_ip` = '0:0:0:0:0:0:0:1%0', `creation_date` = 2025-04-24 21:18:26.942, `last_seen` = 2025-05-02 14:07:34.85, `email` = null, `discord` = null, `settings` = '{"settings":[{"value":"survival","key":"last-server"},{"value":"en","key":"language"}],"version":0}' WHERE `ai` = 1" (applied to [last_seen, settings] columns)
[2025/05/02 14:08:17]: §3[nLogin] [DEBUG] [SQLite] [UPDATE]: "UPDATE `nlogin` SET `last_name` = 'DARREN', `unique_id` = 783c3da60f593db784d1abca81b138b9,  `mojang_id` = null,  `bedrock_id` = null,  `password` = '$2a$10$yug7xwCdpnLbo4f.hV0ZaeNn5nrIuGndab2oehTtJ/2UCBB7UsCtu', `last_ip` = '0:0:0:0:0:0:0:1%0', `creation_date` = 2025-04-24 21:18:26.942, `last_seen` = 2025-05-02 14:08:17.798, `email` = null, `discord` = null, `settings` = '{"settings":[{"value":"survival","key":"last-server"},{"value":"en","key":"language"}],"version":0}' WHERE `ai` = 1" (applied to [last_ip, last_seen, settings] columns)
[2025/05/02 14:08:17]: [nLogin] The user DARREN has successfully logged in.
[2025/05/02 14:08:33]: §3[nLogin] [DEBUG] [SQLite] [UPDATE]: "UPDATE `nlogin` SET `last_name` = 'DARREN', `unique_id` = 783c3da60f593db784d1abca81b138b9,  `mojang_id` = null,  `bedrock_id` = null,  `password` = '$2a$10$yug7xwCdpnLbo4f.hV0ZaeNn5nrIuGndab2oehTtJ/2UCBB7UsCtu', `last_ip` = '0:0:0:0:0:0:0:1%0', `creation_date` = 2025-04-24 21:18:26.942, `last_seen` = 2025-05-02 14:08:33.078, `email` = null, `discord` = null, `settings` = '{"settings":[{"value":"survival","key":"last-server"},{"value":"en","key":"language"}],"version":0}' WHERE `ai` = 1" (applied to [last_seen, settings] columns)
[2025/05/02 14:08:38]: §3[nLogin] [DEBUG] [SQLite] [UPDATE]: "UPDATE `nlogin` SET `last_name` = 'Ryan_L', `unique_id` = 8b4c7026a2a4393d9e16ed14af3207cc,  `mojang_id` = null,  `bedrock_id` = null,  `password` = '$2a$10$DkRcxfpRkDgpUMrfkd4Je.HJS70tc0/D/fOu/Jr/yUPd3.n9U6/CS', `last_ip` = '0:0:0:0:0:0:0:1%0', `creation_date` = 2025-04-24 22:33:18.043, `last_seen` = 2025-05-02 14:08:38.607, `email` = null, `discord` = null, `settings` = '{"settings":[{"value":"survival","key":"last-server"},{"value":"en","key":"language"}],"version":0}' WHERE `ai` = 3" (applied to [last_ip, last_seen, settings] columns)
[2025/05/02 14:08:38]: [nLogin] The user Ryan_L has successfully logged in.
[2025/05/02 14:08:43]: §3[nLogin] [DEBUG] [SQLite] [UPDATE]: "UPDATE `nlogin` SET `last_name` = 'DARREN', `unique_id` = 783c3da60f593db784d1abca81b138b9,  `mojang_id` = null,  `bedrock_id` = null,  `password` = '$2a$10$yug7xwCdpnLbo4f.hV0ZaeNn5nrIuGndab2oehTtJ/2UCBB7UsCtu', `last_ip` = '0:0:0:0:0:0:0:1%0', `creation_date` = 2025-04-24 21:18:26.942, `last_seen` = 2025-05-02 14:08:43.856, `email` = null, `discord` = null, `settings` = '{"settings":[{"value":"survival","key":"last-server"},{"value":"en","key":"language"}],"version":0}' WHERE `ai` = 1" (applied to [last_ip, last_seen, settings] columns)
[2025/05/02 14:08:43]: [nLogin] The user DARREN has successfully logged in.
[2025/05/02 14:08:59]: §3[nLogin] [DEBUG] [SQLite] [UPDATE]: "UPDATE `nlogin` SET `last_name` = 'DARREN', `unique_id` = 783c3da60f593db784d1abca81b138b9,  `mojang_id` = null,  `bedrock_id` = null,  `password` = '$2a$10$yug7xwCdpnLbo4f.hV0ZaeNn5nrIuGndab2oehTtJ/2UCBB7UsCtu', `last_ip` = '0:0:0:0:0:0:0:1%0', `creation_date` = 2025-04-24 21:18:26.942, `last_seen` = 2025-05-02 14:08:59.125, `email` = null, `discord` = null, `settings` = '{"settings":[{"value":"survival","key":"last-server"},{"value":"en","key":"language"}],"version":0}' WHERE `ai` = 1" (applied to [last_seen, settings] columns)
